#
# There is insufficient memory for the Java Runtime Environment to continue.
# Native memory allocation (malloc) failed to allocate 1273936 bytes for Chunk::new
# Possible reasons:
#   The system is out of physical RAM or swap space
#   The process is running with CompressedOops enabled, and the Java Heap may be blocking the growth of the native heap
# Possible solutions:
#   Reduce memory load on the system
#   Increase physical memory or swap space
#   Check if swap backing store is full
#   Decrease Java heap size (-Xmx/-Xms)
#   Decrease number of Java threads
#   Decrease Java thread stack sizes (-Xss)
#   Set larger code cache with -XX:ReservedCodeCacheSize=
#   JVM is running with Unscaled Compressed Oops mode in which the Java heap is
#     placed in the first 4GB address space. The Java Heap base address is the
#     maximum limit for the native heap growth. Please use -XX:HeapBaseMinAddress
#     to set the Java Heap base and to place the Java Heap above 4GB virtual address.
# This output file may be truncated or incomplete.
#
#  Out of Memory Error (./src/hotspot/share/memory/arena.cpp:197), pid=89032, tid=92964
#
# JRE version: OpenJDK Runtime Environment (11.0.13) (build 11.0.13+0-b1751.21-8125866)
# Java VM: OpenJDK 64-Bit Server VM (11.0.13+0-b1751.21-8125866, mixed mode, tiered, compressed oops, g1 gc, windows-amd64)
# No core dump will be written. Minidumps are not enabled by default on client versions of Windows
#

---------------  S U M M A R Y ------------

Command Line: --add-opens=java.base/java.util=ALL-UNNAMED --add-opens=java.base/java.lang=ALL-UNNAMED --add-opens=java.base/java.lang.invoke=ALL-UNNAMED --add-opens=java.base/java.util=ALL-UNNAMED --add-opens=java.prefs/java.util.prefs=ALL-UNNAMED --add-opens=java.prefs/java.util.prefs=ALL-UNNAMED --add-opens=java.base/java.nio.charset=ALL-UNNAMED --add-opens=java.base/java.net=ALL-UNNAMED --add-opens=java.base/java.util.concurrent.atomic=ALL-UNNAMED -Xmx2048m -Dfile.encoding=UTF-8 -Duser.country=IN -Duser.language=en -Duser.variant org.gradle.launcher.daemon.bootstrap.GradleDaemon 7.2

Host: Intel(R) Core(TM) i7-4700MQ CPU @ 2.40GHz, 8 cores, 7G,  Windows 10 , 64 bit Build 19041 (10.0.19041.2546)
Time: Sat Apr 15 17:32:18 2023 India Standard Time elapsed time: 14.677155 seconds (0d 0h 0m 14s)

---------------  T H R E A D  ---------------

Current thread (0x000002d786416800):  JavaThread "C2 CompilerThread1" daemon [_thread_in_native, id=92964, stack(0x000000dc3e000000,0x000000dc3e100000)]


Current CompileTask:
C2:  14677 3321       4       jdk.internal.org.objectweb.asm.Frame::execute (2264 bytes)

Stack: [0x000000dc3e000000,0x000000dc3e100000]
Native frames: (J=compiled Java code, j=interpreted, Vv=VM code, C=native code)
V  [jvm.dll+0x6100fa]
V  [jvm.dll+0x747090]
V  [jvm.dll+0x7486ad]
V  [jvm.dll+0x748d83]
V  [jvm.dll+0x24ab48]
V  [jvm.dll+0xc04dc]
V  [jvm.dll+0xc0a0c]
V  [jvm.dll+0x35eb9d]
V  [jvm.dll+0x32b833]
V  [jvm.dll+0x32ad2a]
V  [jvm.dll+0x2032b2]
V  [jvm.dll+0x202437]
V  [jvm.dll+0x188e01]
V  [jvm.dll+0x21106b]
V  [jvm.dll+0x20f8c1]
V  [jvm.dll+0x70de0f]
V  [jvm.dll+0x706a75]
V  [jvm.dll+0x60ed66]
C  [ucrtbase.dll+0x21bb2]
C  [KERNEL32.DLL+0x17614]
C  [ntdll.dll+0x526a1]


---------------  P R O C E S S  ---------------

Threads class SMR info:
_java_thread_list=0x000002d7862f5b90, length=33, elements={
0x000002d7e8757000, 0x000002d7ff413000, 0x000002d7ff414800, 0x000002d7ff402000,
0x000002d7ff405800, 0x000002d7ff407000, 0x000002d7ff40c000, 0x000002d7ff473000,
0x000002d7ff478000, 0x000002d7ff5d0000, 0x000002d785616800, 0x000002d784bed000,
0x000002d786b17800, 0x000002d785470800, 0x000002d78600e800, 0x000002d786df1800,
0x000002d7858c1000, 0x000002d7862dc800, 0x000002d7855ed800, 0x000002d785c2b000,
0x000002d78617b000, 0x000002d78617a800, 0x000002d78617c000, 0x000002d786179800,
0x000002d786176800, 0x000002d786178800, 0x000002d78617d000, 0x000002d786177000,
0x000002d786178000, 0x000002d787569000, 0x000002d787568000, 0x000002d786416800,
0x000002d787565800
}

Java Threads: ( => current thread )
  0x000002d7e8757000 JavaThread "main" [_thread_blocked, id=92288, stack(0x000000dc3b200000,0x000000dc3b300000)]
  0x000002d7ff413000 JavaThread "Reference Handler" daemon [_thread_blocked, id=88296, stack(0x000000dc3b900000,0x000000dc3ba00000)]
  0x000002d7ff414800 JavaThread "Finalizer" daemon [_thread_blocked, id=91724, stack(0x000000dc3ba00000,0x000000dc3bb00000)]
  0x000002d7ff402000 JavaThread "Signal Dispatcher" daemon [_thread_blocked, id=92456, stack(0x000000dc3bb00000,0x000000dc3bc00000)]
  0x000002d7ff405800 JavaThread "Attach Listener" daemon [_thread_blocked, id=89800, stack(0x000000dc3bc00000,0x000000dc3bd00000)]
  0x000002d7ff407000 JavaThread "Service Thread" daemon [_thread_blocked, id=92136, stack(0x000000dc3bd00000,0x000000dc3be00000)]
  0x000002d7ff40c000 JavaThread "C2 CompilerThread0" daemon [_thread_blocked, id=93140, stack(0x000000dc3be00000,0x000000dc3bf00000)]
  0x000002d7ff473000 JavaThread "C1 CompilerThread0" daemon [_thread_blocked, id=92772, stack(0x000000dc3bf00000,0x000000dc3c000000)]
  0x000002d7ff478000 JavaThread "Sweeper thread" daemon [_thread_blocked, id=92508, stack(0x000000dc3c000000,0x000000dc3c100000)]
  0x000002d7ff5d0000 JavaThread "Common-Cleaner" daemon [_thread_blocked, id=89476, stack(0x000000dc3c100000,0x000000dc3c200000)]
  0x000002d785616800 JavaThread "Daemon health stats" [_thread_blocked, id=34812, stack(0x000000dc3c600000,0x000000dc3c700000)]
  0x000002d784bed000 JavaThread "Incoming local TCP Connector on port 55983" [_thread_in_native, id=92320, stack(0x000000dc3c500000,0x000000dc3c600000)]
  0x000002d786b17800 JavaThread "Daemon periodic checks" [_thread_blocked, id=93120, stack(0x000000dc3c700000,0x000000dc3c800000)]
  0x000002d785470800 JavaThread "Daemon" [_thread_blocked, id=92784, stack(0x000000dc3c800000,0x000000dc3c900000)]
  0x000002d78600e800 JavaThread "Handler for socket connection from /127.0.0.1:55983 to /127.0.0.1:55984" [_thread_in_native, id=88696, stack(0x000000dc3c900000,0x000000dc3ca00000)]
  0x000002d786df1800 JavaThread "Cancel handler" [_thread_blocked, id=93060, stack(0x000000dc3ca00000,0x000000dc3cb00000)]
  0x000002d7858c1000 JavaThread "Daemon worker" [_thread_in_native, id=57196, stack(0x000000dc3cb00000,0x000000dc3cc00000)]
  0x000002d7862dc800 JavaThread "Asynchronous log dispatcher for DefaultDaemonConnection: socket connection from /127.0.0.1:55983 to /127.0.0.1:55984" [_thread_blocked, id=92648, stack(0x000000dc3cc00000,0x000000dc3cd00000)]
  0x000002d7855ed800 JavaThread "Stdin handler" [_thread_blocked, id=90476, stack(0x000000dc3cd00000,0x000000dc3ce00000)]
  0x000002d785c2b000 JavaThread "Daemon client event forwarder" [_thread_blocked, id=92640, stack(0x000000dc3ce00000,0x000000dc3cf00000)]
  0x000002d78617b000 JavaThread "Cache worker for journal cache (C:\Users\91989\.gradle\caches\journal-1)" [_thread_blocked, id=91900, stack(0x000000dc3d400000,0x000000dc3d500000)]
  0x000002d78617a800 JavaThread "File lock request listener" [_thread_in_native, id=93000, stack(0x000000dc3d500000,0x000000dc3d600000)]
  0x000002d78617c000 JavaThread "Cache worker for file hash cache (C:\Users\91989\.gradle\caches\7.2\fileHashes)" [_thread_blocked, id=76532, stack(0x000000dc3d600000,0x000000dc3d700000)]
  0x000002d786179800 JavaThread "Cache worker for file hash cache (F:\clicknow\.gradle\7.2\fileHashes)" [_thread_blocked, id=93028, stack(0x000000dc3d800000,0x000000dc3d900000)]
  0x000002d786176800 JavaThread "File watcher server" daemon [_thread_in_native, id=88260, stack(0x000000dc3d900000,0x000000dc3da00000)]
  0x000002d786178800 JavaThread "File watcher consumer" daemon [_thread_blocked, id=78572, stack(0x000000dc3da00000,0x000000dc3db00000)]
  0x000002d78617d000 JavaThread "Cache worker for checksums cache (F:\clicknow\.gradle\checksums)" [_thread_blocked, id=87448, stack(0x000000dc3db00000,0x000000dc3dc00000)]
  0x000002d786177000 JavaThread "Cache worker for cache directory md-supplier (C:\Users\91989\.gradle\caches\7.2\md-supplier)" [_thread_blocked, id=38128, stack(0x000000dc3dc00000,0x000000dc3dd00000)]
  0x000002d786178000 JavaThread "Cache worker for cache directory md-rule (C:\Users\91989\.gradle\caches\7.2\md-rule)" [_thread_blocked, id=88188, stack(0x000000dc3dd00000,0x000000dc3de00000)]
  0x000002d787569000 JavaThread "Cache worker for execution history cache (C:\Users\91989\.gradle\caches\7.2\executionHistory)" [_thread_blocked, id=69912, stack(0x000000dc3de00000,0x000000dc3df00000)]
  0x000002d787568000 JavaThread "jar transforms" [_thread_blocked, id=9836, stack(0x000000dc3df00000,0x000000dc3e000000)]
=>0x000002d786416800 JavaThread "C2 CompilerThread1" daemon [_thread_in_native, id=92964, stack(0x000000dc3e000000,0x000000dc3e100000)]
  0x000002d787565800 JavaThread "Cache worker for file content cache (C:\Users\91989\.gradle\caches\7.2\fileContent)" [_thread_blocked, id=87060, stack(0x000000dc3e100000,0x000000dc3e200000)]

Other Threads:
  0x000002d7ff3fc000 VMThread "VM Thread" [stack: 0x000000dc3b800000,0x000000dc3b900000] [id=91776]
  0x000002d7ff600800 WatcherThread [stack: 0x000000dc3c200000,0x000000dc3c300000] [id=89896]
  0x000002d7e876f000 GCTaskThread "GC Thread#0" [stack: 0x000000dc3b300000,0x000000dc3b400000] [id=92588]
  0x000002d784b1c000 GCTaskThread "GC Thread#1" [stack: 0x000000dc3c300000,0x000000dc3c400000] [id=93164]
  0x000002d784686800 GCTaskThread "GC Thread#2" [stack: 0x000000dc3c400000,0x000000dc3c500000] [id=92996]
  0x000002d7ff577800 GCTaskThread "GC Thread#3" [stack: 0x000000dc3cf00000,0x000000dc3d000000] [id=92360]
  0x000002d7857ab800 GCTaskThread "GC Thread#4" [stack: 0x000000dc3d000000,0x000000dc3d100000] [id=90760]
  0x000002d784d37800 GCTaskThread "GC Thread#5" [stack: 0x000000dc3d100000,0x000000dc3d200000] [id=92812]
  0x000002d78566e000 GCTaskThread "GC Thread#6" [stack: 0x000000dc3d200000,0x000000dc3d300000] [id=92860]
  0x000002d7843f8000 GCTaskThread "GC Thread#7" [stack: 0x000000dc3d300000,0x000000dc3d400000] [id=88892]
  0x000002d7e879f800 ConcurrentGCThread "G1 Main Marker" [stack: 0x000000dc3b400000,0x000000dc3b500000] [id=90660]
  0x000002d7e87a1000 ConcurrentGCThread "G1 Conc#0" [stack: 0x000000dc3b500000,0x000000dc3b600000] [id=62200]
  0x000002d785255800 ConcurrentGCThread "G1 Conc#1" [stack: 0x000000dc3d700000,0x000000dc3d800000] [id=80160]
  0x000002d7fe3d7000 ConcurrentGCThread "G1 Refine#0" [stack: 0x000000dc3b600000,0x000000dc3b700000] [id=92332]
  0x000002d7fe3d8000 ConcurrentGCThread "G1 Young RemSet Sampling" [stack: 0x000000dc3b700000,0x000000dc3b800000] [id=91208]

Threads with active compile tasks:
C2 CompilerThread1  14721 3321       4       jdk.internal.org.objectweb.asm.Frame::execute (2264 bytes)

VM state:not at safepoint (normal execution)

VM Mutex/Monitor currently owned by a thread: None

Heap address: 0x0000000080000000, size: 2048 MB, Compressed Oops mode: 32-bit
Narrow klass base: 0x0000000000000000, Narrow klass shift: 3
Compressed class space size: 1073741824 Address: 0x0000000100000000

Heap:
 garbage-first heap   total 131072K, used 64998K [0x0000000080000000, 0x0000000100000000)
  region size 1024K, 47 young (48128K), 7 survivors (7168K)
 Metaspace       used 38346K, capacity 39216K, committed 39376K, reserved 1083392K
  class space    used 4810K, capacity 5147K, committed 5248K, reserved 1048576K
Heap Regions: E=young(eden), S=young(survivor), O=old, HS=humongous(starts), HC=humongous(continues), CS=collection set, F=free, A=archive, TAMS=top-at-mark-start (previous, next)
|   0|0x0000000080000000, 0x0000000080100000, 0x0000000080100000|100%| O|  |TAMS 0x0000000080100000, 0x0000000080000000| Untracked 
|   1|0x0000000080100000, 0x0000000080200000, 0x0000000080200000|100%| O|  |TAMS 0x0000000080200000, 0x0000000080100000| Untracked 
|   2|0x0000000080200000, 0x0000000080300000, 0x0000000080300000|100%| O|  |TAMS 0x0000000080300000, 0x0000000080200000| Untracked 
|   3|0x0000000080300000, 0x0000000080400000, 0x0000000080400000|100%|HS|  |TAMS 0x0000000080400000, 0x0000000080300000| Complete 
|   4|0x0000000080400000, 0x0000000080500000, 0x0000000080500000|100%|HC|  |TAMS 0x0000000080500000, 0x0000000080400000| Complete 
|   5|0x0000000080500000, 0x0000000080600000, 0x0000000080600000|100%|HC|  |TAMS 0x0000000080600000, 0x0000000080500000| Complete 
|   6|0x0000000080600000, 0x0000000080700000, 0x0000000080700000|100%| O|  |TAMS 0x0000000080700000, 0x0000000080600000| Untracked 
|   7|0x0000000080700000, 0x0000000080800000, 0x0000000080800000|100%| O|  |TAMS 0x0000000080800000, 0x0000000080700000| Untracked 
|   8|0x0000000080800000, 0x0000000080900000, 0x0000000080900000|100%| O|  |TAMS 0x0000000080900000, 0x0000000080800000| Untracked 
|   9|0x0000000080900000, 0x0000000080a00000, 0x0000000080a00000|100%| O|  |TAMS 0x0000000080a00000, 0x0000000080900000| Untracked 
|  10|0x0000000080a00000, 0x0000000080b00000, 0x0000000080b00000|100%| O|  |TAMS 0x0000000080b00000, 0x0000000080a00000| Untracked 
|  11|0x0000000080b00000, 0x0000000080c00000, 0x0000000080c00000|100%| O|  |TAMS 0x0000000080c00000, 0x0000000080b00000| Untracked 
|  12|0x0000000080c00000, 0x0000000080d00000, 0x0000000080d00000|100%| O|  |TAMS 0x0000000080d00000, 0x0000000080c00000| Untracked 
|  13|0x0000000080d00000, 0x0000000080e00000, 0x0000000080e00000|100%| O|  |TAMS 0x0000000080e00000, 0x0000000080d00000| Untracked 
|  14|0x0000000080e00000, 0x0000000080f00000, 0x0000000080f00000|100%| O|  |TAMS 0x0000000080f00000, 0x0000000080e00000| Untracked 
|  15|0x0000000080f00000, 0x0000000081000000, 0x0000000081000000|100%| O|  |TAMS 0x0000000081000000, 0x0000000080f00000| Untracked 
|  16|0x0000000081000000, 0x0000000081026000, 0x0000000081100000| 14%| O|  |TAMS 0x0000000081026000, 0x0000000081000000| Untracked 
|  17|0x0000000081100000, 0x0000000081200000, 0x0000000081200000|100%|HS|  |TAMS 0x0000000081100000, 0x0000000081100000| Complete 
|  18|0x0000000081200000, 0x0000000081300000, 0x0000000081300000|100%|HS|  |TAMS 0x0000000081200000, 0x0000000081200000| Complete 
|  19|0x0000000081300000, 0x0000000081400000, 0x0000000081400000|100%|HC|  |TAMS 0x0000000081300000, 0x0000000081300000| Complete 
|  20|0x0000000081400000, 0x0000000081400000, 0x0000000081500000|  0%| F|  |TAMS 0x0000000081400000, 0x0000000081400000| Untracked 
|  21|0x0000000081500000, 0x0000000081500000, 0x0000000081600000|  0%| F|  |TAMS 0x0000000081500000, 0x0000000081500000| Untracked 
|  22|0x0000000081600000, 0x0000000081600000, 0x0000000081700000|  0%| F|  |TAMS 0x0000000081600000, 0x0000000081600000| Untracked 
|  23|0x0000000081700000, 0x0000000081700000, 0x0000000081800000|  0%| F|  |TAMS 0x0000000081700000, 0x0000000081700000| Untracked 
|  24|0x0000000081800000, 0x0000000081800000, 0x0000000081900000|  0%| F|  |TAMS 0x0000000081800000, 0x0000000081800000| Untracked 
|  25|0x0000000081900000, 0x0000000081900000, 0x0000000081a00000|  0%| F|  |TAMS 0x0000000081900000, 0x0000000081900000| Untracked 
|  26|0x0000000081a00000, 0x0000000081a00000, 0x0000000081b00000|  0%| F|  |TAMS 0x0000000081a00000, 0x0000000081a00000| Untracked 
|  27|0x0000000081b00000, 0x0000000081b00000, 0x0000000081c00000|  0%| F|  |TAMS 0x0000000081b00000, 0x0000000081b00000| Untracked 
|  28|0x0000000081c00000, 0x0000000081c00000, 0x0000000081d00000|  0%| F|  |TAMS 0x0000000081c00000, 0x0000000081c00000| Untracked 
|  29|0x0000000081d00000, 0x0000000081d00000, 0x0000000081e00000|  0%| F|  |TAMS 0x0000000081d00000, 0x0000000081d00000| Untracked 
|  30|0x0000000081e00000, 0x0000000081e00000, 0x0000000081f00000|  0%| F|  |TAMS 0x0000000081e00000, 0x0000000081e00000| Untracked 
|  31|0x0000000081f00000, 0x0000000081f00000, 0x0000000082000000|  0%| F|  |TAMS 0x0000000081f00000, 0x0000000081f00000| Untracked 
|  32|0x0000000082000000, 0x0000000082000000, 0x0000000082100000|  0%| F|  |TAMS 0x0000000082000000, 0x0000000082000000| Untracked 
|  33|0x0000000082100000, 0x0000000082100000, 0x0000000082200000|  0%| F|  |TAMS 0x0000000082100000, 0x0000000082100000| Untracked 
|  34|0x0000000082200000, 0x0000000082200000, 0x0000000082300000|  0%| F|  |TAMS 0x0000000082200000, 0x0000000082200000| Untracked 
|  35|0x0000000082300000, 0x0000000082300000, 0x0000000082400000|  0%| F|  |TAMS 0x0000000082300000, 0x0000000082300000| Untracked 
|  36|0x0000000082400000, 0x0000000082400000, 0x0000000082500000|  0%| F|  |TAMS 0x0000000082400000, 0x0000000082400000| Untracked 
|  37|0x0000000082500000, 0x0000000082500000, 0x0000000082600000|  0%| F|  |TAMS 0x0000000082500000, 0x0000000082500000| Untracked 
|  38|0x0000000082600000, 0x0000000082600000, 0x0000000082700000|  0%| F|  |TAMS 0x0000000082600000, 0x0000000082600000| Untracked 
|  39|0x0000000082700000, 0x0000000082700000, 0x0000000082800000|  0%| F|  |TAMS 0x0000000082700000, 0x0000000082700000| Untracked 
|  40|0x0000000082800000, 0x0000000082800000, 0x0000000082900000|  0%| F|  |TAMS 0x0000000082800000, 0x0000000082800000| Untracked 
|  41|0x0000000082900000, 0x0000000082900000, 0x0000000082a00000|  0%| F|  |TAMS 0x0000000082900000, 0x0000000082900000| Untracked 
|  42|0x0000000082a00000, 0x0000000082a00000, 0x0000000082b00000|  0%| F|  |TAMS 0x0000000082a00000, 0x0000000082a00000| Untracked 
|  43|0x0000000082b00000, 0x0000000082b00000, 0x0000000082c00000|  0%| F|  |TAMS 0x0000000082b00000, 0x0000000082b00000| Untracked 
|  44|0x0000000082c00000, 0x0000000082c00000, 0x0000000082d00000|  0%| F|  |TAMS 0x0000000082c00000, 0x0000000082c00000| Untracked 
|  45|0x0000000082d00000, 0x0000000082d00000, 0x0000000082e00000|  0%| F|  |TAMS 0x0000000082d00000, 0x0000000082d00000| Untracked 
|  46|0x0000000082e00000, 0x0000000082e00000, 0x0000000082f00000|  0%| F|  |TAMS 0x0000000082e00000, 0x0000000082e00000| Untracked 
|  47|0x0000000082f00000, 0x0000000082f00000, 0x0000000083000000|  0%| F|  |TAMS 0x0000000082f00000, 0x0000000082f00000| Untracked 
|  48|0x0000000083000000, 0x0000000083000000, 0x0000000083100000|  0%| F|  |TAMS 0x0000000083000000, 0x0000000083000000| Untracked 
|  49|0x0000000083100000, 0x0000000083100000, 0x0000000083200000|  0%| F|  |TAMS 0x0000000083100000, 0x0000000083100000| Untracked 
|  50|0x0000000083200000, 0x0000000083200000, 0x0000000083300000|  0%| F|  |TAMS 0x0000000083200000, 0x0000000083200000| Untracked 
|  51|0x0000000083300000, 0x0000000083300000, 0x0000000083400000|  0%| F|  |TAMS 0x0000000083300000, 0x0000000083300000| Untracked 
|  52|0x0000000083400000, 0x0000000083400000, 0x0000000083500000|  0%| F|  |TAMS 0x0000000083400000, 0x0000000083400000| Untracked 
|  53|0x0000000083500000, 0x0000000083500000, 0x0000000083600000|  0%| F|  |TAMS 0x0000000083500000, 0x0000000083500000| Untracked 
|  54|0x0000000083600000, 0x0000000083600000, 0x0000000083700000|  0%| F|  |TAMS 0x0000000083600000, 0x0000000083600000| Untracked 
|  55|0x0000000083700000, 0x0000000083700000, 0x0000000083800000|  0%| F|  |TAMS 0x0000000083700000, 0x0000000083700000| Untracked 
|  56|0x0000000083800000, 0x0000000083800000, 0x0000000083900000|  0%| F|  |TAMS 0x0000000083800000, 0x0000000083800000| Untracked 
|  57|0x0000000083900000, 0x0000000083900000, 0x0000000083a00000|  0%| F|  |TAMS 0x0000000083900000, 0x0000000083900000| Untracked 
|  58|0x0000000083a00000, 0x0000000083a00000, 0x0000000083b00000|  0%| F|  |TAMS 0x0000000083a00000, 0x0000000083a00000| Untracked 
|  59|0x0000000083b00000, 0x0000000083b00000, 0x0000000083c00000|  0%| F|  |TAMS 0x0000000083b00000, 0x0000000083b00000| Untracked 
|  60|0x0000000083c00000, 0x0000000083c00000, 0x0000000083d00000|  0%| F|  |TAMS 0x0000000083c00000, 0x0000000083c00000| Untracked 
|  61|0x0000000083d00000, 0x0000000083d53a00, 0x0000000083e00000| 32%| S|CS|TAMS 0x0000000083d00000, 0x0000000083d00000| Complete 
|  62|0x0000000083e00000, 0x0000000083f00000, 0x0000000083f00000|100%| S|CS|TAMS 0x0000000083e00000, 0x0000000083e00000| Complete 
|  63|0x0000000083f00000, 0x0000000084000000, 0x0000000084000000|100%| S|CS|TAMS 0x0000000083f00000, 0x0000000083f00000| Complete 
|  64|0x0000000084000000, 0x0000000084100000, 0x0000000084100000|100%| S|CS|TAMS 0x0000000084000000, 0x0000000084000000| Complete 
|  65|0x0000000084100000, 0x0000000084200000, 0x0000000084200000|100%| S|CS|TAMS 0x0000000084100000, 0x0000000084100000| Complete 
|  66|0x0000000084200000, 0x0000000084300000, 0x0000000084300000|100%| S|CS|TAMS 0x0000000084200000, 0x0000000084200000| Complete 
|  67|0x0000000084300000, 0x0000000084400000, 0x0000000084400000|100%| S|CS|TAMS 0x0000000084300000, 0x0000000084300000| Complete 
|  68|0x0000000084400000, 0x0000000084400000, 0x0000000084500000|  0%| F|  |TAMS 0x0000000084400000, 0x0000000084400000| Untracked 
|  69|0x0000000084500000, 0x0000000084500000, 0x0000000084600000|  0%| F|  |TAMS 0x0000000084500000, 0x0000000084500000| Untracked 
|  70|0x0000000084600000, 0x0000000084600000, 0x0000000084700000|  0%| F|  |TAMS 0x0000000084600000, 0x0000000084600000| Untracked 
|  71|0x0000000084700000, 0x0000000084700000, 0x0000000084800000|  0%| F|  |TAMS 0x0000000084700000, 0x0000000084700000| Untracked 
|  72|0x0000000084800000, 0x0000000084800000, 0x0000000084900000|  0%| F|  |TAMS 0x0000000084800000, 0x0000000084800000| Untracked 
|  73|0x0000000084900000, 0x0000000084900000, 0x0000000084a00000|  0%| F|  |TAMS 0x0000000084900000, 0x0000000084900000| Untracked 
|  74|0x0000000084a00000, 0x0000000084a00000, 0x0000000084b00000|  0%| F|  |TAMS 0x0000000084a00000, 0x0000000084a00000| Untracked 
|  75|0x0000000084b00000, 0x0000000084b00000, 0x0000000084c00000|  0%| F|  |TAMS 0x0000000084b00000, 0x0000000084b00000| Untracked 
|  76|0x0000000084c00000, 0x0000000084c00000, 0x0000000084d00000|  0%| F|  |TAMS 0x0000000084c00000, 0x0000000084c00000| Untracked 
|  77|0x0000000084d00000, 0x0000000084d00000, 0x0000000084e00000|  0%| F|  |TAMS 0x0000000084d00000, 0x0000000084d00000| Untracked 
|  78|0x0000000084e00000, 0x0000000084e00000, 0x0000000084f00000|  0%| F|  |TAMS 0x0000000084e00000, 0x0000000084e00000| Untracked 
|  79|0x0000000084f00000, 0x0000000084f00000, 0x0000000085000000|  0%| F|  |TAMS 0x0000000084f00000, 0x0000000084f00000| Untracked 
|  80|0x0000000085000000, 0x0000000085000000, 0x0000000085100000|  0%| F|  |TAMS 0x0000000085000000, 0x0000000085000000| Untracked 
|  81|0x0000000085100000, 0x0000000085100000, 0x0000000085200000|  0%| F|  |TAMS 0x0000000085100000, 0x0000000085100000| Untracked 
|  82|0x0000000085200000, 0x0000000085200000, 0x0000000085300000|  0%| F|  |TAMS 0x0000000085200000, 0x0000000085200000| Untracked 
|  83|0x0000000085300000, 0x0000000085300000, 0x0000000085400000|  0%| F|  |TAMS 0x0000000085300000, 0x0000000085300000| Untracked 
|  84|0x0000000085400000, 0x0000000085400000, 0x0000000085500000|  0%| F|  |TAMS 0x0000000085400000, 0x0000000085400000| Untracked 
|  85|0x0000000085500000, 0x0000000085500000, 0x0000000085600000|  0%| F|  |TAMS 0x0000000085500000, 0x0000000085500000| Untracked 
|  86|0x0000000085600000, 0x0000000085600000, 0x0000000085700000|  0%| F|  |TAMS 0x0000000085600000, 0x0000000085600000| Untracked 
|  87|0x0000000085700000, 0x0000000085700000, 0x0000000085800000|  0%| F|  |TAMS 0x0000000085700000, 0x0000000085700000| Untracked 
|  88|0x0000000085800000, 0x0000000085880800, 0x0000000085900000| 50%| E|  |TAMS 0x0000000085800000, 0x0000000085800000| Complete 
|  89|0x0000000085900000, 0x0000000085a00000, 0x0000000085a00000|100%| E|CS|TAMS 0x0000000085900000, 0x0000000085900000| Complete 
|  90|0x0000000085a00000, 0x0000000085b00000, 0x0000000085b00000|100%| E|CS|TAMS 0x0000000085a00000, 0x0000000085a00000| Complete 
|  91|0x0000000085b00000, 0x0000000085c00000, 0x0000000085c00000|100%| E|  |TAMS 0x0000000085b00000, 0x0000000085b00000| Complete 
|  92|0x0000000085c00000, 0x0000000085d00000, 0x0000000085d00000|100%| E|CS|TAMS 0x0000000085c00000, 0x0000000085c00000| Complete 
|  93|0x0000000085d00000, 0x0000000085e00000, 0x0000000085e00000|100%| E|CS|TAMS 0x0000000085d00000, 0x0000000085d00000| Complete 
|  94|0x0000000085e00000, 0x0000000085f00000, 0x0000000085f00000|100%| E|CS|TAMS 0x0000000085e00000, 0x0000000085e00000| Complete 
|  95|0x0000000085f00000, 0x0000000086000000, 0x0000000086000000|100%| E|CS|TAMS 0x0000000085f00000, 0x0000000085f00000| Complete 
|  96|0x0000000086000000, 0x0000000086100000, 0x0000000086100000|100%| E|CS|TAMS 0x0000000086000000, 0x0000000086000000| Complete 
|  97|0x0000000086100000, 0x0000000086200000, 0x0000000086200000|100%| E|CS|TAMS 0x0000000086100000, 0x0000000086100000| Complete 
|  98|0x0000000086200000, 0x0000000086300000, 0x0000000086300000|100%| E|CS|TAMS 0x0000000086200000, 0x0000000086200000| Complete 
|  99|0x0000000086300000, 0x0000000086400000, 0x0000000086400000|100%| E|CS|TAMS 0x0000000086300000, 0x0000000086300000| Complete 
| 100|0x0000000086400000, 0x0000000086500000, 0x0000000086500000|100%| E|CS|TAMS 0x0000000086400000, 0x0000000086400000| Complete 
| 101|0x0000000086500000, 0x0000000086600000, 0x0000000086600000|100%| E|CS|TAMS 0x0000000086500000, 0x0000000086500000| Complete 
| 102|0x0000000086600000, 0x0000000086700000, 0x0000000086700000|100%| E|CS|TAMS 0x0000000086600000, 0x0000000086600000| Complete 
| 103|0x0000000086700000, 0x0000000086800000, 0x0000000086800000|100%| E|CS|TAMS 0x0000000086700000, 0x0000000086700000| Complete 
| 104|0x0000000086800000, 0x0000000086900000, 0x0000000086900000|100%| E|CS|TAMS 0x0000000086800000, 0x0000000086800000| Complete 
| 105|0x0000000086900000, 0x0000000086a00000, 0x0000000086a00000|100%| E|CS|TAMS 0x0000000086900000, 0x0000000086900000| Complete 
| 106|0x0000000086a00000, 0x0000000086b00000, 0x0000000086b00000|100%| E|CS|TAMS 0x0000000086a00000, 0x0000000086a00000| Complete 
| 107|0x0000000086b00000, 0x0000000086c00000, 0x0000000086c00000|100%| E|CS|TAMS 0x0000000086b00000, 0x0000000086b00000| Complete 
| 108|0x0000000086c00000, 0x0000000086d00000, 0x0000000086d00000|100%| E|CS|TAMS 0x0000000086c00000, 0x0000000086c00000| Complete 
| 109|0x0000000086d00000, 0x0000000086e00000, 0x0000000086e00000|100%| E|CS|TAMS 0x0000000086d00000, 0x0000000086d00000| Complete 
| 110|0x0000000086e00000, 0x0000000086f00000, 0x0000000086f00000|100%| E|CS|TAMS 0x0000000086e00000, 0x0000000086e00000| Complete 
| 111|0x0000000086f00000, 0x0000000087000000, 0x0000000087000000|100%| E|CS|TAMS 0x0000000086f00000, 0x0000000086f00000| Complete 
| 112|0x0000000087000000, 0x0000000087100000, 0x0000000087100000|100%| E|CS|TAMS 0x0000000087000000, 0x0000000087000000| Complete 
| 113|0x0000000087100000, 0x0000000087200000, 0x0000000087200000|100%| E|CS|TAMS 0x0000000087100000, 0x0000000087100000| Complete 
| 114|0x0000000087200000, 0x0000000087300000, 0x0000000087300000|100%| E|CS|TAMS 0x0000000087200000, 0x0000000087200000| Complete 
| 115|0x0000000087300000, 0x0000000087400000, 0x0000000087400000|100%| E|CS|TAMS 0x0000000087300000, 0x0000000087300000| Complete 
| 116|0x0000000087400000, 0x0000000087500000, 0x0000000087500000|100%| E|CS|TAMS 0x0000000087400000, 0x0000000087400000| Complete 
| 117|0x0000000087500000, 0x0000000087600000, 0x0000000087600000|100%| E|CS|TAMS 0x0000000087500000, 0x0000000087500000| Complete 
| 118|0x0000000087600000, 0x0000000087700000, 0x0000000087700000|100%| E|CS|TAMS 0x0000000087600000, 0x0000000087600000| Complete 
| 119|0x0000000087700000, 0x0000000087800000, 0x0000000087800000|100%| E|CS|TAMS 0x0000000087700000, 0x0000000087700000| Complete 
| 120|0x0000000087800000, 0x0000000087900000, 0x0000000087900000|100%| E|CS|TAMS 0x0000000087800000, 0x0000000087800000| Complete 
| 121|0x0000000087900000, 0x0000000087a00000, 0x0000000087a00000|100%| E|CS|TAMS 0x0000000087900000, 0x0000000087900000| Complete 
| 122|0x0000000087a00000, 0x0000000087b00000, 0x0000000087b00000|100%| E|CS|TAMS 0x0000000087a00000, 0x0000000087a00000| Complete 
| 123|0x0000000087b00000, 0x0000000087c00000, 0x0000000087c00000|100%| E|CS|TAMS 0x0000000087b00000, 0x0000000087b00000| Complete 
| 124|0x0000000087c00000, 0x0000000087d00000, 0x0000000087d00000|100%| E|CS|TAMS 0x0000000087c00000, 0x0000000087c00000| Complete 
| 125|0x0000000087d00000, 0x0000000087e00000, 0x0000000087e00000|100%| E|CS|TAMS 0x0000000087d00000, 0x0000000087d00000| Complete 
| 126|0x0000000087e00000, 0x0000000087f00000, 0x0000000087f00000|100%| E|CS|TAMS 0x0000000087e00000, 0x0000000087e00000| Complete 
| 127|0x0000000087f00000, 0x0000000088000000, 0x0000000088000000|100%| E|CS|TAMS 0x0000000087f00000, 0x0000000087f00000| Complete 

Card table byte_map: [0x000002d7fb920000,0x000002d7fbd20000] _byte_map_base: 0x000002d7fb520000

Marking Bits (Prev, Next): (CMBitMap*) 0x000002d7e8796ea8, (CMBitMap*) 0x000002d7e8796ee0
 Prev Bits: [0x000002d7fc120000, 0x000002d7fe120000)
 Next Bits: [0x000002d780000000, 0x000002d782000000)

Polling page: 0x000002d7e65f0000

Metaspace:

Usage:
  Non-class:     33.27 MB capacity,    32.76 MB ( 98%) used,   436.59 KB (  1%) free+waste,    88.38 KB ( <1%) overhead. 
      Class:      5.03 MB capacity,     4.70 MB ( 93%) used,   293.82 KB (  6%) free+waste,    42.31 KB ( <1%) overhead. 
       Both:     38.30 MB capacity,    37.46 MB ( 98%) used,   730.41 KB (  2%) free+waste,   130.69 KB ( <1%) overhead. 

Virtual space:
  Non-class space:       34.00 MB reserved,      33.33 MB ( 98%) committed 
      Class space:        1.00 GB reserved,       5.13 MB ( <1%) committed 
             Both:        1.03 GB reserved,      38.45 MB (  4%) committed 

Chunk freelists:
   Non-Class:  59.00 KB
       Class:  5.00 KB
        Both:  64.00 KB

MaxMetaspaceSize: 17179869184.00 GB
CompressedClassSpaceSize: 1.00 GB
Initial GC threshold: 20.80 MB
Current GC threshold: 58.88 MB
CDS: off

CodeHeap 'non-profiled nmethods': size=120000Kb used=1812Kb max_used=1812Kb free=118187Kb
 bounds [0x000002d7f3cc0000, 0x000002d7f3f30000, 0x000002d7fb1f0000]
CodeHeap 'profiled nmethods': size=120000Kb used=7044Kb max_used=7044Kb free=112955Kb
 bounds [0x000002d7ec790000, 0x000002d7ece80000, 0x000002d7f3cc0000]
CodeHeap 'non-nmethods': size=5760Kb used=2265Kb max_used=2278Kb free=3494Kb
 bounds [0x000002d7ec1f0000, 0x000002d7ec460000, 0x000002d7ec790000]
 total_blobs=4135 nmethods=3376 adapters=671
 compilation: enabled
              stopped_count=0, restarted_count=0
 full_count=0

Compilation events (20 events):
Event: 14.620 Thread 0x000002d7ff473000 nmethod 3344 0x000002d7ece53190 code [0x000002d7ece535c0, 0x000002d7ece55d98]
Event: 14.620 Thread 0x000002d7ff473000 3346       3       groovy.lang.MetaClassImpl::addToAllMethodsIfPublic (22 bytes)
Event: 14.621 Thread 0x000002d7ff473000 nmethod 3346 0x000002d7ece56710 code [0x000002d7ece568e0, 0x000002d7ece56c58]
Event: 14.621 Thread 0x000002d7ff473000 3348       3       java.util.Arrays::asList (9 bytes)
Event: 14.621 Thread 0x000002d7ff473000 nmethod 3348 0x000002d7ece56d90 code [0x000002d7ece56f80, 0x000002d7ece573e8]
Event: 14.621 Thread 0x000002d7ff473000 3349       3       java.util.Arrays$ArrayList::<init> (16 bytes)
Event: 14.621 Thread 0x000002d7ff473000 nmethod 3349 0x000002d7ece57590 code [0x000002d7ece57780, 0x000002d7ece57b48]
Event: 14.621 Thread 0x000002d7ff473000 3350       3       org.codehaus.groovy.util.ComplexKeyHashMap$1::next (5 bytes)
Event: 14.621 Thread 0x000002d7ff473000 nmethod 3350 0x000002d7ece57d10 code [0x000002d7ece57ec0, 0x000002d7ece58008]
Event: 14.622 Thread 0x000002d7ff473000 3345       1       groovy.lang.MetaProperty::getType (5 bytes)
Event: 14.622 Thread 0x000002d7ff473000 nmethod 3345 0x000002d7f3e80a10 code [0x000002d7f3e80bc0, 0x000002d7f3e80c78]
Event: 14.622 Thread 0x000002d7ff473000 3351       1       groovy.lang.MetaBeanProperty::getGetter (5 bytes)
Event: 14.622 Thread 0x000002d7ff473000 nmethod 3351 0x000002d7f3e80d10 code [0x000002d7f3e80ec0, 0x000002d7f3e80f78]
Event: 14.622 Thread 0x000002d7ff473000 3352       1       groovy.lang.MetaBeanProperty::getField (5 bytes)
Event: 14.622 Thread 0x000002d7ff473000 nmethod 3352 0x000002d7f3e81010 code [0x000002d7f3e811c0, 0x000002d7f3e81278]
Event: 14.630 Thread 0x000002d7ff40c000 nmethod 3318 0x000002d7f3e81310 code [0x000002d7f3e81520, 0x000002d7f3e81e98]
Event: 14.631 Thread 0x000002d7ff40c000 3347       4       org.codehaus.groovy.reflection.CachedMethod::getModifiers (8 bytes)
Event: 14.632 Thread 0x000002d7ff40c000 nmethod 3347 0x000002d7f3e82510 code [0x000002d7f3e826a0, 0x000002d7f3e82718]
Event: 14.632 Thread 0x000002d7ff40c000 3322       4       jdk.internal.org.objectweb.asm.MethodWriter::visitVarInsn (300 bytes)
Event: 14.640 Thread 0x000002d7ff40c000 nmethod 3322 0x000002d7f3e82810 code [0x000002d7f3e82a00, 0x000002d7f3e82f28]

GC Heap History (12 events):
Event: 2.484 GC heap before
{Heap before GC invocations=0 (full 0):
 garbage-first heap   total 131072K, used 29696K [0x0000000080000000, 0x0000000100000000)
  region size 1024K, 24 young (24576K), 0 survivors (0K)
 Metaspace       used 10235K, capacity 10499K, committed 10624K, reserved 1058816K
  class space    used 1053K, capacity 1141K, committed 1152K, reserved 1048576K
}
Event: 2.495 GC heap after
{Heap after GC invocations=1 (full 0):
 garbage-first heap   total 131072K, used 9455K [0x0000000080000000, 0x0000000100000000)
  region size 1024K, 3 young (3072K), 3 survivors (3072K)
 Metaspace       used 10235K, capacity 10499K, committed 10624K, reserved 1058816K
  class space    used 1053K, capacity 1141K, committed 1152K, reserved 1048576K
}
Event: 3.151 GC heap before
{Heap before GC invocations=1 (full 0):
 garbage-first heap   total 131072K, used 31983K [0x0000000080000000, 0x0000000100000000)
  region size 1024K, 25 young (25600K), 3 survivors (3072K)
 Metaspace       used 11202K, capacity 11454K, committed 11520K, reserved 1058816K
  class space    used 1152K, capacity 1246K, committed 1280K, reserved 1048576K
}
Event: 3.158 GC heap after
{Heap after GC invocations=2 (full 0):
 garbage-first heap   total 131072K, used 10087K [0x0000000080000000, 0x0000000100000000)
  region size 1024K, 1 young (1024K), 1 survivors (1024K)
 Metaspace       used 11202K, capacity 11454K, committed 11520K, reserved 1058816K
  class space    used 1152K, capacity 1246K, committed 1280K, reserved 1048576K
}
Event: 6.499 GC heap before
{Heap before GC invocations=2 (full 0):
 garbage-first heap   total 131072K, used 66407K [0x0000000080000000, 0x0000000100000000)
  region size 1024K, 56 young (57344K), 1 survivors (1024K)
 Metaspace       used 18208K, capacity 18587K, committed 18688K, reserved 1064960K
  class space    used 2143K, capacity 2287K, committed 2304K, reserved 1048576K
}
Event: 6.504 GC heap after
{Heap after GC invocations=3 (full 0):
 garbage-first heap   total 131072K, used 16310K [0x0000000080000000, 0x0000000100000000)
  region size 1024K, 7 young (7168K), 7 survivors (7168K)
 Metaspace       used 18208K, capacity 18587K, committed 18688K, reserved 1064960K
  class space    used 2143K, capacity 2287K, committed 2304K, reserved 1048576K
}
Event: 7.676 GC heap before
{Heap before GC invocations=3 (full 0):
 garbage-first heap   total 131072K, used 37814K [0x0000000080000000, 0x0000000100000000)
  region size 1024K, 29 young (29696K), 7 survivors (7168K)
 Metaspace       used 20702K, capacity 21159K, committed 21296K, reserved 1069056K
  class space    used 2505K, capacity 2633K, committed 2688K, reserved 1048576K
}
Event: 7.689 GC heap after
{Heap after GC invocations=4 (full 0):
 garbage-first heap   total 131072K, used 17558K [0x0000000080000000, 0x0000000100000000)
  region size 1024K, 1 young (1024K), 1 survivors (1024K)
 Metaspace       used 20702K, capacity 21159K, committed 21296K, reserved 1069056K
  class space    used 2505K, capacity 2633K, committed 2688K, reserved 1048576K
}
Event: 10.374 GC heap before
{Heap before GC invocations=5 (full 0):
 garbage-first heap   total 131072K, used 72854K [0x0000000080000000, 0x0000000100000000)
  region size 1024K, 55 young (56320K), 1 survivors (1024K)
 Metaspace       used 26151K, capacity 26647K, committed 26800K, reserved 1073152K
  class space    used 3371K, capacity 3554K, committed 3584K, reserved 1048576K
}
Event: 10.377 GC heap after
{Heap after GC invocations=6 (full 0):
 garbage-first heap   total 131072K, used 19370K [0x0000000080000000, 0x0000000100000000)
  region size 1024K, 3 young (3072K), 3 survivors (3072K)
 Metaspace       used 26151K, capacity 26647K, committed 26800K, reserved 1073152K
  class space    used 3371K, capacity 3554K, committed 3584K, reserved 1048576K
}
Event: 13.323 GC heap before
{Heap before GC invocations=6 (full 0):
 garbage-first heap   total 131072K, used 76714K [0x0000000080000000, 0x0000000100000000)
  region size 1024K, 60 young (61440K), 3 survivors (3072K)
 Metaspace       used 35007K, capacity 35794K, committed 35920K, reserved 1081344K
  class space    used 4479K, capacity 4799K, committed 4864K, reserved 1048576K
}
Event: 13.334 GC heap after
{Heap after GC invocations=7 (full 0):
 garbage-first heap   total 131072K, used 23014K [0x0000000080000000, 0x0000000100000000)
  region size 1024K, 7 young (7168K), 7 survivors (7168K)
 Metaspace       used 35007K, capacity 35794K, committed 35920K, reserved 1081344K
  class space    used 4479K, capacity 4799K, committed 4864K, reserved 1048576K
}

Deoptimization events (20 events):
Event: 14.484 Thread 0x000002d7858c1000 DEOPT UNPACKING pc=0x000002d7ec23a1af sp=0x000000dc3cbf89f8 mode 2
Event: 14.603 Thread 0x000002d7858c1000 Uncommon trap: trap_request=0xffffffde fr.pc=0x000002d7f3e54e10 relative=0x0000000000000470
Event: 14.603 Thread 0x000002d7858c1000 Uncommon trap: reason=class_check action=maybe_recompile pc=0x000002d7f3e54e10 method=java.util.regex.Pattern$Start.match(Ljava/util/regex/Matcher;ILjava/lang/CharSequence;)Z @ 44 c2
Event: 14.603 Thread 0x000002d7858c1000 DEOPT PACKING pc=0x000002d7f3e54e10 sp=0x000000dc3cbf7920
Event: 14.603 Thread 0x000002d7858c1000 DEOPT UNPACKING pc=0x000002d7ec23a1af sp=0x000000dc3cbf77e8 mode 2
Event: 14.603 Thread 0x000002d7858c1000 Uncommon trap: trap_request=0xffffffde fr.pc=0x000002d7f3e54e10 relative=0x0000000000000470
Event: 14.603 Thread 0x000002d7858c1000 Uncommon trap: reason=class_check action=maybe_recompile pc=0x000002d7f3e54e10 method=java.util.regex.Pattern$Start.match(Ljava/util/regex/Matcher;ILjava/lang/CharSequence;)Z @ 44 c2
Event: 14.603 Thread 0x000002d7858c1000 DEOPT PACKING pc=0x000002d7f3e54e10 sp=0x000000dc3cbf7920
Event: 14.603 Thread 0x000002d7858c1000 DEOPT UNPACKING pc=0x000002d7ec23a1af sp=0x000000dc3cbf77e8 mode 2
Event: 14.604 Thread 0x000002d7858c1000 Uncommon trap: trap_request=0xffffffde fr.pc=0x000002d7f3e417cc relative=0x000000000000044c
Event: 14.604 Thread 0x000002d7858c1000 Uncommon trap: reason=class_check action=maybe_recompile pc=0x000002d7f3e417cc method=java.util.regex.Pattern$Start.match(Ljava/util/regex/Matcher;ILjava/lang/CharSequence;)Z @ 44 c2
Event: 14.604 Thread 0x000002d7858c1000 DEOPT PACKING pc=0x000002d7f3e417cc sp=0x000000dc3cbf78a0
Event: 14.604 Thread 0x000002d7858c1000 DEOPT UNPACKING pc=0x000002d7ec23a1af sp=0x000000dc3cbf77e0 mode 2
Event: 14.604 Thread 0x000002d7858c1000 Uncommon trap: trap_request=0xffffffde fr.pc=0x000002d7f3e42350 relative=0x00000000000002f0
Event: 14.604 Thread 0x000002d7858c1000 Uncommon trap: reason=class_check action=maybe_recompile pc=0x000002d7f3e42350 method=java.util.regex.Pattern$Start.match(Ljava/util/regex/Matcher;ILjava/lang/CharSequence;)Z @ 44 c2
Event: 14.604 Thread 0x000002d7858c1000 DEOPT PACKING pc=0x000002d7f3e42350 sp=0x000000dc3cbf7820
Event: 14.604 Thread 0x000002d7858c1000 DEOPT UNPACKING pc=0x000002d7ec23a1af sp=0x000000dc3cbf77e0 mode 2
Event: 14.667 Thread 0x000002d7858c1000 Uncommon trap: trap_request=0xffffffbe fr.pc=0x000002d7f3e78f30 relative=0x0000000000000850
Event: 14.667 Thread 0x000002d7858c1000 Uncommon trap: reason=profile_predicate action=maybe_recompile pc=0x000002d7f3e78f30 method=java.lang.PublicMethods$MethodList.filter([Ljava/lang/reflect/Method;Ljava/lang/String;[Ljava/lang/Class;Z)Ljava/lang/PublicMethods$MethodList; @ 21 c2
Event: 14.667 Thread 0x000002d7858c1000 DEOPT PACKING pc=0x000002d7f3e78f30 sp=0x000000dc3cbf8e10

Classes redefined (0 events):
No events

Internal exceptions (20 events):
Event: 14.463 Thread 0x000002d7858c1000 Exception <a 'java/lang/ClassNotFoundException'{0x0000000086180958}: groovy/lang/BindingBeanInfo> (0x0000000086180958) thrown at [./src/hotspot/share/classfile/systemDictionary.cpp, line 231]
Event: 14.463 Thread 0x000002d7858c1000 Exception <a 'java/lang/ClassNotFoundException'{0x00000000861a0908}: groovy/lang/BindingCustomizer> (0x00000000861a0908) thrown at [./src/hotspot/share/classfile/systemDictionary.cpp, line 231]
Event: 14.472 Thread 0x000002d7858c1000 Exception <a 'java/lang/ClassNotFoundException'{0x00000000860fe538}: settings_28mgx5mapsuljewnvl8vo73uuBeanInfo> (0x00000000860fe538) thrown at [./src/hotspot/share/classfile/systemDictionary.cpp, line 231]
Event: 14.473 Thread 0x000002d7858c1000 Exception <a 'java/lang/ClassNotFoundException'{0x0000000085f13980}: org/gradle/initialization/SettingsScriptBeanInfo> (0x0000000085f13980) thrown at [./src/hotspot/share/classfile/systemDictionary.cpp, line 231]
Event: 14.473 Thread 0x000002d7858c1000 Exception <a 'java/lang/ClassNotFoundException'{0x0000000085f29ba8}: org/gradle/plugin/use/internal/PluginsAwareScriptBeanInfo> (0x0000000085f29ba8) thrown at [./src/hotspot/share/classfile/systemDictionary.cpp, line 231]
Event: 14.474 Thread 0x000002d7858c1000 Exception <a 'java/lang/ClassNotFoundException'{0x0000000085f3f7e0}: org/gradle/groovy/scripts/DefaultScriptBeanInfo> (0x0000000085f3f7e0) thrown at [./src/hotspot/share/classfile/systemDictionary.cpp, line 231]
Event: 14.474 Thread 0x000002d7858c1000 Exception <a 'java/lang/ClassNotFoundException'{0x0000000085f554f8}: org/gradle/groovy/scripts/BasicScriptBeanInfo> (0x0000000085f554f8) thrown at [./src/hotspot/share/classfile/systemDictionary.cpp, line 231]
Event: 14.475 Thread 0x000002d7858c1000 Exception <a 'java/lang/ClassNotFoundException'{0x0000000085f6a3b8}: org/gradle/groovy/scripts/ScriptBeanInfo> (0x0000000085f6a3b8) thrown at [./src/hotspot/share/classfile/systemDictionary.cpp, line 231]
Event: 14.475 Thread 0x000002d7858c1000 Exception <a 'java/lang/ClassNotFoundException'{0x0000000085f8afe8}: groovy/lang/ScriptBeanInfo> (0x0000000085f8afe8) thrown at [./src/hotspot/share/classfile/systemDictionary.cpp, line 231]
Event: 14.476 Thread 0x000002d7858c1000 Exception <a 'java/lang/ClassNotFoundException'{0x0000000085fac278}: groovy/lang/ScriptCustomizer> (0x0000000085fac278) thrown at [./src/hotspot/share/classfile/systemDictionary.cpp, line 231]
Event: 14.476 Thread 0x000002d7858c1000 Exception <a 'java/lang/ClassNotFoundException'{0x0000000085fc9200}: org/gradle/groovy/scripts/ScriptCustomizer> (0x0000000085fc9200) thrown at [./src/hotspot/share/classfile/systemDictionary.cpp, line 231]
Event: 14.477 Thread 0x000002d7858c1000 Exception <a 'java/lang/ClassNotFoundException'{0x0000000085fe5df8}: org/gradle/groovy/scripts/BasicScriptCustomizer> (0x0000000085fe5df8) thrown at [./src/hotspot/share/classfile/systemDictionary.cpp, line 231]
Event: 14.478 Thread 0x000002d7858c1000 Exception <a 'java/lang/ClassNotFoundException'{0x0000000085e07768}: org/gradle/groovy/scripts/DefaultScriptCustomizer> (0x0000000085e07768) thrown at [./src/hotspot/share/classfile/systemDictionary.cpp, line 231]
Event: 14.481 Thread 0x000002d7858c1000 Exception <a 'java/lang/ClassNotFoundException'{0x0000000085e55e90}: org/gradle/plugin/use/internal/PluginsAwareScriptCustomizer> (0x0000000085e55e90) thrown at [./src/hotspot/share/classfile/systemDictionary.cpp, line 231]
Event: 14.482 Thread 0x000002d7858c1000 Exception <a 'java/lang/ClassNotFoundException'{0x0000000085e73620}: org/gradle/initialization/SettingsScriptCustomizer> (0x0000000085e73620) thrown at [./src/hotspot/share/classfile/systemDictionary.cpp, line 231]
Event: 14.483 Thread 0x000002d7858c1000 Exception <a 'java/lang/ClassNotFoundException'{0x0000000085e86700}: settings_28mgx5mapsuljewnvl8vo73uuCustomizer> (0x0000000085e86700) thrown at [./src/hotspot/share/classfile/systemDictionary.cpp, line 231]
Event: 14.600 Thread 0x000002d7858c1000 Exception <a 'java/lang/ClassNotFoundException'{0x0000000085db9600}: groovy/lang/Closure$1BeanInfo> (0x0000000085db9600) thrown at [./src/hotspot/share/classfile/systemDictionary.cpp, line 231]
Event: 14.601 Thread 0x000002d7858c1000 Exception <a 'java/lang/ClassNotFoundException'{0x0000000085debba8}: groovy/lang/ClosureBeanInfo> (0x0000000085debba8) thrown at [./src/hotspot/share/classfile/systemDictionary.cpp, line 231]
Event: 14.602 Thread 0x000002d7858c1000 Exception <a 'java/lang/ClassNotFoundException'{0x0000000085c1e6a0}: groovy/lang/ClosureCustomizer> (0x0000000085c1e6a0) thrown at [./src/hotspot/share/classfile/systemDictionary.cpp, line 231]
Event: 14.606 Thread 0x000002d7858c1000 Exception <a 'java/lang/ClassNotFoundException'{0x0000000085c73c10}: groovy/lang/Closure$1Customizer> (0x0000000085c73c10) thrown at [./src/hotspot/share/classfile/systemDictionary.cpp, line 231]

Events (20 events):
Event: 14.619 loading class org/codehaus/groovy/runtime/metaclass/ClosureMetaClass$MethodChooser
Event: 14.619 loading class org/codehaus/groovy/runtime/metaclass/ClosureMetaClass$MethodChooser done
Event: 14.622 loading class org/codehaus/groovy/runtime/metaclass/ClosureMetaClass$StandardClosureChooser
Event: 14.622 loading class org/codehaus/groovy/runtime/metaclass/ClosureMetaClass$StandardClosureChooser done
Event: 14.622 loading class org/codehaus/groovy/runtime/ArrayUtil
Event: 14.622 loading class org/codehaus/groovy/runtime/ArrayUtil done
Event: 14.664 loading class groovy/lang/GroovyInterceptable
Event: 14.664 loading class groovy/lang/GroovyInterceptable done
Event: 14.665 loading class groovy/lang/AdaptingMetaClass
Event: 14.665 loading class groovy/lang/AdaptingMetaClass done
Event: 14.665 loading class org/codehaus/groovy/runtime/wrappers/Wrapper
Event: 14.665 loading class org/codehaus/groovy/runtime/wrappers/Wrapper done
Event: 14.665 loading class org/codehaus/groovy/runtime/callsite/PogoMetaClassSite
Event: 14.665 loading class org/codehaus/groovy/runtime/callsite/PogoMetaClassSite done
Event: 14.665 loading class org/codehaus/groovy/runtime/callsite/MetaClassSite
Event: 14.665 loading class org/codehaus/groovy/runtime/callsite/MetaClassSite done
Event: 14.666 loading class org/gradle/internal/metaobject/DynamicInvokeResult
Event: 14.666 loading class org/gradle/internal/metaobject/DynamicInvokeResult done
Event: 14.667 loading class groovy/runtime/metaclass/org/gradle/initialization/DefaultSettings_DecoratedMetaClass
Event: 14.667 loading class groovy/runtime/metaclass/org/gradle/initialization/DefaultSettings_DecoratedMetaClass done


Dynamic libraries:
0x00007ff7ed0f0000 - 0x00007ff7ed0fa000 	C:\Program Files\Android\Android Studio\jre\bin\java.exe
0x00007ffd37c10000 - 0x00007ffd37e08000 	C:\Windows\SYSTEM32\ntdll.dll
0x00007ffd36a90000 - 0x00007ffd36b4f000 	C:\Windows\System32\KERNEL32.DLL
0x00007ffd35500000 - 0x00007ffd357d2000 	C:\Windows\System32\KERNELBASE.dll
0x00007ffd359f0000 - 0x00007ffd35af0000 	C:\Windows\System32\ucrtbase.dll
0x00007ffd2b1d0000 - 0x00007ffd2b1e7000 	C:\Program Files\Android\Android Studio\jre\bin\VCRUNTIME140.dll
0x00007ffd2b1b0000 - 0x00007ffd2b1c9000 	C:\Program Files\Android\Android Studio\jre\bin\jli.dll
0x00007ffd36020000 - 0x00007ffd361c1000 	C:\Windows\System32\USER32.dll
0x00007ffd358f0000 - 0x00007ffd35912000 	C:\Windows\System32\win32u.dll
0x00007ffd376c0000 - 0x00007ffd376eb000 	C:\Windows\System32\GDI32.dll
0x00007ffd2b2a0000 - 0x00007ffd2b53a000 	C:\Windows\WinSxS\amd64_microsoft.windows.common-controls_6595b64144ccf1df_6.0.19041.1110_none_60b5254171f9507e\COMCTL32.dll
0x00007ffd357e0000 - 0x00007ffd358ef000 	C:\Windows\System32\gdi32full.dll
0x00007ffd37390000 - 0x00007ffd3742e000 	C:\Windows\System32\msvcrt.dll
0x00007ffd35920000 - 0x00007ffd359bd000 	C:\Windows\System32\msvcp_win.dll
0x00007ffd37430000 - 0x00007ffd37460000 	C:\Windows\System32\IMM32.DLL
0x00007ffd34ee0000 - 0x00007ffd34fd7000 	C:\Windows\system32\guard64.dll
0x00007ffd369d0000 - 0x00007ffd36a7e000 	C:\Windows\System32\ADVAPI32.dll
0x00007ffd37220000 - 0x00007ffd372bc000 	C:\Windows\System32\sechost.dll
0x00007ffd36e60000 - 0x00007ffd36f84000 	C:\Windows\System32\RPCRT4.dll
0x00007ffd34ed0000 - 0x00007ffd34eda000 	C:\Windows\system32\version.dll
0x00007ffd37010000 - 0x00007ffd3713a000 	C:\Windows\System32\ole32.dll
0x00007ffd35cc0000 - 0x00007ffd36015000 	C:\Windows\System32\combase.dll
0x00007ffd34ec0000 - 0x00007ffd34ecb000 	C:\Windows\system32\fltlib.dll
0x00007ffd36280000 - 0x00007ffd369c5000 	C:\Windows\System32\shell32.dll
0x00007ffd18ea0000 - 0x00007ffd18f3d000 	C:\Program Files\Android\Android Studio\jre\bin\msvcp140.dll
0x00007ffd0c5a0000 - 0x00007ffd0d0a2000 	C:\Program Files\Android\Android Studio\jre\bin\server\jvm.dll
0x00007ffd36a80000 - 0x00007ffd36a88000 	C:\Windows\System32\PSAPI.DLL
0x00007ffd308a0000 - 0x00007ffd308a9000 	C:\Windows\SYSTEM32\WSOCK32.dll
0x00007ffd36f90000 - 0x00007ffd36ffb000 	C:\Windows\System32\WS2_32.dll
0x00007ffd2a6c0000 - 0x00007ffd2a6e7000 	C:\Windows\SYSTEM32\WINMM.dll
0x00007ffd33140000 - 0x00007ffd33152000 	C:\Windows\SYSTEM32\kernel.appcore.dll
0x00007ffd2d4a0000 - 0x00007ffd2d4b1000 	C:\Program Files\Android\Android Studio\jre\bin\verify.dll
0x00007ffd20620000 - 0x00007ffd20804000 	C:\Windows\SYSTEM32\DBGHELP.DLL
0x00007ffd205e0000 - 0x00007ffd20615000 	C:\Windows\SYSTEM32\dbgcore.DLL
0x00007ffd35310000 - 0x00007ffd35392000 	C:\Windows\System32\bcryptPrimitives.dll
0x00007ffd24fb0000 - 0x00007ffd24fd9000 	C:\Program Files\Android\Android Studio\jre\bin\java.dll
0x00007ffd306c0000 - 0x00007ffd306cb000 	C:\Program Files\Android\Android Studio\jre\bin\jimage.dll
0x00007ffd2c7d0000 - 0x00007ffd2c7e8000 	C:\Program Files\Android\Android Studio\jre\bin\zip.dll
0x00007ffd332b0000 - 0x00007ffd33a42000 	C:\Windows\SYSTEM32\windows.storage.dll
0x00007ffd34b70000 - 0x00007ffd34ba0000 	C:\Windows\SYSTEM32\Wldp.dll
0x00007ffd361d0000 - 0x00007ffd3627d000 	C:\Windows\System32\SHCORE.dll
0x00007ffd36d50000 - 0x00007ffd36da5000 	C:\Windows\System32\shlwapi.dll
0x00007ffd35250000 - 0x00007ffd3526f000 	C:\Windows\SYSTEM32\profapi.dll
0x00007ffd2aec0000 - 0x00007ffd2aeda000 	C:\Program Files\Android\Android Studio\jre\bin\net.dll
0x00007ffd29cb0000 - 0x00007ffd29dba000 	C:\Windows\SYSTEM32\WINHTTP.dll
0x00007ffd348d0000 - 0x00007ffd3493a000 	C:\Windows\system32\mswsock.dll
0x00007ffd27bf0000 - 0x00007ffd27c04000 	C:\Program Files\Android\Android Studio\jre\bin\nio.dll
0x00007ffd1b980000 - 0x00007ffd1b9a7000 	C:\Users\91989\.gradle\native\e1d6ef7f7dcc3fd88c89a11ec53ec762bb8ba0a96d01ffa2cd45eb1d1d8dd5c5\windows-amd64\native-platform.dll
0x00007ffd16490000 - 0x00007ffd165d4000 	C:\Users\91989\.gradle\native\5664cfc778a61ccfe75a443a1ab52a65af34e5dc3c78e0209fed803814484fcb\windows-amd64\native-platform-file-events.dll
0x00007ffd2f2f0000 - 0x00007ffd2f2fa000 	C:\Program Files\Android\Android Studio\jre\bin\management.dll
0x00007ffd2ce90000 - 0x00007ffd2ce9d000 	C:\Program Files\Android\Android Studio\jre\bin\management_ext.dll
0x00007ffd34ac0000 - 0x00007ffd34ad8000 	C:\Windows\SYSTEM32\CRYPTSP.dll
0x00007ffd341f0000 - 0x00007ffd34224000 	C:\Windows\system32\rsaenh.dll
0x00007ffd359c0000 - 0x00007ffd359e7000 	C:\Windows\System32\bcrypt.dll
0x00007ffd35210000 - 0x00007ffd3523e000 	C:\Windows\SYSTEM32\USERENV.dll
0x00007ffd34ae0000 - 0x00007ffd34aec000 	C:\Windows\SYSTEM32\CRYPTBASE.dll
0x00007ffd345c0000 - 0x00007ffd345fb000 	C:\Windows\SYSTEM32\IPHLPAPI.DLL
0x00007ffd37bc0000 - 0x00007ffd37bc8000 	C:\Windows\System32\NSI.dll
0x00007ffd2a000000 - 0x00007ffd2a017000 	C:\Windows\SYSTEM32\dhcpcsvc6.DLL
0x00007ffd2a1a0000 - 0x00007ffd2a1bd000 	C:\Windows\SYSTEM32\dhcpcsvc.DLL
0x00007ffd34610000 - 0x00007ffd346db000 	C:\Windows\SYSTEM32\DNSAPI.dll

dbghelp: loaded successfully - version: 4.0.5 - missing functions: none
symbol engine: initialized successfully - sym options: 0x614 - pdb path: .;C:\Program Files\Android\Android Studio\jre\bin;C:\Windows\SYSTEM32;C:\Windows\WinSxS\amd64_microsoft.windows.common-controls_6595b64144ccf1df_6.0.19041.1110_none_60b5254171f9507e;C:\Program Files\Android\Android Studio\jre\bin\server;C:\Users\91989\.gradle\native\e1d6ef7f7dcc3fd88c89a11ec53ec762bb8ba0a96d01ffa2cd45eb1d1d8dd5c5\windows-amd64;C:\Users\91989\.gradle\native\5664cfc778a61ccfe75a443a1ab52a65af34e5dc3c78e0209fed803814484fcb\windows-amd64

VM Arguments:
jvm_args: --add-opens=java.base/java.util=ALL-UNNAMED --add-opens=java.base/java.lang=ALL-UNNAMED --add-opens=java.base/java.lang.invoke=ALL-UNNAMED --add-opens=java.base/java.util=ALL-UNNAMED --add-opens=java.prefs/java.util.prefs=ALL-UNNAMED --add-opens=java.prefs/java.util.prefs=ALL-UNNAMED --add-opens=java.base/java.nio.charset=ALL-UNNAMED --add-opens=java.base/java.net=ALL-UNNAMED --add-opens=java.base/java.util.concurrent.atomic=ALL-UNNAMED -Xmx2048m -Dfile.encoding=UTF-8 -Duser.country=IN -Duser.language=en -Duser.variant 
java_command: org.gradle.launcher.daemon.bootstrap.GradleDaemon 7.2
java_class_path (initial): C:\Users\91989\.gradle\wrapper\dists\gradle-7.2-bin\2dnblmf4td7x66yl1d74lt32g\gradle-7.2\lib\gradle-launcher-7.2.jar
Launcher Type: SUN_STANDARD

[Global flags]
     intx CICompilerCount                          = 4                                         {product} {ergonomic}
     uint ConcGCThreads                            = 2                                         {product} {ergonomic}
     uint G1ConcRefinementThreads                  = 8                                         {product} {ergonomic}
   size_t G1HeapRegionSize                         = 1048576                                   {product} {ergonomic}
    uintx GCDrainStackTargetSize                   = 64                                        {product} {ergonomic}
   size_t InitialHeapSize                          = 134217728                                 {product} {ergonomic}
   size_t MarkStackSize                            = 4194304                                   {product} {ergonomic}
   size_t MaxHeapSize                              = 2147483648                                {product} {command line}
   size_t MaxNewSize                               = 1287651328                                {product} {ergonomic}
   size_t MinHeapDeltaBytes                        = 1048576                                   {product} {ergonomic}
    uintx NonNMethodCodeHeapSize                   = 5836300                                {pd product} {ergonomic}
    uintx NonProfiledCodeHeapSize                  = 122910970                              {pd product} {ergonomic}
    uintx ProfiledCodeHeapSize                     = 122910970                              {pd product} {ergonomic}
    uintx ReservedCodeCacheSize                    = 251658240                              {pd product} {ergonomic}
     bool SegmentedCodeCache                       = true                                      {product} {ergonomic}
     bool UseCompressedClassPointers               = true                                 {lp64_product} {ergonomic}
     bool UseCompressedOops                        = true                                 {lp64_product} {ergonomic}
     bool UseG1GC                                  = true                                      {product} {ergonomic}
     bool UseLargePagesIndividualAllocation        = false                                  {pd product} {ergonomic}

Logging:
Log output configuration:
 #0: stdout all=warning uptime,level,tags
 #1: stderr all=off uptime,level,tags

Environment Variables:
PATH=C:\Windows\system32;C:\Windows;C:\Windows\System32\Wbem;C:\Windows\System32\WindowsPowerShell\v1.0\;C:\Windows\System32\OpenSSH\;C:\Program Files\Git\cmd;C:\Program Files\dotnet\;C:\Users\91989\AppData\Local\Microsoft\WindowsApps;
USERNAME=91989
OS=Windows_NT
PROCESSOR_IDENTIFIER=Intel64 Family 6 Model 60 Stepping 3, GenuineIntel



---------------  S Y S T E M  ---------------

OS: Windows 10 , 64 bit Build 19041 (10.0.19041.2546)
OS uptime: 14 days 4:52 hours

CPU:total 8 (initial active 8) (4 cores per cpu, 2 threads per core) family 6 model 60 stepping 3 microcode 0x27, cmov, cx8, fxsr, mmx, sse, sse2, sse3, ssse3, sse4.1, sse4.2, popcnt, avx, avx2, aes, clmul, erms, lzcnt, ht, tsc, tscinvbit, bmi1, bmi2, fma

Memory: 4k page, system-wide physical 8124M (1103M free)
TotalPageFile size 10172M (AvailPageFile size 5M)
current process WorkingSet (physical memory assigned to process): 224M, peak: 224M
current process commit charge ("private bytes"): 303M, peak: 304M

vm_info: OpenJDK 64-Bit Server VM (11.0.13+0-b1751.21-8125866) for windows-amd64 JRE (11.0.13+0-b1751.21-8125866), built on Feb  2 2022 03:00:22 by "builder" with MS VC++ 14.0 (VS2015)

END.
