#
# There is insufficient memory for the Java Runtime Environment to continue.
# Native memory allocation (mmap) failed to map 56623104 bytes for Failed to commit area from 0x0000000090b00000 to 0x0000000094100000 of length 56623104.
# Possible reasons:
#   The system is out of physical RAM or swap space
#   The process is running with CompressedOops enabled, and the Java Heap may be blocking the growth of the native heap
# Possible solutions:
#   Reduce memory load on the system
#   Increase physical memory or swap space
#   Check if swap backing store is full
#   Decrease Java heap size (-Xmx/-Xms)
#   Decrease number of Java threads
#   Decrease Java thread stack sizes (-Xss)
#   Set larger code cache with -XX:ReservedCodeCacheSize=
#   JVM is running with Unscaled Compressed Oops mode in which the Java heap is
#     placed in the first 4GB address space. The Java Heap base address is the
#     maximum limit for the native heap growth. Please use -XX:HeapBaseMinAddress
#     to set the Java Heap base and to place the Java Heap above 4GB virtual address.
# This output file may be truncated or incomplete.
#
#  Out of Memory Error (./src/hotspot/os/windows/os_windows.cpp:3619), pid=67884, tid=64100
#
# JRE version: OpenJDK Runtime Environment (11.0.13) (build 11.0.13+0-b1751.21-8125866)
# Java VM: OpenJDK 64-Bit Server VM (11.0.13+0-b1751.21-8125866, mixed mode, tiered, compressed oops, g1 gc, windows-amd64)
# No core dump will be written. Minidumps are not enabled by default on client versions of Windows
#

---------------  S U M M A R Y ------------

Command Line: --add-opens=java.base/java.util=ALL-UNNAMED --add-opens=java.base/java.lang=ALL-UNNAMED --add-opens=java.base/java.lang.invoke=ALL-UNNAMED --add-opens=java.base/java.util=ALL-UNNAMED --add-opens=java.prefs/java.util.prefs=ALL-UNNAMED --add-opens=java.prefs/java.util.prefs=ALL-UNNAMED --add-opens=java.base/java.nio.charset=ALL-UNNAMED --add-opens=java.base/java.net=ALL-UNNAMED --add-opens=java.base/java.util.concurrent.atomic=ALL-UNNAMED -Xmx2048m -Dfile.encoding=UTF-8 -Duser.country=IN -Duser.language=en -Duser.variant org.gradle.launcher.daemon.bootstrap.GradleDaemon 7.2

Host: Intel(R) Core(TM) i7-4700MQ CPU @ 2.40GHz, 8 cores, 7G,  Windows 10 , 64 bit Build 19041 (10.0.19041.2364)
Time: Fri Jan  6 15:18:43 2023 India Standard Time elapsed time: 29.181432 seconds (0d 0h 0m 29s)

---------------  T H R E A D  ---------------

Current thread (0x0000027eab17d000):  VMThread "VM Thread" [stack: 0x000000dd8f600000,0x000000dd8f700000] [id=64100]

Stack: [0x000000dd8f600000,0x000000dd8f700000]
[error occurred during error reporting (printing stack bounds), id 0xc0000005, EXCEPTION_ACCESS_VIOLATION (0xc0000005) at pc=0x0000027e937c112d]

Native frames: (J=compiled Java code, j=interpreted, Vv=VM code, C=native code)
V  [jvm.dll+0x6100fa]
V  [jvm.dll+0x747090]
V  [jvm.dll+0x7486ad]
V  [jvm.dll+0x748ce5]
V  [jvm.dll+0x748c9b]
V  [jvm.dll+0x60f224]
V  [jvm.dll+0x60f9b8]
C  [ntdll.dll+0xa241f]
C  [ntdll.dll+0x514a4]
C  [ntdll.dll+0xa0f4e]
C  0x0000027e937c112d

VM_Operation (0x000000dd998fe4d0): G1CollectForAllocation, mode: safepoint, requested by thread 0x0000027eaddb8800


---------------  P R O C E S S  ---------------

Threads class SMR info:
_java_thread_list=0x0000027eb1de9d90, length=158, elements={
0x0000027e8fcd7000, 0x0000027eab183000, 0x0000027eab18c000, 0x0000027eab1db800,
0x0000027eab1dd000, 0x0000027eab1de000, 0x0000027eab1e6000, 0x0000027eab1f8800,
0x0000027eab1fe000, 0x0000027eab37e000, 0x0000027eac7e5800, 0x0000027eadd72800,
0x0000027eab455800, 0x0000027eab6c1000, 0x0000027eae2ff000, 0x0000027eacccd000,
0x0000027ead242800, 0x0000027eadb1f800, 0x0000027ead687000, 0x0000027eacc72800,
0x0000027eada17000, 0x0000027eada19800, 0x0000027eada1a000, 0x0000027eada17800,
0x0000027eada18800, 0x0000027eada1b000, 0x0000027eada15800, 0x0000027eada1c000,
0x0000027eada16000, 0x0000027eb11c7000, 0x0000027eb11c8000, 0x0000027eb11c6800,
0x0000027eb11ca800, 0x0000027eb11c5800, 0x0000027eb11c4800, 0x0000027eb11ce800,
0x0000027eb11cb000, 0x0000027eb11cc000, 0x0000027eb11d0000, 0x0000027eb11cd000,
0x0000027eb11cf800, 0x0000027eb11d1000, 0x0000027eb11d2800, 0x0000027eb11d1800,
0x0000027eb11cd800, 0x0000027eb11d3800, 0x0000027eae4e6000, 0x0000027eae4e7000,
0x0000027eae4e3000, 0x0000027eae4e1000, 0x0000027eae4e2000, 0x0000027eae4e3800,
0x0000027eae4e4800, 0x0000027eae4ea000, 0x0000027eae4e7800, 0x0000027eae4e8800,
0x0000027eae4eb000, 0x0000027eae4e9800, 0x0000027eae4e5800, 0x0000027eae4ec000,
0x0000027eae4ec800, 0x0000027eae4ed800, 0x0000027eae4ee800, 0x0000027eae4ef000,
0x0000027eae4f0000, 0x0000027ead8d4000, 0x0000027ead8d7800, 0x0000027ead8d3000,
0x0000027ead8d5000, 0x0000027ead8d8000, 0x0000027ead8d5800, 0x0000027ead8d2800,
0x0000027ead8da800, 0x0000027ead8d6800, 0x0000027ead8d9000, 0x0000027ead8db800,
0x0000027ead8dc000, 0x0000027ead8dd000, 0x0000027ead8df800, 0x0000027ead8de800,
0x0000027ead8de000, 0x0000027ead8d9800, 0x0000027ead8e0800, 0x0000027ead8e1000,
0x0000027eaf124800, 0x0000027eaf128000, 0x0000027eaf127000, 0x0000027eaf126000,
0x0000027eaf125800, 0x0000027eaf128800, 0x0000027eaf12a800, 0x0000027eaf12b000,
0x0000027eaf12d000, 0x0000027eaf129800, 0x0000027eaf12e800, 0x0000027eaf131800,
0x0000027eaf12c000, 0x0000027eaf12d800, 0x0000027eaf132800, 0x0000027eaf130000,
0x0000027eaf12f000, 0x0000027eaf133800, 0x0000027eaf131000, 0x0000027eadf89000,
0x0000027eadf84800, 0x0000027eadf85800, 0x0000027eadf88000, 0x0000027eadf83000,
0x0000027eadf89800, 0x0000027eadf86800, 0x0000027eadf84000, 0x0000027eadf8a800,
0x0000027eadf8b000, 0x0000027eadf8c000, 0x0000027eadf8d000, 0x0000027eadf87000,
0x0000027eadf8f800, 0x0000027eadf91000, 0x0000027eadf8d800, 0x0000027eadf8e800,
0x0000027eadf90000, 0x0000027eadf91800, 0x0000027eb21fe000, 0x0000027eb21ff000,
0x0000027eb21ff800, 0x0000027eb2201800, 0x0000027eb21fd800, 0x0000027eb2203000,
0x0000027eb2208000, 0x0000027eb2204000, 0x0000027eb2204800, 0x0000027eb2205800,
0x0000027eb2206800, 0x0000027eb2202000, 0x0000027eb2207000, 0x0000027eb220c000,
0x0000027eb2208800, 0x0000027eb2209800, 0x0000027eb220a800, 0x0000027eb220b000,
0x0000027eb3231800, 0x0000027eb2e18000, 0x0000027eaddb3800, 0x0000027eaddb0800,
0x0000027eaddb4800, 0x0000027eaddb5000, 0x0000027eaddb2000, 0x0000027eaddb7000,
0x0000027eaddb1000, 0x0000027eaddba000, 0x0000027eaddbb800, 0x0000027eaddb8800,
0x0000027eaddbd800, 0x0000027eaddbc800, 0x0000027eaddb7800, 0x0000027eaddbf000,
0x0000027eaddbe000, 0x0000027eaddb9800
}

Java Threads: ( => current thread )
  0x0000027e8fcd7000 JavaThread "main" [_thread_blocked, id=62480, stack(0x000000dd8f000000,0x000000dd8f100000)]
  0x0000027eab183000 JavaThread "Reference Handler" daemon [_thread_blocked, id=54376, stack(0x000000dd8f700000,0x000000dd8f800000)]
  0x0000027eab18c000 JavaThread "Finalizer" daemon [_thread_blocked, id=68484, stack(0x000000dd8f800000,0x000000dd8f900000)]
  0x0000027eab1db800 JavaThread "Signal Dispatcher" daemon [_thread_blocked, id=47212, stack(0x000000dd8f900000,0x000000dd8fa00000)]
  0x0000027eab1dd000 JavaThread "Attach Listener" daemon [_thread_blocked, id=68440, stack(0x000000dd8fa00000,0x000000dd8fb00000)]
  0x0000027eab1de000 JavaThread "Service Thread" daemon [_thread_blocked, id=10204, stack(0x000000dd8fb00000,0x000000dd8fc00000)]
  0x0000027eab1e6000 JavaThread "C2 CompilerThread0" daemon [_thread_in_native, id=61092, stack(0x000000dd8fc00000,0x000000dd8fd00000)]
  0x0000027eab1f8800 JavaThread "C1 CompilerThread0" daemon [_thread_blocked, id=66860, stack(0x000000dd8fd00000,0x000000dd8fe00000)]
  0x0000027eab1fe000 JavaThread "Sweeper thread" daemon [_thread_blocked, id=67900, stack(0x000000dd8fe00000,0x000000dd8ff00000)]
  0x0000027eab37e000 JavaThread "Common-Cleaner" daemon [_thread_blocked, id=64496, stack(0x000000dd8ff00000,0x000000dd90000000)]
  0x0000027eac7e5800 JavaThread "Daemon health stats" [_thread_blocked, id=65028, stack(0x000000dd90500000,0x000000dd90600000)]
  0x0000027eadd72800 JavaThread "Incoming local TCP Connector on port 63310" [_thread_in_native, id=65792, stack(0x000000dd90100000,0x000000dd90200000)]
  0x0000027eab455800 JavaThread "Daemon periodic checks" [_thread_blocked, id=65692, stack(0x000000dd90200000,0x000000dd90300000)]
  0x0000027eab6c1000 JavaThread "Daemon" [_thread_blocked, id=41348, stack(0x000000dd90600000,0x000000dd90700000)]
  0x0000027eae2ff000 JavaThread "Handler for socket connection from /127.0.0.1:63310 to /127.0.0.1:63311" [_thread_in_native, id=57032, stack(0x000000dd90700000,0x000000dd90800000)]
  0x0000027eacccd000 JavaThread "Cancel handler" [_thread_blocked, id=67380, stack(0x000000dd90800000,0x000000dd90900000)]
  0x0000027ead242800 JavaThread "Daemon worker" [_thread_blocked, id=68500, stack(0x000000dd90900000,0x000000dd90a00000)]
  0x0000027eadb1f800 JavaThread "Asynchronous log dispatcher for DefaultDaemonConnection: socket connection from /127.0.0.1:63310 to /127.0.0.1:63311" [_thread_blocked, id=63576, stack(0x000000dd90a00000,0x000000dd90b00000)]
  0x0000027ead687000 JavaThread "Stdin handler" [_thread_blocked, id=67368, stack(0x000000dd90b00000,0x000000dd90c00000)]
  0x0000027eacc72800 JavaThread "Daemon client event forwarder" [_thread_blocked, id=56896, stack(0x000000dd90c00000,0x000000dd90d00000)]
  0x0000027eada17000 JavaThread "Cache worker for journal cache (C:\Users\91989\.gradle\caches\journal-1)" [_thread_blocked, id=67916, stack(0x000000dd91200000,0x000000dd91300000)]
  0x0000027eada19800 JavaThread "File lock request listener" [_thread_in_native, id=61756, stack(0x000000dd91300000,0x000000dd91400000)]
  0x0000027eada1a000 JavaThread "Cache worker for file hash cache (C:\Users\91989\.gradle\caches\7.2\fileHashes)" [_thread_blocked, id=65384, stack(0x000000dd91400000,0x000000dd91500000)]
  0x0000027eada17800 JavaThread "Cache worker for file hash cache (F:\clicknow\.gradle\7.2\fileHashes)" [_thread_blocked, id=62944, stack(0x000000dd91700000,0x000000dd91800000)]
  0x0000027eada18800 JavaThread "File watcher server" daemon [_thread_blocked, id=65880, stack(0x000000dd91800000,0x000000dd91900000)]
  0x0000027eada1b000 JavaThread "File watcher consumer" daemon [_thread_blocked, id=63276, stack(0x000000dd91900000,0x000000dd91a00000)]
  0x0000027eada15800 JavaThread "Cache worker for checksums cache (F:\clicknow\.gradle\checksums)" [_thread_blocked, id=63076, stack(0x000000dd91a00000,0x000000dd91b00000)]
  0x0000027eada1c000 JavaThread "Cache worker for cache directory md-supplier (C:\Users\91989\.gradle\caches\7.2\md-supplier)" [_thread_blocked, id=64084, stack(0x000000dd91b00000,0x000000dd91c00000)]
  0x0000027eada16000 JavaThread "Cache worker for cache directory md-rule (C:\Users\91989\.gradle\caches\7.2\md-rule)" [_thread_blocked, id=63172, stack(0x000000dd91d00000,0x000000dd91e00000)]
  0x0000027eb11c7000 JavaThread "Cache worker for execution history cache (C:\Users\91989\.gradle\caches\7.2\executionHistory)" [_thread_blocked, id=68448, stack(0x000000dd91e00000,0x000000dd91f00000)]
  0x0000027eb11c8000 JavaThread "jar transforms" [_thread_blocked, id=61388, stack(0x000000dd91f00000,0x000000dd92000000)]
  0x0000027eb11c6800 JavaThread "Cache worker for file content cache (C:\Users\91989\.gradle\caches\7.2\fileContent)" [_thread_blocked, id=68288, stack(0x000000dd92000000,0x000000dd92100000)]
  0x0000027eb11ca800 JavaThread "jar transforms Thread 2" [_thread_blocked, id=64480, stack(0x000000dd92100000,0x000000dd92200000)]
  0x0000027eb11c5800 JavaThread "Cache worker for dependencies-accessors (F:\clicknow\.gradle\7.2\dependencies-accessors)" [_thread_blocked, id=41524, stack(0x000000dd92200000,0x000000dd92300000)]
  0x0000027eb11c4800 JavaThread "jar transforms Thread 3" [_thread_blocked, id=64548, stack(0x000000dd92300000,0x000000dd92400000)]
  0x0000027eb11ce800 JavaThread "Cache worker for Build Output Cleanup Cache (F:\clicknow\.gradle\buildOutputCleanup)" [_thread_blocked, id=68252, stack(0x000000dd92400000,0x000000dd92500000)]
  0x0000027eb11cb000 JavaThread "Unconstrained build operations" [_thread_blocked, id=57244, stack(0x000000dd92500000,0x000000dd92600000)]
  0x0000027eb11cc000 JavaThread "Unconstrained build operations Thread 2" [_thread_blocked, id=68456, stack(0x000000dd92600000,0x000000dd92700000)]
  0x0000027eb11d0000 JavaThread "Unconstrained build operations Thread 3" [_thread_blocked, id=68596, stack(0x000000dd92700000,0x000000dd92800000)]
  0x0000027eb11cd000 JavaThread "Unconstrained build operations Thread 4" [_thread_blocked, id=61584, stack(0x000000dd92800000,0x000000dd92900000)]
  0x0000027eb11cf800 JavaThread "Unconstrained build operations Thread 5" [_thread_blocked, id=64376, stack(0x000000dd92900000,0x000000dd92a00000)]
  0x0000027eb11d1000 JavaThread "Unconstrained build operations Thread 6" [_thread_blocked, id=6120, stack(0x000000dd92a00000,0x000000dd92b00000)]
  0x0000027eb11d2800 JavaThread "Unconstrained build operations Thread 7" [_thread_blocked, id=7060, stack(0x000000dd92b00000,0x000000dd92c00000)]
  0x0000027eb11d1800 JavaThread "Unconstrained build operations Thread 8" [_thread_blocked, id=66996, stack(0x000000dd92c00000,0x000000dd92d00000)]
  0x0000027eb11cd800 JavaThread "Unconstrained build operations Thread 9" [_thread_blocked, id=63784, stack(0x000000dd92d00000,0x000000dd92e00000)]
  0x0000027eb11d3800 JavaThread "Unconstrained build operations Thread 10" [_thread_blocked, id=36344, stack(0x000000dd92e00000,0x000000dd92f00000)]
  0x0000027eae4e6000 JavaThread "Unconstrained build operations Thread 11" [_thread_blocked, id=60440, stack(0x000000dd92f00000,0x000000dd93000000)]
  0x0000027eae4e7000 JavaThread "Unconstrained build operations Thread 12" [_thread_blocked, id=63980, stack(0x000000dd93000000,0x000000dd93100000)]
  0x0000027eae4e3000 JavaThread "Unconstrained build operations Thread 13" [_thread_blocked, id=68300, stack(0x000000dd93100000,0x000000dd93200000)]
  0x0000027eae4e1000 JavaThread "Unconstrained build operations Thread 14" [_thread_blocked, id=51620, stack(0x000000dd93200000,0x000000dd93300000)]
  0x0000027eae4e2000 JavaThread "Unconstrained build operations Thread 15" [_thread_blocked, id=67608, stack(0x000000dd93300000,0x000000dd93400000)]
  0x0000027eae4e3800 JavaThread "Unconstrained build operations Thread 16" [_thread_blocked, id=6136, stack(0x000000dd93400000,0x000000dd93500000)]
  0x0000027eae4e4800 JavaThread "Unconstrained build operations Thread 17" [_thread_blocked, id=58184, stack(0x000000dd93500000,0x000000dd93600000)]
  0x0000027eae4ea000 JavaThread "Unconstrained build operations Thread 18" [_thread_blocked, id=8172, stack(0x000000dd93600000,0x000000dd93700000)]
  0x0000027eae4e7800 JavaThread "Unconstrained build operations Thread 19" [_thread_blocked, id=68568, stack(0x000000dd93700000,0x000000dd93800000)]
  0x0000027eae4e8800 JavaThread "Unconstrained build operations Thread 20" [_thread_blocked, id=68536, stack(0x000000dd93800000,0x000000dd93900000)]
  0x0000027eae4eb000 JavaThread "Unconstrained build operations Thread 21" [_thread_blocked, id=68088, stack(0x000000dd93900000,0x000000dd93a00000)]
  0x0000027eae4e9800 JavaThread "Unconstrained build operations Thread 22" [_thread_blocked, id=8728, stack(0x000000dd93a00000,0x000000dd93b00000)]
  0x0000027eae4e5800 JavaThread "Unconstrained build operations Thread 23" [_thread_blocked, id=67572, stack(0x000000dd93b00000,0x000000dd93c00000)]
  0x0000027eae4ec000 JavaThread "Unconstrained build operations Thread 24" [_thread_blocked, id=53316, stack(0x000000dd93c00000,0x000000dd93d00000)]
  0x0000027eae4ec800 JavaThread "Unconstrained build operations Thread 25" [_thread_blocked, id=60096, stack(0x000000dd93d00000,0x000000dd93e00000)]
  0x0000027eae4ed800 JavaThread "Unconstrained build operations Thread 26" [_thread_blocked, id=57752, stack(0x000000dd93e00000,0x000000dd93f00000)]
  0x0000027eae4ee800 JavaThread "Unconstrained build operations Thread 27" [_thread_blocked, id=67852, stack(0x000000dd93f00000,0x000000dd94000000)]
  0x0000027eae4ef000 JavaThread "Unconstrained build operations Thread 28" [_thread_blocked, id=64288, stack(0x000000dd94000000,0x000000dd94100000)]
  0x0000027eae4f0000 JavaThread "Unconstrained build operations Thread 29" [_thread_blocked, id=57152, stack(0x000000dd94100000,0x000000dd94200000)]
  0x0000027ead8d4000 JavaThread "Unconstrained build operations Thread 30" [_thread_blocked, id=64156, stack(0x000000dd94200000,0x000000dd94300000)]
  0x0000027ead8d7800 JavaThread "Unconstrained build operations Thread 31" [_thread_blocked, id=67956, stack(0x000000dd94300000,0x000000dd94400000)]
  0x0000027ead8d3000 JavaThread "Unconstrained build operations Thread 32" [_thread_blocked, id=68164, stack(0x000000dd94400000,0x000000dd94500000)]
  0x0000027ead8d5000 JavaThread "Unconstrained build operations Thread 33" [_thread_blocked, id=67496, stack(0x000000dd94500000,0x000000dd94600000)]
  0x0000027ead8d8000 JavaThread "Unconstrained build operations Thread 34" [_thread_blocked, id=56760, stack(0x000000dd94600000,0x000000dd94700000)]
  0x0000027ead8d5800 JavaThread "Unconstrained build operations Thread 35" [_thread_blocked, id=62616, stack(0x000000dd94700000,0x000000dd94800000)]
  0x0000027ead8d2800 JavaThread "Unconstrained build operations Thread 36" [_thread_blocked, id=43692, stack(0x000000dd94800000,0x000000dd94900000)]
  0x0000027ead8da800 JavaThread "Unconstrained build operations Thread 37" [_thread_blocked, id=8296, stack(0x000000dd94900000,0x000000dd94a00000)]
  0x0000027ead8d6800 JavaThread "Unconstrained build operations Thread 38" [_thread_blocked, id=61808, stack(0x000000dd94a00000,0x000000dd94b00000)]
  0x0000027ead8d9000 JavaThread "Unconstrained build operations Thread 39" [_thread_blocked, id=61140, stack(0x000000dd94b00000,0x000000dd94c00000)]
  0x0000027ead8db800 JavaThread "Unconstrained build operations Thread 40" [_thread_blocked, id=57148, stack(0x000000dd94c00000,0x000000dd94d00000)]
  0x0000027ead8dc000 JavaThread "Unconstrained build operations Thread 41" [_thread_blocked, id=67660, stack(0x000000dd94d00000,0x000000dd94e00000)]
  0x0000027ead8dd000 JavaThread "Unconstrained build operations Thread 42" [_thread_blocked, id=66092, stack(0x000000dd94e00000,0x000000dd94f00000)]
  0x0000027ead8df800 JavaThread "Unconstrained build operations Thread 43" [_thread_blocked, id=41292, stack(0x000000dd94f00000,0x000000dd95000000)]
  0x0000027ead8de800 JavaThread "Unconstrained build operations Thread 44" [_thread_blocked, id=68072, stack(0x000000dd95000000,0x000000dd95100000)]
  0x0000027ead8de000 JavaThread "Unconstrained build operations Thread 45" [_thread_blocked, id=59244, stack(0x000000dd95100000,0x000000dd95200000)]
  0x0000027ead8d9800 JavaThread "Unconstrained build operations Thread 46" [_thread_blocked, id=48832, stack(0x000000dd95200000,0x000000dd95300000)]
  0x0000027ead8e0800 JavaThread "Unconstrained build operations Thread 47" [_thread_blocked, id=46664, stack(0x000000dd95300000,0x000000dd95400000)]
  0x0000027ead8e1000 JavaThread "Unconstrained build operations Thread 48" [_thread_blocked, id=67336, stack(0x000000dd95400000,0x000000dd95500000)]
  0x0000027eaf124800 JavaThread "Unconstrained build operations Thread 49" [_thread_blocked, id=67876, stack(0x000000dd95500000,0x000000dd95600000)]
  0x0000027eaf128000 JavaThread "Unconstrained build operations Thread 50" [_thread_blocked, id=57440, stack(0x000000dd95600000,0x000000dd95700000)]
  0x0000027eaf127000 JavaThread "Unconstrained build operations Thread 51" [_thread_blocked, id=67756, stack(0x000000dd95700000,0x000000dd95800000)]
  0x0000027eaf126000 JavaThread "Unconstrained build operations Thread 52" [_thread_blocked, id=65580, stack(0x000000dd95800000,0x000000dd95900000)]
  0x0000027eaf125800 JavaThread "Unconstrained build operations Thread 53" [_thread_blocked, id=64424, stack(0x000000dd95900000,0x000000dd95a00000)]
  0x0000027eaf128800 JavaThread "Unconstrained build operations Thread 54" [_thread_blocked, id=66584, stack(0x000000dd95a00000,0x000000dd95b00000)]
  0x0000027eaf12a800 JavaThread "Unconstrained build operations Thread 55" [_thread_blocked, id=68200, stack(0x000000dd95b00000,0x000000dd95c00000)]
  0x0000027eaf12b000 JavaThread "Unconstrained build operations Thread 56" [_thread_blocked, id=62940, stack(0x000000dd95c00000,0x000000dd95d00000)]
  0x0000027eaf12d000 JavaThread "Unconstrained build operations Thread 57" [_thread_blocked, id=51392, stack(0x000000dd95d00000,0x000000dd95e00000)]
  0x0000027eaf129800 JavaThread "Unconstrained build operations Thread 58" [_thread_blocked, id=63312, stack(0x000000dd95e00000,0x000000dd95f00000)]
  0x0000027eaf12e800 JavaThread "Unconstrained build operations Thread 59" [_thread_blocked, id=59920, stack(0x000000dd95f00000,0x000000dd96000000)]
  0x0000027eaf131800 JavaThread "Unconstrained build operations Thread 60" [_thread_blocked, id=66388, stack(0x000000dd96000000,0x000000dd96100000)]
  0x0000027eaf12c000 JavaThread "Unconstrained build operations Thread 61" [_thread_blocked, id=52216, stack(0x000000dd96100000,0x000000dd96200000)]
  0x0000027eaf12d800 JavaThread "Unconstrained build operations Thread 62" [_thread_blocked, id=63564, stack(0x000000dd96200000,0x000000dd96300000)]
  0x0000027eaf132800 JavaThread "Unconstrained build operations Thread 63" [_thread_blocked, id=66580, stack(0x000000dd96300000,0x000000dd96400000)]
  0x0000027eaf130000 JavaThread "Unconstrained build operations Thread 64" [_thread_blocked, id=65204, stack(0x000000dd96400000,0x000000dd96500000)]
  0x0000027eaf12f000 JavaThread "Unconstrained build operations Thread 65" [_thread_blocked, id=48212, stack(0x000000dd96500000,0x000000dd96600000)]
  0x0000027eaf133800 JavaThread "Unconstrained build operations Thread 66" [_thread_blocked, id=62976, stack(0x000000dd96600000,0x000000dd96700000)]
  0x0000027eaf131000 JavaThread "Unconstrained build operations Thread 67" [_thread_blocked, id=67676, stack(0x000000dd96700000,0x000000dd96800000)]
  0x0000027eadf89000 JavaThread "Unconstrained build operations Thread 68" [_thread_blocked, id=67440, stack(0x000000dd96800000,0x000000dd96900000)]
  0x0000027eadf84800 JavaThread "Unconstrained build operations Thread 69" [_thread_blocked, id=49864, stack(0x000000dd96900000,0x000000dd96a00000)]
  0x0000027eadf85800 JavaThread "Unconstrained build operations Thread 70" [_thread_blocked, id=41252, stack(0x000000dd96a00000,0x000000dd96b00000)]
  0x0000027eadf88000 JavaThread "Unconstrained build operations Thread 71" [_thread_blocked, id=68488, stack(0x000000dd96b00000,0x000000dd96c00000)]
  0x0000027eadf83000 JavaThread "Unconstrained build operations Thread 72" [_thread_blocked, id=54168, stack(0x000000dd96c00000,0x000000dd96d00000)]
  0x0000027eadf89800 JavaThread "Unconstrained build operations Thread 73" [_thread_blocked, id=62564, stack(0x000000dd96d00000,0x000000dd96e00000)]
  0x0000027eadf86800 JavaThread "Unconstrained build operations Thread 74" [_thread_blocked, id=41220, stack(0x000000dd96e00000,0x000000dd96f00000)]
  0x0000027eadf84000 JavaThread "Unconstrained build operations Thread 75" [_thread_blocked, id=67052, stack(0x000000dd96f00000,0x000000dd97000000)]
  0x0000027eadf8a800 JavaThread "Unconstrained build operations Thread 76" [_thread_blocked, id=62520, stack(0x000000dd97000000,0x000000dd97100000)]
  0x0000027eadf8b000 JavaThread "Unconstrained build operations Thread 77" [_thread_blocked, id=58376, stack(0x000000dd97100000,0x000000dd97200000)]
  0x0000027eadf8c000 JavaThread "Unconstrained build operations Thread 78" [_thread_blocked, id=62228, stack(0x000000dd97200000,0x000000dd97300000)]
  0x0000027eadf8d000 JavaThread "Unconstrained build operations Thread 79" [_thread_blocked, id=65660, stack(0x000000dd97300000,0x000000dd97400000)]
  0x0000027eadf87000 JavaThread "Unconstrained build operations Thread 80" [_thread_blocked, id=53432, stack(0x000000dd97400000,0x000000dd97500000)]
  0x0000027eadf8f800 JavaThread "jar transforms Thread 4" [_thread_blocked, id=66432, stack(0x000000dd97500000,0x000000dd97600000)]
  0x0000027eadf91000 JavaThread "jar transforms Thread 5" [_thread_blocked, id=64452, stack(0x000000dd97600000,0x000000dd97700000)]
  0x0000027eadf8d800 JavaThread "jar transforms Thread 6" [_thread_blocked, id=59332, stack(0x000000dd97700000,0x000000dd97800000)]
  0x0000027eadf8e800 JavaThread "jar transforms Thread 7" [_thread_blocked, id=66712, stack(0x000000dd97800000,0x000000dd97900000)]
  0x0000027eadf90000 JavaThread "jar transforms Thread 8" [_thread_blocked, id=68260, stack(0x000000dd97900000,0x000000dd97a00000)]
  0x0000027eadf91800 JavaThread "Memory manager" [_thread_blocked, id=68588, stack(0x000000dd97a00000,0x000000dd97b00000)]
  0x0000027eb21fe000 JavaThread "build event listener" [_thread_blocked, id=62684, stack(0x000000dd97b00000,0x000000dd97c00000)]
  0x0000027eb21ff000 JavaThread "Execution worker for ':'" [_thread_blocked, id=66628, stack(0x000000dd97c00000,0x000000dd97d00000)]
  0x0000027eb21ff800 JavaThread "Execution worker for ':' Thread 2" [_thread_blocked, id=52800, stack(0x000000dd97d00000,0x000000dd97e00000)]
  0x0000027eb2201800 JavaThread "Execution worker for ':' Thread 3" [_thread_blocked, id=11040, stack(0x000000dd97e00000,0x000000dd97f00000)]
  0x0000027eb21fd800 JavaThread "Execution worker for ':' Thread 4" [_thread_blocked, id=65840, stack(0x000000dd97f00000,0x000000dd98000000)]
  0x0000027eb2203000 JavaThread "Execution worker for ':' Thread 5" [_thread_blocked, id=60720, stack(0x000000dd98000000,0x000000dd98100000)]
  0x0000027eb2208000 JavaThread "Execution worker for ':' Thread 6" [_thread_blocked, id=3628, stack(0x000000dd98100000,0x000000dd98200000)]
  0x0000027eb2204000 JavaThread "Execution worker for ':' Thread 7" [_thread_blocked, id=67616, stack(0x000000dd98200000,0x000000dd98300000)]
  0x0000027eb2204800 JavaThread "Cache worker for execution history cache (F:\clicknow\.gradle\7.2\executionHistory)" [_thread_blocked, id=64476, stack(0x000000dd98300000,0x000000dd98400000)]
  0x0000027eb2205800 JavaThread "Cache worker for Java compile cache (C:\Users\91989\.gradle\caches\7.2\javaCompile)" [_thread_blocked, id=2412, stack(0x000000dd98400000,0x000000dd98500000)]
  0x0000027eb2206800 JavaThread "Build operations" [_thread_blocked, id=68212, stack(0x000000dd98500000,0x000000dd98600000)]
  0x0000027eb2202000 JavaThread "Build operations Thread 2" [_thread_blocked, id=68600, stack(0x000000dd98600000,0x000000dd98700000)]
  0x0000027eb2207000 JavaThread "Build operations Thread 3" [_thread_blocked, id=64344, stack(0x000000dd98700000,0x000000dd98800000)]
  0x0000027eb220c000 JavaThread "Build operations Thread 4" [_thread_blocked, id=65760, stack(0x000000dd98800000,0x000000dd98900000)]
  0x0000027eb2208800 JavaThread "Build operations Thread 5" [_thread_blocked, id=66740, stack(0x000000dd98900000,0x000000dd98a00000)]
  0x0000027eb2209800 JavaThread "Build operations Thread 6" [_thread_blocked, id=62752, stack(0x000000dd98a00000,0x000000dd98b00000)]
  0x0000027eb220a800 JavaThread "Build operations Thread 7" [_thread_blocked, id=63708, stack(0x000000dd98b00000,0x000000dd98c00000)]
  0x0000027eb220b000 JavaThread "Build operations Thread 8" [_thread_blocked, id=59224, stack(0x000000dd98c00000,0x000000dd98d00000)]
  0x0000027eb3231800 JavaThread "C2 CompilerThread1" daemon [_thread_blocked, id=52744, stack(0x000000dd91600000,0x000000dd91700000)]
  0x0000027eb2e18000 JavaThread "C2 CompilerThread2" daemon [_thread_blocked, id=57652, stack(0x000000dd91c00000,0x000000dd91d00000)]
  0x0000027eaddb3800 JavaThread "WorkerExecutor Queue" [_thread_blocked, id=67172, stack(0x000000dd98d00000,0x000000dd98e00000)]
  0x0000027eaddb0800 JavaThread "WorkerExecutor Queue Thread 2" [_thread_blocked, id=64676, stack(0x000000dd98e00000,0x000000dd98f00000)]
  0x0000027eaddb4800 JavaThread "WorkerExecutor Queue Thread 3" [_thread_blocked, id=58616, stack(0x000000dd98f00000,0x000000dd99000000)]
  0x0000027eaddb5000 JavaThread "WorkerExecutor Queue Thread 4" [_thread_blocked, id=67472, stack(0x000000dd99000000,0x000000dd99100000)]
  0x0000027eaddb2000 JavaThread "WorkerExecutor Queue Thread 5" [_thread_blocked, id=49176, stack(0x000000dd99100000,0x000000dd99200000)]
  0x0000027eaddb7000 JavaThread "WorkerExecutor Queue Thread 6" [_thread_blocked, id=64432, stack(0x000000dd99200000,0x000000dd99300000)]
  0x0000027eaddb1000 JavaThread "WorkerExecutor Queue Thread 7" [_thread_blocked, id=65816, stack(0x000000dd99300000,0x000000dd99400000)]
  0x0000027eaddba000 JavaThread "WorkerExecutor Queue Thread 9" [_thread_blocked, id=48808, stack(0x000000dd99500000,0x000000dd99600000)]
  0x0000027eaddbb800 JavaThread "ForkJoinPool-1-worker-3" daemon [_thread_blocked, id=64144, stack(0x000000dd99700000,0x000000dd99800000)]
  0x0000027eaddb8800 JavaThread "ForkJoinPool-1-worker-5" daemon [_thread_blocked, id=11816, stack(0x000000dd99800000,0x000000dd99900000)]
  0x0000027eaddbd800 JavaThread "ForkJoinPool-1-worker-7" daemon [_thread_blocked, id=51628, stack(0x000000dd99900000,0x000000dd99a00000)]
  0x0000027eaddbc800 JavaThread "ForkJoinPool-1-worker-9" daemon [_thread_blocked, id=51712, stack(0x000000dd99a00000,0x000000dd99b00000)]
  0x0000027eaddb7800 JavaThread "ForkJoinPool-1-worker-11" daemon [_thread_blocked, id=64492, stack(0x000000dd99b00000,0x000000dd99c00000)]
  0x0000027eaddbf000 JavaThread "ForkJoinPool-1-worker-13" daemon [_thread_blocked, id=64304, stack(0x000000dd99c00000,0x000000dd99d00000)]
  0x0000027eaddbe000 JavaThread "ForkJoinPool-1-worker-15" daemon [_thread_blocked, id=66100, stack(0x000000dd99d00000,0x000000dd99e00000)]
  0x0000027eaddb9800 JavaThread "ForkJoinPool-1-worker-1" daemon [_thread_blocked, id=62796, stack(0x000000dd99e00000,0x000000dd99f00000)]

Other Threads:
=>0x0000027eab17d000 VMThread "VM Thread" [stack: 0x000000dd8f600000,0x000000dd8f700000] [id=64100]
  0x0000027eab3a9000 WatcherThread [stack: 0x000000dd90000000,0x000000dd90100000] [id=67372]
  0x0000027e8fcf0000 GCTaskThread "GC Thread#0" [stack: 0x000000dd8f100000,0x000000dd8f200000] [id=64936]
  0x0000027eac365000 GCTaskThread "GC Thread#1" [stack: 0x000000dd90300000,0x000000dd90400000] [id=4360]
  0x0000027eac29e000 GCTaskThread "GC Thread#2" [stack: 0x000000dd90400000,0x000000dd90500000] [id=50504]
  0x0000027ead9a7800 GCTaskThread "GC Thread#3" [stack: 0x000000dd90d00000,0x000000dd90e00000] [id=63468]
  0x0000027eac824800 GCTaskThread "GC Thread#4" [stack: 0x000000dd90e00000,0x000000dd90f00000] [id=39972]
  0x0000027eac825000 GCTaskThread "GC Thread#5" [stack: 0x000000dd90f00000,0x000000dd91000000] [id=9996]
  0x0000027ead3e8000 GCTaskThread "GC Thread#6" [stack: 0x000000dd91000000,0x000000dd91100000] [id=66572]
  0x0000027ead955000 GCTaskThread "GC Thread#7" [stack: 0x000000dd91100000,0x000000dd91200000] [id=65304]
  0x0000027e8fd21000 ConcurrentGCThread "G1 Main Marker" [stack: 0x000000dd8f200000,0x000000dd8f300000] [id=67892]
  0x0000027e8fd22000 ConcurrentGCThread "G1 Conc#0" [stack: 0x000000dd8f300000,0x000000dd8f400000] [id=68404]
  0x0000027eadd6d800 ConcurrentGCThread "G1 Conc#1" [stack: 0x000000dd91500000,0x000000dd91600000] [id=65732]
  0x0000027eaa277000 ConcurrentGCThread "G1 Refine#0" [stack: 0x000000dd8f400000,0x000000dd8f500000] [id=68540]
  0x0000027eb6711000 ConcurrentGCThread "G1 Refine#1" [stack: 0x000000dd99600000,0x000000dd99700000] [id=65672]
  0x0000027eaa278000 ConcurrentGCThread "G1 Young RemSet Sampling" [stack: 0x000000dd8f500000,0x000000dd8f600000] [id=68192]

Threads with active compile tasks:
C2 CompilerThread0  29225 14857 %     4       com.android.tools.r8.code.x1::a @ 20 (4130 bytes)
C1 CompilerThread0  29225 15110       2       com.android.tools.r8.internal.fr1::a (13 bytes)
C2 CompilerThread1  29225 15119       4       com.android.tools.r8.dex.r::e (654 bytes)
C2 CompilerThread2  29225 15076 %     4       com.android.tools.r8.dex.r::a @ 315 (1038 bytes)

VM state:at safepoint (normal execution)

VM Mutex/Monitor currently owned by a thread:  ([mutex/lock_event])
[0x0000027e8fcd3e80] Threads_lock - owner thread: 0x0000027eab17d000
[0x0000027e8fcd37c0] Heap_lock - owner thread: 0x0000027eaddb8800

Heap address: 0x0000000080000000, size: 2048 MB, Compressed Oops mode: 32-bit
Narrow klass base: 0x0000000000000000, Narrow klass shift: 3
Compressed class space size: 1073741824 Address: 0x0000000100000000

Heap:
 garbage-first heap   total 328704K, used 231034K [0x0000000080000000, 0x0000000100000000)
  region size 1024K, 2 young (2048K), 2 survivors (2048K)
 Metaspace       used 112178K, capacity 115486K, committed 116136K, reserved 1148928K
  class space    used 14708K, capacity 16000K, committed 16236K, reserved 1048576K
Heap Regions: E=young(eden), S=young(survivor), O=old, HS=humongous(starts), HC=humongous(continues), CS=collection set, F=free, A=archive, TAMS=top-at-mark-start (previous, next)
|   0|0x0000000080000000, 0x0000000080100000, 0x0000000080100000|100%| O|  |TAMS 0x0000000080100000, 0x0000000080000000| Updating 
|   1|0x0000000080100000, 0x0000000080200000, 0x0000000080200000|100%| O|  |TAMS 0x0000000080200000, 0x0000000080100000| Updating 
|   2|0x0000000080200000, 0x0000000080300000, 0x0000000080300000|100%| O|  |TAMS 0x0000000080300000, 0x0000000080200000| Updating 
|   3|0x0000000080300000, 0x0000000080400000, 0x0000000080400000|100%|HS|  |TAMS 0x0000000080400000, 0x0000000080300000| Complete 
|   4|0x0000000080400000, 0x0000000080500000, 0x0000000080500000|100%|HC|  |TAMS 0x0000000080500000, 0x0000000080400000| Complete 
|   5|0x0000000080500000, 0x0000000080600000, 0x0000000080600000|100%|HC|  |TAMS 0x0000000080600000, 0x0000000080500000| Complete 
|   6|0x0000000080600000, 0x0000000080700000, 0x0000000080700000|100%| O|  |TAMS 0x0000000080700000, 0x0000000080600000| Updating 
|   7|0x0000000080700000, 0x0000000080800000, 0x0000000080800000|100%| O|  |TAMS 0x0000000080800000, 0x0000000080700000| Updating 
|   8|0x0000000080800000, 0x0000000080900000, 0x0000000080900000|100%| O|  |TAMS 0x0000000080900000, 0x0000000080800000| Updating 
|   9|0x0000000080900000, 0x0000000080a00000, 0x0000000080a00000|100%| O|  |TAMS 0x0000000080a00000, 0x0000000080900000| Updating 
|  10|0x0000000080a00000, 0x0000000080b00000, 0x0000000080b00000|100%| O|  |TAMS 0x0000000080b00000, 0x0000000080a00000| Updating 
|  11|0x0000000080b00000, 0x0000000080c00000, 0x0000000080c00000|100%| O|  |TAMS 0x0000000080c00000, 0x0000000080b00000| Updating 
|  12|0x0000000080c00000, 0x0000000080d00000, 0x0000000080d00000|100%| O|  |TAMS 0x0000000080d00000, 0x0000000080c00000| Updating 
|  13|0x0000000080d00000, 0x0000000080e00000, 0x0000000080e00000|100%| O|  |TAMS 0x0000000080e00000, 0x0000000080d00000| Updating 
|  14|0x0000000080e00000, 0x0000000080f00000, 0x0000000080f00000|100%| O|  |TAMS 0x0000000080f00000, 0x0000000080e00000| Updating 
|  15|0x0000000080f00000, 0x0000000081000000, 0x0000000081000000|100%| O|  |TAMS 0x0000000081000000, 0x0000000080f00000| Updating 
|  16|0x0000000081000000, 0x0000000081100000, 0x0000000081100000|100%|HS|  |TAMS 0x0000000081100000, 0x0000000081000000| Complete 
|  17|0x0000000081100000, 0x0000000081200000, 0x0000000081200000|100%| O|  |TAMS 0x0000000081200000, 0x0000000081100000| Updating 
|  18|0x0000000081200000, 0x0000000081300000, 0x0000000081300000|100%| O|  |TAMS 0x0000000081300000, 0x0000000081200000| Updating 
|  19|0x0000000081300000, 0x0000000081400000, 0x0000000081400000|100%| O|  |TAMS 0x0000000081400000, 0x0000000081300000| Updating 
|  20|0x0000000081400000, 0x0000000081500000, 0x0000000081500000|100%| O|  |TAMS 0x0000000081500000, 0x0000000081400000| Updating 
|  21|0x0000000081500000, 0x0000000081600000, 0x0000000081600000|100%| O|  |TAMS 0x0000000081600000, 0x0000000081500000| Updating 
|  22|0x0000000081600000, 0x0000000081700000, 0x0000000081700000|100%| O|  |TAMS 0x0000000081700000, 0x0000000081600000| Updating 
|  23|0x0000000081700000, 0x0000000081800000, 0x0000000081800000|100%| O|  |TAMS 0x0000000081800000, 0x0000000081700000| Updating 
|  24|0x0000000081800000, 0x0000000081900000, 0x0000000081900000|100%| O|  |TAMS 0x0000000081900000, 0x0000000081800000| Updating 
|  25|0x0000000081900000, 0x0000000081a00000, 0x0000000081a00000|100%| O|  |TAMS 0x0000000081a00000, 0x0000000081900000| Updating 
|  26|0x0000000081a00000, 0x0000000081b00000, 0x0000000081b00000|100%| O|  |TAMS 0x0000000081b00000, 0x0000000081a00000| Updating 
|  27|0x0000000081b00000, 0x0000000081c00000, 0x0000000081c00000|100%| O|  |TAMS 0x0000000081c00000, 0x0000000081b00000| Updating 
|  28|0x0000000081c00000, 0x0000000081d00000, 0x0000000081d00000|100%|HS|  |TAMS 0x0000000081d00000, 0x0000000081c00000| Complete 
|  29|0x0000000081d00000, 0x0000000081e00000, 0x0000000081e00000|100%|HS|  |TAMS 0x0000000081e00000, 0x0000000081d00000| Complete 
|  30|0x0000000081e00000, 0x0000000081f00000, 0x0000000081f00000|100%|HS|  |TAMS 0x0000000081f00000, 0x0000000081e00000| Complete 
|  31|0x0000000081f00000, 0x0000000082000000, 0x0000000082000000|100%|HC|  |TAMS 0x0000000082000000, 0x0000000081f00000| Complete 
|  32|0x0000000082000000, 0x0000000082100000, 0x0000000082100000|100%| O|  |TAMS 0x0000000082100000, 0x0000000082000000| Updating 
|  33|0x0000000082100000, 0x0000000082200000, 0x0000000082200000|100%| O|  |TAMS 0x0000000082200000, 0x0000000082100000| Updating 
|  34|0x0000000082200000, 0x0000000082300000, 0x0000000082300000|100%| O|  |TAMS 0x0000000082300000, 0x0000000082200000| Updating 
|  35|0x0000000082300000, 0x0000000082400000, 0x0000000082400000|100%| O|  |TAMS 0x0000000082400000, 0x0000000082300000| Updating 
|  36|0x0000000082400000, 0x0000000082500000, 0x0000000082500000|100%| O|  |TAMS 0x0000000082500000, 0x0000000082400000| Updating 
|  37|0x0000000082500000, 0x0000000082600000, 0x0000000082600000|100%| O|  |TAMS 0x0000000082600000, 0x0000000082500000| Updating 
|  38|0x0000000082600000, 0x0000000082700000, 0x0000000082700000|100%| O|  |TAMS 0x0000000082700000, 0x0000000082600000| Updating 
|  39|0x0000000082700000, 0x0000000082800000, 0x0000000082800000|100%| O|  |TAMS 0x0000000082800000, 0x0000000082700000| Updating 
|  40|0x0000000082800000, 0x0000000082900000, 0x0000000082900000|100%| O|  |TAMS 0x0000000082900000, 0x0000000082800000| Updating 
|  41|0x0000000082900000, 0x0000000082a00000, 0x0000000082a00000|100%| O|  |TAMS 0x0000000082a00000, 0x0000000082900000| Updating 
|  42|0x0000000082a00000, 0x0000000082b00000, 0x0000000082b00000|100%| O|  |TAMS 0x0000000082b00000, 0x0000000082a00000| Updating 
|  43|0x0000000082b00000, 0x0000000082c00000, 0x0000000082c00000|100%| O|  |TAMS 0x0000000082c00000, 0x0000000082b00000| Updating 
|  44|0x0000000082c00000, 0x0000000082d00000, 0x0000000082d00000|100%| O|  |TAMS 0x0000000082d00000, 0x0000000082c00000| Updating 
|  45|0x0000000082d00000, 0x0000000082e00000, 0x0000000082e00000|100%| O|  |TAMS 0x0000000082e00000, 0x0000000082d00000| Updating 
|  46|0x0000000082e00000, 0x0000000082f00000, 0x0000000082f00000|100%| O|  |TAMS 0x0000000082f00000, 0x0000000082e00000| Updating 
|  47|0x0000000082f00000, 0x0000000083000000, 0x0000000083000000|100%| O|  |TAMS 0x0000000083000000, 0x0000000082f00000| Updating 
|  48|0x0000000083000000, 0x0000000083100000, 0x0000000083100000|100%| O|  |TAMS 0x0000000083100000, 0x0000000083000000| Updating 
|  49|0x0000000083100000, 0x0000000083200000, 0x0000000083200000|100%| O|  |TAMS 0x0000000083200000, 0x0000000083100000| Updating 
|  50|0x0000000083200000, 0x0000000083300000, 0x0000000083300000|100%| O|  |TAMS 0x0000000083300000, 0x0000000083200000| Updating 
|  51|0x0000000083300000, 0x0000000083400000, 0x0000000083400000|100%| O|  |TAMS 0x0000000083400000, 0x0000000083300000| Updating 
|  52|0x0000000083400000, 0x0000000083500000, 0x0000000083500000|100%| O|  |TAMS 0x0000000083500000, 0x0000000083400000| Updating 
|  53|0x0000000083500000, 0x0000000083600000, 0x0000000083600000|100%| O|  |TAMS 0x0000000083600000, 0x0000000083500000| Updating 
|  54|0x0000000083600000, 0x0000000083700000, 0x0000000083700000|100%| O|  |TAMS 0x0000000083700000, 0x0000000083600000| Updating 
|  55|0x0000000083700000, 0x0000000083800000, 0x0000000083800000|100%| O|  |TAMS 0x0000000083800000, 0x0000000083700000| Updating 
|  56|0x0000000083800000, 0x0000000083900000, 0x0000000083900000|100%| O|  |TAMS 0x0000000083900000, 0x0000000083800000| Updating 
|  57|0x0000000083900000, 0x0000000083a00000, 0x0000000083a00000|100%| O|  |TAMS 0x0000000083a00000, 0x0000000083900000| Updating 
|  58|0x0000000083a00000, 0x0000000083b00000, 0x0000000083b00000|100%| O|  |TAMS 0x0000000083b00000, 0x0000000083a00000| Updating 
|  59|0x0000000083b00000, 0x0000000083c00000, 0x0000000083c00000|100%| O|  |TAMS 0x0000000083c00000, 0x0000000083b00000| Updating 
|  60|0x0000000083c00000, 0x0000000083d00000, 0x0000000083d00000|100%| O|  |TAMS 0x0000000083d00000, 0x0000000083c00000| Updating 
|  61|0x0000000083d00000, 0x0000000083e00000, 0x0000000083e00000|100%| O|  |TAMS 0x0000000083e00000, 0x0000000083d00000| Updating 
|  62|0x0000000083e00000, 0x0000000083f00000, 0x0000000083f00000|100%| O|  |TAMS 0x0000000083f00000, 0x0000000083e00000| Updating 
|  63|0x0000000083f00000, 0x0000000084000000, 0x0000000084000000|100%| O|  |TAMS 0x0000000084000000, 0x0000000083f00000| Updating 
|  64|0x0000000084000000, 0x0000000084100000, 0x0000000084100000|100%| O|  |TAMS 0x0000000084100000, 0x0000000084000000| Updating 
|  65|0x0000000084100000, 0x0000000084200000, 0x0000000084200000|100%| O|  |TAMS 0x0000000084200000, 0x0000000084100000| Updating 
|  66|0x0000000084200000, 0x0000000084300000, 0x0000000084300000|100%| O|  |TAMS 0x0000000084300000, 0x0000000084200000| Updating 
|  67|0x0000000084300000, 0x0000000084400000, 0x0000000084400000|100%| O|  |TAMS 0x0000000084400000, 0x0000000084300000| Updating 
|  68|0x0000000084400000, 0x0000000084500000, 0x0000000084500000|100%| O|  |TAMS 0x0000000084500000, 0x0000000084400000| Updating 
|  69|0x0000000084500000, 0x0000000084600000, 0x0000000084600000|100%| O|  |TAMS 0x0000000084600000, 0x0000000084500000| Updating 
|  70|0x0000000084600000, 0x0000000084700000, 0x0000000084700000|100%| O|  |TAMS 0x0000000084700000, 0x0000000084600000| Updating 
|  71|0x0000000084700000, 0x0000000084800000, 0x0000000084800000|100%| O|  |TAMS 0x0000000084800000, 0x0000000084700000| Updating 
|  72|0x0000000084800000, 0x0000000084900000, 0x0000000084900000|100%| O|  |TAMS 0x0000000084900000, 0x0000000084800000| Updating 
|  73|0x0000000084900000, 0x0000000084a00000, 0x0000000084a00000|100%| O|  |TAMS 0x0000000084a00000, 0x0000000084900000| Updating 
|  74|0x0000000084a00000, 0x0000000084b00000, 0x0000000084b00000|100%| O|  |TAMS 0x0000000084b00000, 0x0000000084a00000| Updating 
|  75|0x0000000084b00000, 0x0000000084c00000, 0x0000000084c00000|100%| O|  |TAMS 0x0000000084c00000, 0x0000000084b00000| Updating 
|  76|0x0000000084c00000, 0x0000000084d00000, 0x0000000084d00000|100%| O|  |TAMS 0x0000000084d00000, 0x0000000084c00000| Updating 
|  77|0x0000000084d00000, 0x0000000084e00000, 0x0000000084e00000|100%| O|  |TAMS 0x0000000084e00000, 0x0000000084d00000| Updating 
|  78|0x0000000084e00000, 0x0000000084f00000, 0x0000000084f00000|100%| O|  |TAMS 0x0000000084f00000, 0x0000000084e00000| Updating 
|  79|0x0000000084f00000, 0x0000000085000000, 0x0000000085000000|100%| O|  |TAMS 0x0000000085000000, 0x0000000084f00000| Updating 
|  80|0x0000000085000000, 0x0000000085100000, 0x0000000085100000|100%| O|  |TAMS 0x0000000085100000, 0x0000000085000000| Updating 
|  81|0x0000000085100000, 0x0000000085200000, 0x0000000085200000|100%| O|  |TAMS 0x0000000085200000, 0x0000000085100000| Updating 
|  82|0x0000000085200000, 0x0000000085300000, 0x0000000085300000|100%| O|  |TAMS 0x0000000085300000, 0x0000000085200000| Updating 
|  83|0x0000000085300000, 0x0000000085400000, 0x0000000085400000|100%| O|  |TAMS 0x0000000085400000, 0x0000000085300000| Updating 
|  84|0x0000000085400000, 0x0000000085500000, 0x0000000085500000|100%| O|  |TAMS 0x0000000085500000, 0x0000000085400000| Updating 
|  85|0x0000000085500000, 0x0000000085600000, 0x0000000085600000|100%| O|  |TAMS 0x0000000085600000, 0x0000000085500000| Updating 
|  86|0x0000000085600000, 0x0000000085700000, 0x0000000085700000|100%| O|  |TAMS 0x0000000085700000, 0x0000000085600000| Updating 
|  87|0x0000000085700000, 0x0000000085800000, 0x0000000085800000|100%|HS|  |TAMS 0x0000000085800000, 0x0000000085700000| Complete 
|  88|0x0000000085800000, 0x0000000085900000, 0x0000000085900000|100%|HC|  |TAMS 0x0000000085900000, 0x0000000085800000| Complete 
|  89|0x0000000085900000, 0x0000000085a00000, 0x0000000085a00000|100%| O|  |TAMS 0x0000000085a00000, 0x0000000085900000| Updating 
|  90|0x0000000085a00000, 0x0000000085b00000, 0x0000000085b00000|100%| O|  |TAMS 0x0000000085b00000, 0x0000000085a00000| Updating 
|  91|0x0000000085b00000, 0x0000000085c00000, 0x0000000085c00000|100%| O|  |TAMS 0x0000000085c00000, 0x0000000085b00000| Updating 
|  92|0x0000000085c00000, 0x0000000085d00000, 0x0000000085d00000|100%|HS|  |TAMS 0x0000000085d00000, 0x0000000085c00000| Complete 
|  93|0x0000000085d00000, 0x0000000085e00000, 0x0000000085e00000|100%|HS|  |TAMS 0x0000000085e00000, 0x0000000085d00000| Complete 
|  94|0x0000000085e00000, 0x0000000085f00000, 0x0000000085f00000|100%|HS|  |TAMS 0x0000000085f00000, 0x0000000085e00000| Complete 
|  95|0x0000000085f00000, 0x0000000086000000, 0x0000000086000000|100%|HS|  |TAMS 0x0000000086000000, 0x0000000085f00000| Complete 
|  96|0x0000000086000000, 0x0000000086100000, 0x0000000086100000|100%|HS|  |TAMS 0x0000000086100000, 0x0000000086000000| Complete 
|  97|0x0000000086100000, 0x0000000086200000, 0x0000000086200000|100%|HC|  |TAMS 0x0000000086200000, 0x0000000086100000| Complete 
|  98|0x0000000086200000, 0x0000000086300000, 0x0000000086300000|100%| O|  |TAMS 0x0000000086300000, 0x0000000086200000| Updating 
|  99|0x0000000086300000, 0x0000000086400000, 0x0000000086400000|100%| O|  |TAMS 0x0000000086400000, 0x0000000086300000| Updating 
| 100|0x0000000086400000, 0x0000000086500000, 0x0000000086500000|100%| O|  |TAMS 0x0000000086500000, 0x0000000086400000| Updating 
| 101|0x0000000086500000, 0x0000000086600000, 0x0000000086600000|100%| O|  |TAMS 0x0000000086600000, 0x0000000086500000| Updating 
| 102|0x0000000086600000, 0x0000000086700000, 0x0000000086700000|100%| O|  |TAMS 0x0000000086700000, 0x0000000086600000| Updating 
| 103|0x0000000086700000, 0x0000000086800000, 0x0000000086800000|100%|HS|  |TAMS 0x0000000086800000, 0x0000000086700000| Complete 
| 104|0x0000000086800000, 0x0000000086900000, 0x0000000086900000|100%|HC|  |TAMS 0x0000000086900000, 0x0000000086800000| Complete 
| 105|0x0000000086900000, 0x0000000086a00000, 0x0000000086a00000|100%|HC|  |TAMS 0x0000000086a00000, 0x0000000086900000| Complete 
| 106|0x0000000086a00000, 0x0000000086b00000, 0x0000000086b00000|100%|HS|  |TAMS 0x0000000086b00000, 0x0000000086a00000| Complete 
| 107|0x0000000086b00000, 0x0000000086c00000, 0x0000000086c00000|100%| O|  |TAMS 0x0000000086c00000, 0x0000000086b00000| Updating 
| 108|0x0000000086c00000, 0x0000000086d00000, 0x0000000086d00000|100%| O|  |TAMS 0x0000000086d00000, 0x0000000086c00000| Updating 
| 109|0x0000000086d00000, 0x0000000086e00000, 0x0000000086e00000|100%| O|  |TAMS 0x0000000086e00000, 0x0000000086d00000| Updating 
| 110|0x0000000086e00000, 0x0000000086f00000, 0x0000000086f00000|100%| O|  |TAMS 0x0000000086f00000, 0x0000000086e00000| Updating 
| 111|0x0000000086f00000, 0x0000000087000000, 0x0000000087000000|100%| O|  |TAMS 0x0000000086f00000, 0x0000000086f00000| Untracked 
| 112|0x0000000087000000, 0x0000000087100000, 0x0000000087100000|100%| O|  |TAMS 0x0000000087000000, 0x0000000087000000| Untracked 
| 113|0x0000000087100000, 0x0000000087200000, 0x0000000087200000|100%| O|  |TAMS 0x0000000087200000, 0x0000000087100000| Updating 
| 114|0x0000000087200000, 0x0000000087300000, 0x0000000087300000|100%| O|  |TAMS 0x0000000087300000, 0x0000000087200000| Updating 
| 115|0x0000000087300000, 0x0000000087400000, 0x0000000087400000|100%| O|  |TAMS 0x0000000087400000, 0x0000000087300000| Updating 
| 116|0x0000000087400000, 0x0000000087500000, 0x0000000087500000|100%| O|  |TAMS 0x0000000087500000, 0x0000000087400000| Updating 
| 117|0x0000000087500000, 0x0000000087600000, 0x0000000087600000|100%| O|  |TAMS 0x0000000087600000, 0x0000000087500000| Updating 
| 118|0x0000000087600000, 0x0000000087700000, 0x0000000087700000|100%| O|  |TAMS 0x0000000087700000, 0x0000000087600000| Updating 
| 119|0x0000000087700000, 0x0000000087800000, 0x0000000087800000|100%| O|  |TAMS 0x0000000087800000, 0x0000000087700000| Updating 
| 120|0x0000000087800000, 0x0000000087900000, 0x0000000087900000|100%|HS|  |TAMS 0x0000000087900000, 0x0000000087800000| Complete 
| 121|0x0000000087900000, 0x0000000087a00000, 0x0000000087a00000|100%|HC|  |TAMS 0x0000000087a00000, 0x0000000087900000| Complete 
| 122|0x0000000087a00000, 0x0000000087b00000, 0x0000000087b00000|100%| O|  |TAMS 0x0000000087b00000, 0x0000000087a00000| Updating 
| 123|0x0000000087b00000, 0x0000000087c00000, 0x0000000087c00000|100%|HS|  |TAMS 0x0000000087c00000, 0x0000000087b00000| Complete 
| 124|0x0000000087c00000, 0x0000000087d00000, 0x0000000087d00000|100%| O|  |TAMS 0x0000000087d00000, 0x0000000087c00000| Updating 
| 125|0x0000000087d00000, 0x0000000087e00000, 0x0000000087e00000|100%|HS|  |TAMS 0x0000000087e00000, 0x0000000087d00000| Complete 
| 126|0x0000000087e00000, 0x0000000087f00000, 0x0000000087f00000|100%| O|  |TAMS 0x0000000087f00000, 0x0000000087e00000| Updating 
| 127|0x0000000087f00000, 0x0000000088000000, 0x0000000088000000|100%|HS|  |TAMS 0x0000000088000000, 0x0000000087f00000| Complete 
| 128|0x0000000088000000, 0x0000000088100000, 0x0000000088100000|100%| O|  |TAMS 0x0000000088100000, 0x0000000088000000| Updating 
| 129|0x0000000088100000, 0x0000000088200000, 0x0000000088200000|100%|HS|  |TAMS 0x0000000088200000, 0x0000000088100000| Complete 
| 130|0x0000000088200000, 0x0000000088300000, 0x0000000088300000|100%| O|  |TAMS 0x0000000088300000, 0x0000000088200000| Updating 
| 131|0x0000000088300000, 0x0000000088400000, 0x0000000088400000|100%| O|  |TAMS 0x0000000088400000, 0x0000000088300000| Updating 
| 132|0x0000000088400000, 0x0000000088500000, 0x0000000088500000|100%|HS|  |TAMS 0x0000000088500000, 0x0000000088400000| Complete 
| 133|0x0000000088500000, 0x0000000088600000, 0x0000000088600000|100%|HC|  |TAMS 0x0000000088600000, 0x0000000088500000| Complete 
| 134|0x0000000088600000, 0x0000000088700000, 0x0000000088700000|100%| O|  |TAMS 0x0000000088700000, 0x0000000088600000| Updating 
| 135|0x0000000088700000, 0x0000000088800000, 0x0000000088800000|100%|HS|  |TAMS 0x0000000088800000, 0x0000000088700000| Complete 
| 136|0x0000000088800000, 0x0000000088900000, 0x0000000088900000|100%|HS|  |TAMS 0x0000000088900000, 0x0000000088800000| Complete 
| 137|0x0000000088900000, 0x0000000088a00000, 0x0000000088a00000|100%|HS|  |TAMS 0x0000000088a00000, 0x0000000088900000| Complete 
| 138|0x0000000088a00000, 0x0000000088b00000, 0x0000000088b00000|100%|HC|  |TAMS 0x0000000088b00000, 0x0000000088a00000| Complete 
| 139|0x0000000088b00000, 0x0000000088c00000, 0x0000000088c00000|100%|HC|  |TAMS 0x0000000088c00000, 0x0000000088b00000| Complete 
| 140|0x0000000088c00000, 0x0000000088d00000, 0x0000000088d00000|100%| O|  |TAMS 0x0000000088d00000, 0x0000000088c00000| Updating 
| 141|0x0000000088d00000, 0x0000000088e00000, 0x0000000088e00000|100%|HS|  |TAMS 0x0000000088e00000, 0x0000000088d00000| Complete 
| 142|0x0000000088e00000, 0x0000000088f00000, 0x0000000088f00000|100%| O|  |TAMS 0x0000000088f00000, 0x0000000088e00000| Updating 
| 143|0x0000000088f00000, 0x0000000089000000, 0x0000000089000000|100%| O|  |TAMS 0x0000000089000000, 0x0000000088f00000| Updating 
| 144|0x0000000089000000, 0x0000000089100000, 0x0000000089100000|100%| O|  |TAMS 0x0000000089100000, 0x0000000089000000| Updating 
| 145|0x0000000089100000, 0x0000000089200000, 0x0000000089200000|100%| O|  |TAMS 0x0000000089200000, 0x0000000089100000| Updating 
| 146|0x0000000089200000, 0x0000000089300000, 0x0000000089300000|100%| O|  |TAMS 0x0000000089300000, 0x0000000089200000| Updating 
| 147|0x0000000089300000, 0x0000000089400000, 0x0000000089400000|100%| O|  |TAMS 0x0000000089400000, 0x0000000089300000| Updating 
| 148|0x0000000089400000, 0x0000000089500000, 0x0000000089500000|100%| O|  |TAMS 0x0000000089500000, 0x0000000089400000| Updating 
| 149|0x0000000089500000, 0x0000000089600000, 0x0000000089600000|100%| O|  |TAMS 0x0000000089600000, 0x0000000089500000| Updating 
| 150|0x0000000089600000, 0x0000000089700000, 0x0000000089700000|100%| O|  |TAMS 0x0000000089700000, 0x0000000089600000| Updating 
| 151|0x0000000089700000, 0x0000000089800000, 0x0000000089800000|100%| O|  |TAMS 0x0000000089800000, 0x0000000089700000| Updating 
| 152|0x0000000089800000, 0x0000000089900000, 0x0000000089900000|100%| O|  |TAMS 0x0000000089900000, 0x0000000089800000| Updating 
| 153|0x0000000089900000, 0x0000000089a00000, 0x0000000089a00000|100%| O|  |TAMS 0x0000000089a00000, 0x0000000089900000| Updating 
| 154|0x0000000089a00000, 0x0000000089b00000, 0x0000000089b00000|100%| O|  |TAMS 0x0000000089b00000, 0x0000000089a00000| Updating 
| 155|0x0000000089b00000, 0x0000000089c00000, 0x0000000089c00000|100%| O|  |TAMS 0x0000000089c00000, 0x0000000089b00000| Updating 
| 156|0x0000000089c00000, 0x0000000089d00000, 0x0000000089d00000|100%| O|  |TAMS 0x0000000089d00000, 0x0000000089c00000| Updating 
| 157|0x0000000089d00000, 0x0000000089e00000, 0x0000000089e00000|100%| O|  |TAMS 0x0000000089e00000, 0x0000000089d00000| Updating 
| 158|0x0000000089e00000, 0x0000000089f00000, 0x0000000089f00000|100%| O|  |TAMS 0x0000000089f00000, 0x0000000089e00000| Updating 
| 159|0x0000000089f00000, 0x000000008a000000, 0x000000008a000000|100%| O|  |TAMS 0x000000008a000000, 0x0000000089f00000| Updating 
| 160|0x000000008a000000, 0x000000008a100000, 0x000000008a100000|100%| O|  |TAMS 0x000000008a100000, 0x000000008a000000| Updating 
| 161|0x000000008a100000, 0x000000008a200000, 0x000000008a200000|100%| O|  |TAMS 0x000000008a200000, 0x000000008a100000| Updating 
| 162|0x000000008a200000, 0x000000008a300000, 0x000000008a300000|100%| O|  |TAMS 0x000000008a300000, 0x000000008a200000| Updating 
| 163|0x000000008a300000, 0x000000008a400000, 0x000000008a400000|100%| O|  |TAMS 0x000000008a400000, 0x000000008a300000| Updating 
| 164|0x000000008a400000, 0x000000008a500000, 0x000000008a500000|100%| O|  |TAMS 0x000000008a500000, 0x000000008a400000| Updating 
| 165|0x000000008a500000, 0x000000008a600000, 0x000000008a600000|100%| O|  |TAMS 0x000000008a600000, 0x000000008a500000| Updating 
| 166|0x000000008a600000, 0x000000008a700000, 0x000000008a700000|100%| O|  |TAMS 0x000000008a700000, 0x000000008a600000| Updating 
| 167|0x000000008a700000, 0x000000008a800000, 0x000000008a800000|100%| O|  |TAMS 0x000000008a800000, 0x000000008a700000| Updating 
| 168|0x000000008a800000, 0x000000008a900000, 0x000000008a900000|100%| O|  |TAMS 0x000000008a900000, 0x000000008a800000| Updating 
| 169|0x000000008a900000, 0x000000008aa00000, 0x000000008aa00000|100%| O|  |TAMS 0x000000008aa00000, 0x000000008a900000| Updating 
| 170|0x000000008aa00000, 0x000000008ab00000, 0x000000008ab00000|100%| O|  |TAMS 0x000000008ab00000, 0x000000008aa00000| Updating 
| 171|0x000000008ab00000, 0x000000008ac00000, 0x000000008ac00000|100%| O|  |TAMS 0x000000008ac00000, 0x000000008ab00000| Updating 
| 172|0x000000008ac00000, 0x000000008ad00000, 0x000000008ad00000|100%| O|  |TAMS 0x000000008ad00000, 0x000000008ac00000| Updating 
| 173|0x000000008ad00000, 0x000000008ae00000, 0x000000008ae00000|100%| O|  |TAMS 0x000000008ae00000, 0x000000008ad00000| Updating 
| 174|0x000000008ae00000, 0x000000008af00000, 0x000000008af00000|100%| O|  |TAMS 0x000000008af00000, 0x000000008ae00000| Updating 
| 175|0x000000008af00000, 0x000000008b000000, 0x000000008b000000|100%| O|  |TAMS 0x000000008b000000, 0x000000008af00000| Updating 
| 176|0x000000008b000000, 0x000000008b100000, 0x000000008b100000|100%| O|  |TAMS 0x000000008b100000, 0x000000008b000000| Updating 
| 177|0x000000008b100000, 0x000000008b200000, 0x000000008b200000|100%| O|  |TAMS 0x000000008b200000, 0x000000008b100000| Updating 
| 178|0x000000008b200000, 0x000000008b300000, 0x000000008b300000|100%| O|  |TAMS 0x000000008b300000, 0x000000008b200000| Updating 
| 179|0x000000008b300000, 0x000000008b400000, 0x000000008b400000|100%| O|  |TAMS 0x000000008b400000, 0x000000008b300000| Updating 
| 180|0x000000008b400000, 0x000000008b500000, 0x000000008b500000|100%| O|  |TAMS 0x000000008b500000, 0x000000008b400000| Updating 
| 181|0x000000008b500000, 0x000000008b600000, 0x000000008b600000|100%| O|  |TAMS 0x000000008b600000, 0x000000008b500000| Updating 
| 182|0x000000008b600000, 0x000000008b700000, 0x000000008b700000|100%| O|  |TAMS 0x000000008b700000, 0x000000008b600000| Updating 
| 183|0x000000008b700000, 0x000000008b800000, 0x000000008b800000|100%| O|  |TAMS 0x000000008b766e00, 0x000000008b700000| Updating 
| 184|0x000000008b800000, 0x000000008b900000, 0x000000008b900000|100%| O|  |TAMS 0x000000008b800000, 0x000000008b800000| Untracked 
| 185|0x000000008b900000, 0x000000008ba00000, 0x000000008ba00000|100%| O|  |TAMS 0x000000008b900000, 0x000000008b900000| Untracked 
| 186|0x000000008ba00000, 0x000000008bb00000, 0x000000008bb00000|100%| O|  |TAMS 0x000000008ba00000, 0x000000008ba00000| Untracked 
| 187|0x000000008bb00000, 0x000000008bc00000, 0x000000008bc00000|100%| O|  |TAMS 0x000000008bb00000, 0x000000008bb00000| Untracked 
| 188|0x000000008bc00000, 0x000000008bd00000, 0x000000008bd00000|100%| O|  |TAMS 0x000000008bc00000, 0x000000008bc00000| Untracked 
| 189|0x000000008bd00000, 0x000000008be00000, 0x000000008be00000|100%| O|  |TAMS 0x000000008bd00000, 0x000000008bd00000| Untracked 
| 190|0x000000008be00000, 0x000000008bf00000, 0x000000008bf00000|100%| O|  |TAMS 0x000000008be00000, 0x000000008be00000| Untracked 
| 191|0x000000008bf00000, 0x000000008c000000, 0x000000008c000000|100%| O|  |TAMS 0x000000008bf00000, 0x000000008bf00000| Untracked 
| 192|0x000000008c000000, 0x000000008c100000, 0x000000008c100000|100%| O|  |TAMS 0x000000008c000000, 0x000000008c000000| Untracked 
| 193|0x000000008c100000, 0x000000008c200000, 0x000000008c200000|100%| O|  |TAMS 0x000000008c100000, 0x000000008c100000| Untracked 
| 194|0x000000008c200000, 0x000000008c300000, 0x000000008c300000|100%| O|  |TAMS 0x000000008c200000, 0x000000008c200000| Untracked 
| 195|0x000000008c300000, 0x000000008c400000, 0x000000008c400000|100%| O|  |TAMS 0x000000008c300000, 0x000000008c300000| Untracked 
| 196|0x000000008c400000, 0x000000008c500000, 0x000000008c500000|100%| O|  |TAMS 0x000000008c400000, 0x000000008c400000| Untracked 
| 197|0x000000008c500000, 0x000000008c600000, 0x000000008c600000|100%| O|  |TAMS 0x000000008c500000, 0x000000008c500000| Untracked 
| 198|0x000000008c600000, 0x000000008c700000, 0x000000008c700000|100%| O|  |TAMS 0x000000008c600000, 0x000000008c600000| Untracked 
| 199|0x000000008c700000, 0x000000008c800000, 0x000000008c800000|100%| O|  |TAMS 0x000000008c700000, 0x000000008c700000| Untracked 
| 200|0x000000008c800000, 0x000000008c900000, 0x000000008c900000|100%| O|  |TAMS 0x000000008c800000, 0x000000008c800000| Untracked 
| 201|0x000000008c900000, 0x000000008ca00000, 0x000000008ca00000|100%| O|  |TAMS 0x000000008c900000, 0x000000008c900000| Untracked 
| 202|0x000000008ca00000, 0x000000008cb00000, 0x000000008cb00000|100%| O|  |TAMS 0x000000008ca00000, 0x000000008ca00000| Untracked 
| 203|0x000000008cb00000, 0x000000008cc00000, 0x000000008cc00000|100%| O|  |TAMS 0x000000008cb00000, 0x000000008cb00000| Untracked 
| 204|0x000000008cc00000, 0x000000008cd00000, 0x000000008cd00000|100%| O|  |TAMS 0x000000008cc00000, 0x000000008cc00000| Untracked 
| 205|0x000000008cd00000, 0x000000008ce00000, 0x000000008ce00000|100%| O|  |TAMS 0x000000008cd00000, 0x000000008cd00000| Untracked 
| 206|0x000000008ce00000, 0x000000008cf00000, 0x000000008cf00000|100%| O|  |TAMS 0x000000008ce00000, 0x000000008ce00000| Untracked 
| 207|0x000000008cf00000, 0x000000008d000000, 0x000000008d000000|100%| O|  |TAMS 0x000000008cf00000, 0x000000008cf00000| Untracked 
| 208|0x000000008d000000, 0x000000008d100000, 0x000000008d100000|100%| O|  |TAMS 0x000000008d000000, 0x000000008d000000| Untracked 
| 209|0x000000008d100000, 0x000000008d200000, 0x000000008d200000|100%| O|  |TAMS 0x000000008d100000, 0x000000008d100000| Untracked 
| 210|0x000000008d200000, 0x000000008d300000, 0x000000008d300000|100%| O|  |TAMS 0x000000008d200000, 0x000000008d200000| Untracked 
| 211|0x000000008d300000, 0x000000008d400000, 0x000000008d400000|100%| O|  |TAMS 0x000000008d300000, 0x000000008d300000| Untracked 
| 212|0x000000008d400000, 0x000000008d500000, 0x000000008d500000|100%| O|  |TAMS 0x000000008d400000, 0x000000008d400000| Untracked 
| 213|0x000000008d500000, 0x000000008d600000, 0x000000008d600000|100%| O|  |TAMS 0x000000008d500000, 0x000000008d500000| Untracked 
| 214|0x000000008d600000, 0x000000008d700000, 0x000000008d700000|100%| O|  |TAMS 0x000000008d600000, 0x000000008d600000| Untracked 
| 215|0x000000008d700000, 0x000000008d800000, 0x000000008d800000|100%| O|  |TAMS 0x000000008d700000, 0x000000008d700000| Untracked 
| 216|0x000000008d800000, 0x000000008d900000, 0x000000008d900000|100%| O|  |TAMS 0x000000008d800000, 0x000000008d800000| Untracked 
| 217|0x000000008d900000, 0x000000008da00000, 0x000000008da00000|100%| O|  |TAMS 0x000000008d900000, 0x000000008d900000| Untracked 
| 218|0x000000008da00000, 0x000000008db00000, 0x000000008db00000|100%| O|  |TAMS 0x000000008da00000, 0x000000008da00000| Updating 
| 219|0x000000008db00000, 0x000000008dc00000, 0x000000008dc00000|100%| O|  |TAMS 0x000000008db00000, 0x000000008db00000| Untracked 
| 220|0x000000008dc00000, 0x000000008dd00000, 0x000000008dd00000|100%| O|  |TAMS 0x000000008dc00000, 0x000000008dc00000| Untracked 
| 221|0x000000008dd00000, 0x000000008de00000, 0x000000008de00000|100%| O|  |TAMS 0x000000008dd00000, 0x000000008dd00000| Untracked 
| 222|0x000000008de00000, 0x000000008df00000, 0x000000008df00000|100%| O|  |TAMS 0x000000008de00000, 0x000000008de00000| Untracked 
| 223|0x000000008df00000, 0x000000008df9e800, 0x000000008e000000| 61%| O|  |TAMS 0x000000008df00000, 0x000000008df00000| Untracked 
| 224|0x000000008e000000, 0x000000008e000000, 0x000000008e100000|  0%| F|  |TAMS 0x000000008e000000, 0x000000008e000000| Untracked 
| 225|0x000000008e100000, 0x000000008e100000, 0x000000008e200000|  0%| F|  |TAMS 0x000000008e100000, 0x000000008e100000| Untracked 
| 226|0x000000008e200000, 0x000000008e200000, 0x000000008e300000|  0%| F|  |TAMS 0x000000008e200000, 0x000000008e200000| Untracked 
| 227|0x000000008e300000, 0x000000008e300000, 0x000000008e400000|  0%| F|  |TAMS 0x000000008e300000, 0x000000008e300000| Untracked 
| 228|0x000000008e400000, 0x000000008e400000, 0x000000008e500000|  0%| F|  |TAMS 0x000000008e400000, 0x000000008e400000| Untracked 
| 229|0x000000008e500000, 0x000000008e500000, 0x000000008e600000|  0%| F|  |TAMS 0x000000008e500000, 0x000000008e500000| Untracked 
| 230|0x000000008e600000, 0x000000008e600000, 0x000000008e700000|  0%| F|  |TAMS 0x000000008e600000, 0x000000008e600000| Untracked 
| 231|0x000000008e700000, 0x000000008e700000, 0x000000008e800000|  0%| F|  |TAMS 0x000000008e700000, 0x000000008e700000| Untracked 
| 232|0x000000008e800000, 0x000000008e800000, 0x000000008e900000|  0%| F|  |TAMS 0x000000008e800000, 0x000000008e800000| Untracked 
| 233|0x000000008e900000, 0x000000008e900000, 0x000000008ea00000|  0%| F|  |TAMS 0x000000008e900000, 0x000000008e900000| Untracked 
| 234|0x000000008ea00000, 0x000000008ea00000, 0x000000008eb00000|  0%| F|  |TAMS 0x000000008ea00000, 0x000000008ea00000| Untracked 
| 235|0x000000008eb00000, 0x000000008eb00000, 0x000000008ec00000|  0%| F|  |TAMS 0x000000008eb00000, 0x000000008eb00000| Untracked 
| 236|0x000000008ec00000, 0x000000008ec00000, 0x000000008ed00000|  0%| F|  |TAMS 0x000000008ec00000, 0x000000008ec00000| Untracked 
| 237|0x000000008ed00000, 0x000000008ed00000, 0x000000008ee00000|  0%| F|  |TAMS 0x000000008ed00000, 0x000000008ed00000| Untracked 
| 238|0x000000008ee00000, 0x000000008ee00000, 0x000000008ef00000|  0%| F|  |TAMS 0x000000008ee00000, 0x000000008ee00000| Untracked 
| 239|0x000000008ef00000, 0x000000008ef00000, 0x000000008f000000|  0%| F|  |TAMS 0x000000008ef00000, 0x000000008ef00000| Untracked 
| 240|0x000000008f000000, 0x000000008f000000, 0x000000008f100000|  0%| F|  |TAMS 0x000000008f000000, 0x000000008f000000| Untracked 
| 241|0x000000008f100000, 0x000000008f100000, 0x000000008f200000|  0%| F|  |TAMS 0x000000008f100000, 0x000000008f100000| Untracked 
| 242|0x000000008f200000, 0x000000008f200000, 0x000000008f300000|  0%| F|  |TAMS 0x000000008f200000, 0x000000008f200000| Untracked 
| 243|0x000000008f300000, 0x000000008f300000, 0x000000008f400000|  0%| F|  |TAMS 0x000000008f300000, 0x000000008f300000| Untracked 
| 244|0x000000008f400000, 0x000000008f400000, 0x000000008f500000|  0%| F|  |TAMS 0x000000008f400000, 0x000000008f400000| Untracked 
| 245|0x000000008f500000, 0x000000008f500000, 0x000000008f600000|  0%| F|  |TAMS 0x000000008f500000, 0x000000008f500000| Untracked 
| 246|0x000000008f600000, 0x000000008f600000, 0x000000008f700000|  0%| F|  |TAMS 0x000000008f600000, 0x000000008f600000| Untracked 
| 247|0x000000008f700000, 0x000000008f700000, 0x000000008f800000|  0%| F|  |TAMS 0x000000008f700000, 0x000000008f700000| Untracked 
| 248|0x000000008f800000, 0x000000008f800000, 0x000000008f900000|  0%| F|  |TAMS 0x000000008f800000, 0x000000008f800000| Untracked 
| 249|0x000000008f900000, 0x000000008f900000, 0x000000008fa00000|  0%| F|  |TAMS 0x000000008f900000, 0x000000008f900000| Untracked 
| 250|0x000000008fa00000, 0x000000008fa00000, 0x000000008fb00000|  0%| F|  |TAMS 0x000000008fa00000, 0x000000008fa00000| Untracked 
| 251|0x000000008fb00000, 0x000000008fb00000, 0x000000008fc00000|  0%| F|  |TAMS 0x000000008fb00000, 0x000000008fb00000| Untracked 
| 252|0x000000008fc00000, 0x000000008fc00000, 0x000000008fd00000|  0%| F|  |TAMS 0x000000008fc00000, 0x000000008fc00000| Untracked 
| 253|0x000000008fd00000, 0x000000008fd00000, 0x000000008fe00000|  0%| F|  |TAMS 0x000000008fd00000, 0x000000008fd00000| Untracked 
| 254|0x000000008fe00000, 0x000000008ff00000, 0x000000008ff00000|100%| S|CS|TAMS 0x000000008fe00000, 0x000000008fe00000| Complete 
| 255|0x000000008ff00000, 0x0000000090000000, 0x0000000090000000|100%| S|CS|TAMS 0x000000008ff00000, 0x000000008ff00000| Complete 
| 256|0x0000000090000000, 0x0000000090000000, 0x0000000090100000|  0%| F|  |TAMS 0x0000000090000000, 0x0000000090000000| Untracked 
| 257|0x0000000090100000, 0x0000000090100000, 0x0000000090200000|  0%| F|  |TAMS 0x0000000090100000, 0x0000000090100000| Untracked 
| 258|0x0000000090200000, 0x0000000090200000, 0x0000000090300000|  0%| F|  |TAMS 0x0000000090200000, 0x0000000090200000| Untracked 
| 259|0x0000000090300000, 0x0000000090300000, 0x0000000090400000|  0%| F|  |TAMS 0x0000000090300000, 0x0000000090300000| Untracked 
| 260|0x0000000090400000, 0x0000000090400000, 0x0000000090500000|  0%| F|  |TAMS 0x0000000090400000, 0x0000000090400000| Untracked 
| 261|0x0000000090500000, 0x0000000090500000, 0x0000000090600000|  0%| F|  |TAMS 0x0000000090500000, 0x0000000090500000| Untracked 
| 262|0x0000000090600000, 0x0000000090600000, 0x0000000090700000|  0%| F|  |TAMS 0x0000000090600000, 0x0000000090600000| Untracked 
| 263|0x0000000090700000, 0x0000000090700000, 0x0000000090800000|  0%| F|  |TAMS 0x0000000090700000, 0x0000000090700000| Untracked 
| 264|0x0000000090800000, 0x0000000090800000, 0x0000000090900000|  0%| F|  |TAMS 0x0000000090800000, 0x0000000090800000| Untracked 
| 265|0x0000000090900000, 0x0000000090900000, 0x0000000090a00000|  0%| F|  |TAMS 0x0000000090900000, 0x0000000090900000| Untracked 
| 266|0x0000000090a00000, 0x0000000090a00000, 0x0000000090b00000|  0%| F|  |TAMS 0x0000000090a00000, 0x0000000090a00000| Untracked 

Card table byte_map: [0x0000027ea3620000,0x0000027ea3a20000] _byte_map_base: 0x0000027ea3220000

Marking Bits (Prev, Next): (CMBitMap*) 0x0000027e8fd17f98, (CMBitMap*) 0x0000027e8fd17fd0
 Prev Bits: [0x0000027ea3e20000, 0x0000027ea5e20000)
 Next Bits: [0x0000027ea5e20000, 0x0000027ea7e20000)

Polling page: 0x0000027e8e3d0000

Metaspace:

Usage:
  Non-class:     97.15 MB capacity,    95.19 MB ( 98%) used,     1.59 MB (  2%) free+waste,   392.44 KB ( <1%) overhead. 
      Class:     15.63 MB capacity,    14.36 MB ( 92%) used,     1.08 MB (  7%) free+waste,   184.69 KB (  1%) overhead. 
       Both:    112.78 MB capacity,   109.55 MB ( 97%) used,     2.67 MB (  2%) free+waste,   577.13 KB ( <1%) overhead. 

Virtual space:
  Non-class space:       98.00 MB reserved,      97.56 MB (>99%) committed 
      Class space:        1.00 GB reserved,      15.86 MB (  2%) committed 
             Both:        1.10 GB reserved,     113.41 MB ( 10%) committed 

Chunk freelists:
   Non-Class:  311.00 KB
       Class:  224.00 KB
        Both:  535.00 KB

MaxMetaspaceSize: 17179869184.00 GB
CompressedClassSpaceSize: 1.00 GB
Initial GC threshold: 20.80 MB
Current GC threshold: 189.02 MB
CDS: off

CodeHeap 'non-profiled nmethods': size=120000Kb used=9837Kb max_used=9837Kb free=110162Kb
 bounds [0x0000027e9b290000, 0x0000027e9bc30000, 0x0000027ea27c0000]
CodeHeap 'profiled nmethods': size=120000Kb used=32216Kb max_used=32216Kb free=87783Kb
 bounds [0x0000027e93d60000, 0x0000027e95ce0000, 0x0000027e9b290000]
CodeHeap 'non-nmethods': size=5760Kb used=2418Kb max_used=2495Kb free=3341Kb
 bounds [0x0000027e937c0000, 0x0000027e93a40000, 0x0000027e93d60000]
 total_blobs=15743 nmethods=14798 adapters=856
 compilation: enabled
              stopped_count=0, restarted_count=0
 full_count=0

Compilation events (20 events):
Event: 29.070 Thread 0x0000027eab1f8800 nmethod 15156 0x0000027e95cc7c10 code [0x0000027e95cc8240, 0x0000027e95ccc508]
Event: 29.070 Thread 0x0000027eab1f8800 15158 %     3       com.android.tools.r8.dex.r::a @ 28 (261 bytes)
Event: 29.104 Thread 0x0000027eab1f8800 nmethod 15158% 0x0000027e95cce490 code [0x0000027e95cce840, 0x0000027e95cd0238]
Event: 29.104 Thread 0x0000027eab1f8800 15163       3       com.android.tools.r8.dex.r::h (41 bytes)
Event: 29.121 Thread 0x0000027eab1f8800 nmethod 15163 0x0000027e95cd0f10 code [0x0000027e95cd1100, 0x0000027e95cd1598]
Event: 29.126 Thread 0x0000027eab1f8800 15189       3       com.android.tools.r8.dex.r::a (261 bytes)
Event: 29.163 Thread 0x0000027eab1f8800 nmethod 15189 0x0000027e95cd1790 code [0x0000027e95cd1b20, 0x0000027e95cd33b8]
Event: 29.163 Thread 0x0000027eab1f8800 15161       2       com.android.tools.r8.internal.IU0::get (37 bytes)
Event: 29.163 Thread 0x0000027eab1f8800 nmethod 15161 0x0000027e95cd4010 code [0x0000027e95cd41c0, 0x0000027e95cd43b8]
Event: 29.163 Thread 0x0000027eab1f8800 15175       2       com.android.tools.r8.internal.IU0::g (29 bytes)
Event: 29.163 Thread 0x0000027eab1f8800 nmethod 15175 0x0000027e95cd4510 code [0x0000027e95cd46c0, 0x0000027e95cd4898]
Event: 29.163 Thread 0x0000027eab1f8800 15190       2       com.android.tools.r8.internal.rR0::b (42 bytes)
Event: 29.164 Thread 0x0000027eab1f8800 nmethod 15190 0x0000027e95cd4990 code [0x0000027e95cd4b80, 0x0000027e95cd4df8]
Event: 29.164 Thread 0x0000027eab1f8800 15160       2       com.android.tools.r8.internal.IU0::b (146 bytes)
Event: 29.165 Thread 0x0000027eab1f8800 nmethod 15160 0x0000027e95cd4f90 code [0x0000027e95cd5180, 0x0000027e95cd5718]
Event: 29.165 Thread 0x0000027eab1f8800 15195       2       com.android.tools.r8.internal.Ap1::a (23 bytes)
Event: 29.165 Thread 0x0000027eab1f8800 nmethod 15195 0x0000027e95cd5a90 code [0x0000027e95cd5c80, 0x0000027e95cd5e38]
Event: 29.165 Thread 0x0000027eab1f8800 15112       2       com.android.tools.r8.internal.rR0::a (15 bytes)
Event: 29.166 Thread 0x0000027eab1f8800 nmethod 15112 0x0000027e95cd5f90 code [0x0000027e95cd6140, 0x0000027e95cd6258]
Event: 29.166 Thread 0x0000027eab1f8800 15110       2       com.android.tools.r8.internal.fr1::a (13 bytes)

GC Heap History (20 events):
Event: 26.501 GC heap after
{Heap after GC invocations=27 (full 0):
 garbage-first heap   total 227328K, used 117010K [0x0000000080000000, 0x0000000100000000)
  region size 1024K, 12 young (12288K), 12 survivors (12288K)
 Metaspace       used 100858K, capacity 103824K, committed 103976K, reserved 1138688K
  class space    used 12956K, capacity 14042K, committed 14060K, reserved 1048576K
}
Event: 27.054 GC heap before
{Heap before GC invocations=28 (full 0):
 garbage-first heap   total 227328K, used 156946K [0x0000000080000000, 0x0000000100000000)
  region size 1024K, 49 young (50176K), 12 survivors (12288K)
 Metaspace       used 103313K, capacity 105986K, committed 106920K, reserved 1142784K
  class space    used 13225K, capacity 14200K, committed 14444K, reserved 1048576K
}
Event: 27.097 GC heap after
{Heap after GC invocations=29 (full 0):
 garbage-first heap   total 227328K, used 126571K [0x0000000080000000, 0x0000000100000000)
  region size 1024K, 6 young (6144K), 6 survivors (6144K)
 Metaspace       used 103313K, capacity 105986K, committed 106920K, reserved 1142784K
  class space    used 13225K, capacity 14200K, committed 14444K, reserved 1048576K
}
Event: 27.471 GC heap before
{Heap before GC invocations=30 (full 0):
 garbage-first heap   total 227328K, used 196203K [0x0000000080000000, 0x0000000100000000)
  region size 1024K, 51 young (52224K), 6 survivors (6144K)
 Metaspace       used 105889K, capacity 108627K, committed 109352K, reserved 1144832K
  class space    used 13596K, capacity 14591K, committed 14828K, reserved 1048576K
}
Event: 27.484 GC heap after
{Heap after GC invocations=31 (full 0):
 garbage-first heap   total 227328K, used 154329K [0x0000000080000000, 0x0000000100000000)
  region size 1024K, 7 young (7168K), 7 survivors (7168K)
 Metaspace       used 105889K, capacity 108627K, committed 109352K, reserved 1144832K
  class space    used 13596K, capacity 14591K, committed 14828K, reserved 1048576K
}
Event: 27.692 GC heap before
{Heap before GC invocations=31 (full 0):
 garbage-first heap   total 227328K, used 185049K [0x0000000080000000, 0x0000000100000000)
  region size 1024K, 38 young (38912K), 7 survivors (7168K)
 Metaspace       used 107102K, capacity 110052K, committed 110248K, reserved 1144832K
  class space    used 13816K, capacity 14922K, committed 14956K, reserved 1048576K
}
Event: 27.723 GC heap after
{Heap after GC invocations=32 (full 0):
 garbage-first heap   total 227328K, used 161533K [0x0000000080000000, 0x0000000100000000)
  region size 1024K, 5 young (5120K), 5 survivors (5120K)
 Metaspace       used 107102K, capacity 110052K, committed 110248K, reserved 1144832K
  class space    used 13816K, capacity 14922K, committed 14956K, reserved 1048576K
}
Event: 28.093 GC heap before
{Heap before GC invocations=32 (full 0):
 garbage-first heap   total 227328K, used 190205K [0x0000000080000000, 0x0000000100000000)
  region size 1024K, 31 young (31744K), 5 survivors (5120K)
 Metaspace       used 108218K, capacity 111171K, committed 111528K, reserved 1146880K
  class space    used 14021K, capacity 15148K, committed 15212K, reserved 1048576K
}
Event: 28.118 GC heap after
{Heap after GC invocations=33 (full 0):
 garbage-first heap   total 273408K, used 169613K [0x0000000080000000, 0x0000000100000000)
  region size 1024K, 4 young (4096K), 4 survivors (4096K)
 Metaspace       used 108218K, capacity 111171K, committed 111528K, reserved 1146880K
  class space    used 14021K, capacity 15148K, committed 15212K, reserved 1048576K
}
Event: 28.343 GC heap before
{Heap before GC invocations=34 (full 0):
 garbage-first heap   total 273408K, used 209549K [0x0000000080000000, 0x0000000100000000)
  region size 1024K, 44 young (45056K), 4 survivors (4096K)
 Metaspace       used 109721K, capacity 112914K, committed 113192K, reserved 1146880K
  class space    used 14303K, capacity 15554K, committed 15596K, reserved 1048576K
}
Event: 28.368 GC heap after
{Heap after GC invocations=35 (full 0):
 garbage-first heap   total 273408K, used 181404K [0x0000000080000000, 0x0000000100000000)
  region size 1024K, 6 young (6144K), 6 survivors (6144K)
 Metaspace       used 109721K, capacity 112914K, committed 113192K, reserved 1146880K
  class space    used 14303K, capacity 15554K, committed 15596K, reserved 1048576K
}
Event: 28.719 GC heap before
{Heap before GC invocations=35 (full 0):
 garbage-first heap   total 273408K, used 217244K [0x0000000080000000, 0x0000000100000000)
  region size 1024K, 42 young (43008K), 6 survivors (6144K)
 Metaspace       used 112259K, capacity 115735K, committed 115880K, reserved 1148928K
  class space    used 14794K, capacity 16147K, committed 16236K, reserved 1048576K
}
Event: 28.752 GC heap after
{Heap after GC invocations=36 (full 0):
 garbage-first heap   total 273408K, used 193947K [0x0000000080000000, 0x0000000100000000)
  region size 1024K, 6 young (6144K), 6 survivors (6144K)
 Metaspace       used 112259K, capacity 115735K, committed 115880K, reserved 1148928K
  class space    used 14794K, capacity 16147K, committed 16236K, reserved 1048576K
}
Event: 28.953 GC heap before
{Heap before GC invocations=36 (full 0):
 garbage-first heap   total 273408K, used 221595K [0x0000000080000000, 0x0000000100000000)
  region size 1024K, 34 young (34816K), 6 survivors (6144K)
 Metaspace       used 112421K, capacity 115853K, committed 116136K, reserved 1148928K
  class space    used 14808K, capacity 16162K, committed 16236K, reserved 1048576K
}
Event: 28.975 GC heap after
{Heap after GC invocations=37 (full 0):
 garbage-first heap   total 273408K, used 208414K [0x0000000080000000, 0x0000000100000000)
  region size 1024K, 5 young (5120K), 5 survivors (5120K)
 Metaspace       used 112421K, capacity 115853K, committed 116136K, reserved 1148928K
  class space    used 14808K, capacity 16162K, committed 16236K, reserved 1048576K
}
Event: 29.032 GC heap before
{Heap before GC invocations=37 (full 0):
 garbage-first heap   total 273408K, used 225822K [0x0000000080000000, 0x0000000100000000)
  region size 1024K, 23 young (23552K), 5 survivors (5120K)
 Metaspace       used 112460K, capacity 115960K, committed 116136K, reserved 1148928K
  class space    used 14816K, capacity 16198K, committed 16236K, reserved 1048576K
}
Event: 29.049 GC heap after
{Heap after GC invocations=38 (full 0):
 garbage-first heap   total 273408K, used 218446K [0x0000000080000000, 0x0000000100000000)
  region size 1024K, 3 young (3072K), 3 survivors (3072K)
 Metaspace       used 112460K, capacity 115960K, committed 116136K, reserved 1148928K
  class space    used 14816K, capacity 16198K, committed 16236K, reserved 1048576K
}
Event: 29.093 GC heap before
{Heap before GC invocations=38 (full 0):
 garbage-first heap   total 273408K, used 231758K [0x0000000080000000, 0x0000000100000000)
  region size 1024K, 16 young (16384K), 3 survivors (3072K)
 Metaspace       used 112490K, capacity 115988K, committed 116136K, reserved 1148928K
  class space    used 14821K, capacity 16207K, committed 16236K, reserved 1048576K
}
Event: 29.104 GC heap after
{Heap after GC invocations=39 (full 0):
 garbage-first heap   total 273408K, used 226139K [0x0000000080000000, 0x0000000100000000)
  region size 1024K, 2 young (2048K), 2 survivors (2048K)
 Metaspace       used 112490K, capacity 115988K, committed 116136K, reserved 1148928K
  class space    used 14821K, capacity 16207K, committed 16236K, reserved 1048576K
}
Event: 29.167 GC heap before
{Heap before GC invocations=39 (full 0):
 garbage-first heap   total 273408K, used 235355K [0x0000000080000000, 0x0000000100000000)
  region size 1024K, 13 young (13312K), 2 survivors (2048K)
 Metaspace       used 112178K, capacity 115486K, committed 116136K, reserved 1148928K
  class space    used 14708K, capacity 16000K, committed 16236K, reserved 1048576K
}

Deoptimization events (20 events):
Event: 29.163 Thread 0x0000027eab37e000 Uncommon trap: trap_request=0xffffffde fr.pc=0x0000027e9b5a5aec relative=0x000000000000052c
Event: 29.163 Thread 0x0000027eab37e000 Uncommon trap: reason=class_check action=maybe_recompile pc=0x0000027e9b5a5aec method=jdk.internal.ref.PhantomCleanable.clean()V @ 12 c2
Event: 29.163 Thread 0x0000027eab37e000 DEOPT PACKING pc=0x0000027e9b5a5aec sp=0x000000dd8ffff460
Event: 29.163 Thread 0x0000027eab37e000 DEOPT UNPACKING pc=0x0000027e9380a1af sp=0x000000dd8ffff440 mode 2
Event: 29.163 Thread 0x0000027eaddb7000 Uncommon trap: trap_request=0xffffffde fr.pc=0x0000027e9bc19644 relative=0x0000000000000164
Event: 29.163 Thread 0x0000027eaddb7000 Uncommon trap: reason=class_check action=maybe_recompile pc=0x0000027e9bc19644 method=com.android.tools.r8.internal.Ap1.a(Lcom/android/tools/r8/internal/Ap1;Lcom/android/tools/r8/internal/II0;)I @ 19 c2
Event: 29.163 Thread 0x0000027eaddb7000 DEOPT PACKING pc=0x0000027e9bc19644 sp=0x000000dd992fc3d0
Event: 29.163 Thread 0x0000027eaddb7000 DEOPT UNPACKING pc=0x0000027e9380a1af sp=0x000000dd992fc378 mode 2
Event: 29.163 Thread 0x0000027eaddb7000 Uncommon trap: trap_request=0xffffffde fr.pc=0x0000027e9bc19644 relative=0x0000000000000164
Event: 29.163 Thread 0x0000027eaddb7000 Uncommon trap: reason=class_check action=maybe_recompile pc=0x0000027e9bc19644 method=com.android.tools.r8.internal.Ap1.a(Lcom/android/tools/r8/internal/Ap1;Lcom/android/tools/r8/internal/II0;)I @ 19 c2
Event: 29.163 Thread 0x0000027eaddb7000 DEOPT PACKING pc=0x0000027e9bc19644 sp=0x000000dd992fc1f0
Event: 29.163 Thread 0x0000027eaddb7000 DEOPT UNPACKING pc=0x0000027e9380a1af sp=0x000000dd992fc180 mode 2
Event: 29.163 Thread 0x0000027eaddb7000 Uncommon trap: trap_request=0xffffffde fr.pc=0x0000027e9bc19644 relative=0x0000000000000164
Event: 29.163 Thread 0x0000027eaddb7000 Uncommon trap: reason=class_check action=maybe_recompile pc=0x0000027e9bc19644 method=com.android.tools.r8.internal.Ap1.a(Lcom/android/tools/r8/internal/Ap1;Lcom/android/tools/r8/internal/II0;)I @ 19 c2
Event: 29.163 Thread 0x0000027eaddb7000 DEOPT PACKING pc=0x0000027e9bc19644 sp=0x000000dd992fc3d0
Event: 29.163 Thread 0x0000027eaddb7000 DEOPT UNPACKING pc=0x0000027e9380a1af sp=0x000000dd992fc378 mode 2
Event: 29.163 Thread 0x0000027eaddb7000 Uncommon trap: trap_request=0xffffffde fr.pc=0x0000027e9bc19644 relative=0x0000000000000164
Event: 29.164 Thread 0x0000027eaddb7000 Uncommon trap: reason=class_check action=maybe_recompile pc=0x0000027e9bc19644 method=com.android.tools.r8.internal.Ap1.a(Lcom/android/tools/r8/internal/Ap1;Lcom/android/tools/r8/internal/II0;)I @ 19 c2
Event: 29.164 Thread 0x0000027eaddb7000 DEOPT PACKING pc=0x0000027e9bc19644 sp=0x000000dd992fc1f0
Event: 29.164 Thread 0x0000027eaddb7000 DEOPT UNPACKING pc=0x0000027e9380a1af sp=0x000000dd992fc180 mode 2

Classes redefined (0 events):
No events

Internal exceptions (20 events):
Event: 27.874 Thread 0x0000027eaddb3800 Exception <a 'java/lang/NoSuchMethodError'{0x000000008d5273e0}: 'java.lang.Object java.lang.invoke.DirectMethodHandle$Holder.invokeVirtual(java.lang.Object, java.lang.Object, int)'> (0x000000008d5273e0) thrown at [./src/hotspot/share/interpreter/linkResolver.cpp, line 773]
Event: 27.977 Thread 0x0000027eaddb7000 Exception <a 'java/lang/NoSuchMethodError'{0x000000008cdeddb0}: 'java.lang.Object java.lang.invoke.DirectMethodHandle$Holder.invokeVirtual(java.lang.Object, java.lang.Object, int, java.lang.Object)'> (0x000000008cdeddb0) thrown at [./src/hotspot/share/interpreter/linkResolver.cpp, line 773]
Event: 28.084 Thread 0x0000027eaddb1000 Exception <a 'java/lang/IncompatibleClassChangeError'{0x000000008c442cd8}: Found class java.lang.Object, but interface was expected> (0x000000008c442cd8) thrown at [./src/hotspot/share/interpreter/linkResolver.cpp, line 839]
Event: 28.084 Thread 0x0000027eaddb5000 Exception <a 'java/lang/IncompatibleClassChangeError'{0x000000008c404258}: Found class java.lang.Object, but interface was expected> (0x000000008c404258) thrown at [./src/hotspot/share/interpreter/linkResolver.cpp, line 839]
Event: 28.084 Thread 0x0000027eaddb2000 Exception <a 'java/lang/IncompatibleClassChangeError'{0x000000008c43d788}: Found class java.lang.Object, but interface was expected> (0x000000008c43d788) thrown at [./src/hotspot/share/interpreter/linkResolver.cpp, line 839]
Event: 28.084 Thread 0x0000027eaddb7000 Exception <a 'java/lang/IncompatibleClassChangeError'{0x000000008c446e08}: Found class java.lang.Object, but interface was expected> (0x000000008c446e08) thrown at [./src/hotspot/share/interpreter/linkResolver.cpp, line 839]
Event: 28.088 Thread 0x0000027eaddb7000 Exception <a 'java/lang/IncompatibleClassChangeError'{0x000000008c4ef6a0}: Found class java.lang.Object, but interface was expected> (0x000000008c4ef6a0) thrown at [./src/hotspot/share/interpreter/linkResolver.cpp, line 839]
Event: 28.204 Thread 0x0000027eaddb2000 Exception <a 'java/lang/NoSuchMethodError'{0x000000008fc08dc0}: 'void java.lang.invoke.DirectMethodHandle$Holder.invokeVirtual(java.lang.Object, java.lang.Object, int, java.lang.Object)'> (0x000000008fc08dc0) thrown at [./src/hotspot/share/interpreter/linkResolver.cpp, line 773]
Event: 28.209 Thread 0x0000027eacc72800 Exception <a 'java/lang/NoSuchMethodError'{0x000000008fb603e8}: <clinit>> (0x000000008fb603e8) thrown at [./src/hotspot/share/prims/jni.cpp, line 1366]
Event: 28.215 Thread 0x0000027eacc72800 Exception <a 'java/lang/NoSuchMethodError'{0x000000008fa18eb0}: <clinit>> (0x000000008fa18eb0) thrown at [./src/hotspot/share/prims/jni.cpp, line 1366]
Event: 28.293 Thread 0x0000027eaddb5000 Exception <a 'java/lang/NoSuchMethodError'{0x000000008ed07b98}: 'java.lang.Object java.lang.invoke.DirectMethodHandle$Holder.newInvokeSpecial(java.lang.Object, int)'> (0x000000008ed07b98) thrown at [./src/hotspot/share/interpreter/linkResolver.cpp, line 773]
Event: 28.293 Thread 0x0000027eaddb7000 Exception <a 'java/lang/NoSuchMethodError'{0x000000008ebd0308}: 'java.lang.Object java.lang.invoke.DirectMethodHandle$Holder.newInvokeSpecial(java.lang.Object, int)'> (0x000000008ebd0308) thrown at [./src/hotspot/share/interpreter/linkResolver.cpp, line 773]
Event: 28.293 Thread 0x0000027eaddb2000 Exception <a 'java/lang/NoSuchMethodError'{0x000000008eb02318}: 'java.lang.Object java.lang.invoke.DirectMethodHandle$Holder.newInvokeSpecial(java.lang.Object, int)'> (0x000000008eb02318) thrown at [./src/hotspot/share/interpreter/linkResolver.cpp, line 773]
Event: 28.293 Thread 0x0000027eaddb1000 Exception <a 'java/lang/NoSuchMethodError'{0x000000008eb66af0}: 'java.lang.Object java.lang.invoke.DirectMethodHandle$Holder.newInvokeSpecial(java.lang.Object, int)'> (0x000000008eb66af0) thrown at [./src/hotspot/share/interpreter/linkResolver.cpp, line 773]
Event: 28.334 Thread 0x0000027eaddb7000 Exception <a 'java/lang/NoSuchMethodError'{0x000000008e47a288}: 'long java.lang.invoke.DirectMethodHandle$Holder.invokeStatic(java.lang.Object, java.lang.Object)'> (0x000000008e47a288) thrown at [./src/hotspot/share/interpreter/linkResolver.cpp, line 773]
Event: 28.335 Thread 0x0000027eaddb1000 Exception <a 'java/lang/NoSuchMethodError'{0x000000008e48f090}: 'long java.lang.invoke.DirectMethodHandle$Holder.invokeStatic(java.lang.Object, java.lang.Object)'> (0x000000008e48f090) thrown at [./src/hotspot/share/interpreter/linkResolver.cpp, line 773]
Event: 28.621 Thread 0x0000027eaddb7000 Exception <a 'java/lang/NoSuchMethodError'{0x000000008f4ec110}: 'java.lang.Object java.lang.invoke.Invokers$Holder.linkToTargetMethod(java.lang.Object, int, java.lang.Object, java.lang.Object, java.lang.Object, java.lang.Object)'> (0x000000008f4ec110) thrown at [./src/hotspot/share/interpreter/linkResolver.cpp, line 773]
Event: 28.623 Thread 0x0000027eaddb7000 Exception <a 'java/lang/NoSuchMethodError'{0x000000008f306190}: 'java.lang.Object java.lang.invoke.Invokers$Holder.linkToTargetMethod(java.lang.Object, java.lang.Object, java.lang.Object, int, java.lang.Object, java.lang.Object, java.lang.Object)'> (0x000000008f306190) thrown at [./src/hotspot/share/interpreter/linkResolver.cpp, line 773]
Event: 28.629 Thread 0x0000027eaddb7000 Exception <a 'java/lang/NoSuchMethodError'{0x000000008f32f470}: 'void java.lang.invoke.DirectMethodHandle$Holder.invokeStatic(java.lang.Object, java.lang.Object, java.lang.Object, java.lang.Object, java.lang.Object, java.lang.Object, java.lang.Object, java.lang.Object)'> (0x000000008f32f470) thrown at [./src/hotspot/share/interpreter/linkResolver.cpp, line 773]
Event: 28.838 Thread 0x0000027eaddb7000 Exception <a 'java/lang/IncompatibleClassChangeError'{0x000000008fc420d0}: Found class java.lang.Object, but interface was expected> (0x000000008fc420d0) thrown at [./src/hotspot/share/interpreter/linkResolver.cpp, line 839]

Events (20 events):
Event: 29.163 loading class com/android/tools/r8/internal/fd1
Event: 29.163 loading class com/android/tools/r8/internal/fd1 done
Event: 29.163 loading class com/android/tools/r8/internal/fd1
Event: 29.163 loading class com/android/tools/r8/internal/fd1 done
Event: 29.164 loading class com/android/tools/r8/graph/L0
Event: 29.164 loading class com/android/tools/r8/graph/L0 done
Event: 29.164 loading class com/android/tools/r8/internal/fd1
Event: 29.164 loading class com/android/tools/r8/internal/fd1 done
Event: 29.165 loading class com/android/tools/r8/internal/fd1
Event: 29.165 loading class com/android/tools/r8/internal/fd1 done
Event: 29.165 loading class com/android/tools/r8/graph/k0
Event: 29.165 loading class com/android/tools/r8/graph/k0 done
Event: 29.165 loading class com/android/tools/r8/internal/fd1
Event: 29.165 loading class com/android/tools/r8/internal/fd1 done
Event: 29.165 loading class com/android/tools/r8/internal/fd1
Event: 29.165 loading class com/android/tools/r8/internal/fd1 done
Event: 29.165 Executing VM operation: RevokeBias
Event: 29.166 loading class com/android/tools/r8/internal/fd1
Event: 29.166 loading class com/android/tools/r8/internal/fd1 done
Event: 29.167 Executing coalesced safepoint VM operation: G1CollectForAllocation


Dynamic libraries:
0x00007ff771150000 - 0x00007ff77115a000 	C:\Program Files\Android\Android Studio\jre\bin\java.exe
0x00007fff3ee90000 - 0x00007fff3f088000 	C:\Windows\SYSTEM32\ntdll.dll
0x00007fff3e110000 - 0x00007fff3e1cf000 	C:\Windows\System32\KERNEL32.DLL
0x00007fff3c700000 - 0x00007fff3c9d2000 	C:\Windows\System32\KERNELBASE.dll
0x00007fff3ca10000 - 0x00007fff3cb10000 	C:\Windows\System32\ucrtbase.dll
0x00007fff36770000 - 0x00007fff36789000 	C:\Program Files\Android\Android Studio\jre\bin\jli.dll
0x00007fff36750000 - 0x00007fff36767000 	C:\Program Files\Android\Android Studio\jre\bin\VCRUNTIME140.dll
0x00007fff3d0a0000 - 0x00007fff3d241000 	C:\Windows\System32\USER32.dll
0x00007fff3c9e0000 - 0x00007fff3ca02000 	C:\Windows\System32\win32u.dll
0x00007fff3dd70000 - 0x00007fff3dd9b000 	C:\Windows\System32\GDI32.dll
0x00007fff3c580000 - 0x00007fff3c68f000 	C:\Windows\System32\gdi32full.dll
0x00007fff2bae0000 - 0x00007fff2bd7a000 	C:\Windows\WinSxS\amd64_microsoft.windows.common-controls_6595b64144ccf1df_6.0.19041.1110_none_60b5254171f9507e\COMCTL32.dll
0x00007fff3cb10000 - 0x00007fff3cbad000 	C:\Windows\System32\msvcp_win.dll
0x00007fff3e780000 - 0x00007fff3e81e000 	C:\Windows\System32\msvcrt.dll
0x00007fff3dda0000 - 0x00007fff3ddd2000 	C:\Windows\System32\IMM32.DLL
0x00007fff3c150000 - 0x00007fff3c247000 	C:\Windows\system32\guard64.dll
0x00007fff3eb50000 - 0x00007fff3ebfe000 	C:\Windows\System32\ADVAPI32.dll
0x00007fff3cf30000 - 0x00007fff3cfcc000 	C:\Windows\System32\sechost.dll
0x00007fff3e900000 - 0x00007fff3ea25000 	C:\Windows\System32\RPCRT4.dll
0x00007fff3c140000 - 0x00007fff3c14a000 	C:\Windows\system32\version.dll
0x00007fff3dfe0000 - 0x00007fff3e10a000 	C:\Windows\System32\ole32.dll
0x00007fff3d9a0000 - 0x00007fff3dcf5000 	C:\Windows\System32\combase.dll
0x00007fff3c130000 - 0x00007fff3c13b000 	C:\Windows\system32\fltlib.dll
0x00007fff3d250000 - 0x00007fff3d994000 	C:\Windows\System32\shell32.dll
0x00007fff2f8c0000 - 0x00007fff2f95d000 	C:\Program Files\Android\Android Studio\jre\bin\msvcp140.dll
0x00007ffee1fa0000 - 0x00007ffee2aa2000 	C:\Program Files\Android\Android Studio\jre\bin\server\jvm.dll
0x00007fff3e1d0000 - 0x00007fff3e1d8000 	C:\Windows\System32\PSAPI.DLL
0x00007fff37960000 - 0x00007fff37969000 	C:\Windows\SYSTEM32\WSOCK32.dll
0x00007fff3dec0000 - 0x00007fff3df2b000 	C:\Windows\System32\WS2_32.dll
0x00007fff2f300000 - 0x00007fff2f327000 	C:\Windows\SYSTEM32\WINMM.dll
0x00007fff3a500000 - 0x00007fff3a512000 	C:\Windows\SYSTEM32\kernel.appcore.dll
0x00007fff304b0000 - 0x00007fff304c1000 	C:\Program Files\Android\Android Studio\jre\bin\verify.dll
0x00007fff28880000 - 0x00007fff28a64000 	C:\Windows\SYSTEM32\DBGHELP.DLL
0x00007fff28820000 - 0x00007fff28855000 	C:\Windows\SYSTEM32\dbgcore.DLL
0x00007fff3cbb0000 - 0x00007fff3cc32000 	C:\Windows\System32\bcryptPrimitives.dll
0x00007fff30430000 - 0x00007fff30459000 	C:\Program Files\Android\Android Studio\jre\bin\java.dll
0x00007fff304a0000 - 0x00007fff304ab000 	C:\Program Files\Android\Android Studio\jre\bin\jimage.dll
0x00007fff30290000 - 0x00007fff302a8000 	C:\Program Files\Android\Android Studio\jre\bin\zip.dll
0x00007fff3a520000 - 0x00007fff3acb2000 	C:\Windows\SYSTEM32\windows.storage.dll
0x00007fff3bde0000 - 0x00007fff3be10000 	C:\Windows\SYSTEM32\Wldp.dll
0x00007fff3df30000 - 0x00007fff3dfdd000 	C:\Windows\System32\SHCORE.dll
0x00007fff3dd10000 - 0x00007fff3dd65000 	C:\Windows\System32\shlwapi.dll
0x00007fff3c4c0000 - 0x00007fff3c4df000 	C:\Windows\SYSTEM32\profapi.dll
0x00007fff30270000 - 0x00007fff3028a000 	C:\Program Files\Android\Android Studio\jre\bin\net.dll
0x00007fff33bc0000 - 0x00007fff33ccc000 	C:\Windows\SYSTEM32\WINHTTP.dll
0x00007fff3bb40000 - 0x00007fff3bbaa000 	C:\Windows\system32\mswsock.dll
0x00007fff30250000 - 0x00007fff30264000 	C:\Program Files\Android\Android Studio\jre\bin\nio.dll
0x00007fff36790000 - 0x00007fff367b7000 	C:\Users\91989\.gradle\native\e1d6ef7f7dcc3fd88c89a11ec53ec762bb8ba0a96d01ffa2cd45eb1d1d8dd5c5\windows-amd64\native-platform.dll
0x00007fff26260000 - 0x00007fff263a4000 	C:\Users\91989\.gradle\native\5664cfc778a61ccfe75a443a1ab52a65af34e5dc3c78e0209fed803814484fcb\windows-amd64\native-platform-file-events.dll
0x00007fff30490000 - 0x00007fff3049a000 	C:\Program Files\Android\Android Studio\jre\bin\management.dll
0x00007fff30310000 - 0x00007fff3031d000 	C:\Program Files\Android\Android Studio\jre\bin\management_ext.dll
0x00007fff3bd30000 - 0x00007fff3bd48000 	C:\Windows\SYSTEM32\CRYPTSP.dll
0x00007fff3b460000 - 0x00007fff3b494000 	C:\Windows\system32\rsaenh.dll
0x00007fff3cd40000 - 0x00007fff3cd67000 	C:\Windows\System32\bcrypt.dll
0x00007fff3c480000 - 0x00007fff3c4ae000 	C:\Windows\SYSTEM32\USERENV.dll
0x00007fff3bd50000 - 0x00007fff3bd5c000 	C:\Windows\SYSTEM32\CRYPTBASE.dll
0x00007fff3b830000 - 0x00007fff3b86b000 	C:\Windows\SYSTEM32\IPHLPAPI.DLL
0x00007fff3ee40000 - 0x00007fff3ee48000 	C:\Windows\System32\NSI.dll
0x00007fff328c0000 - 0x00007fff328d7000 	C:\Windows\SYSTEM32\dhcpcsvc6.DLL
0x00007fff328a0000 - 0x00007fff328bd000 	C:\Windows\SYSTEM32\dhcpcsvc.DLL
0x00007fff3b880000 - 0x00007fff3b94a000 	C:\Windows\SYSTEM32\DNSAPI.dll

dbghelp: loaded successfully - version: 4.0.5 - missing functions: none
symbol engine: initialized successfully - sym options: 0x614 - pdb path: .;C:\Program Files\Android\Android Studio\jre\bin;C:\Windows\SYSTEM32;C:\Windows\WinSxS\amd64_microsoft.windows.common-controls_6595b64144ccf1df_6.0.19041.1110_none_60b5254171f9507e;C:\Program Files\Android\Android Studio\jre\bin\server;C:\Users\91989\.gradle\native\e1d6ef7f7dcc3fd88c89a11ec53ec762bb8ba0a96d01ffa2cd45eb1d1d8dd5c5\windows-amd64;C:\Users\91989\.gradle\native\5664cfc778a61ccfe75a443a1ab52a65af34e5dc3c78e0209fed803814484fcb\windows-amd64

VM Arguments:
jvm_args: --add-opens=java.base/java.util=ALL-UNNAMED --add-opens=java.base/java.lang=ALL-UNNAMED --add-opens=java.base/java.lang.invoke=ALL-UNNAMED --add-opens=java.base/java.util=ALL-UNNAMED --add-opens=java.prefs/java.util.prefs=ALL-UNNAMED --add-opens=java.prefs/java.util.prefs=ALL-UNNAMED --add-opens=java.base/java.nio.charset=ALL-UNNAMED --add-opens=java.base/java.net=ALL-UNNAMED --add-opens=java.base/java.util.concurrent.atomic=ALL-UNNAMED -Xmx2048m -Dfile.encoding=UTF-8 -Duser.country=IN -Duser.language=en -Duser.variant 
java_command: org.gradle.launcher.daemon.bootstrap.GradleDaemon 7.2
java_class_path (initial): C:\Users\91989\.gradle\wrapper\dists\gradle-7.2-bin\2dnblmf4td7x66yl1d74lt32g\gradle-7.2\lib\gradle-launcher-7.2.jar
Launcher Type: SUN_STANDARD

[Global flags]
     intx CICompilerCount                          = 4                                         {product} {ergonomic}
     uint ConcGCThreads                            = 2                                         {product} {ergonomic}
     uint G1ConcRefinementThreads                  = 8                                         {product} {ergonomic}
   size_t G1HeapRegionSize                         = 1048576                                   {product} {ergonomic}
    uintx GCDrainStackTargetSize                   = 64                                        {product} {ergonomic}
   size_t InitialHeapSize                          = 134217728                                 {product} {ergonomic}
   size_t MarkStackSize                            = 4194304                                   {product} {ergonomic}
   size_t MaxHeapSize                              = 2147483648                                {product} {command line}
   size_t MaxNewSize                               = 1287651328                                {product} {ergonomic}
   size_t MinHeapDeltaBytes                        = 1048576                                   {product} {ergonomic}
    uintx NonNMethodCodeHeapSize                   = 5836300                                {pd product} {ergonomic}
    uintx NonProfiledCodeHeapSize                  = 122910970                              {pd product} {ergonomic}
    uintx ProfiledCodeHeapSize                     = 122910970                              {pd product} {ergonomic}
    uintx ReservedCodeCacheSize                    = 251658240                              {pd product} {ergonomic}
     bool SegmentedCodeCache                       = true                                      {product} {ergonomic}
     bool UseCompressedClassPointers               = true                                 {lp64_product} {ergonomic}
     bool UseCompressedOops                        = true                                 {lp64_product} {ergonomic}
     bool UseG1GC                                  = true                                      {product} {ergonomic}
     bool UseLargePagesIndividualAllocation        = false                                  {pd product} {ergonomic}

Logging:
Log output configuration:
 #0: stdout all=warning uptime,level,tags
 #1: stderr all=off uptime,level,tags

Environment Variables:
PATH=C:\Windows\system32;C:\Windows;C:\Windows\System32\Wbem;C:\Windows\System32\WindowsPowerShell\v1.0\;C:\Windows\System32\OpenSSH\;C:\Program Files\Git\cmd;C:\Users\91989\AppData\Local\Microsoft\WindowsApps;
USERNAME=91989
OS=Windows_NT
PROCESSOR_IDENTIFIER=Intel64 Family 6 Model 60 Stepping 3, GenuineIntel



---------------  S Y S T E M  ---------------

OS: Windows 10 , 64 bit Build 19041 (10.0.19041.2364)
OS uptime: 1 days 6:07 hours

CPU:total 8 (initial active 8) (4 cores per cpu, 2 threads per core) family 6 model 60 stepping 3 microcode 0x27, cmov, cx8, fxsr, mmx, sse, sse2, sse3, ssse3, sse4.1, sse4.2, popcnt, avx, avx2, aes, clmul, erms, lzcnt, ht, tsc, tscinvbit, bmi1, bmi2, fma

Memory: 4k page, system-wide physical 8124M (574M free)
TotalPageFile size 10172M (AvailPageFile size 46M)
current process WorkingSet (physical memory assigned to process): 619M, peak: 622M
current process commit charge ("private bytes"): 656M, peak: 710M

vm_info: OpenJDK 64-Bit Server VM (11.0.13+0-b1751.21-8125866) for windows-amd64 JRE (11.0.13+0-b1751.21-8125866), built on Feb  2 2022 03:00:22 by "builder" with MS VC++ 14.0 (VS2015)

END.
