#
# There is insufficient memory for the Java Runtime Environment to continue.
# Native memory allocation (malloc) failed to allocate 1095696 bytes for Chunk::new
# Possible reasons:
#   The system is out of physical RAM or swap space
#   The process is running with CompressedOops enabled, and the Java Heap may be blocking the growth of the native heap
# Possible solutions:
#   Reduce memory load on the system
#   Increase physical memory or swap space
#   Check if swap backing store is full
#   Decrease Java heap size (-Xmx/-Xms)
#   Decrease number of Java threads
#   Decrease Java thread stack sizes (-Xss)
#   Set larger code cache with -XX:ReservedCodeCacheSize=
#   JVM is running with Unscaled Compressed Oops mode in which the Java heap is
#     placed in the first 4GB address space. The Java Heap base address is the
#     maximum limit for the native heap growth. Please use -XX:HeapBaseMinAddress
#     to set the Java Heap base and to place the Java Heap above 4GB virtual address.
# This output file may be truncated or incomplete.
#
#  Out of Memory Error (./src/hotspot/share/memory/arena.cpp:197), pid=65692, tid=63728
#
# JRE version: OpenJDK Runtime Environment (11.0.13) (build 11.0.13+0-b1751.21-8125866)
# Java VM: OpenJDK 64-Bit Server VM (11.0.13+0-b1751.21-8125866, mixed mode, tiered, compressed oops, g1 gc, windows-amd64)
# No core dump will be written. Minidumps are not enabled by default on client versions of Windows
#

---------------  S U M M A R Y ------------

Command Line: --add-opens=java.base/java.util=ALL-UNNAMED --add-opens=java.base/java.lang=ALL-UNNAMED --add-opens=java.base/java.lang.invoke=ALL-UNNAMED --add-opens=java.base/java.util=ALL-UNNAMED --add-opens=java.prefs/java.util.prefs=ALL-UNNAMED --add-opens=java.prefs/java.util.prefs=ALL-UNNAMED --add-opens=java.base/java.nio.charset=ALL-UNNAMED --add-opens=java.base/java.net=ALL-UNNAMED --add-opens=java.base/java.util.concurrent.atomic=ALL-UNNAMED -Xmx2048m -Dfile.encoding=UTF-8 -Duser.country=IN -Duser.language=en -Duser.variant org.gradle.launcher.daemon.bootstrap.GradleDaemon 7.2

Host: Intel(R) Core(TM) i7-4700MQ CPU @ 2.40GHz, 8 cores, 7G,  Windows 10 , 64 bit Build 19041 (10.0.19041.2364)
Time: Fri Jan  6 15:24:45 2023 India Standard Time elapsed time: 11.616487 seconds (0d 0h 0m 11s)

---------------  T H R E A D  ---------------

Current thread (0x00000295f494e000):  JavaThread "C2 CompilerThread2" daemon [_thread_in_native, id=63728, stack(0x000000f9c0a00000,0x000000f9c0b00000)]


Current CompileTask:
C2:  11616 7170 %     4       org.gradle.internal.instantiation.generator.AbstractClassGenerator::inspectType @ 107 (560 bytes)

Stack: [0x000000f9c0a00000,0x000000f9c0b00000]
Native frames: (J=compiled Java code, j=interpreted, Vv=VM code, C=native code)
V  [jvm.dll+0x6100fa]
V  [jvm.dll+0x747090]
V  [jvm.dll+0x7486ad]
V  [jvm.dll+0x748d83]
V  [jvm.dll+0x24ab48]
V  [jvm.dll+0xc04dc]
V  [jvm.dll+0xc0a0c]
V  [jvm.dll+0x2bfab4]
V  [jvm.dll+0x524238]
V  [jvm.dll+0x204802]
V  [jvm.dll+0x2023c2]
V  [jvm.dll+0x188e01]
V  [jvm.dll+0x21106b]
V  [jvm.dll+0x20f8c1]
V  [jvm.dll+0x70de0f]
V  [jvm.dll+0x706a75]
V  [jvm.dll+0x60ed66]
C  [ucrtbase.dll+0x21bb2]
C  [KERNEL32.DLL+0x17614]
C  [ntdll.dll+0x526a1]


---------------  P R O C E S S  ---------------

Threads class SMR info:
_java_thread_list=0x00000295f98ce6b0, length=124, elements={
0x00000295d44b5800, 0x00000295ef158800, 0x00000295ef163800, 0x00000295ef1b1000,
0x00000295ef1b2000, 0x00000295ef1b5800, 0x00000295ef1b7800, 0x00000295ef1c0800,
0x00000295ef1cd800, 0x00000295ef328000, 0x00000295f0b67000, 0x00000295f0c0b000,
0x00000295f1040800, 0x00000295f0443000, 0x00000295f05c2800, 0x00000295f0135000,
0x00000295f1dd7800, 0x00000295f1e7e800, 0x00000295f220d000, 0x00000295f1587800,
0x00000295f064d000, 0x00000295f1739800, 0x00000295f1737000, 0x00000295f1738000,
0x00000295f1736800, 0x00000295f1734000, 0x00000295f1738800, 0x00000295f173a800,
0x00000295f1734800, 0x00000295f1735800, 0x00000295f2aad000, 0x00000295f2ab0000,
0x00000295f2aaf800, 0x00000295f2ab1000, 0x00000295f2ab2000, 0x00000295f2aac000,
0x00000295f2ab2800, 0x00000295f2ab3800, 0x00000295f2aae000, 0x00000295f494e000,
0x00000295f2aae800, 0x00000295f2ab8800, 0x00000295f2ab7800, 0x00000295f2ab5000,
0x00000295f2aba000, 0x00000295f2ab6000, 0x00000295f2ab6800, 0x00000295f5015000,
0x00000295f5015800, 0x00000295f5013000, 0x00000295f5016800, 0x00000295f5011800,
0x00000295f5011000, 0x00000295f5017800, 0x00000295f5018000, 0x00000295f5012800,
0x00000295f5014000, 0x00000295f501a800, 0x00000295f501e000, 0x00000295f501b800,
0x00000295f501a000, 0x00000295f501c000, 0x00000295f5019000, 0x00000295f501e800,
0x00000295f501f800, 0x00000295f501d000, 0x00000295f6203800, 0x00000295f6203000,
0x00000295f6202000, 0x00000295f6206000, 0x00000295f6204800, 0x00000295f6205800,
0x00000295f6207000, 0x00000295f6201000, 0x00000295f620c000, 0x00000295f6207800,
0x00000295f620c800, 0x00000295f620d800, 0x00000295f620e800, 0x00000295f6208800,
0x00000295f620a000, 0x00000295f6209800, 0x00000295f620f000, 0x00000295f620b000,
0x00000295f6210000, 0x00000295f2cf6800, 0x00000295f2cf7000, 0x00000295f2cf9000,
0x00000295f2cf8000, 0x00000295f2cf9800, 0x00000295f2cfa800, 0x00000295f2cf4800,
0x00000295f2cfb800, 0x00000295f2cf5800, 0x00000295f641d000, 0x00000295f641b800,
0x00000295f641a800, 0x00000295f6419000, 0x00000295f641c000, 0x00000295f6418000,
0x00000295f6417800, 0x00000295f641e800, 0x00000295f641e000, 0x00000295f641f800,
0x00000295f6419800, 0x00000295f6423800, 0x00000295f6424800, 0x00000295f6425000,
0x00000295f6420800, 0x00000295f6426000, 0x00000295f6422800, 0x00000295f6421000,
0x00000295f6422000, 0x00000295f66ff800, 0x00000295f6703800, 0x00000295f6704000,
0x00000295f6700000, 0x00000295f66fe800, 0x00000295f6705000, 0x00000295f6701000,
0x00000295f6702800, 0x00000295f6706000, 0x00000295f6706800, 0x00000295f6707800
}

Java Threads: ( => current thread )
  0x00000295d44b5800 JavaThread "main" [_thread_blocked, id=62924, stack(0x000000f9bd400000,0x000000f9bd500000)]
  0x00000295ef158800 JavaThread "Reference Handler" daemon [_thread_blocked, id=51688, stack(0x000000f9bdb00000,0x000000f9bdc00000)]
  0x00000295ef163800 JavaThread "Finalizer" daemon [_thread_blocked, id=65992, stack(0x000000f9bdc00000,0x000000f9bdd00000)]
  0x00000295ef1b1000 JavaThread "Signal Dispatcher" daemon [_thread_blocked, id=62556, stack(0x000000f9bdd00000,0x000000f9bde00000)]
  0x00000295ef1b2000 JavaThread "Attach Listener" daemon [_thread_blocked, id=66720, stack(0x000000f9bde00000,0x000000f9bdf00000)]
  0x00000295ef1b5800 JavaThread "Service Thread" daemon [_thread_blocked, id=61972, stack(0x000000f9bdf00000,0x000000f9be000000)]
  0x00000295ef1b7800 JavaThread "C2 CompilerThread0" daemon [_thread_in_native, id=63928, stack(0x000000f9be000000,0x000000f9be100000)]
  0x00000295ef1c0800 JavaThread "C1 CompilerThread0" daemon [_thread_in_native, id=50940, stack(0x000000f9be100000,0x000000f9be200000)]
  0x00000295ef1cd800 JavaThread "Sweeper thread" daemon [_thread_blocked, id=20024, stack(0x000000f9be200000,0x000000f9be300000)]
  0x00000295ef328000 JavaThread "Common-Cleaner" daemon [_thread_blocked, id=66476, stack(0x000000f9be300000,0x000000f9be400000)]
  0x00000295f0b67000 JavaThread "Daemon health stats" [_thread_blocked, id=64376, stack(0x000000f9be900000,0x000000f9bea00000)]
  0x00000295f0c0b000 JavaThread "Incoming local TCP Connector on port 63570" [_thread_in_native, id=64236, stack(0x000000f9be500000,0x000000f9be600000)]
  0x00000295f1040800 JavaThread "Daemon periodic checks" [_thread_blocked, id=18964, stack(0x000000f9be600000,0x000000f9be700000)]
  0x00000295f0443000 JavaThread "Daemon" [_thread_blocked, id=7060, stack(0x000000f9bea00000,0x000000f9beb00000)]
  0x00000295f05c2800 JavaThread "Handler for socket connection from /127.0.0.1:63570 to /127.0.0.1:63571" [_thread_in_native, id=66092, stack(0x000000f9beb00000,0x000000f9bec00000)]
  0x00000295f0135000 JavaThread "Cancel handler" [_thread_blocked, id=67896, stack(0x000000f9bec00000,0x000000f9bed00000)]
  0x00000295f1dd7800 JavaThread "Daemon worker" [_thread_in_vm, id=50944, stack(0x000000f9bed00000,0x000000f9bee00000)]
  0x00000295f1e7e800 JavaThread "C2 CompilerThread1" daemon [_thread_in_native, id=66740, stack(0x000000f9bee00000,0x000000f9bef00000)]
  0x00000295f220d000 JavaThread "Asynchronous log dispatcher for DefaultDaemonConnection: socket connection from /127.0.0.1:63570 to /127.0.0.1:63571" [_thread_blocked, id=67732, stack(0x000000f9bef00000,0x000000f9bf000000)]
  0x00000295f1587800 JavaThread "Stdin handler" [_thread_blocked, id=56896, stack(0x000000f9bf000000,0x000000f9bf100000)]
  0x00000295f064d000 JavaThread "Daemon client event forwarder" [_thread_blocked, id=67808, stack(0x000000f9bf100000,0x000000f9bf200000)]
  0x00000295f1739800 JavaThread "Cache worker for journal cache (C:\Users\91989\.gradle\caches\journal-1)" [_thread_blocked, id=50504, stack(0x000000f9bf700000,0x000000f9bf800000)]
  0x00000295f1737000 JavaThread "File lock request listener" [_thread_in_native, id=50200, stack(0x000000f9bf800000,0x000000f9bf900000)]
  0x00000295f1738000 JavaThread "Cache worker for file hash cache (C:\Users\91989\.gradle\caches\7.2\fileHashes)" [_thread_blocked, id=41292, stack(0x000000f9bf900000,0x000000f9bfa00000)]
  0x00000295f1736800 JavaThread "Cache worker for file hash cache (F:\clicknow\.gradle\7.2\fileHashes)" [_thread_blocked, id=64492, stack(0x000000f9bfb00000,0x000000f9bfc00000)]
  0x00000295f1734000 JavaThread "File watcher server" daemon [_thread_in_native, id=56336, stack(0x000000f9bfc00000,0x000000f9bfd00000)]
  0x00000295f1738800 JavaThread "File watcher consumer" daemon [_thread_blocked, id=64488, stack(0x000000f9bfd00000,0x000000f9bfe00000)]
  0x00000295f173a800 JavaThread "jar transforms" [_thread_blocked, id=66580, stack(0x000000f9bfe00000,0x000000f9bff00000)]
  0x00000295f1734800 JavaThread "jar transforms Thread 2" [_thread_blocked, id=52744, stack(0x000000f9bff00000,0x000000f9c0000000)]
  0x00000295f1735800 JavaThread "jar transforms Thread 3" [_thread_blocked, id=2972, stack(0x000000f9c0000000,0x000000f9c0100000)]
  0x00000295f2aad000 JavaThread "jar transforms Thread 4" [_thread_blocked, id=62972, stack(0x000000f9c0100000,0x000000f9c0200000)]
  0x00000295f2ab0000 JavaThread "jar transforms Thread 5" [_thread_blocked, id=67968, stack(0x000000f9c0200000,0x000000f9c0300000)]
  0x00000295f2aaf800 JavaThread "jar transforms Thread 6" [_thread_blocked, id=49176, stack(0x000000f9c0300000,0x000000f9c0400000)]
  0x00000295f2ab1000 JavaThread "jar transforms Thread 7" [_thread_blocked, id=65880, stack(0x000000f9c0400000,0x000000f9c0500000)]
  0x00000295f2ab2000 JavaThread "jar transforms Thread 8" [_thread_blocked, id=5196, stack(0x000000f9c0500000,0x000000f9c0600000)]
  0x00000295f2aac000 JavaThread "Cache worker for checksums cache (F:\clicknow\.gradle\checksums)" [_thread_blocked, id=68084, stack(0x000000f9c0600000,0x000000f9c0700000)]
  0x00000295f2ab2800 JavaThread "Cache worker for cache directory md-supplier (C:\Users\91989\.gradle\caches\7.2\md-supplier)" [_thread_blocked, id=68328, stack(0x000000f9c0700000,0x000000f9c0800000)]
  0x00000295f2ab3800 JavaThread "Cache worker for cache directory md-rule (C:\Users\91989\.gradle\caches\7.2\md-rule)" [_thread_blocked, id=65060, stack(0x000000f9c0800000,0x000000f9c0900000)]
  0x00000295f2aae000 JavaThread "Cache worker for execution history cache (C:\Users\91989\.gradle\caches\7.2\executionHistory)" [_thread_blocked, id=67436, stack(0x000000f9c0900000,0x000000f9c0a00000)]
=>0x00000295f494e000 JavaThread "C2 CompilerThread2" daemon [_thread_in_native, id=63728, stack(0x000000f9c0a00000,0x000000f9c0b00000)]
  0x00000295f2aae800 JavaThread "Cache worker for file content cache (C:\Users\91989\.gradle\caches\7.2\fileContent)" [_thread_blocked, id=62644, stack(0x000000f9c0b00000,0x000000f9c0c00000)]
  0x00000295f2ab8800 JavaThread "Cache worker for dependencies-accessors (F:\clicknow\.gradle\7.2\dependencies-accessors)" [_thread_blocked, id=59824, stack(0x000000f9c0c00000,0x000000f9c0d00000)]
  0x00000295f2ab7800 JavaThread "Cache worker for Build Output Cleanup Cache (F:\clicknow\.gradle\buildOutputCleanup)" [_thread_blocked, id=50412, stack(0x000000f9c0d00000,0x000000f9c0e00000)]
  0x00000295f2ab5000 JavaThread "Unconstrained build operations" [_thread_blocked, id=67792, stack(0x000000f9c0e00000,0x000000f9c0f00000)]
  0x00000295f2aba000 JavaThread "Unconstrained build operations Thread 2" [_thread_blocked, id=65384, stack(0x000000f9c0f00000,0x000000f9c1000000)]
  0x00000295f2ab6000 JavaThread "Unconstrained build operations Thread 3" [_thread_blocked, id=66960, stack(0x000000f9c1000000,0x000000f9c1100000)]
  0x00000295f2ab6800 JavaThread "Unconstrained build operations Thread 4" [_thread_blocked, id=51628, stack(0x000000f9c1100000,0x000000f9c1200000)]
  0x00000295f5015000 JavaThread "Unconstrained build operations Thread 5" [_thread_blocked, id=68560, stack(0x000000f9c1200000,0x000000f9c1300000)]
  0x00000295f5015800 JavaThread "Unconstrained build operations Thread 6" [_thread_blocked, id=66060, stack(0x000000f9c1300000,0x000000f9c1400000)]
  0x00000295f5013000 JavaThread "Unconstrained build operations Thread 7" [_thread_blocked, id=64292, stack(0x000000f9c1400000,0x000000f9c1500000)]
  0x00000295f5016800 JavaThread "Unconstrained build operations Thread 8" [_thread_blocked, id=64936, stack(0x000000f9c1500000,0x000000f9c1600000)]
  0x00000295f5011800 JavaThread "Unconstrained build operations Thread 9" [_thread_blocked, id=57232, stack(0x000000f9c1600000,0x000000f9c1700000)]
  0x00000295f5011000 JavaThread "Unconstrained build operations Thread 10" [_thread_blocked, id=61032, stack(0x000000f9c1700000,0x000000f9c1800000)]
  0x00000295f5017800 JavaThread "Unconstrained build operations Thread 11" [_thread_blocked, id=59832, stack(0x000000f9c1800000,0x000000f9c1900000)]
  0x00000295f5018000 JavaThread "Unconstrained build operations Thread 12" [_thread_blocked, id=67652, stack(0x000000f9c1900000,0x000000f9c1a00000)]
  0x00000295f5012800 JavaThread "Unconstrained build operations Thread 13" [_thread_blocked, id=48808, stack(0x000000f9c1a00000,0x000000f9c1b00000)]
  0x00000295f5014000 JavaThread "Unconstrained build operations Thread 14" [_thread_blocked, id=68484, stack(0x000000f9c1b00000,0x000000f9c1c00000)]
  0x00000295f501a800 JavaThread "Unconstrained build operations Thread 15" [_thread_blocked, id=67368, stack(0x000000f9c1c00000,0x000000f9c1d00000)]
  0x00000295f501e000 JavaThread "Unconstrained build operations Thread 16" [_thread_blocked, id=67216, stack(0x000000f9c1d00000,0x000000f9c1e00000)]
  0x00000295f501b800 JavaThread "Unconstrained build operations Thread 17" [_thread_blocked, id=65740, stack(0x000000f9c1e00000,0x000000f9c1f00000)]
  0x00000295f501a000 JavaThread "Unconstrained build operations Thread 18" [_thread_blocked, id=40092, stack(0x000000f9c1f00000,0x000000f9c2000000)]
  0x00000295f501c000 JavaThread "Unconstrained build operations Thread 19" [_thread_blocked, id=66064, stack(0x000000f9c2000000,0x000000f9c2100000)]
  0x00000295f5019000 JavaThread "Unconstrained build operations Thread 20" [_thread_blocked, id=67492, stack(0x000000f9c2100000,0x000000f9c2200000)]
  0x00000295f501e800 JavaThread "Unconstrained build operations Thread 21" [_thread_blocked, id=68088, stack(0x000000f9c2200000,0x000000f9c2300000)]
  0x00000295f501f800 JavaThread "Unconstrained build operations Thread 22" [_thread_blocked, id=66544, stack(0x000000f9c2300000,0x000000f9c2400000)]
  0x00000295f501d000 JavaThread "Unconstrained build operations Thread 23" [_thread_blocked, id=58920, stack(0x000000f9c2400000,0x000000f9c2500000)]
  0x00000295f6203800 JavaThread "Unconstrained build operations Thread 24" [_thread_blocked, id=65592, stack(0x000000f9c2500000,0x000000f9c2600000)]
  0x00000295f6203000 JavaThread "Unconstrained build operations Thread 25" [_thread_blocked, id=7700, stack(0x000000f9c2600000,0x000000f9c2700000)]
  0x00000295f6202000 JavaThread "Unconstrained build operations Thread 26" [_thread_blocked, id=61468, stack(0x000000f9c2700000,0x000000f9c2800000)]
  0x00000295f6206000 JavaThread "Unconstrained build operations Thread 27" [_thread_blocked, id=3780, stack(0x000000f9c2800000,0x000000f9c2900000)]
  0x00000295f6204800 JavaThread "Unconstrained build operations Thread 28" [_thread_blocked, id=40160, stack(0x000000f9c2900000,0x000000f9c2a00000)]
  0x00000295f6205800 JavaThread "Unconstrained build operations Thread 29" [_thread_blocked, id=67200, stack(0x000000f9c2a00000,0x000000f9c2b00000)]
  0x00000295f6207000 JavaThread "Unconstrained build operations Thread 30" [_thread_blocked, id=13288, stack(0x000000f9c2b00000,0x000000f9c2c00000)]
  0x00000295f6201000 JavaThread "Unconstrained build operations Thread 31" [_thread_blocked, id=64652, stack(0x000000f9c2c00000,0x000000f9c2d00000)]
  0x00000295f620c000 JavaThread "Unconstrained build operations Thread 32" [_thread_blocked, id=68300, stack(0x000000f9c2d00000,0x000000f9c2e00000)]
  0x00000295f6207800 JavaThread "Unconstrained build operations Thread 33" [_thread_blocked, id=67268, stack(0x000000f9c2e00000,0x000000f9c2f00000)]
  0x00000295f620c800 JavaThread "Unconstrained build operations Thread 34" [_thread_blocked, id=67720, stack(0x000000f9c2f00000,0x000000f9c3000000)]
  0x00000295f620d800 JavaThread "Unconstrained build operations Thread 35" [_thread_blocked, id=67276, stack(0x000000f9c3000000,0x000000f9c3100000)]
  0x00000295f620e800 JavaThread "Unconstrained build operations Thread 36" [_thread_blocked, id=46664, stack(0x000000f9c3100000,0x000000f9c3200000)]
  0x00000295f6208800 JavaThread "Unconstrained build operations Thread 37" [_thread_blocked, id=68052, stack(0x000000f9c3200000,0x000000f9c3300000)]
  0x00000295f620a000 JavaThread "Unconstrained build operations Thread 38" [_thread_blocked, id=63072, stack(0x000000f9c3300000,0x000000f9c3400000)]
  0x00000295f6209800 JavaThread "Unconstrained build operations Thread 39" [_thread_blocked, id=63152, stack(0x000000f9c3400000,0x000000f9c3500000)]
  0x00000295f620f000 JavaThread "Unconstrained build operations Thread 40" [_thread_blocked, id=40740, stack(0x000000f9c3500000,0x000000f9c3600000)]
  0x00000295f620b000 JavaThread "Unconstrained build operations Thread 41" [_thread_blocked, id=61188, stack(0x000000f9c3600000,0x000000f9c3700000)]
  0x00000295f6210000 JavaThread "Unconstrained build operations Thread 42" [_thread_blocked, id=66628, stack(0x000000f9c3700000,0x000000f9c3800000)]
  0x00000295f2cf6800 JavaThread "Unconstrained build operations Thread 43" [_thread_blocked, id=60440, stack(0x000000f9c3800000,0x000000f9c3900000)]
  0x00000295f2cf7000 JavaThread "Unconstrained build operations Thread 44" [_thread_blocked, id=66012, stack(0x000000f9c3900000,0x000000f9c3a00000)]
  0x00000295f2cf9000 JavaThread "Unconstrained build operations Thread 45" [_thread_blocked, id=41212, stack(0x000000f9c3a00000,0x000000f9c3b00000)]
  0x00000295f2cf8000 JavaThread "Unconstrained build operations Thread 46" [_thread_blocked, id=68072, stack(0x000000f9c3b00000,0x000000f9c3c00000)]
  0x00000295f2cf9800 JavaThread "Unconstrained build operations Thread 47" [_thread_blocked, id=61496, stack(0x000000f9c3c00000,0x000000f9c3d00000)]
  0x00000295f2cfa800 JavaThread "Unconstrained build operations Thread 48" [_thread_blocked, id=64084, stack(0x000000f9c3d00000,0x000000f9c3e00000)]
  0x00000295f2cf4800 JavaThread "Unconstrained build operations Thread 49" [_thread_blocked, id=62524, stack(0x000000f9c3e00000,0x000000f9c3f00000)]
  0x00000295f2cfb800 JavaThread "Unconstrained build operations Thread 50" [_thread_blocked, id=68596, stack(0x000000f9c3f00000,0x000000f9c4000000)]
  0x00000295f2cf5800 JavaThread "Unconstrained build operations Thread 51" [_thread_blocked, id=67676, stack(0x000000f9c4000000,0x000000f9c4100000)]
  0x00000295f641d000 JavaThread "Unconstrained build operations Thread 52" [_thread_blocked, id=59920, stack(0x000000f9c4100000,0x000000f9c4200000)]
  0x00000295f641b800 JavaThread "Unconstrained build operations Thread 53" [_thread_blocked, id=64728, stack(0x000000f9c4200000,0x000000f9c4300000)]
  0x00000295f641a800 JavaThread "Unconstrained build operations Thread 54" [_thread_blocked, id=60924, stack(0x000000f9c4300000,0x000000f9c4400000)]
  0x00000295f6419000 JavaThread "Unconstrained build operations Thread 55" [_thread_blocked, id=63708, stack(0x000000f9c4400000,0x000000f9c4500000)]
  0x00000295f641c000 JavaThread "Unconstrained build operations Thread 56" [_thread_blocked, id=59224, stack(0x000000f9c4500000,0x000000f9c4600000)]
  0x00000295f6418000 JavaThread "Unconstrained build operations Thread 57" [_thread_blocked, id=63792, stack(0x000000f9c4600000,0x000000f9c4700000)]
  0x00000295f6417800 JavaThread "Unconstrained build operations Thread 58" [_thread_blocked, id=39512, stack(0x000000f9c4700000,0x000000f9c4800000)]
  0x00000295f641e800 JavaThread "Unconstrained build operations Thread 59" [_thread_blocked, id=52324, stack(0x000000f9c4800000,0x000000f9c4900000)]
  0x00000295f641e000 JavaThread "Unconstrained build operations Thread 60" [_thread_blocked, id=63564, stack(0x000000f9c4900000,0x000000f9c4a00000)]
  0x00000295f641f800 JavaThread "Unconstrained build operations Thread 61" [_thread_blocked, id=9628, stack(0x000000f9c4a00000,0x000000f9c4b00000)]
  0x00000295f6419800 JavaThread "Unconstrained build operations Thread 62" [_thread_blocked, id=59140, stack(0x000000f9c4b00000,0x000000f9c4c00000)]
  0x00000295f6423800 JavaThread "Unconstrained build operations Thread 63" [_thread_blocked, id=67608, stack(0x000000f9c4c00000,0x000000f9c4d00000)]
  0x00000295f6424800 JavaThread "Unconstrained build operations Thread 64" [_thread_blocked, id=42748, stack(0x000000f9c4d00000,0x000000f9c4e00000)]
  0x00000295f6425000 JavaThread "Unconstrained build operations Thread 65" [_thread_blocked, id=63820, stack(0x000000f9c4e00000,0x000000f9c4f00000)]
  0x00000295f6420800 JavaThread "Unconstrained build operations Thread 66" [_thread_blocked, id=62164, stack(0x000000f9c4f00000,0x000000f9c5000000)]
  0x00000295f6426000 JavaThread "Unconstrained build operations Thread 67" [_thread_blocked, id=64420, stack(0x000000f9c5000000,0x000000f9c5100000)]
  0x00000295f6422800 JavaThread "Unconstrained build operations Thread 68" [_thread_blocked, id=56760, stack(0x000000f9c5100000,0x000000f9c5200000)]
  0x00000295f6421000 JavaThread "Unconstrained build operations Thread 69" [_thread_blocked, id=68076, stack(0x000000f9c5200000,0x000000f9c5300000)]
  0x00000295f6422000 JavaThread "Unconstrained build operations Thread 70" [_thread_blocked, id=68220, stack(0x000000f9c5300000,0x000000f9c5400000)]
  0x00000295f66ff800 JavaThread "Unconstrained build operations Thread 71" [_thread_blocked, id=63436, stack(0x000000f9c5400000,0x000000f9c5500000)]
  0x00000295f6703800 JavaThread "Unconstrained build operations Thread 72" [_thread_blocked, id=62068, stack(0x000000f9c5500000,0x000000f9c5600000)]
  0x00000295f6704000 JavaThread "Unconstrained build operations Thread 73" [_thread_blocked, id=48832, stack(0x000000f9c5600000,0x000000f9c5700000)]
  0x00000295f6700000 JavaThread "Unconstrained build operations Thread 74" [_thread_blocked, id=50044, stack(0x000000f9c5700000,0x000000f9c5800000)]
  0x00000295f66fe800 JavaThread "Unconstrained build operations Thread 75" [_thread_blocked, id=63856, stack(0x000000f9c5800000,0x000000f9c5900000)]
  0x00000295f6705000 JavaThread "Unconstrained build operations Thread 76" [_thread_blocked, id=68572, stack(0x000000f9c5900000,0x000000f9c5a00000)]
  0x00000295f6701000 JavaThread "Unconstrained build operations Thread 77" [_thread_blocked, id=41348, stack(0x000000f9c5a00000,0x000000f9c5b00000)]
  0x00000295f6702800 JavaThread "Unconstrained build operations Thread 78" [_thread_blocked, id=67592, stack(0x000000f9c5b00000,0x000000f9c5c00000)]
  0x00000295f6706000 JavaThread "Unconstrained build operations Thread 79" [_thread_blocked, id=62020, stack(0x000000f9c5c00000,0x000000f9c5d00000)]
  0x00000295f6706800 JavaThread "Unconstrained build operations Thread 80" [_thread_blocked, id=68544, stack(0x000000f9c5d00000,0x000000f9c5e00000)]
  0x00000295f6707800 JavaThread "Memory manager" [_thread_blocked, id=47320, stack(0x000000f9c5e00000,0x000000f9c5f00000)]

Other Threads:
  0x00000295ef152800 VMThread "VM Thread" [stack: 0x000000f9bda00000,0x000000f9bdb00000] [id=7716]
  0x00000295ef340000 WatcherThread [stack: 0x000000f9be400000,0x000000f9be500000] [id=51204]
  0x00000295d44ce000 GCTaskThread "GC Thread#0" [stack: 0x000000f9bd500000,0x000000f9bd600000] [id=63876]
  0x00000295effe2800 GCTaskThread "GC Thread#1" [stack: 0x000000f9be700000,0x000000f9be800000] [id=67356]
  0x00000295f008c800 GCTaskThread "GC Thread#2" [stack: 0x000000f9be800000,0x000000f9be900000] [id=64156]
  0x00000295f26ed800 GCTaskThread "GC Thread#3" [stack: 0x000000f9bf200000,0x000000f9bf300000] [id=63572]
  0x00000295f06eb800 GCTaskThread "GC Thread#4" [stack: 0x000000f9bf300000,0x000000f9bf400000] [id=67660]
  0x00000295f1ec0800 GCTaskThread "GC Thread#5" [stack: 0x000000f9bf400000,0x000000f9bf500000] [id=67496]
  0x00000295f23de800 GCTaskThread "GC Thread#6" [stack: 0x000000f9bf500000,0x000000f9bf600000] [id=67672]
  0x00000295f11b1800 GCTaskThread "GC Thread#7" [stack: 0x000000f9bf600000,0x000000f9bf700000] [id=65304]
  0x00000295d44ff800 ConcurrentGCThread "G1 Main Marker" [stack: 0x000000f9bd600000,0x000000f9bd700000] [id=64224]
  0x00000295d4500800 ConcurrentGCThread "G1 Conc#0" [stack: 0x000000f9bd700000,0x000000f9bd800000] [id=36344]
  0x00000295f0607800 ConcurrentGCThread "G1 Conc#1" [stack: 0x000000f9bfa00000,0x000000f9bfb00000] [id=68496]
  0x00000295ee135000 ConcurrentGCThread "G1 Refine#0" [stack: 0x000000f9bd800000,0x000000f9bd900000] [id=57400]
  0x00000295ee136000 ConcurrentGCThread "G1 Young RemSet Sampling" [stack: 0x000000f9bd900000,0x000000f9bda00000] [id=66944]

Threads with active compile tasks:
C2 CompilerThread0  11695 7214       4       sun.reflect.generics.parser.SignatureParser::parseFieldTypeSignature (73 bytes)
C1 CompilerThread0  11695 7290       3       java.util.regex.Pattern::clazz (438 bytes)
C2 CompilerThread1  11695 7234 %     4       com.google.gson.stream.JsonReader::nextQuotedValue @ 23 (271 bytes)
C2 CompilerThread2  11696 7170 %     4       org.gradle.internal.instantiation.generator.AbstractClassGenerator::inspectType @ 107 (560 bytes)

VM state:not at safepoint (normal execution)

VM Mutex/Monitor currently owned by a thread: None

Heap address: 0x0000000080000000, size: 2048 MB, Compressed Oops mode: 32-bit
Narrow klass base: 0x0000000000000000, Narrow klass shift: 3
Compressed class space size: 1073741824 Address: 0x0000000100000000

Heap:
 garbage-first heap   total 189440K, used 101013K [0x0000000080000000, 0x0000000100000000)
  region size 1024K, 8 young (8192K), 2 survivors (2048K)
 Metaspace       used 70652K, capacity 72520K, committed 72808K, reserved 1112064K
  class space    used 8944K, capacity 9607K, committed 9728K, reserved 1048576K
Heap Regions: E=young(eden), S=young(survivor), O=old, HS=humongous(starts), HC=humongous(continues), CS=collection set, F=free, A=archive, TAMS=top-at-mark-start (previous, next)
|   0|0x0000000080000000, 0x0000000080100000, 0x0000000080100000|100%| O|  |TAMS 0x0000000080100000, 0x0000000080000000| Updating 
|   1|0x0000000080100000, 0x0000000080200000, 0x0000000080200000|100%| O|  |TAMS 0x0000000080200000, 0x0000000080100000| Updating 
|   2|0x0000000080200000, 0x0000000080300000, 0x0000000080300000|100%| O|  |TAMS 0x0000000080300000, 0x0000000080200000| Updating 
|   3|0x0000000080300000, 0x0000000080400000, 0x0000000080400000|100%|HS|  |TAMS 0x0000000080400000, 0x0000000080300000| Complete 
|   4|0x0000000080400000, 0x0000000080500000, 0x0000000080500000|100%|HC|  |TAMS 0x0000000080500000, 0x0000000080400000| Complete 
|   5|0x0000000080500000, 0x0000000080600000, 0x0000000080600000|100%|HC|  |TAMS 0x0000000080600000, 0x0000000080500000| Complete 
|   6|0x0000000080600000, 0x0000000080700000, 0x0000000080700000|100%| O|  |TAMS 0x0000000080700000, 0x0000000080600000| Updating 
|   7|0x0000000080700000, 0x0000000080800000, 0x0000000080800000|100%| O|  |TAMS 0x0000000080800000, 0x0000000080700000| Updating 
|   8|0x0000000080800000, 0x0000000080900000, 0x0000000080900000|100%| O|  |TAMS 0x0000000080900000, 0x0000000080800000| Updating 
|   9|0x0000000080900000, 0x0000000080a00000, 0x0000000080a00000|100%| O|  |TAMS 0x0000000080a00000, 0x0000000080900000| Updating 
|  10|0x0000000080a00000, 0x0000000080b00000, 0x0000000080b00000|100%| O|  |TAMS 0x0000000080b00000, 0x0000000080a00000| Updating 
|  11|0x0000000080b00000, 0x0000000080c00000, 0x0000000080c00000|100%| O|  |TAMS 0x0000000080c00000, 0x0000000080b00000| Updating 
|  12|0x0000000080c00000, 0x0000000080d00000, 0x0000000080d00000|100%| O|  |TAMS 0x0000000080d00000, 0x0000000080c00000| Updating 
|  13|0x0000000080d00000, 0x0000000080e00000, 0x0000000080e00000|100%| O|  |TAMS 0x0000000080e00000, 0x0000000080d00000| Updating 
|  14|0x0000000080e00000, 0x0000000080f00000, 0x0000000080f00000|100%| O|  |TAMS 0x0000000080f00000, 0x0000000080e00000| Updating 
|  15|0x0000000080f00000, 0x0000000081000000, 0x0000000081000000|100%| O|  |TAMS 0x0000000081000000, 0x0000000080f00000| Updating 
|  16|0x0000000081000000, 0x0000000081100000, 0x0000000081100000|100%| O|  |TAMS 0x0000000081100000, 0x0000000081000000| Updating 
|  17|0x0000000081100000, 0x0000000081200000, 0x0000000081200000|100%|HS|  |TAMS 0x0000000081200000, 0x0000000081100000| Complete 
|  18|0x0000000081200000, 0x0000000081300000, 0x0000000081300000|100%|HC|  |TAMS 0x0000000081300000, 0x0000000081200000| Complete 
|  19|0x0000000081300000, 0x0000000081400000, 0x0000000081400000|100%|HS|  |TAMS 0x0000000081400000, 0x0000000081300000| Complete 
|  20|0x0000000081400000, 0x0000000081500000, 0x0000000081500000|100%|HC|  |TAMS 0x0000000081500000, 0x0000000081400000| Complete 
|  21|0x0000000081500000, 0x0000000081600000, 0x0000000081600000|100%|HC|  |TAMS 0x0000000081600000, 0x0000000081500000| Complete 
|  22|0x0000000081600000, 0x0000000081700000, 0x0000000081700000|100%|HS|  |TAMS 0x0000000081700000, 0x0000000081600000| Complete 
|  23|0x0000000081700000, 0x0000000081800000, 0x0000000081800000|100%|HC|  |TAMS 0x0000000081800000, 0x0000000081700000| Complete 
|  24|0x0000000081800000, 0x0000000081900000, 0x0000000081900000|100%|HC|  |TAMS 0x0000000081900000, 0x0000000081800000| Complete 
|  25|0x0000000081900000, 0x0000000081a00000, 0x0000000081a00000|100%|HS|  |TAMS 0x0000000081a00000, 0x0000000081900000| Complete 
|  26|0x0000000081a00000, 0x0000000081b00000, 0x0000000081b00000|100%|HC|  |TAMS 0x0000000081b00000, 0x0000000081a00000| Complete 
|  27|0x0000000081b00000, 0x0000000081c00000, 0x0000000081c00000|100%|HC|  |TAMS 0x0000000081c00000, 0x0000000081b00000| Complete 
|  28|0x0000000081c00000, 0x0000000081d00000, 0x0000000081d00000|100%|HC|  |TAMS 0x0000000081d00000, 0x0000000081c00000| Complete 
|  29|0x0000000081d00000, 0x0000000081e00000, 0x0000000081e00000|100%|HC|  |TAMS 0x0000000081e00000, 0x0000000081d00000| Complete 
|  30|0x0000000081e00000, 0x0000000081f00000, 0x0000000081f00000|100%|HS|  |TAMS 0x0000000081f00000, 0x0000000081e00000| Complete 
|  31|0x0000000081f00000, 0x0000000082000000, 0x0000000082000000|100%| O|  |TAMS 0x0000000082000000, 0x0000000081f00000| Updating 
|  32|0x0000000082000000, 0x0000000082100000, 0x0000000082100000|100%| O|  |TAMS 0x0000000082100000, 0x0000000082000000| Updating 
|  33|0x0000000082100000, 0x0000000082200000, 0x0000000082200000|100%| O|  |TAMS 0x0000000082200000, 0x0000000082100000| Updating 
|  34|0x0000000082200000, 0x0000000082300000, 0x0000000082300000|100%| O|  |TAMS 0x0000000082300000, 0x0000000082200000| Updating 
|  35|0x0000000082300000, 0x0000000082400000, 0x0000000082400000|100%| O|  |TAMS 0x0000000082400000, 0x0000000082300000| Updating 
|  36|0x0000000082400000, 0x0000000082500000, 0x0000000082500000|100%| O|  |TAMS 0x0000000082500000, 0x0000000082400000| Updating 
|  37|0x0000000082500000, 0x0000000082600000, 0x0000000082600000|100%| O|  |TAMS 0x0000000082600000, 0x0000000082500000| Updating 
|  38|0x0000000082600000, 0x0000000082700000, 0x0000000082700000|100%|HS|  |TAMS 0x0000000082700000, 0x0000000082600000| Complete 
|  39|0x0000000082700000, 0x0000000082800000, 0x0000000082800000|100%|HC|  |TAMS 0x0000000082800000, 0x0000000082700000| Complete 
|  40|0x0000000082800000, 0x0000000082900000, 0x0000000082900000|100%|HC|  |TAMS 0x0000000082900000, 0x0000000082800000| Complete 
|  41|0x0000000082900000, 0x0000000082a00000, 0x0000000082a00000|100%|HC|  |TAMS 0x0000000082a00000, 0x0000000082900000| Complete 
|  42|0x0000000082a00000, 0x0000000082b00000, 0x0000000082b00000|100%| O|  |TAMS 0x0000000082b00000, 0x0000000082a00000| Updating 
|  43|0x0000000082b00000, 0x0000000082c00000, 0x0000000082c00000|100%| O|  |TAMS 0x0000000082c00000, 0x0000000082b00000| Updating 
|  44|0x0000000082c00000, 0x0000000082d00000, 0x0000000082d00000|100%| O|  |TAMS 0x0000000082d00000, 0x0000000082c00000| Updating 
|  45|0x0000000082d00000, 0x0000000082e00000, 0x0000000082e00000|100%| O|  |TAMS 0x0000000082e00000, 0x0000000082d00000| Updating 
|  46|0x0000000082e00000, 0x0000000082f00000, 0x0000000082f00000|100%| O|  |TAMS 0x0000000082f00000, 0x0000000082e00000| Updating 
|  47|0x0000000082f00000, 0x0000000083000000, 0x0000000083000000|100%|HS|  |TAMS 0x0000000083000000, 0x0000000082f00000| Complete 
|  48|0x0000000083000000, 0x0000000083100000, 0x0000000083100000|100%|HC|  |TAMS 0x0000000083100000, 0x0000000083000000| Complete 
|  49|0x0000000083100000, 0x0000000083200000, 0x0000000083200000|100%|HC|  |TAMS 0x0000000083200000, 0x0000000083100000| Complete 
|  50|0x0000000083200000, 0x0000000083300000, 0x0000000083300000|100%|HS|  |TAMS 0x0000000083300000, 0x0000000083200000| Complete 
|  51|0x0000000083300000, 0x0000000083400000, 0x0000000083400000|100%|HC|  |TAMS 0x0000000083400000, 0x0000000083300000| Complete 
|  52|0x0000000083400000, 0x0000000083500000, 0x0000000083500000|100%|HS|  |TAMS 0x0000000083500000, 0x0000000083400000| Complete 
|  53|0x0000000083500000, 0x0000000083600000, 0x0000000083600000|100%|HC|  |TAMS 0x0000000083600000, 0x0000000083500000| Complete 
|  54|0x0000000083600000, 0x0000000083700000, 0x0000000083700000|100%|HC|  |TAMS 0x0000000083700000, 0x0000000083600000| Complete 
|  55|0x0000000083700000, 0x0000000083800000, 0x0000000083800000|100%| O|  |TAMS 0x0000000083800000, 0x0000000083700000| Updating 
|  56|0x0000000083800000, 0x0000000083900000, 0x0000000083900000|100%| O|  |TAMS 0x0000000083900000, 0x0000000083800000| Updating 
|  57|0x0000000083900000, 0x0000000083a00000, 0x0000000083a00000|100%|HS|  |TAMS 0x0000000083a00000, 0x0000000083900000| Complete 
|  58|0x0000000083a00000, 0x0000000083b00000, 0x0000000083b00000|100%|HC|  |TAMS 0x0000000083b00000, 0x0000000083a00000| Complete 
|  59|0x0000000083b00000, 0x0000000083c00000, 0x0000000083c00000|100%|HC|  |TAMS 0x0000000083c00000, 0x0000000083b00000| Complete 
|  60|0x0000000083c00000, 0x0000000083d00000, 0x0000000083d00000|100%|HC|  |TAMS 0x0000000083d00000, 0x0000000083c00000| Complete 
|  61|0x0000000083d00000, 0x0000000083e00000, 0x0000000083e00000|100%|HC|  |TAMS 0x0000000083e00000, 0x0000000083d00000| Complete 
|  62|0x0000000083e00000, 0x0000000083f00000, 0x0000000083f00000|100%| O|  |TAMS 0x0000000083f00000, 0x0000000083e00000| Updating 
|  63|0x0000000083f00000, 0x0000000084000000, 0x0000000084000000|100%| O|  |TAMS 0x0000000084000000, 0x0000000083f00000| Updating 
|  64|0x0000000084000000, 0x0000000084100000, 0x0000000084100000|100%|HS|  |TAMS 0x0000000084100000, 0x0000000084000000| Complete 
|  65|0x0000000084100000, 0x0000000084200000, 0x0000000084200000|100%|HS|  |TAMS 0x0000000084200000, 0x0000000084100000| Complete 
|  66|0x0000000084200000, 0x0000000084300000, 0x0000000084300000|100%|HS|  |TAMS 0x0000000084300000, 0x0000000084200000| Complete 
|  67|0x0000000084300000, 0x0000000084400000, 0x0000000084400000|100%| O|  |TAMS 0x0000000084400000, 0x0000000084300000| Updating 
|  68|0x0000000084400000, 0x0000000084500000, 0x0000000084500000|100%| O|  |TAMS 0x0000000084500000, 0x0000000084400000| Updating 
|  69|0x0000000084500000, 0x0000000084600000, 0x0000000084600000|100%| O|  |TAMS 0x0000000084600000, 0x0000000084500000| Updating 
|  70|0x0000000084600000, 0x0000000084700000, 0x0000000084700000|100%| O|  |TAMS 0x0000000084700000, 0x0000000084600000| Updating 
|  71|0x0000000084700000, 0x0000000084800000, 0x0000000084800000|100%| O|  |TAMS 0x0000000084800000, 0x0000000084700000| Updating 
|  72|0x0000000084800000, 0x0000000084900000, 0x0000000084900000|100%| O|  |TAMS 0x0000000084900000, 0x0000000084800000| Updating 
|  73|0x0000000084900000, 0x0000000084a00000, 0x0000000084a00000|100%| O|  |TAMS 0x0000000084a00000, 0x0000000084900000| Updating 
|  74|0x0000000084a00000, 0x0000000084b00000, 0x0000000084b00000|100%|HS|  |TAMS 0x0000000084b00000, 0x0000000084a00000| Complete 
|  75|0x0000000084b00000, 0x0000000084c00000, 0x0000000084c00000|100%|HC|  |TAMS 0x0000000084c00000, 0x0000000084b00000| Complete 
|  76|0x0000000084c00000, 0x0000000084d00000, 0x0000000084d00000|100%| O|  |TAMS 0x0000000084d00000, 0x0000000084c00000| Updating 
|  77|0x0000000084d00000, 0x0000000084e00000, 0x0000000084e00000|100%| O|  |TAMS 0x0000000084e00000, 0x0000000084d00000| Updating 
|  78|0x0000000084e00000, 0x0000000084f00000, 0x0000000084f00000|100%| O|  |TAMS 0x0000000084f00000, 0x0000000084e00000| Updating 
|  79|0x0000000084f00000, 0x0000000085000000, 0x0000000085000000|100%| O|  |TAMS 0x0000000085000000, 0x0000000084f00000| Updating 
|  80|0x0000000085000000, 0x0000000085100000, 0x0000000085100000|100%| O|  |TAMS 0x0000000085100000, 0x0000000085000000| Updating 
|  81|0x0000000085100000, 0x0000000085200000, 0x0000000085200000|100%| O|  |TAMS 0x0000000085200000, 0x0000000085100000| Updating 
|  82|0x0000000085200000, 0x0000000085300000, 0x0000000085300000|100%| O|  |TAMS 0x0000000085300000, 0x0000000085200000| Updating 
|  83|0x0000000085300000, 0x0000000085400000, 0x0000000085400000|100%| O|  |TAMS 0x0000000085400000, 0x0000000085300000| Updating 
|  84|0x0000000085400000, 0x0000000085500000, 0x0000000085500000|100%| O|  |TAMS 0x0000000085500000, 0x0000000085400000| Updating 
|  85|0x0000000085500000, 0x0000000085600000, 0x0000000085600000|100%| O|  |TAMS 0x0000000085600000, 0x0000000085500000| Updating 
|  86|0x0000000085600000, 0x0000000085700000, 0x0000000085700000|100%| O|  |TAMS 0x0000000085700000, 0x0000000085600000| Updating 
|  87|0x0000000085700000, 0x0000000085800000, 0x0000000085800000|100%| O|  |TAMS 0x0000000085800000, 0x0000000085700000| Updating 
|  88|0x0000000085800000, 0x0000000085900000, 0x0000000085900000|100%| O|  |TAMS 0x0000000085900000, 0x0000000085800000| Updating 
|  89|0x0000000085900000, 0x0000000085a00000, 0x0000000085a00000|100%| O|  |TAMS 0x0000000085a00000, 0x0000000085900000| Updating 
|  90|0x0000000085a00000, 0x0000000085afd800, 0x0000000085b00000| 99%| O|  |TAMS 0x0000000085afd800, 0x0000000085a00000| Updating 
|  91|0x0000000085b00000, 0x0000000085c00000, 0x0000000085c00000|100%|HS|  |TAMS 0x0000000085b00000, 0x0000000085b00000| Complete 
|  92|0x0000000085c00000, 0x0000000085c00000, 0x0000000085d00000|  0%| F|  |TAMS 0x0000000085c00000, 0x0000000085c00000| Untracked 
|  93|0x0000000085d00000, 0x0000000085d00000, 0x0000000085e00000|  0%| F|  |TAMS 0x0000000085d00000, 0x0000000085d00000| Untracked 
|  94|0x0000000085e00000, 0x0000000085e00000, 0x0000000085f00000|  0%| F|  |TAMS 0x0000000085e00000, 0x0000000085e00000| Untracked 
|  95|0x0000000085f00000, 0x0000000085f00000, 0x0000000086000000|  0%| F|  |TAMS 0x0000000085f00000, 0x0000000085f00000| Untracked 
|  96|0x0000000086000000, 0x0000000086000000, 0x0000000086100000|  0%| F|  |TAMS 0x0000000086000000, 0x0000000086000000| Untracked 
|  97|0x0000000086100000, 0x0000000086100000, 0x0000000086200000|  0%| F|  |TAMS 0x0000000086100000, 0x0000000086100000| Untracked 
|  98|0x0000000086200000, 0x0000000086200000, 0x0000000086300000|  0%| F|  |TAMS 0x0000000086200000, 0x0000000086200000| Untracked 
|  99|0x0000000086300000, 0x0000000086300000, 0x0000000086400000|  0%| F|  |TAMS 0x0000000086300000, 0x0000000086300000| Untracked 
| 100|0x0000000086400000, 0x0000000086400000, 0x0000000086500000|  0%| F|  |TAMS 0x0000000086400000, 0x0000000086400000| Untracked 
| 101|0x0000000086500000, 0x0000000086500000, 0x0000000086600000|  0%| F|  |TAMS 0x0000000086500000, 0x0000000086500000| Untracked 
| 102|0x0000000086600000, 0x0000000086600000, 0x0000000086700000|  0%| F|  |TAMS 0x0000000086600000, 0x0000000086600000| Untracked 
| 103|0x0000000086700000, 0x0000000086700000, 0x0000000086800000|  0%| F|  |TAMS 0x0000000086700000, 0x0000000086700000| Untracked 
| 104|0x0000000086800000, 0x0000000086800000, 0x0000000086900000|  0%| F|  |TAMS 0x0000000086800000, 0x0000000086800000| Untracked 
| 105|0x0000000086900000, 0x0000000086900000, 0x0000000086a00000|  0%| F|  |TAMS 0x0000000086900000, 0x0000000086900000| Untracked 
| 106|0x0000000086a00000, 0x0000000086a00000, 0x0000000086b00000|  0%| F|  |TAMS 0x0000000086a00000, 0x0000000086a00000| Untracked 
| 107|0x0000000086b00000, 0x0000000086b00000, 0x0000000086c00000|  0%| F|  |TAMS 0x0000000086b00000, 0x0000000086b00000| Untracked 
| 108|0x0000000086c00000, 0x0000000086c00000, 0x0000000086d00000|  0%| F|  |TAMS 0x0000000086c00000, 0x0000000086c00000| Untracked 
| 109|0x0000000086d00000, 0x0000000086d00000, 0x0000000086e00000|  0%| F|  |TAMS 0x0000000086d00000, 0x0000000086d00000| Untracked 
| 110|0x0000000086e00000, 0x0000000086e00000, 0x0000000086f00000|  0%| F|  |TAMS 0x0000000086e00000, 0x0000000086e00000| Untracked 
| 111|0x0000000086f00000, 0x0000000086f00000, 0x0000000087000000|  0%| F|  |TAMS 0x0000000086f00000, 0x0000000086f00000| Untracked 
| 112|0x0000000087000000, 0x0000000087000000, 0x0000000087100000|  0%| F|  |TAMS 0x0000000087000000, 0x0000000087000000| Untracked 
| 113|0x0000000087100000, 0x0000000087100000, 0x0000000087200000|  0%| F|  |TAMS 0x0000000087100000, 0x0000000087100000| Untracked 
| 114|0x0000000087200000, 0x0000000087200000, 0x0000000087300000|  0%| F|  |TAMS 0x0000000087200000, 0x0000000087200000| Untracked 
| 115|0x0000000087300000, 0x0000000087300000, 0x0000000087400000|  0%| F|  |TAMS 0x0000000087300000, 0x0000000087300000| Untracked 
| 116|0x0000000087400000, 0x0000000087400000, 0x0000000087500000|  0%| F|  |TAMS 0x0000000087400000, 0x0000000087400000| Untracked 
| 117|0x0000000087500000, 0x0000000087500000, 0x0000000087600000|  0%| F|  |TAMS 0x0000000087500000, 0x0000000087500000| Untracked 
| 118|0x0000000087600000, 0x0000000087600000, 0x0000000087700000|  0%| F|  |TAMS 0x0000000087600000, 0x0000000087600000| Untracked 
| 119|0x0000000087700000, 0x0000000087700000, 0x0000000087800000|  0%| F|  |TAMS 0x0000000087700000, 0x0000000087700000| Untracked 
| 120|0x0000000087800000, 0x0000000087800000, 0x0000000087900000|  0%| F|  |TAMS 0x0000000087800000, 0x0000000087800000| Untracked 
| 121|0x0000000087900000, 0x0000000087900000, 0x0000000087a00000|  0%| F|  |TAMS 0x0000000087900000, 0x0000000087900000| Untracked 
| 122|0x0000000087a00000, 0x0000000087a00000, 0x0000000087b00000|  0%| F|  |TAMS 0x0000000087a00000, 0x0000000087a00000| Untracked 
| 123|0x0000000087b00000, 0x0000000087b00000, 0x0000000087c00000|  0%| F|  |TAMS 0x0000000087b00000, 0x0000000087b00000| Untracked 
| 124|0x0000000087c00000, 0x0000000087c00000, 0x0000000087d00000|  0%| F|  |TAMS 0x0000000087c00000, 0x0000000087c00000| Untracked 
| 125|0x0000000087d00000, 0x0000000087d00000, 0x0000000087e00000|  0%| F|  |TAMS 0x0000000087d00000, 0x0000000087d00000| Untracked 
| 126|0x0000000087e00000, 0x0000000087e00000, 0x0000000087f00000|  0%| F|  |TAMS 0x0000000087e00000, 0x0000000087e00000| Untracked 
| 127|0x0000000087f00000, 0x0000000087f00000, 0x0000000088000000|  0%| F|  |TAMS 0x0000000087f00000, 0x0000000087f00000| Untracked 
| 128|0x0000000088000000, 0x0000000088000000, 0x0000000088100000|  0%| F|  |TAMS 0x0000000088000000, 0x0000000088000000| Untracked 
| 129|0x0000000088100000, 0x0000000088100000, 0x0000000088200000|  0%| F|  |TAMS 0x0000000088100000, 0x0000000088100000| Untracked 
| 130|0x0000000088200000, 0x0000000088200000, 0x0000000088300000|  0%| F|  |TAMS 0x0000000088200000, 0x0000000088200000| Untracked 
| 131|0x0000000088300000, 0x0000000088300000, 0x0000000088400000|  0%| F|  |TAMS 0x0000000088300000, 0x0000000088300000| Untracked 
| 132|0x0000000088400000, 0x0000000088400000, 0x0000000088500000|  0%| F|  |TAMS 0x0000000088400000, 0x0000000088400000| Untracked 
| 133|0x0000000088500000, 0x0000000088500000, 0x0000000088600000|  0%| F|  |TAMS 0x0000000088500000, 0x0000000088500000| Untracked 
| 134|0x0000000088600000, 0x0000000088600000, 0x0000000088700000|  0%| F|  |TAMS 0x0000000088600000, 0x0000000088600000| Untracked 
| 135|0x0000000088700000, 0x0000000088700000, 0x0000000088800000|  0%| F|  |TAMS 0x0000000088700000, 0x0000000088700000| Untracked 
| 136|0x0000000088800000, 0x0000000088800000, 0x0000000088900000|  0%| F|  |TAMS 0x0000000088800000, 0x0000000088800000| Untracked 
| 137|0x0000000088900000, 0x00000000889a7f10, 0x0000000088a00000| 65%| S|CS|TAMS 0x0000000088900000, 0x0000000088900000| Complete 
| 138|0x0000000088a00000, 0x0000000088b00000, 0x0000000088b00000|100%| S|CS|TAMS 0x0000000088a00000, 0x0000000088a00000| Complete 
| 139|0x0000000088b00000, 0x0000000088b00000, 0x0000000088c00000|  0%| F|  |TAMS 0x0000000088b00000, 0x0000000088b00000| Untracked 
| 140|0x0000000088c00000, 0x0000000088c00000, 0x0000000088d00000|  0%| F|  |TAMS 0x0000000088c00000, 0x0000000088c00000| Untracked 
| 141|0x0000000088d00000, 0x0000000088d00000, 0x0000000088e00000|  0%| F|  |TAMS 0x0000000088d00000, 0x0000000088d00000| Untracked 
| 142|0x0000000088e00000, 0x0000000088e00000, 0x0000000088f00000|  0%| F|  |TAMS 0x0000000088e00000, 0x0000000088e00000| Untracked 
| 143|0x0000000088f00000, 0x0000000088f00000, 0x0000000089000000|  0%| F|  |TAMS 0x0000000088f00000, 0x0000000088f00000| Untracked 
| 144|0x0000000089000000, 0x0000000089000000, 0x0000000089100000|  0%| F|  |TAMS 0x0000000089000000, 0x0000000089000000| Untracked 
| 145|0x0000000089100000, 0x0000000089100000, 0x0000000089200000|  0%| F|  |TAMS 0x0000000089100000, 0x0000000089100000| Untracked 
| 146|0x0000000089200000, 0x0000000089200000, 0x0000000089300000|  0%| F|  |TAMS 0x0000000089200000, 0x0000000089200000| Untracked 
| 147|0x0000000089300000, 0x0000000089300000, 0x0000000089400000|  0%| F|  |TAMS 0x0000000089300000, 0x0000000089300000| Untracked 
| 148|0x0000000089400000, 0x0000000089400000, 0x0000000089500000|  0%| F|  |TAMS 0x0000000089400000, 0x0000000089400000| Untracked 
| 149|0x0000000089500000, 0x0000000089500000, 0x0000000089600000|  0%| F|  |TAMS 0x0000000089500000, 0x0000000089500000| Untracked 
| 150|0x0000000089600000, 0x0000000089600000, 0x0000000089700000|  0%| F|  |TAMS 0x0000000089600000, 0x0000000089600000| Untracked 
| 151|0x0000000089700000, 0x0000000089700000, 0x0000000089800000|  0%| F|  |TAMS 0x0000000089700000, 0x0000000089700000| Untracked 
| 152|0x0000000089800000, 0x0000000089800000, 0x0000000089900000|  0%| F|  |TAMS 0x0000000089800000, 0x0000000089800000| Untracked 
| 153|0x0000000089900000, 0x0000000089900000, 0x0000000089a00000|  0%| F|  |TAMS 0x0000000089900000, 0x0000000089900000| Untracked 
| 154|0x0000000089a00000, 0x0000000089a00000, 0x0000000089b00000|  0%| F|  |TAMS 0x0000000089a00000, 0x0000000089a00000| Untracked 
| 155|0x0000000089b00000, 0x0000000089b00000, 0x0000000089c00000|  0%| F|  |TAMS 0x0000000089b00000, 0x0000000089b00000| Untracked 
| 156|0x0000000089c00000, 0x0000000089c00000, 0x0000000089d00000|  0%| F|  |TAMS 0x0000000089c00000, 0x0000000089c00000| Untracked 
| 157|0x0000000089d00000, 0x0000000089d00000, 0x0000000089e00000|  0%| F|  |TAMS 0x0000000089d00000, 0x0000000089d00000| Untracked 
| 158|0x0000000089e00000, 0x0000000089e00000, 0x0000000089f00000|  0%| F|  |TAMS 0x0000000089e00000, 0x0000000089e00000| Untracked 
| 159|0x0000000089f00000, 0x0000000089f00000, 0x000000008a000000|  0%| F|  |TAMS 0x0000000089f00000, 0x0000000089f00000| Untracked 
| 160|0x000000008a000000, 0x000000008a000000, 0x000000008a100000|  0%| F|  |TAMS 0x000000008a000000, 0x000000008a000000| Untracked 
| 161|0x000000008a100000, 0x000000008a100000, 0x000000008a200000|  0%| F|  |TAMS 0x000000008a100000, 0x000000008a100000| Untracked 
| 162|0x000000008a200000, 0x000000008a200000, 0x000000008a300000|  0%| F|  |TAMS 0x000000008a200000, 0x000000008a200000| Untracked 
| 163|0x000000008a300000, 0x000000008a300000, 0x000000008a400000|  0%| F|  |TAMS 0x000000008a300000, 0x000000008a300000| Untracked 
| 164|0x000000008a400000, 0x000000008a400000, 0x000000008a500000|  0%| F|  |TAMS 0x000000008a400000, 0x000000008a400000| Untracked 
| 165|0x000000008a500000, 0x000000008a500000, 0x000000008a600000|  0%| F|  |TAMS 0x000000008a500000, 0x000000008a500000| Untracked 
| 166|0x000000008a600000, 0x000000008a600000, 0x000000008a700000|  0%| F|  |TAMS 0x000000008a600000, 0x000000008a600000| Untracked 
| 167|0x000000008a700000, 0x000000008a700000, 0x000000008a800000|  0%| F|  |TAMS 0x000000008a700000, 0x000000008a700000| Untracked 
| 168|0x000000008a800000, 0x000000008a800000, 0x000000008a900000|  0%| F|  |TAMS 0x000000008a800000, 0x000000008a800000| Untracked 
| 169|0x000000008a900000, 0x000000008a900000, 0x000000008aa00000|  0%| F|  |TAMS 0x000000008a900000, 0x000000008a900000| Untracked 
| 170|0x000000008aa00000, 0x000000008aa00000, 0x000000008ab00000|  0%| F|  |TAMS 0x000000008aa00000, 0x000000008aa00000| Untracked 
| 171|0x000000008ab00000, 0x000000008ab00000, 0x000000008ac00000|  0%| F|  |TAMS 0x000000008ab00000, 0x000000008ab00000| Untracked 
| 172|0x000000008ac00000, 0x000000008ac00000, 0x000000008ad00000|  0%| F|  |TAMS 0x000000008ac00000, 0x000000008ac00000| Untracked 
| 173|0x000000008ad00000, 0x000000008ad00000, 0x000000008ae00000|  0%| F|  |TAMS 0x000000008ad00000, 0x000000008ad00000| Untracked 
| 174|0x000000008ae00000, 0x000000008ae00000, 0x000000008af00000|  0%| F|  |TAMS 0x000000008ae00000, 0x000000008ae00000| Untracked 
| 175|0x000000008af00000, 0x000000008af00000, 0x000000008b000000|  0%| F|  |TAMS 0x000000008af00000, 0x000000008af00000| Untracked 
| 176|0x000000008b000000, 0x000000008b000000, 0x000000008b100000|  0%| F|  |TAMS 0x000000008b000000, 0x000000008b000000| Untracked 
| 177|0x000000008b100000, 0x000000008b100000, 0x000000008b200000|  0%| F|  |TAMS 0x000000008b100000, 0x000000008b100000| Untracked 
| 178|0x000000008b200000, 0x000000008b280800, 0x000000008b300000| 50%| E|  |TAMS 0x000000008b200000, 0x000000008b200000| Complete 
| 179|0x000000008b300000, 0x000000008b400000, 0x000000008b400000|100%| E|CS|TAMS 0x000000008b300000, 0x000000008b300000| Complete 
| 180|0x000000008b400000, 0x000000008b500000, 0x000000008b500000|100%| E|CS|TAMS 0x000000008b400000, 0x000000008b400000| Complete 
| 181|0x000000008b500000, 0x000000008b600000, 0x000000008b600000|100%| E|CS|TAMS 0x000000008b500000, 0x000000008b500000| Complete 
| 182|0x000000008b600000, 0x000000008b700000, 0x000000008b700000|100%| E|CS|TAMS 0x000000008b600000, 0x000000008b600000| Complete 
| 183|0x000000008b700000, 0x000000008b800000, 0x000000008b800000|100%| E|CS|TAMS 0x000000008b700000, 0x000000008b700000| Complete 
| 184|0x000000008b800000, 0x000000008b900000, 0x000000008b900000|100%| E|CS|TAMS 0x000000008b800000, 0x000000008b800000| Complete 

Card table byte_map: [0x00000295e7680000,0x00000295e7a80000] _byte_map_base: 0x00000295e7280000

Marking Bits (Prev, Next): (CMBitMap*) 0x00000295d44f6730, (CMBitMap*) 0x00000295d44f66f8
 Prev Bits: [0x00000295e9e80000, 0x00000295ebe80000)
 Next Bits: [0x00000295e7e80000, 0x00000295e9e80000)

Polling page: 0x00000295d3bc0000

Metaspace:

Usage:
  Non-class:     61.50 MB capacity,    60.31 MB ( 98%) used,     1.02 MB (  2%) free+waste,   184.56 KB ( <1%) overhead. 
      Class:      9.38 MB capacity,     8.75 MB ( 93%) used,   560.62 KB (  6%) free+waste,    87.00 KB ( <1%) overhead. 
       Both:     70.89 MB capacity,    69.06 MB ( 97%) used,     1.57 MB (  2%) free+waste,   271.56 KB ( <1%) overhead. 

Virtual space:
  Non-class space:       62.00 MB reserved,      61.60 MB (>99%) committed 
      Class space:        1.00 GB reserved,       9.50 MB ( <1%) committed 
             Both:        1.06 GB reserved,      71.10 MB (  7%) committed 

Chunk freelists:
   Non-Class:  36.00 KB
       Class:  25.00 KB
        Both:  61.00 KB

MaxMetaspaceSize: 17179869184.00 GB
CompressedClassSpaceSize: 1.00 GB
Initial GC threshold: 20.80 MB
Current GC threshold: 117.88 MB
CDS: off

CodeHeap 'non-profiled nmethods': size=120000Kb used=4549Kb max_used=4549Kb free=115450Kb
 bounds [0x00000295dfa20000, 0x00000295dfea0000, 0x00000295e6f50000]
CodeHeap 'profiled nmethods': size=120000Kb used=15089Kb max_used=15089Kb free=104910Kb
 bounds [0x00000295d84f0000, 0x00000295d93b0000, 0x00000295dfa20000]
CodeHeap 'non-nmethods': size=5760Kb used=2351Kb max_used=2408Kb free=3408Kb
 bounds [0x00000295d7f50000, 0x00000295d81c0000, 0x00000295d84f0000]
 total_blobs=8126 nmethods=7257 adapters=781
 compilation: enabled
              stopped_count=0, restarted_count=0
 full_count=0

Compilation events (20 events):
Event: 11.602 Thread 0x00000295ef1c0800 7217       1       com.google.gson.reflect.TypeToken::hashCode (5 bytes)
Event: 11.602 Thread 0x00000295ef1c0800 nmethod 7217 0x00000295dfe8ef10 code [0x00000295dfe8f0c0, 0x00000295dfe8f178]
Event: 11.602 Thread 0x00000295ef1c0800 7218       3       java.lang.reflect.Field::getAnnotation (23 bytes)
Event: 11.602 Thread 0x00000295ef1c0800 nmethod 7218 0x00000295d936d610 code [0x00000295d936d840, 0x00000295d936dea8]
Event: 11.604 Thread 0x00000295ef1c0800 7219       3       com.google.gson.stream.JsonReader::nextNonWhitespace (357 bytes)
Event: 11.606 Thread 0x00000295ef1c0800 nmethod 7219 0x00000295d936e110 code [0x00000295d936e5e0, 0x00000295d9370618]
Event: 11.606 Thread 0x00000295ef1c0800 7220       2       com.google.gson.stream.JsonReader::nextQuotedValue (271 bytes)
Event: 11.608 Thread 0x00000295ef1c0800 nmethod 7220 0x00000295d9371190 code [0x00000295d9371460, 0x00000295d9371e38]
Event: 11.608 Thread 0x00000295ef1c0800 7222       3       com.google.gson.stream.JsonReader::doPeek (744 bytes)
Event: 11.609 Thread 0x00000295f1e7e800 7233       4       com.google.gson.stream.JsonReader::nextNonWhitespace (357 bytes)
Event: 11.613 Thread 0x00000295ef1c0800 nmethod 7222 0x00000295d9372490 code [0x00000295d9373020, 0x00000295d9378ca8]
Event: 11.613 Thread 0x00000295ef1c0800 7223       3       com.google.gson.stream.JsonReader::hasNext (30 bytes)
Event: 11.613 Thread 0x00000295f1e7e800 nmethod 7233 0x00000295dfe8f710 code [0x00000295dfe8f8c0, 0x00000295dfe8fac8]
Event: 11.613 Thread 0x00000295f1e7e800 7234 %     4       com.google.gson.stream.JsonReader::nextQuotedValue @ 23 (271 bytes)
Event: 11.614 Thread 0x00000295ef1c0800 nmethod 7223 0x00000295d937ac10 code [0x00000295d937ade0, 0x00000295d937b068]
Event: 11.614 Thread 0x00000295ef1c0800 7224       3       com.google.gson.stream.JsonReader::peek (144 bytes)
Event: 11.614 Thread 0x00000295ef1c0800 nmethod 7224 0x00000295d937b110 code [0x00000295d937b300, 0x00000295d937b8b8]
Event: 11.614 Thread 0x00000295ef1c0800 7221       3       java.lang.reflect.Field::getFieldAccessor (35 bytes)
Event: 11.614 Thread 0x00000295ef1c0800 nmethod 7221 0x00000295d937ba10 code [0x00000295d937bbe0, 0x00000295d937bdc8]
Event: 11.614 Thread 0x00000295ef1c0800 7225       3       jdk.internal.reflect.UnsafeFieldAccessorImpl::ensureObj (23 bytes)

GC Heap History (20 events):
Event: 6.697 GC heap before
{Heap before GC invocations=11 (full 0):
 garbage-first heap   total 131072K, used 89394K [0x0000000080000000, 0x0000000100000000)
  region size 1024K, 47 young (48128K), 6 survivors (6144K)
 Metaspace       used 42788K, capacity 43898K, committed 44136K, reserved 1087488K
  class space    used 5429K, capacity 5852K, committed 5888K, reserved 1048576K
}
Event: 6.707 GC heap after
{Heap after GC invocations=12 (full 0):
 garbage-first heap   total 131072K, used 51204K [0x0000000080000000, 0x0000000100000000)
  region size 1024K, 4 young (4096K), 4 survivors (4096K)
 Metaspace       used 42788K, capacity 43898K, committed 44136K, reserved 1087488K
  class space    used 5429K, capacity 5852K, committed 5888K, reserved 1048576K
}
Event: 7.206 GC heap before
{Heap before GC invocations=12 (full 0):
 garbage-first heap   total 131072K, used 101380K [0x0000000080000000, 0x0000000100000000)
  region size 1024K, 44 young (45056K), 4 survivors (4096K)
 Metaspace       used 45398K, capacity 46554K, committed 46696K, reserved 1089536K
  class space    used 5654K, capacity 6092K, committed 6144K, reserved 1048576K
}
Event: 7.213 GC heap after
{Heap after GC invocations=13 (full 0):
 garbage-first heap   total 157696K, used 62657K [0x0000000080000000, 0x0000000100000000)
  region size 1024K, 6 young (6144K), 6 survivors (6144K)
 Metaspace       used 45398K, capacity 46554K, committed 46696K, reserved 1089536K
  class space    used 5654K, capacity 6092K, committed 6144K, reserved 1048576K
}
Event: 7.960 GC heap before
{Heap before GC invocations=13 (full 0):
 garbage-first heap   total 157696K, used 116929K [0x0000000080000000, 0x0000000100000000)
  region size 1024K, 54 young (55296K), 6 survivors (6144K)
 Metaspace       used 48541K, capacity 49977K, committed 50152K, reserved 1093632K
  class space    used 6178K, capacity 6679K, committed 6784K, reserved 1048576K
}
Event: 7.969 GC heap after
{Heap after GC invocations=14 (full 0):
 garbage-first heap   total 157696K, used 71898K [0x0000000080000000, 0x0000000100000000)
  region size 1024K, 7 young (7168K), 7 survivors (7168K)
 Metaspace       used 48541K, capacity 49977K, committed 50152K, reserved 1093632K
  class space    used 6178K, capacity 6679K, committed 6784K, reserved 1048576K
}
Event: 8.669 GC heap before
{Heap before GC invocations=14 (full 0):
 garbage-first heap   total 157696K, used 120026K [0x0000000080000000, 0x0000000100000000)
  region size 1024K, 52 young (53248K), 7 survivors (7168K)
 Metaspace       used 50462K, capacity 52038K, committed 52072K, reserved 1095680K
  class space    used 6392K, capacity 6909K, committed 6912K, reserved 1048576K
}
Event: 8.678 GC heap after
{Heap after GC invocations=15 (full 0):
 garbage-first heap   total 157696K, used 77783K [0x0000000080000000, 0x0000000100000000)
  region size 1024K, 7 young (7168K), 7 survivors (7168K)
 Metaspace       used 50462K, capacity 52038K, committed 52072K, reserved 1095680K
  class space    used 6392K, capacity 6909K, committed 6912K, reserved 1048576K
}
Event: 8.741 GC heap before
{Heap before GC invocations=15 (full 0):
 garbage-first heap   total 157696K, used 81879K [0x0000000080000000, 0x0000000100000000)
  region size 1024K, 13 young (13312K), 7 survivors (7168K)
 Metaspace       used 50465K, capacity 52038K, committed 52072K, reserved 1095680K
  class space    used 6392K, capacity 6909K, committed 6912K, reserved 1048576K
}
Event: 8.755 GC heap after
{Heap after GC invocations=16 (full 0):
 garbage-first heap   total 157696K, used 81317K [0x0000000080000000, 0x0000000100000000)
  region size 1024K, 7 young (7168K), 7 survivors (7168K)
 Metaspace       used 50465K, capacity 52038K, committed 52072K, reserved 1095680K
  class space    used 6392K, capacity 6909K, committed 6912K, reserved 1048576K
}
Event: 9.356 GC heap before
{Heap before GC invocations=17 (full 0):
 garbage-first heap   total 157696K, used 124325K [0x0000000080000000, 0x0000000100000000)
  region size 1024K, 47 young (48128K), 7 survivors (7168K)
 Metaspace       used 53839K, capacity 55457K, committed 55784K, reserved 1097728K
  class space    used 6924K, capacity 7475K, committed 7552K, reserved 1048576K
}
Event: 9.362 GC heap after
{Heap after GC invocations=18 (full 0):
 garbage-first heap   total 157696K, used 86504K [0x0000000080000000, 0x0000000100000000)
  region size 1024K, 4 young (4096K), 4 survivors (4096K)
 Metaspace       used 53839K, capacity 55457K, committed 55784K, reserved 1097728K
  class space    used 6924K, capacity 7475K, committed 7552K, reserved 1048576K
}
Event: 10.033 GC heap before
{Heap before GC invocations=18 (full 0):
 garbage-first heap   total 157696K, used 125416K [0x0000000080000000, 0x0000000100000000)
  region size 1024K, 42 young (43008K), 4 survivors (4096K)
 Metaspace       used 59116K, capacity 60888K, committed 61032K, reserved 1101824K
  class space    used 7538K, capacity 8152K, committed 8192K, reserved 1048576K
}
Event: 10.038 GC heap after
{Heap after GC invocations=19 (full 0):
 garbage-first heap   total 157696K, used 88291K [0x0000000080000000, 0x0000000100000000)
  region size 1024K, 5 young (5120K), 5 survivors (5120K)
 Metaspace       used 59116K, capacity 60888K, committed 61032K, reserved 1101824K
  class space    used 7538K, capacity 8152K, committed 8192K, reserved 1048576K
}
Event: 10.755 GC heap before
{Heap before GC invocations=20 (full 0):
 garbage-first heap   total 157696K, used 128227K [0x0000000080000000, 0x0000000100000000)
  region size 1024K, 44 young (45056K), 5 survivors (5120K)
 Metaspace       used 64992K, capacity 66790K, committed 66920K, reserved 1107968K
  class space    used 8261K, capacity 8900K, committed 8960K, reserved 1048576K
}
Event: 10.763 GC heap after
{Heap after GC invocations=21 (full 0):
 garbage-first heap   total 157696K, used 89814K [0x0000000080000000, 0x0000000100000000)
  region size 1024K, 4 young (4096K), 4 survivors (4096K)
 Metaspace       used 64992K, capacity 66790K, committed 66920K, reserved 1107968K
  class space    used 8261K, capacity 8900K, committed 8960K, reserved 1048576K
}
Event: 11.351 GC heap before
{Heap before GC invocations=21 (full 0):
 garbage-first heap   total 157696K, used 127702K [0x0000000080000000, 0x0000000100000000)
  region size 1024K, 42 young (43008K), 4 survivors (4096K)
 Metaspace       used 68907K, capacity 70767K, committed 71016K, reserved 1112064K
  class space    used 8722K, capacity 9369K, committed 9472K, reserved 1048576K
}
Event: 11.364 GC heap after
{Heap after GC invocations=22 (full 0):
 garbage-first heap   total 157696K, used 93353K [0x0000000080000000, 0x0000000100000000)
  region size 1024K, 6 young (6144K), 6 survivors (6144K)
 Metaspace       used 68907K, capacity 70767K, committed 71016K, reserved 1112064K
  class space    used 8722K, capacity 9369K, committed 9472K, reserved 1048576K
}
Event: 11.578 GC heap before
{Heap before GC invocations=23 (full 0):
 garbage-first heap   total 157696K, used 107689K [0x0000000080000000, 0x0000000100000000)
  region size 1024K, 21 young (21504K), 6 survivors (6144K)
 Metaspace       used 70188K, capacity 72028K, committed 72168K, reserved 1112064K
  class space    used 8894K, capacity 9575K, committed 9600K, reserved 1048576K
}
Event: 11.587 GC heap after
{Heap after GC invocations=24 (full 0):
 garbage-first heap   total 189440K, used 94869K [0x0000000080000000, 0x0000000100000000)
  region size 1024K, 2 young (2048K), 2 survivors (2048K)
 Metaspace       used 70188K, capacity 72028K, committed 72168K, reserved 1112064K
  class space    used 8894K, capacity 9575K, committed 9600K, reserved 1048576K
}

Deoptimization events (20 events):
Event: 11.011 Thread 0x00000295f1dd7800 Uncommon trap: trap_request=0xffffffc6 fr.pc=0x00000295dfd6da28 relative=0x00000000000014e8
Event: 11.011 Thread 0x00000295f1dd7800 Uncommon trap: reason=bimorphic_or_optimized_type_check action=maybe_recompile pc=0x00000295dfd6da28 method=jdk.internal.loader.Resource.getBytes()[B @ 115 c2
Event: 11.011 Thread 0x00000295f1dd7800 DEOPT PACKING pc=0x00000295dfd6da28 sp=0x000000f9bedf42d0
Event: 11.011 Thread 0x00000295f1dd7800 DEOPT UNPACKING pc=0x00000295d7f9a1af sp=0x000000f9bedf4270 mode 2
Event: 11.013 Thread 0x00000295f1dd7800 Uncommon trap: trap_request=0xffffffc6 fr.pc=0x00000295dfd6da28 relative=0x00000000000014e8
Event: 11.013 Thread 0x00000295f1dd7800 Uncommon trap: reason=bimorphic_or_optimized_type_check action=maybe_recompile pc=0x00000295dfd6da28 method=jdk.internal.loader.Resource.getBytes()[B @ 115 c2
Event: 11.013 Thread 0x00000295f1dd7800 DEOPT PACKING pc=0x00000295dfd6da28 sp=0x000000f9bedf0f80
Event: 11.013 Thread 0x00000295f1dd7800 DEOPT UNPACKING pc=0x00000295d7f9a1af sp=0x000000f9bedf0f20 mode 2
Event: 11.013 Thread 0x00000295f1dd7800 Uncommon trap: trap_request=0xffffff4d fr.pc=0x00000295dfde4a3c relative=0x000000000000009c
Event: 11.013 Thread 0x00000295f1dd7800 Uncommon trap: reason=unstable_if action=reinterpret pc=0x00000295dfde4a3c method=java.security.CodeSource.matchCerts(Ljava/security/CodeSource;Z)Z @ 11 c2
Event: 11.013 Thread 0x00000295f1dd7800 DEOPT PACKING pc=0x00000295dfde4a3c sp=0x000000f9bedf0de0
Event: 11.013 Thread 0x00000295f1dd7800 DEOPT UNPACKING pc=0x00000295d7f9a1af sp=0x000000f9bedf0d78 mode 2
Event: 11.462 Thread 0x00000295f1dd7800 Uncommon trap: trap_request=0xfffffff4 fr.pc=0x00000295dfe6dd88 relative=0x0000000000000068
Event: 11.462 Thread 0x00000295f1dd7800 Uncommon trap: reason=null_check action=make_not_entrant pc=0x00000295dfe6dd88 method=java.lang.Class.isAnnotation()Z @ 1 c2
Event: 11.462 Thread 0x00000295f1dd7800 DEOPT PACKING pc=0x00000295dfe6dd88 sp=0x000000f9bedf7c00
Event: 11.462 Thread 0x00000295f1dd7800 DEOPT UNPACKING pc=0x00000295d7f9a1af sp=0x000000f9bedf7b90 mode 2
Event: 11.521 Thread 0x00000295f1dd7800 Uncommon trap: trap_request=0xffffff4d fr.pc=0x00000295dfe0741c relative=0x000000000000033c
Event: 11.521 Thread 0x00000295f1dd7800 Uncommon trap: reason=unstable_if action=reinterpret pc=0x00000295dfe0741c method=org.gradle.internal.reflect.PropertyAccessorType.of(Ljava/lang/reflect/Method;)Lorg/gradle/internal/reflect/PropertyAccessorType; @ 56 c2
Event: 11.521 Thread 0x00000295f1dd7800 DEOPT PACKING pc=0x00000295dfe0741c sp=0x000000f9bedf7620
Event: 11.521 Thread 0x00000295f1dd7800 DEOPT UNPACKING pc=0x00000295d7f9a1af sp=0x000000f9bedf75e0 mode 2

Classes redefined (0 events):
No events

Internal exceptions (20 events):
Event: 8.792 Thread 0x00000295f1dd7800 Exception <a 'java/lang/ClassNotFoundException'{0x000000008963ae08}: org/gradle/api/tasks/DeleteCustomizer> (0x000000008963ae08) thrown at [./src/hotspot/share/classfile/systemDictionary.cpp, line 231]
Event: 8.794 Thread 0x00000295f1dd7800 Exception <a 'java/lang/ClassNotFoundException'{0x0000000089679f08}: org/gradle/api/tasks/Delete_DecoratedCustomizer> (0x0000000089679f08) thrown at [./src/hotspot/share/classfile/systemDictionary.cpp, line 231]
Event: 8.854 Thread 0x00000295f1dd7800 Exception <a 'java/lang/NoSuchMethodError'{0x00000000894665d0}: 'void java.lang.invoke.DirectMethodHandle$Holder.invokeVirtual(java.lang.Object, java.lang.Object)'> (0x00000000894665d0) thrown at [./src/hotspot/share/interpreter/linkResolver.cpp, line 773]
Event: 9.336 Thread 0x00000295f1dd7800 Exception <a 'java/lang/NoSuchMethodError'{0x0000000086b2cc38}: 'void java.lang.invoke.DirectMethodHandle$Holder.invokeSpecialIFC(java.lang.Object, java.lang.Object, java.lang.Object)'> (0x0000000086b2cc38) thrown at [./src/hotspot/share/interpreter/linkResolver.cpp, line 773]
Event: 9.454 Thread 0x00000295f1dd7800 Exception <a 'java/lang/NoSuchMethodError'{0x000000008953ab68}: 'int java.lang.invoke.DirectMethodHandle$Holder.invokeStatic(java.lang.Object, int, java.lang.Object, java.lang.Object)'> (0x000000008953ab68) thrown at [./src/hotspot/share/interpreter/linkResolver.cpp, line 773]
Event: 9.639 Thread 0x00000295f1dd7800 Exception <a 'java/lang/ClassNotFoundException'{0x0000000088fd97c0}: build_56l6u4n73lhkrl48x7c7h3mlrBeanInfo> (0x0000000088fd97c0) thrown at [./src/hotspot/share/classfile/systemDictionary.cpp, line 231]
Event: 9.639 Thread 0x00000295f1dd7800 Exception <a 'java/lang/ClassNotFoundException'{0x0000000088fe4778}: build_56l6u4n73lhkrl48x7c7h3mlrCustomizer> (0x0000000088fe4778) thrown at [./src/hotspot/share/classfile/systemDictionary.cpp, line 231]
Event: 9.794 Thread 0x00000295f1dd7800 Exception <a 'java/lang/NoSuchMethodError'{0x0000000088333280}: 'java.lang.Object java.lang.invoke.DirectMethodHandle$Holder.invokeStatic(java.lang.Object, java.lang.Object, java.lang.Object, java.lang.Object, int)'> (0x0000000088333280) thrown at [./src/hotspot/share/interpreter/linkResolver.cpp, line 773]
Event: 9.794 Thread 0x00000295f1dd7800 Exception <a 'java/lang/NoSuchMethodError'{0x0000000088337c78}: 'java.lang.Object java.lang.invoke.DirectMethodHandle$Holder.invokeSpecial(java.lang.Object, java.lang.Object, java.lang.Object, java.lang.Object, java.lang.Object, int)'> (0x0000000088337c78) thrown at [./src/hotspot/share/interpreter/linkResolver.cpp, line 773]
Event: 9.794 Thread 0x00000295f1dd7800 Exception <a 'java/lang/NoSuchMethodError'{0x000000008833c2b8}: 'java.lang.Object java.lang.invoke.Invokers$Holder.linkToTargetMethod(java.lang.Object, java.lang.Object, java.lang.Object, int, java.lang.Object)'> (0x000000008833c2b8) thrown at [./src/hotspot/share/interpreter/linkResolver.cpp, line 773]
Event: 10.021 Thread 0x00000295f1dd7800 Exception <a 'java/lang/NoSuchMethodError'{0x0000000087596a60}: 'java.lang.Object java.lang.invoke.DirectMethodHandle$Holder.invokeSpecial(java.lang.Object, java.lang.Object, int, int, java.lang.Object, java.lang.Object, java.lang.Object)'> (0x0000000087596a60) thrown at [./src/hotspot/share/interpreter/linkResolver.cpp, line 773]
Event: 10.021 Thread 0x00000295f1dd7800 Exception <a 'java/lang/NoSuchMethodError'{0x000000008759afe0}: 'java.lang.Object java.lang.invoke.DelegatingMethodHandle$Holder.reinvoke_L(java.lang.Object, int, int, java.lang.Object, java.lang.Object, java.lang.Object)'> (0x000000008759afe0) thrown at [./src/hotspot/share/interpreter/linkResolver.cpp, line 773]
Event: 10.262 Thread 0x00000295f1dd7800 Exception <a 'java/lang/NoSuchMethodError'{0x0000000088e90c00}: 'int java.lang.invoke.DirectMethodHandle$Holder.invokeInterface(java.lang.Object, java.lang.Object, java.lang.Object, java.lang.Object)'> (0x0000000088e90c00) thrown at [./src/hotspot/share/interpreter/linkResolver.cpp, line 773]
Event: 10.513 Thread 0x00000295f1dd7800 Exception <a 'java/lang/NoSuchMethodError'{0x0000000087fa9760}: 'void java.lang.invoke.DirectMethodHandle$Holder.invokeInterface(java.lang.Object, java.lang.Object, java.lang.Object, java.lang.Object)'> (0x0000000087fa9760) thrown at [./src/hotspot/share/interpreter/linkResolver.cpp, line 773]
Event: 10.658 Thread 0x00000295f1dd7800 Exception <a 'java/lang/IncompatibleClassChangeError'{0x00000000877dab90}: Found class java.lang.Object, but interface was expected> (0x00000000877dab90) thrown at [./src/hotspot/share/interpreter/linkResolver.cpp, line 839]
Event: 10.724 Thread 0x00000295f1dd7800 Implicit null exception at 0x00000295dfcbead4 to 0x00000295dfcbecb8
Event: 10.724 Thread 0x00000295f1dd7800 Implicit null exception at 0x00000295dfcbd4af to 0x00000295dfcbdc98
Event: 10.832 Thread 0x00000295f1dd7800 Implicit null exception at 0x00000295dfb5768b to 0x00000295dfb57764
Event: 10.900 Thread 0x00000295f1dd7800 Implicit null exception at 0x00000295dfbb62ac to 0x00000295dfbb645a
Event: 11.051 Thread 0x00000295f1dd7800 Exception <a 'sun/nio/fs/WindowsException'{0x0000000088785c28}> (0x0000000088785c28) thrown at [./src/hotspot/share/prims/jni.cpp, line 616]

Events (20 events):
Event: 11.593 loading class com/google/gson/internal/UnsafeAllocator$4
Event: 11.593 loading class com/google/gson/internal/UnsafeAllocator$4 done
Event: 11.593 loading class com/google/gson/internal/ConstructorConstructor$8
Event: 11.593 loading class com/google/gson/internal/ConstructorConstructor$8 done
Event: 11.594 loading class com/android/tools/build/jetifier/core/rule/RewriteRule$JsonData
Event: 11.594 loading class com/android/tools/build/jetifier/core/rule/RewriteRule$JsonData done
Event: 11.596 loading class com/android/tools/build/jetifier/core/PackageMap$PackageRule$JsonData
Event: 11.596 loading class com/android/tools/build/jetifier/core/PackageMap$PackageRule$JsonData done
Event: 11.597 loading class com/android/tools/build/jetifier/core/pom/PomRewriteRule$JsonData
Event: 11.597 loading class com/android/tools/build/jetifier/core/pom/PomRewriteRule$JsonData done
Event: 11.598 loading class com/android/tools/build/jetifier/core/pom/PomDependency
Event: 11.598 loading class com/android/tools/build/jetifier/core/pom/PomDependency done
Event: 11.601 loading class com/google/gson/internal/ConstructorConstructor$11
Event: 11.601 loading class com/google/gson/internal/ConstructorConstructor$11 done
Event: 11.611 loading class com/google/gson/internal/LinkedTreeMap
Event: 11.611 loading class com/google/gson/internal/LinkedTreeMap done
Event: 11.612 loading class com/google/gson/internal/LinkedTreeMap$1
Event: 11.612 loading class com/google/gson/internal/LinkedTreeMap$1 done
Event: 11.613 loading class com/google/gson/internal/LinkedTreeMap$Node
Event: 11.613 loading class com/google/gson/internal/LinkedTreeMap$Node done


Dynamic libraries:
0x00007ff771150000 - 0x00007ff77115a000 	C:\Program Files\Android\Android Studio\jre\bin\java.exe
0x00007fff3ee90000 - 0x00007fff3f088000 	C:\Windows\SYSTEM32\ntdll.dll
0x00007fff3e110000 - 0x00007fff3e1cf000 	C:\Windows\System32\KERNEL32.DLL
0x00007fff3c700000 - 0x00007fff3c9d2000 	C:\Windows\System32\KERNELBASE.dll
0x00007fff3ca10000 - 0x00007fff3cb10000 	C:\Windows\System32\ucrtbase.dll
0x00007fff37cd0000 - 0x00007fff37ce9000 	C:\Program Files\Android\Android Studio\jre\bin\jli.dll
0x00007fff36770000 - 0x00007fff36787000 	C:\Program Files\Android\Android Studio\jre\bin\VCRUNTIME140.dll
0x00007fff3d0a0000 - 0x00007fff3d241000 	C:\Windows\System32\USER32.dll
0x00007fff3c9e0000 - 0x00007fff3ca02000 	C:\Windows\System32\win32u.dll
0x00007fff3dd70000 - 0x00007fff3dd9b000 	C:\Windows\System32\GDI32.dll
0x00007fff2bae0000 - 0x00007fff2bd7a000 	C:\Windows\WinSxS\amd64_microsoft.windows.common-controls_6595b64144ccf1df_6.0.19041.1110_none_60b5254171f9507e\COMCTL32.dll
0x00007fff3c580000 - 0x00007fff3c68f000 	C:\Windows\System32\gdi32full.dll
0x00007fff3e780000 - 0x00007fff3e81e000 	C:\Windows\System32\msvcrt.dll
0x00007fff3cb10000 - 0x00007fff3cbad000 	C:\Windows\System32\msvcp_win.dll
0x00007fff3dda0000 - 0x00007fff3ddd2000 	C:\Windows\System32\IMM32.DLL
0x00007fff3c150000 - 0x00007fff3c247000 	C:\Windows\system32\guard64.dll
0x00007fff3eb50000 - 0x00007fff3ebfe000 	C:\Windows\System32\ADVAPI32.dll
0x00007fff3cf30000 - 0x00007fff3cfcc000 	C:\Windows\System32\sechost.dll
0x00007fff3e900000 - 0x00007fff3ea25000 	C:\Windows\System32\RPCRT4.dll
0x00007fff3c140000 - 0x00007fff3c14a000 	C:\Windows\system32\version.dll
0x00007fff3dfe0000 - 0x00007fff3e10a000 	C:\Windows\System32\ole32.dll
0x00007fff3d9a0000 - 0x00007fff3dcf5000 	C:\Windows\System32\combase.dll
0x00007fff3c130000 - 0x00007fff3c13b000 	C:\Windows\system32\fltlib.dll
0x00007fff3d250000 - 0x00007fff3d994000 	C:\Windows\System32\shell32.dll
0x00007fff2f8c0000 - 0x00007fff2f95d000 	C:\Program Files\Android\Android Studio\jre\bin\msvcp140.dll
0x00007ffee1fa0000 - 0x00007ffee2aa2000 	C:\Program Files\Android\Android Studio\jre\bin\server\jvm.dll
0x00007fff3e1d0000 - 0x00007fff3e1d8000 	C:\Windows\System32\PSAPI.DLL
0x00007fff37960000 - 0x00007fff37969000 	C:\Windows\SYSTEM32\WSOCK32.dll
0x00007fff3dec0000 - 0x00007fff3df2b000 	C:\Windows\System32\WS2_32.dll
0x00007fff2f300000 - 0x00007fff2f327000 	C:\Windows\SYSTEM32\WINMM.dll
0x00007fff3a500000 - 0x00007fff3a512000 	C:\Windows\SYSTEM32\kernel.appcore.dll
0x00007fff304b0000 - 0x00007fff304c1000 	C:\Program Files\Android\Android Studio\jre\bin\verify.dll
0x00007fff28880000 - 0x00007fff28a64000 	C:\Windows\SYSTEM32\DBGHELP.DLL
0x00007fff28820000 - 0x00007fff28855000 	C:\Windows\SYSTEM32\dbgcore.DLL
0x00007fff3cbb0000 - 0x00007fff3cc32000 	C:\Windows\System32\bcryptPrimitives.dll
0x00007fff30430000 - 0x00007fff30459000 	C:\Program Files\Android\Android Studio\jre\bin\java.dll
0x00007fff304a0000 - 0x00007fff304ab000 	C:\Program Files\Android\Android Studio\jre\bin\jimage.dll
0x00007fff30290000 - 0x00007fff302a8000 	C:\Program Files\Android\Android Studio\jre\bin\zip.dll
0x00007fff3a520000 - 0x00007fff3acb2000 	C:\Windows\SYSTEM32\windows.storage.dll
0x00007fff3bde0000 - 0x00007fff3be10000 	C:\Windows\SYSTEM32\Wldp.dll
0x00007fff3df30000 - 0x00007fff3dfdd000 	C:\Windows\System32\SHCORE.dll
0x00007fff3dd10000 - 0x00007fff3dd65000 	C:\Windows\System32\shlwapi.dll
0x00007fff3c4c0000 - 0x00007fff3c4df000 	C:\Windows\SYSTEM32\profapi.dll
0x00007fff30270000 - 0x00007fff3028a000 	C:\Program Files\Android\Android Studio\jre\bin\net.dll
0x00007fff33bc0000 - 0x00007fff33ccc000 	C:\Windows\SYSTEM32\WINHTTP.dll
0x00007fff3bb40000 - 0x00007fff3bbaa000 	C:\Windows\system32\mswsock.dll
0x00007fff30250000 - 0x00007fff30264000 	C:\Program Files\Android\Android Studio\jre\bin\nio.dll
0x00007fff36790000 - 0x00007fff367b7000 	C:\Users\91989\.gradle\native\e1d6ef7f7dcc3fd88c89a11ec53ec762bb8ba0a96d01ffa2cd45eb1d1d8dd5c5\windows-amd64\native-platform.dll
0x00007fff26260000 - 0x00007fff263a4000 	C:\Users\91989\.gradle\native\5664cfc778a61ccfe75a443a1ab52a65af34e5dc3c78e0209fed803814484fcb\windows-amd64\native-platform-file-events.dll
0x00007fff30490000 - 0x00007fff3049a000 	C:\Program Files\Android\Android Studio\jre\bin\management.dll
0x00007fff30310000 - 0x00007fff3031d000 	C:\Program Files\Android\Android Studio\jre\bin\management_ext.dll
0x00007fff3bd30000 - 0x00007fff3bd48000 	C:\Windows\SYSTEM32\CRYPTSP.dll
0x00007fff3b460000 - 0x00007fff3b494000 	C:\Windows\system32\rsaenh.dll
0x00007fff3cd40000 - 0x00007fff3cd67000 	C:\Windows\System32\bcrypt.dll
0x00007fff3c480000 - 0x00007fff3c4ae000 	C:\Windows\SYSTEM32\USERENV.dll
0x00007fff3bd50000 - 0x00007fff3bd5c000 	C:\Windows\SYSTEM32\CRYPTBASE.dll
0x00007fff3b830000 - 0x00007fff3b86b000 	C:\Windows\SYSTEM32\IPHLPAPI.DLL
0x00007fff3ee40000 - 0x00007fff3ee48000 	C:\Windows\System32\NSI.dll
0x00007fff328c0000 - 0x00007fff328d7000 	C:\Windows\SYSTEM32\dhcpcsvc6.DLL
0x00007fff328a0000 - 0x00007fff328bd000 	C:\Windows\SYSTEM32\dhcpcsvc.DLL
0x00007fff3b880000 - 0x00007fff3b94a000 	C:\Windows\SYSTEM32\DNSAPI.dll

dbghelp: loaded successfully - version: 4.0.5 - missing functions: none
symbol engine: initialized successfully - sym options: 0x614 - pdb path: .;C:\Program Files\Android\Android Studio\jre\bin;C:\Windows\SYSTEM32;C:\Windows\WinSxS\amd64_microsoft.windows.common-controls_6595b64144ccf1df_6.0.19041.1110_none_60b5254171f9507e;C:\Program Files\Android\Android Studio\jre\bin\server;C:\Users\91989\.gradle\native\e1d6ef7f7dcc3fd88c89a11ec53ec762bb8ba0a96d01ffa2cd45eb1d1d8dd5c5\windows-amd64;C:\Users\91989\.gradle\native\5664cfc778a61ccfe75a443a1ab52a65af34e5dc3c78e0209fed803814484fcb\windows-amd64

VM Arguments:
jvm_args: --add-opens=java.base/java.util=ALL-UNNAMED --add-opens=java.base/java.lang=ALL-UNNAMED --add-opens=java.base/java.lang.invoke=ALL-UNNAMED --add-opens=java.base/java.util=ALL-UNNAMED --add-opens=java.prefs/java.util.prefs=ALL-UNNAMED --add-opens=java.prefs/java.util.prefs=ALL-UNNAMED --add-opens=java.base/java.nio.charset=ALL-UNNAMED --add-opens=java.base/java.net=ALL-UNNAMED --add-opens=java.base/java.util.concurrent.atomic=ALL-UNNAMED -Xmx2048m -Dfile.encoding=UTF-8 -Duser.country=IN -Duser.language=en -Duser.variant 
java_command: org.gradle.launcher.daemon.bootstrap.GradleDaemon 7.2
java_class_path (initial): C:\Users\91989\.gradle\wrapper\dists\gradle-7.2-bin\2dnblmf4td7x66yl1d74lt32g\gradle-7.2\lib\gradle-launcher-7.2.jar
Launcher Type: SUN_STANDARD

[Global flags]
     intx CICompilerCount                          = 4                                         {product} {ergonomic}
     uint ConcGCThreads                            = 2                                         {product} {ergonomic}
     uint G1ConcRefinementThreads                  = 8                                         {product} {ergonomic}
   size_t G1HeapRegionSize                         = 1048576                                   {product} {ergonomic}
    uintx GCDrainStackTargetSize                   = 64                                        {product} {ergonomic}
   size_t InitialHeapSize                          = 134217728                                 {product} {ergonomic}
   size_t MarkStackSize                            = 4194304                                   {product} {ergonomic}
   size_t MaxHeapSize                              = 2147483648                                {product} {command line}
   size_t MaxNewSize                               = 1287651328                                {product} {ergonomic}
   size_t MinHeapDeltaBytes                        = 1048576                                   {product} {ergonomic}
    uintx NonNMethodCodeHeapSize                   = 5836300                                {pd product} {ergonomic}
    uintx NonProfiledCodeHeapSize                  = 122910970                              {pd product} {ergonomic}
    uintx ProfiledCodeHeapSize                     = 122910970                              {pd product} {ergonomic}
    uintx ReservedCodeCacheSize                    = 251658240                              {pd product} {ergonomic}
     bool SegmentedCodeCache                       = true                                      {product} {ergonomic}
     bool UseCompressedClassPointers               = true                                 {lp64_product} {ergonomic}
     bool UseCompressedOops                        = true                                 {lp64_product} {ergonomic}
     bool UseG1GC                                  = true                                      {product} {ergonomic}
     bool UseLargePagesIndividualAllocation        = false                                  {pd product} {ergonomic}

Logging:
Log output configuration:
 #0: stdout all=warning uptime,level,tags
 #1: stderr all=off uptime,level,tags

Environment Variables:
PATH=C:\Windows\system32;C:\Windows;C:\Windows\System32\Wbem;C:\Windows\System32\WindowsPowerShell\v1.0\;C:\Windows\System32\OpenSSH\;C:\Program Files\Git\cmd;C:\Users\91989\AppData\Local\Microsoft\WindowsApps;
USERNAME=91989
OS=Windows_NT
PROCESSOR_IDENTIFIER=Intel64 Family 6 Model 60 Stepping 3, GenuineIntel



---------------  S Y S T E M  ---------------

OS: Windows 10 , 64 bit Build 19041 (10.0.19041.2364)
OS uptime: 1 days 6:13 hours

CPU:total 8 (initial active 8) (4 cores per cpu, 2 threads per core) family 6 model 60 stepping 3 microcode 0x27, cmov, cx8, fxsr, mmx, sse, sse2, sse3, ssse3, sse4.1, sse4.2, popcnt, avx, avx2, aes, clmul, erms, lzcnt, ht, tsc, tscinvbit, bmi1, bmi2, fma

Memory: 4k page, system-wide physical 8124M (687M free)
TotalPageFile size 10172M (AvailPageFile size 5M)
current process WorkingSet (physical memory assigned to process): 387M, peak: 387M
current process commit charge ("private bytes"): 452M, peak: 452M

vm_info: OpenJDK 64-Bit Server VM (11.0.13+0-b1751.21-8125866) for windows-amd64 JRE (11.0.13+0-b1751.21-8125866), built on Feb  2 2022 03:00:22 by "builder" with MS VC++ 14.0 (VS2015)

END.
