#
# There is insufficient memory for the Java Runtime Environment to continue.
# Native memory allocation (malloc) failed to allocate 1206416 bytes for Chunk::new
# Possible reasons:
#   The system is out of physical RAM or swap space
#   The process is running with CompressedOops enabled, and the Java Heap may be blocking the growth of the native heap
# Possible solutions:
#   Reduce memory load on the system
#   Increase physical memory or swap space
#   Check if swap backing store is full
#   Decrease Java heap size (-Xmx/-Xms)
#   Decrease number of Java threads
#   Decrease Java thread stack sizes (-Xss)
#   Set larger code cache with -XX:ReservedCodeCacheSize=
#   JVM is running with Unscaled Compressed Oops mode in which the Java heap is
#     placed in the first 4GB address space. The Java Heap base address is the
#     maximum limit for the native heap growth. Please use -XX:HeapBaseMinAddress
#     to set the Java Heap base and to place the Java Heap above 4GB virtual address.
# This output file may be truncated or incomplete.
#
#  Out of Memory Error (./src/hotspot/share/memory/arena.cpp:197), pid=51628, tid=68132
#
# JRE version: OpenJDK Runtime Environment (11.0.13) (build 11.0.13+0-b1751.21-8125866)
# Java VM: OpenJDK 64-Bit Server VM (11.0.13+0-b1751.21-8125866, mixed mode, tiered, compressed oops, g1 gc, windows-amd64)
# No core dump will be written. Minidumps are not enabled by default on client versions of Windows
#

---------------  S U M M A R Y ------------

Command Line: --add-opens=java.base/java.util=ALL-UNNAMED --add-opens=java.base/java.lang=ALL-UNNAMED --add-opens=java.base/java.lang.invoke=ALL-UNNAMED --add-opens=java.base/java.util=ALL-UNNAMED --add-opens=java.prefs/java.util.prefs=ALL-UNNAMED --add-opens=java.prefs/java.util.prefs=ALL-UNNAMED --add-opens=java.base/java.nio.charset=ALL-UNNAMED --add-opens=java.base/java.net=ALL-UNNAMED --add-opens=java.base/java.util.concurrent.atomic=ALL-UNNAMED -Xmx2048m -Dfile.encoding=UTF-8 -Duser.country=IN -Duser.language=en -Duser.variant org.gradle.launcher.daemon.bootstrap.GradleDaemon 7.2

Host: Intel(R) Core(TM) i7-4700MQ CPU @ 2.40GHz, 8 cores, 7G,  Windows 10 , 64 bit Build 19041 (10.0.19041.2364)
Time: Fri Jan  6 15:26:40 2023 India Standard Time elapsed time: 5.831040 seconds (0d 0h 0m 5s)

---------------  T H R E A D  ---------------

Current thread (0x0000027f31aee000):  JavaThread "C2 CompilerThread2" daemon [_thread_in_native, id=68132, stack(0x00000093b0a00000,0x00000093b0b00000)]


Current CompileTask:
C2:   5831 3976       4       groovy.lang.MetaClassImpl$1MOPIter::methodNameAction (325 bytes)

Stack: [0x00000093b0a00000,0x00000093b0b00000]
Native frames: (J=compiled Java code, j=interpreted, Vv=VM code, C=native code)
V  [jvm.dll+0x6100fa]
V  [jvm.dll+0x747090]
V  [jvm.dll+0x7486ad]
V  [jvm.dll+0x748d83]
V  [jvm.dll+0x24ab48]
V  [jvm.dll+0xc04dc]
V  [jvm.dll+0xc0a0c]
V  [jvm.dll+0x35eb9d]
V  [jvm.dll+0x19d7bc]
V  [jvm.dll+0x2033be]
V  [jvm.dll+0x202437]
V  [jvm.dll+0x188e01]
V  [jvm.dll+0x21106b]
V  [jvm.dll+0x20f8c1]
V  [jvm.dll+0x70de0f]
V  [jvm.dll+0x706a75]
V  [jvm.dll+0x60ed66]
C  [ucrtbase.dll+0x21bb2]
C  [KERNEL32.DLL+0x17614]
C  [ntdll.dll+0x526a1]


---------------  P R O C E S S  ---------------

Threads class SMR info:
_java_thread_list=0x0000027f32efe7b0, length=41, elements={
0x0000027f12617000, 0x0000027f2dad3000, 0x0000027f2dae0800, 0x0000027f2db2b800,
0x0000027f2db2d000, 0x0000027f2db2e000, 0x0000027f2db3a000, 0x0000027f2db48800,
0x0000027f2db4b800, 0x0000027f2dcaa800, 0x0000027f3001d800, 0x0000027f3082c000,
0x0000027f2ddba000, 0x0000027f2fe20000, 0x0000027f30b70000, 0x0000027f2fab3800,
0x0000027f2fab4000, 0x0000027f2ff44000, 0x0000027f2eb11800, 0x0000027f2eb12000,
0x0000027f2fc69800, 0x0000027f2fc6a000, 0x0000027f2fc68800, 0x0000027f2fc67000,
0x0000027f2fc6b000, 0x0000027f2fc65800, 0x0000027f2fc6c000, 0x0000027f2fc66000,
0x0000027f2fc67800, 0x0000027f3043a000, 0x0000027f3043d000, 0x0000027f3043b800,
0x0000027f3043a800, 0x0000027f3043c000, 0x0000027f30438000, 0x0000027f30439000,
0x0000027f3043e000, 0x0000027f3043e800, 0x0000027f2ff45000, 0x0000027f31aee000,
0x0000027f31ab2000
}

Java Threads: ( => current thread )
  0x0000027f12617000 JavaThread "main" [_thread_blocked, id=68448, stack(0x00000093ad400000,0x00000093ad500000)]
  0x0000027f2dad3000 JavaThread "Reference Handler" daemon [_thread_blocked, id=68344, stack(0x00000093adb00000,0x00000093adc00000)]
  0x0000027f2dae0800 JavaThread "Finalizer" daemon [_thread_blocked, id=63072, stack(0x00000093adc00000,0x00000093add00000)]
  0x0000027f2db2b800 JavaThread "Signal Dispatcher" daemon [_thread_blocked, id=68560, stack(0x00000093add00000,0x00000093ade00000)]
  0x0000027f2db2d000 JavaThread "Attach Listener" daemon [_thread_blocked, id=61552, stack(0x00000093ade00000,0x00000093adf00000)]
  0x0000027f2db2e000 JavaThread "Service Thread" daemon [_thread_blocked, id=65612, stack(0x00000093adf00000,0x00000093ae000000)]
  0x0000027f2db3a000 JavaThread "C2 CompilerThread0" daemon [_thread_in_native, id=5196, stack(0x00000093ae000000,0x00000093ae100000)]
  0x0000027f2db48800 JavaThread "C1 CompilerThread0" daemon [_thread_in_vm, id=65028, stack(0x00000093ae100000,0x00000093ae200000)]
  0x0000027f2db4b800 JavaThread "Sweeper thread" daemon [_thread_blocked, id=58616, stack(0x00000093ae200000,0x00000093ae300000)]
  0x0000027f2dcaa800 JavaThread "Common-Cleaner" daemon [_thread_blocked, id=68164, stack(0x00000093ae300000,0x00000093ae400000)]
  0x0000027f3001d800 JavaThread "Daemon health stats" [_thread_blocked, id=50200, stack(0x00000093ae900000,0x00000093aea00000)]
  0x0000027f3082c000 JavaThread "Incoming local TCP Connector on port 64243" [_thread_in_native, id=68336, stack(0x00000093ae500000,0x00000093ae600000)]
  0x0000027f2ddba000 JavaThread "Daemon periodic checks" [_thread_blocked, id=68392, stack(0x00000093ae800000,0x00000093ae900000)]
  0x0000027f2fe20000 JavaThread "Daemon" [_thread_blocked, id=67952, stack(0x00000093aea00000,0x00000093aeb00000)]
  0x0000027f30b70000 JavaThread "Handler for socket connection from /127.0.0.1:64243 to /127.0.0.1:64244" [_thread_in_native, id=66296, stack(0x00000093aeb00000,0x00000093aec00000)]
  0x0000027f2fab3800 JavaThread "Cancel handler" [_thread_blocked, id=54152, stack(0x00000093aec00000,0x00000093aed00000)]
  0x0000027f2fab4000 JavaThread "Daemon worker" [_thread_in_Java, id=65868, stack(0x00000093aed00000,0x00000093aee00000)]
  0x0000027f2ff44000 JavaThread "Asynchronous log dispatcher for DefaultDaemonConnection: socket connection from /127.0.0.1:64243 to /127.0.0.1:64244" [_thread_blocked, id=68572, stack(0x00000093aee00000,0x00000093aef00000)]
  0x0000027f2eb11800 JavaThread "Stdin handler" [_thread_blocked, id=46664, stack(0x00000093aef00000,0x00000093af000000)]
  0x0000027f2eb12000 JavaThread "Daemon client event forwarder" [_thread_blocked, id=67760, stack(0x00000093af000000,0x00000093af100000)]
  0x0000027f2fc69800 JavaThread "Cache worker for journal cache (C:\Users\91989\.gradle\caches\journal-1)" [_thread_blocked, id=67944, stack(0x00000093af700000,0x00000093af800000)]
  0x0000027f2fc6a000 JavaThread "File lock request listener" [_thread_in_native, id=66432, stack(0x00000093af800000,0x00000093af900000)]
  0x0000027f2fc68800 JavaThread "Cache worker for file hash cache (C:\Users\91989\.gradle\caches\7.2\fileHashes)" [_thread_blocked, id=64752, stack(0x00000093af900000,0x00000093afa00000)]
  0x0000027f2fc67000 JavaThread "Cache worker for file hash cache (F:\clicknow\.gradle\7.2\fileHashes)" [_thread_blocked, id=68228, stack(0x00000093afb00000,0x00000093afc00000)]
  0x0000027f2fc6b000 JavaThread "File watcher server" daemon [_thread_in_native, id=66580, stack(0x00000093afd00000,0x00000093afe00000)]
  0x0000027f2fc65800 JavaThread "File watcher consumer" daemon [_thread_blocked, id=6168, stack(0x00000093afe00000,0x00000093aff00000)]
  0x0000027f2fc6c000 JavaThread "jar transforms" [_thread_blocked, id=67796, stack(0x00000093aff00000,0x00000093b0000000)]
  0x0000027f2fc66000 JavaThread "jar transforms Thread 2" [_thread_blocked, id=68204, stack(0x00000093b0000000,0x00000093b0100000)]
  0x0000027f2fc67800 JavaThread "jar transforms Thread 3" [_thread_blocked, id=63332, stack(0x00000093b0100000,0x00000093b0200000)]
  0x0000027f3043a000 JavaThread "jar transforms Thread 4" [_thread_blocked, id=54304, stack(0x00000093b0200000,0x00000093b0300000)]
  0x0000027f3043d000 JavaThread "jar transforms Thread 5" [_thread_blocked, id=67672, stack(0x00000093b0300000,0x00000093b0400000)]
  0x0000027f3043b800 JavaThread "jar transforms Thread 6" [_thread_blocked, id=61648, stack(0x00000093b0400000,0x00000093b0500000)]
  0x0000027f3043a800 JavaThread "jar transforms Thread 7" [_thread_blocked, id=68396, stack(0x00000093b0500000,0x00000093b0600000)]
  0x0000027f3043c000 JavaThread "jar transforms Thread 8" [_thread_blocked, id=63224, stack(0x00000093b0600000,0x00000093b0700000)]
  0x0000027f30438000 JavaThread "Cache worker for checksums cache (F:\clicknow\.gradle\checksums)" [_thread_blocked, id=67436, stack(0x00000093b0700000,0x00000093b0800000)]
  0x0000027f30439000 JavaThread "Cache worker for cache directory md-supplier (C:\Users\91989\.gradle\caches\7.2\md-supplier)" [_thread_blocked, id=68504, stack(0x00000093b0800000,0x00000093b0900000)]
  0x0000027f3043e000 JavaThread "Cache worker for cache directory md-rule (C:\Users\91989\.gradle\caches\7.2\md-rule)" [_thread_blocked, id=67876, stack(0x00000093afc00000,0x00000093afd00000)]
  0x0000027f3043e800 JavaThread "Cache worker for execution history cache (C:\Users\91989\.gradle\caches\7.2\executionHistory)" [_thread_blocked, id=64036, stack(0x00000093b0900000,0x00000093b0a00000)]
  0x0000027f2ff45000 JavaThread "C2 CompilerThread1" daemon [_thread_in_native, id=62488, stack(0x00000093af100000,0x00000093af200000)]
=>0x0000027f31aee000 JavaThread "C2 CompilerThread2" daemon [_thread_in_native, id=68132, stack(0x00000093b0a00000,0x00000093b0b00000)]
  0x0000027f31ab2000 JavaThread "Cache worker for file content cache (C:\Users\91989\.gradle\caches\7.2\fileContent)" [_thread_blocked, id=2972, stack(0x00000093b0b00000,0x00000093b0c00000)]

Other Threads:
  0x0000027f2dacd000 VMThread "VM Thread" [stack: 0x00000093ada00000,0x00000093adb00000] [id=61528]
  0x0000027f2dcc3000 WatcherThread [stack: 0x00000093ae400000,0x00000093ae500000] [id=68240]
  0x0000027f12630000 GCTaskThread "GC Thread#0" [stack: 0x00000093ad500000,0x00000093ad600000] [id=65088]
  0x0000027f2ed11800 GCTaskThread "GC Thread#1" [stack: 0x00000093ae600000,0x00000093ae700000] [id=62796]
  0x0000027f2ed12000 GCTaskThread "GC Thread#2" [stack: 0x00000093ae700000,0x00000093ae800000] [id=57400]
  0x0000027f2f31b000 GCTaskThread "GC Thread#3" [stack: 0x00000093af200000,0x00000093af300000] [id=42060]
  0x0000027f3002c800 GCTaskThread "GC Thread#4" [stack: 0x00000093af300000,0x00000093af400000] [id=59824]
  0x0000027f2e7de000 GCTaskThread "GC Thread#5" [stack: 0x00000093af400000,0x00000093af500000] [id=65608]
  0x0000027f2e5b0800 GCTaskThread "GC Thread#6" [stack: 0x00000093af500000,0x00000093af600000] [id=14532]
  0x0000027f2fe19000 GCTaskThread "GC Thread#7" [stack: 0x00000093af600000,0x00000093af700000] [id=65412]
  0x0000027f12661000 ConcurrentGCThread "G1 Main Marker" [stack: 0x00000093ad600000,0x00000093ad700000] [id=65972]
  0x0000027f12662000 ConcurrentGCThread "G1 Conc#0" [stack: 0x00000093ad700000,0x00000093ad800000] [id=19728]
  0x0000027f2ee01000 ConcurrentGCThread "G1 Conc#1" [stack: 0x00000093afa00000,0x00000093afb00000] [id=62536]
  0x0000027f2caa7000 ConcurrentGCThread "G1 Refine#0" [stack: 0x00000093ad800000,0x00000093ad900000] [id=62568]
  0x0000027f2caa8000 ConcurrentGCThread "G1 Young RemSet Sampling" [stack: 0x00000093ad900000,0x00000093ada00000] [id=67892]

Threads with active compile tasks:
C2 CompilerThread0   5890 4007   !   4       java.net.URLClassLoader$1::run (81 bytes)
C1 CompilerThread0   5890 4193       3       java.util.stream.SpinedBuffer::asArray (46 bytes)
C2 CompilerThread1   5890 4006       4       java.net.URLClassLoader$1::run (5 bytes)
C2 CompilerThread2   5891 3976       4       groovy.lang.MetaClassImpl$1MOPIter::methodNameAction (325 bytes)

VM state:not at safepoint (normal execution)

VM Mutex/Monitor currently owned by a thread: None

Heap address: 0x0000000080000000, size: 2048 MB, Compressed Oops mode: 32-bit
Narrow klass base: 0x0000000000000000, Narrow klass shift: 3
Compressed class space size: 1073741824 Address: 0x0000000100000000

Heap:
 garbage-first heap   total 157696K, used 70433K [0x0000000080000000, 0x0000000100000000)
  region size 1024K, 6 young (6144K), 4 survivors (4096K)
 Metaspace       used 45692K, capacity 46925K, committed 47028K, reserved 1089536K
  class space    used 5709K, capacity 6171K, committed 6272K, reserved 1048576K
Heap Regions: E=young(eden), S=young(survivor), O=old, HS=humongous(starts), HC=humongous(continues), CS=collection set, F=free, A=archive, TAMS=top-at-mark-start (previous, next)
|   0|0x0000000080000000, 0x0000000080100000, 0x0000000080100000|100%| O|  |TAMS 0x0000000080100000, 0x0000000080000000| Untracked 
|   1|0x0000000080100000, 0x0000000080200000, 0x0000000080200000|100%| O|  |TAMS 0x0000000080200000, 0x0000000080100000| Untracked 
|   2|0x0000000080200000, 0x0000000080300000, 0x0000000080300000|100%| O|  |TAMS 0x0000000080300000, 0x0000000080200000| Untracked 
|   3|0x0000000080300000, 0x0000000080400000, 0x0000000080400000|100%|HS|  |TAMS 0x0000000080400000, 0x0000000080300000| Complete 
|   4|0x0000000080400000, 0x0000000080500000, 0x0000000080500000|100%|HC|  |TAMS 0x0000000080500000, 0x0000000080400000| Complete 
|   5|0x0000000080500000, 0x0000000080600000, 0x0000000080600000|100%|HC|  |TAMS 0x0000000080600000, 0x0000000080500000| Complete 
|   6|0x0000000080600000, 0x0000000080700000, 0x0000000080700000|100%| O|  |TAMS 0x0000000080700000, 0x0000000080600000| Untracked 
|   7|0x0000000080700000, 0x0000000080800000, 0x0000000080800000|100%| O|  |TAMS 0x0000000080800000, 0x0000000080700000| Untracked 
|   8|0x0000000080800000, 0x0000000080900000, 0x0000000080900000|100%| O|  |TAMS 0x0000000080900000, 0x0000000080800000| Untracked 
|   9|0x0000000080900000, 0x0000000080a00000, 0x0000000080a00000|100%| O|  |TAMS 0x0000000080a00000, 0x0000000080900000| Untracked 
|  10|0x0000000080a00000, 0x0000000080b00000, 0x0000000080b00000|100%| O|  |TAMS 0x0000000080b00000, 0x0000000080a00000| Untracked 
|  11|0x0000000080b00000, 0x0000000080c00000, 0x0000000080c00000|100%| O|  |TAMS 0x0000000080c00000, 0x0000000080b00000| Untracked 
|  12|0x0000000080c00000, 0x0000000080d00000, 0x0000000080d00000|100%| O|  |TAMS 0x0000000080d00000, 0x0000000080c00000| Untracked 
|  13|0x0000000080d00000, 0x0000000080e00000, 0x0000000080e00000|100%| O|  |TAMS 0x0000000080e00000, 0x0000000080d00000| Untracked 
|  14|0x0000000080e00000, 0x0000000080f00000, 0x0000000080f00000|100%| O|  |TAMS 0x0000000080f00000, 0x0000000080e00000| Untracked 
|  15|0x0000000080f00000, 0x0000000081000000, 0x0000000081000000|100%| O|  |TAMS 0x0000000081000000, 0x0000000080f00000| Untracked 
|  16|0x0000000081000000, 0x0000000081100000, 0x0000000081100000|100%| O|  |TAMS 0x0000000081100000, 0x0000000081000000| Untracked 
|  17|0x0000000081100000, 0x0000000081200000, 0x0000000081200000|100%|HS|  |TAMS 0x0000000081200000, 0x0000000081100000| Complete 
|  18|0x0000000081200000, 0x0000000081300000, 0x0000000081300000|100%|HC|  |TAMS 0x0000000081300000, 0x0000000081200000| Complete 
|  19|0x0000000081300000, 0x0000000081400000, 0x0000000081400000|100%|HS|  |TAMS 0x0000000081400000, 0x0000000081300000| Complete 
|  20|0x0000000081400000, 0x0000000081500000, 0x0000000081500000|100%|HC|  |TAMS 0x0000000081500000, 0x0000000081400000| Complete 
|  21|0x0000000081500000, 0x0000000081600000, 0x0000000081600000|100%|HC|  |TAMS 0x0000000081600000, 0x0000000081500000| Complete 
|  22|0x0000000081600000, 0x0000000081700000, 0x0000000081700000|100%|HS|  |TAMS 0x0000000081700000, 0x0000000081600000| Complete 
|  23|0x0000000081700000, 0x0000000081800000, 0x0000000081800000|100%|HC|  |TAMS 0x0000000081800000, 0x0000000081700000| Complete 
|  24|0x0000000081800000, 0x0000000081900000, 0x0000000081900000|100%|HC|  |TAMS 0x0000000081900000, 0x0000000081800000| Complete 
|  25|0x0000000081900000, 0x0000000081a00000, 0x0000000081a00000|100%|HS|  |TAMS 0x0000000081a00000, 0x0000000081900000| Complete 
|  26|0x0000000081a00000, 0x0000000081b00000, 0x0000000081b00000|100%|HC|  |TAMS 0x0000000081b00000, 0x0000000081a00000| Complete 
|  27|0x0000000081b00000, 0x0000000081c00000, 0x0000000081c00000|100%|HC|  |TAMS 0x0000000081c00000, 0x0000000081b00000| Complete 
|  28|0x0000000081c00000, 0x0000000081d00000, 0x0000000081d00000|100%|HC|  |TAMS 0x0000000081d00000, 0x0000000081c00000| Complete 
|  29|0x0000000081d00000, 0x0000000081e00000, 0x0000000081e00000|100%|HC|  |TAMS 0x0000000081e00000, 0x0000000081d00000| Complete 
|  30|0x0000000081e00000, 0x0000000081f00000, 0x0000000081f00000|100%|HS|  |TAMS 0x0000000081f00000, 0x0000000081e00000| Complete 
|  31|0x0000000081f00000, 0x0000000082000000, 0x0000000082000000|100%|HS|  |TAMS 0x0000000082000000, 0x0000000081f00000| Complete 
|  32|0x0000000082000000, 0x0000000082100000, 0x0000000082100000|100%|HC|  |TAMS 0x0000000082100000, 0x0000000082000000| Complete 
|  33|0x0000000082100000, 0x0000000082200000, 0x0000000082200000|100%|HC|  |TAMS 0x0000000082200000, 0x0000000082100000| Complete 
|  34|0x0000000082200000, 0x0000000082300000, 0x0000000082300000|100%|HC|  |TAMS 0x0000000082300000, 0x0000000082200000| Complete 
|  35|0x0000000082300000, 0x0000000082400000, 0x0000000082400000|100%| O|  |TAMS 0x0000000082400000, 0x0000000082300000| Untracked 
|  36|0x0000000082400000, 0x0000000082500000, 0x0000000082500000|100%| O|  |TAMS 0x0000000082500000, 0x0000000082400000| Untracked 
|  37|0x0000000082500000, 0x0000000082600000, 0x0000000082600000|100%| O|  |TAMS 0x0000000082600000, 0x0000000082500000| Untracked 
|  38|0x0000000082600000, 0x0000000082700000, 0x0000000082700000|100%| O|  |TAMS 0x0000000082700000, 0x0000000082600000| Untracked 
|  39|0x0000000082700000, 0x0000000082800000, 0x0000000082800000|100%| O|  |TAMS 0x0000000082800000, 0x0000000082700000| Untracked 
|  40|0x0000000082800000, 0x0000000082900000, 0x0000000082900000|100%| O|  |TAMS 0x0000000082900000, 0x0000000082800000| Untracked 
|  41|0x0000000082900000, 0x0000000082a00000, 0x0000000082a00000|100%| O|  |TAMS 0x0000000082a00000, 0x0000000082900000| Untracked 
|  42|0x0000000082a00000, 0x0000000082b00000, 0x0000000082b00000|100%| O|  |TAMS 0x0000000082b00000, 0x0000000082a00000| Untracked 
|  43|0x0000000082b00000, 0x0000000082c00000, 0x0000000082c00000|100%| O|  |TAMS 0x0000000082b29800, 0x0000000082b00000| Untracked 
|  44|0x0000000082c00000, 0x0000000082c00000, 0x0000000082d00000|  0%| F|  |TAMS 0x0000000082c00000, 0x0000000082c00000| Untracked 
|  45|0x0000000082d00000, 0x0000000082e00000, 0x0000000082e00000|100%| O|  |TAMS 0x0000000082d00000, 0x0000000082d00000| Untracked 
|  46|0x0000000082e00000, 0x0000000082f00000, 0x0000000082f00000|100%| O|  |TAMS 0x0000000082e00000, 0x0000000082e00000| Untracked 
|  47|0x0000000082f00000, 0x0000000083000000, 0x0000000083000000|100%|HS|  |TAMS 0x0000000082f00000, 0x0000000082f00000| Complete 
|  48|0x0000000083000000, 0x0000000083100000, 0x0000000083100000|100%|HC|  |TAMS 0x0000000083000000, 0x0000000083000000| Complete 
|  49|0x0000000083100000, 0x0000000083200000, 0x0000000083200000|100%|HC|  |TAMS 0x0000000083100000, 0x0000000083100000| Complete 
|  50|0x0000000083200000, 0x0000000083300000, 0x0000000083300000|100%|HC|  |TAMS 0x0000000083200000, 0x0000000083200000| Complete 
|  51|0x0000000083300000, 0x0000000083400000, 0x0000000083400000|100%|HS|  |TAMS 0x0000000083300000, 0x0000000083300000| Complete 
|  52|0x0000000083400000, 0x0000000083500000, 0x0000000083500000|100%|HC|  |TAMS 0x0000000083400000, 0x0000000083400000| Complete 
|  53|0x0000000083500000, 0x0000000083600000, 0x0000000083600000|100%|HC|  |TAMS 0x0000000083500000, 0x0000000083500000| Complete 
|  54|0x0000000083600000, 0x0000000083700000, 0x0000000083700000|100%|HS|  |TAMS 0x0000000083600000, 0x0000000083600000| Complete 
|  55|0x0000000083700000, 0x0000000083800000, 0x0000000083800000|100%|HC|  |TAMS 0x0000000083700000, 0x0000000083700000| Complete 
|  56|0x0000000083800000, 0x0000000083900000, 0x0000000083900000|100%|HS|  |TAMS 0x0000000083800000, 0x0000000083800000| Complete 
|  57|0x0000000083900000, 0x0000000083a00000, 0x0000000083a00000|100%|HC|  |TAMS 0x0000000083900000, 0x0000000083900000| Complete 
|  58|0x0000000083a00000, 0x0000000083b00000, 0x0000000083b00000|100%|HC|  |TAMS 0x0000000083a00000, 0x0000000083a00000| Complete 
|  59|0x0000000083b00000, 0x0000000083c00000, 0x0000000083c00000|100%| O|  |TAMS 0x0000000083b00000, 0x0000000083b00000| Untracked 
|  60|0x0000000083c00000, 0x0000000083d00000, 0x0000000083d00000|100%| O|  |TAMS 0x0000000083c00000, 0x0000000083c00000| Untracked 
|  61|0x0000000083d00000, 0x0000000083e00000, 0x0000000083e00000|100%| O|  |TAMS 0x0000000083d00000, 0x0000000083d00000| Untracked 
|  62|0x0000000083e00000, 0x0000000083f00000, 0x0000000083f00000|100%| O|  |TAMS 0x0000000083e00000, 0x0000000083e00000| Untracked 
|  63|0x0000000083f00000, 0x0000000084000000, 0x0000000084000000|100%| O|  |TAMS 0x0000000083f00000, 0x0000000083f00000| Untracked 
|  64|0x0000000084000000, 0x0000000084100000, 0x0000000084100000|100%| O|  |TAMS 0x0000000084000000, 0x0000000084000000| Untracked 
|  65|0x0000000084100000, 0x0000000084130000, 0x0000000084200000| 18%| O|  |TAMS 0x0000000084100000, 0x0000000084100000| Untracked 
|  66|0x0000000084200000, 0x0000000084200000, 0x0000000084300000|  0%| F|  |TAMS 0x0000000084200000, 0x0000000084200000| Untracked 
|  67|0x0000000084300000, 0x0000000084300000, 0x0000000084400000|  0%| F|  |TAMS 0x0000000084300000, 0x0000000084300000| Untracked 
|  68|0x0000000084400000, 0x0000000084400000, 0x0000000084500000|  0%| F|  |TAMS 0x0000000084400000, 0x0000000084400000| Untracked 
|  69|0x0000000084500000, 0x0000000084500000, 0x0000000084600000|  0%| F|  |TAMS 0x0000000084500000, 0x0000000084500000| Untracked 
|  70|0x0000000084600000, 0x0000000084600000, 0x0000000084700000|  0%| F|  |TAMS 0x0000000084600000, 0x0000000084600000| Untracked 
|  71|0x0000000084700000, 0x0000000084700000, 0x0000000084800000|  0%| F|  |TAMS 0x0000000084700000, 0x0000000084700000| Untracked 
|  72|0x0000000084800000, 0x0000000084800000, 0x0000000084900000|  0%| F|  |TAMS 0x0000000084800000, 0x0000000084800000| Untracked 
|  73|0x0000000084900000, 0x0000000084900000, 0x0000000084a00000|  0%| F|  |TAMS 0x0000000084900000, 0x0000000084900000| Untracked 
|  74|0x0000000084a00000, 0x0000000084a00000, 0x0000000084b00000|  0%| F|  |TAMS 0x0000000084a00000, 0x0000000084a00000| Untracked 
|  75|0x0000000084b00000, 0x0000000084b00000, 0x0000000084c00000|  0%| F|  |TAMS 0x0000000084b00000, 0x0000000084b00000| Untracked 
|  76|0x0000000084c00000, 0x0000000084c00000, 0x0000000084d00000|  0%| F|  |TAMS 0x0000000084c00000, 0x0000000084c00000| Untracked 
|  77|0x0000000084d00000, 0x0000000084d00000, 0x0000000084e00000|  0%| F|  |TAMS 0x0000000084d00000, 0x0000000084d00000| Untracked 
|  78|0x0000000084e00000, 0x0000000084e00000, 0x0000000084f00000|  0%| F|  |TAMS 0x0000000084e00000, 0x0000000084e00000| Untracked 
|  79|0x0000000084f00000, 0x0000000084f00000, 0x0000000085000000|  0%| F|  |TAMS 0x0000000084f00000, 0x0000000084f00000| Untracked 
|  80|0x0000000085000000, 0x0000000085000000, 0x0000000085100000|  0%| F|  |TAMS 0x0000000085000000, 0x0000000085000000| Untracked 
|  81|0x0000000085100000, 0x0000000085100000, 0x0000000085200000|  0%| F|  |TAMS 0x0000000085100000, 0x0000000085100000| Untracked 
|  82|0x0000000085200000, 0x0000000085200000, 0x0000000085300000|  0%| F|  |TAMS 0x0000000085200000, 0x0000000085200000| Untracked 
|  83|0x0000000085300000, 0x0000000085300000, 0x0000000085400000|  0%| F|  |TAMS 0x0000000085300000, 0x0000000085300000| Untracked 
|  84|0x0000000085400000, 0x0000000085400000, 0x0000000085500000|  0%| F|  |TAMS 0x0000000085400000, 0x0000000085400000| Untracked 
|  85|0x0000000085500000, 0x0000000085500000, 0x0000000085600000|  0%| F|  |TAMS 0x0000000085500000, 0x0000000085500000| Untracked 
|  86|0x0000000085600000, 0x0000000085600000, 0x0000000085700000|  0%| F|  |TAMS 0x0000000085600000, 0x0000000085600000| Untracked 
|  87|0x0000000085700000, 0x0000000085700000, 0x0000000085800000|  0%| F|  |TAMS 0x0000000085700000, 0x0000000085700000| Untracked 
|  88|0x0000000085800000, 0x0000000085800000, 0x0000000085900000|  0%| F|  |TAMS 0x0000000085800000, 0x0000000085800000| Untracked 
|  89|0x0000000085900000, 0x0000000085900000, 0x0000000085a00000|  0%| F|  |TAMS 0x0000000085900000, 0x0000000085900000| Untracked 
|  90|0x0000000085a00000, 0x0000000085a00000, 0x0000000085b00000|  0%| F|  |TAMS 0x0000000085a00000, 0x0000000085a00000| Untracked 
|  91|0x0000000085b00000, 0x0000000085b00000, 0x0000000085c00000|  0%| F|  |TAMS 0x0000000085b00000, 0x0000000085b00000| Untracked 
|  92|0x0000000085c00000, 0x0000000085c00000, 0x0000000085d00000|  0%| F|  |TAMS 0x0000000085c00000, 0x0000000085c00000| Untracked 
|  93|0x0000000085d00000, 0x0000000085d00000, 0x0000000085e00000|  0%| F|  |TAMS 0x0000000085d00000, 0x0000000085d00000| Untracked 
|  94|0x0000000085e00000, 0x0000000085e00000, 0x0000000085f00000|  0%| F|  |TAMS 0x0000000085e00000, 0x0000000085e00000| Untracked 
|  95|0x0000000085f00000, 0x0000000085f00000, 0x0000000086000000|  0%| F|  |TAMS 0x0000000085f00000, 0x0000000085f00000| Untracked 
|  96|0x0000000086000000, 0x0000000086000000, 0x0000000086100000|  0%| F|  |TAMS 0x0000000086000000, 0x0000000086000000| Untracked 
|  97|0x0000000086100000, 0x0000000086100000, 0x0000000086200000|  0%| F|  |TAMS 0x0000000086100000, 0x0000000086100000| Untracked 
|  98|0x0000000086200000, 0x0000000086200000, 0x0000000086300000|  0%| F|  |TAMS 0x0000000086200000, 0x0000000086200000| Untracked 
|  99|0x0000000086300000, 0x0000000086300000, 0x0000000086400000|  0%| F|  |TAMS 0x0000000086300000, 0x0000000086300000| Untracked 
| 100|0x0000000086400000, 0x0000000086400000, 0x0000000086500000|  0%| F|  |TAMS 0x0000000086400000, 0x0000000086400000| Untracked 
| 101|0x0000000086500000, 0x0000000086500000, 0x0000000086600000|  0%| F|  |TAMS 0x0000000086500000, 0x0000000086500000| Untracked 
| 102|0x0000000086600000, 0x0000000086600000, 0x0000000086700000|  0%| F|  |TAMS 0x0000000086600000, 0x0000000086600000| Untracked 
| 103|0x0000000086700000, 0x0000000086700000, 0x0000000086800000|  0%| F|  |TAMS 0x0000000086700000, 0x0000000086700000| Untracked 
| 104|0x0000000086800000, 0x0000000086800000, 0x0000000086900000|  0%| F|  |TAMS 0x0000000086800000, 0x0000000086800000| Untracked 
| 105|0x0000000086900000, 0x0000000086900000, 0x0000000086a00000|  0%| F|  |TAMS 0x0000000086900000, 0x0000000086900000| Untracked 
| 106|0x0000000086a00000, 0x0000000086a984e0, 0x0000000086b00000| 59%| S|CS|TAMS 0x0000000086a00000, 0x0000000086a00000| Complete 
| 107|0x0000000086b00000, 0x0000000086c00000, 0x0000000086c00000|100%| S|CS|TAMS 0x0000000086b00000, 0x0000000086b00000| Complete 
| 108|0x0000000086c00000, 0x0000000086d00000, 0x0000000086d00000|100%| S|CS|TAMS 0x0000000086c00000, 0x0000000086c00000| Complete 
| 109|0x0000000086d00000, 0x0000000086e00000, 0x0000000086e00000|100%| S|CS|TAMS 0x0000000086d00000, 0x0000000086d00000| Complete 
| 110|0x0000000086e00000, 0x0000000086e00000, 0x0000000086f00000|  0%| F|  |TAMS 0x0000000086e00000, 0x0000000086e00000| Untracked 
| 111|0x0000000086f00000, 0x0000000086f00000, 0x0000000087000000|  0%| F|  |TAMS 0x0000000086f00000, 0x0000000086f00000| Untracked 
| 112|0x0000000087000000, 0x0000000087000000, 0x0000000087100000|  0%| F|  |TAMS 0x0000000087000000, 0x0000000087000000| Untracked 
| 113|0x0000000087100000, 0x0000000087100000, 0x0000000087200000|  0%| F|  |TAMS 0x0000000087100000, 0x0000000087100000| Untracked 
| 114|0x0000000087200000, 0x0000000087200000, 0x0000000087300000|  0%| F|  |TAMS 0x0000000087200000, 0x0000000087200000| Untracked 
| 115|0x0000000087300000, 0x0000000087300000, 0x0000000087400000|  0%| F|  |TAMS 0x0000000087300000, 0x0000000087300000| Untracked 
| 116|0x0000000087400000, 0x0000000087400000, 0x0000000087500000|  0%| F|  |TAMS 0x0000000087400000, 0x0000000087400000| Untracked 
| 117|0x0000000087500000, 0x0000000087500000, 0x0000000087600000|  0%| F|  |TAMS 0x0000000087500000, 0x0000000087500000| Untracked 
| 118|0x0000000087600000, 0x0000000087600000, 0x0000000087700000|  0%| F|  |TAMS 0x0000000087600000, 0x0000000087600000| Untracked 
| 119|0x0000000087700000, 0x0000000087700000, 0x0000000087800000|  0%| F|  |TAMS 0x0000000087700000, 0x0000000087700000| Untracked 
| 120|0x0000000087800000, 0x0000000087800000, 0x0000000087900000|  0%| F|  |TAMS 0x0000000087800000, 0x0000000087800000| Untracked 
| 121|0x0000000087900000, 0x0000000087900000, 0x0000000087a00000|  0%| F|  |TAMS 0x0000000087900000, 0x0000000087900000| Untracked 
| 122|0x0000000087a00000, 0x0000000087a00000, 0x0000000087b00000|  0%| F|  |TAMS 0x0000000087a00000, 0x0000000087a00000| Untracked 
| 123|0x0000000087b00000, 0x0000000087b00000, 0x0000000087c00000|  0%| F|  |TAMS 0x0000000087b00000, 0x0000000087b00000| Untracked 
| 124|0x0000000087c00000, 0x0000000087c00000, 0x0000000087d00000|  0%| F|  |TAMS 0x0000000087c00000, 0x0000000087c00000| Untracked 
| 125|0x0000000087d00000, 0x0000000087d00000, 0x0000000087e00000|  0%| F|  |TAMS 0x0000000087d00000, 0x0000000087d00000| Untracked 
| 126|0x0000000087e00000, 0x0000000087e00000, 0x0000000087f00000|  0%| F|  |TAMS 0x0000000087e00000, 0x0000000087e00000| Untracked 
| 127|0x0000000087f00000, 0x0000000087f00000, 0x0000000088000000|  0%| F|  |TAMS 0x0000000087f00000, 0x0000000087f00000| Untracked 
| 128|0x0000000088000000, 0x0000000088000000, 0x0000000088100000|  0%| F|  |TAMS 0x0000000088000000, 0x0000000088000000| Untracked 
| 129|0x0000000088100000, 0x0000000088100000, 0x0000000088200000|  0%| F|  |TAMS 0x0000000088100000, 0x0000000088100000| Untracked 
| 130|0x0000000088200000, 0x0000000088200000, 0x0000000088300000|  0%| F|  |TAMS 0x0000000088200000, 0x0000000088200000| Untracked 
| 131|0x0000000088300000, 0x0000000088300000, 0x0000000088400000|  0%| F|  |TAMS 0x0000000088300000, 0x0000000088300000| Untracked 
| 132|0x0000000088400000, 0x0000000088400000, 0x0000000088500000|  0%| F|  |TAMS 0x0000000088400000, 0x0000000088400000| Untracked 
| 133|0x0000000088500000, 0x0000000088500000, 0x0000000088600000|  0%| F|  |TAMS 0x0000000088500000, 0x0000000088500000| Untracked 
| 134|0x0000000088600000, 0x0000000088600000, 0x0000000088700000|  0%| F|  |TAMS 0x0000000088600000, 0x0000000088600000| Untracked 
| 135|0x0000000088700000, 0x0000000088700000, 0x0000000088800000|  0%| F|  |TAMS 0x0000000088700000, 0x0000000088700000| Untracked 
| 136|0x0000000088800000, 0x0000000088800000, 0x0000000088900000|  0%| F|  |TAMS 0x0000000088800000, 0x0000000088800000| Untracked 
| 137|0x0000000088900000, 0x0000000088900000, 0x0000000088a00000|  0%| F|  |TAMS 0x0000000088900000, 0x0000000088900000| Untracked 
| 138|0x0000000088a00000, 0x0000000088a00000, 0x0000000088b00000|  0%| F|  |TAMS 0x0000000088a00000, 0x0000000088a00000| Untracked 
| 139|0x0000000088b00000, 0x0000000088b00000, 0x0000000088c00000|  0%| F|  |TAMS 0x0000000088b00000, 0x0000000088b00000| Untracked 
| 140|0x0000000088c00000, 0x0000000088c00000, 0x0000000088d00000|  0%| F|  |TAMS 0x0000000088c00000, 0x0000000088c00000| Untracked 
| 141|0x0000000088d00000, 0x0000000088d00000, 0x0000000088e00000|  0%| F|  |TAMS 0x0000000088d00000, 0x0000000088d00000| Untracked 
| 142|0x0000000088e00000, 0x0000000088e00000, 0x0000000088f00000|  0%| F|  |TAMS 0x0000000088e00000, 0x0000000088e00000| Untracked 
| 143|0x0000000088f00000, 0x0000000088f00000, 0x0000000089000000|  0%| F|  |TAMS 0x0000000088f00000, 0x0000000088f00000| Untracked 
| 144|0x0000000089000000, 0x0000000089000000, 0x0000000089100000|  0%| F|  |TAMS 0x0000000089000000, 0x0000000089000000| Untracked 
| 145|0x0000000089100000, 0x0000000089100000, 0x0000000089200000|  0%| F|  |TAMS 0x0000000089100000, 0x0000000089100000| Untracked 
| 146|0x0000000089200000, 0x0000000089200000, 0x0000000089300000|  0%| F|  |TAMS 0x0000000089200000, 0x0000000089200000| Untracked 
| 147|0x0000000089300000, 0x0000000089300000, 0x0000000089400000|  0%| F|  |TAMS 0x0000000089300000, 0x0000000089300000| Untracked 
| 148|0x0000000089400000, 0x0000000089400000, 0x0000000089500000|  0%| F|  |TAMS 0x0000000089400000, 0x0000000089400000| Untracked 
| 149|0x0000000089500000, 0x0000000089500000, 0x0000000089600000|  0%| F|  |TAMS 0x0000000089500000, 0x0000000089500000| Untracked 
| 150|0x0000000089600000, 0x0000000089600000, 0x0000000089700000|  0%| F|  |TAMS 0x0000000089600000, 0x0000000089600000| Untracked 
| 151|0x0000000089700000, 0x0000000089700000, 0x0000000089800000|  0%| F|  |TAMS 0x0000000089700000, 0x0000000089700000| Untracked 
| 152|0x0000000089800000, 0x0000000089900000, 0x0000000089900000|100%| E|  |TAMS 0x0000000089800000, 0x0000000089800000| Complete 
| 153|0x0000000089900000, 0x0000000089a00000, 0x0000000089a00000|100%| E|CS|TAMS 0x0000000089900000, 0x0000000089900000| Complete 

Card table byte_map: [0x0000027f25f60000,0x0000027f26360000] _byte_map_base: 0x0000027f25b60000

Marking Bits (Prev, Next): (CMBitMap*) 0x0000027f12658030, (CMBitMap*) 0x0000027f12657ff8
 Prev Bits: [0x0000027f28760000, 0x0000027f2a760000)
 Next Bits: [0x0000027f26760000, 0x0000027f28760000)

Polling page: 0x0000027f10c80000

Metaspace:

Usage:
  Non-class:     39.87 MB capacity,    39.10 MB ( 98%) used,   665.70 KB (  2%) free+waste,   115.19 KB ( <1%) overhead. 
      Class:      6.03 MB capacity,     5.58 MB ( 93%) used,   400.01 KB (  6%) free+waste,    55.69 KB ( <1%) overhead. 
       Both:     45.89 MB capacity,    44.69 MB ( 97%) used,     1.04 MB (  2%) free+waste,   170.88 KB ( <1%) overhead. 

Virtual space:
  Non-class space:       42.00 MB reserved,      40.05 MB ( 95%) committed 
      Class space:        1.00 GB reserved,       6.13 MB ( <1%) committed 
             Both:        1.04 GB reserved,      46.18 MB (  4%) committed 

Chunk freelists:
   Non-Class:  62.00 KB
       Class:  3.00 KB
        Both:  65.00 KB

MaxMetaspaceSize: 17179869184.00 GB
CompressedClassSpaceSize: 1.00 GB
Initial GC threshold: 20.80 MB
Current GC threshold: 65.92 MB
CDS: off

CodeHeap 'non-profiled nmethods': size=120000Kb used=2362Kb max_used=2362Kb free=117637Kb
 bounds [0x0000027f1dba0000, 0x0000027f1de10000, 0x0000027f250d0000]
CodeHeap 'profiled nmethods': size=120000Kb used=9067Kb max_used=9067Kb free=110932Kb
 bounds [0x0000027f16670000, 0x0000027f16f50000, 0x0000027f1dba0000]
CodeHeap 'non-nmethods': size=5760Kb used=2281Kb max_used=2323Kb free=3478Kb
 bounds [0x0000027f160d0000, 0x0000027f16340000, 0x0000027f16670000]
 total_blobs=4962 nmethods=4180 adapters=693
 compilation: enabled
              stopped_count=0, restarted_count=0
 full_count=0

Compilation events (20 events):
Event: 5.799 Thread 0x0000027f2db48800 nmethod 4133 0x0000027f1dded090 code [0x0000027f1dded240, 0x0000027f1dded338]
Event: 5.799 Thread 0x0000027f2db48800 4134       3       org.gradle.internal.instantiation.generator.AbstractClassGenerator$MethodMetadata::getName (8 bytes)
Event: 5.800 Thread 0x0000027f2db48800 nmethod 4134 0x0000027f16f18e10 code [0x0000027f16f18fc0, 0x0000027f16f190d8]
Event: 5.800 Thread 0x0000027f2db48800 4135       3       com.google.common.collect.LinkedHashMultimap::createCollection (14 bytes)
Event: 5.800 Thread 0x0000027f2db48800 nmethod 4135 0x0000027f16f19190 code [0x0000027f16f19340, 0x0000027f16f194e8]
Event: 5.800 Thread 0x0000027f2db48800 4136       3       com.google.common.collect.LinkedHashMultimap$ValueSet::<init> (55 bytes)
Event: 5.801 Thread 0x0000027f2db48800 nmethod 4136 0x0000027f16f19590 code [0x0000027f16f197a0, 0x0000027f16f19cc8]
Event: 5.804 Thread 0x0000027f2db48800 4137       3       java.util.Collections$UnmodifiableSet::<init> (6 bytes)
Event: 5.805 Thread 0x0000027f2db48800 nmethod 4137 0x0000027f16f19e90 code [0x0000027f16f1a060, 0x0000027f16f1a368]
Event: 5.825 Thread 0x0000027f2db48800 4138       3       sun.reflect.generics.repository.ConstructorRepository::parse (6 bytes)
Event: 5.825 Thread 0x0000027f2db48800 nmethod 4138 0x0000027f16f1a490 code [0x0000027f16f1a680, 0x0000027f16f1ab08]
Event: 5.826 Thread 0x0000027f2db48800 4139       3       sun.reflect.generics.repository.ConstructorRepository::parse (8 bytes)
Event: 5.826 Thread 0x0000027f2db48800 nmethod 4139 0x0000027f16f1ac90 code [0x0000027f16f1ae80, 0x0000027f16f1b228]
Event: 5.826 Thread 0x0000027f2db48800 4140       3       sun.reflect.generics.parser.SignatureParser::parseMethodSig (10 bytes)
Event: 5.826 Thread 0x0000027f2db48800 nmethod 4140 0x0000027f16f1b390 code [0x0000027f16f1b560, 0x0000027f16f1b748]
Event: 5.826 Thread 0x0000027f2db48800 4143       3       org.gradle.internal.instantiation.generator.AbstractClassGenerator$ExtensibleTypePropertyHandler::unclaimed (64 bytes)
Event: 5.827 Thread 0x0000027f2db48800 nmethod 4143 0x0000027f16f1b810 code [0x0000027f16f1ba40, 0x0000027f16f1c0c8]
Event: 5.827 Thread 0x0000027f2db48800 4145       3       org.objectweb.asm.MethodWriter::visitLdcInsn (215 bytes)
Event: 5.828 Thread 0x0000027f2db48800 nmethod 4145 0x0000027f16f1c310 code [0x0000027f16f1c5a0, 0x0000027f16f1d0a8]
Event: 5.828 Thread 0x0000027f2db48800 4146       3       org.gradle.internal.instantiation.generator.AsmBackedClassGenerator$ClassBuilderImpl::applyConventionMappingToGetter (479 bytes)

GC Heap History (18 events):
Event: 0.717 GC heap before
{Heap before GC invocations=0 (full 0):
 garbage-first heap   total 131072K, used 29696K [0x0000000080000000, 0x0000000100000000)
  region size 1024K, 24 young (24576K), 0 survivors (0K)
 Metaspace       used 10234K, capacity 10495K, committed 10624K, reserved 1058816K
  class space    used 1053K, capacity 1141K, committed 1152K, reserved 1048576K
}
Event: 0.723 GC heap after
{Heap after GC invocations=1 (full 0):
 garbage-first heap   total 131072K, used 9519K [0x0000000080000000, 0x0000000100000000)
  region size 1024K, 3 young (3072K), 3 survivors (3072K)
 Metaspace       used 10234K, capacity 10495K, committed 10624K, reserved 1058816K
  class space    used 1053K, capacity 1141K, committed 1152K, reserved 1048576K
}
Event: 0.982 GC heap before
{Heap before GC invocations=1 (full 0):
 garbage-first heap   total 131072K, used 32047K [0x0000000080000000, 0x0000000100000000)
  region size 1024K, 25 young (25600K), 3 survivors (3072K)
 Metaspace       used 11184K, capacity 11386K, committed 11520K, reserved 1058816K
  class space    used 1152K, capacity 1246K, committed 1280K, reserved 1048576K
}
Event: 0.986 GC heap after
{Heap after GC invocations=2 (full 0):
 garbage-first heap   total 131072K, used 10446K [0x0000000080000000, 0x0000000100000000)
  region size 1024K, 1 young (1024K), 1 survivors (1024K)
 Metaspace       used 11184K, capacity 11386K, committed 11520K, reserved 1058816K
  class space    used 1152K, capacity 1246K, committed 1280K, reserved 1048576K
}
Event: 2.131 GC heap before
{Heap before GC invocations=2 (full 0):
 garbage-first heap   total 131072K, used 64718K [0x0000000080000000, 0x0000000100000000)
  region size 1024K, 54 young (55296K), 1 survivors (1024K)
 Metaspace       used 18009K, capacity 18402K, committed 18688K, reserved 1064960K
  class space    used 2104K, capacity 2238K, committed 2304K, reserved 1048576K
}
Event: 2.135 GC heap after
{Heap after GC invocations=3 (full 0):
 garbage-first heap   total 131072K, used 17237K [0x0000000080000000, 0x0000000100000000)
  region size 1024K, 7 young (7168K), 7 survivors (7168K)
 Metaspace       used 18009K, capacity 18402K, committed 18688K, reserved 1064960K
  class space    used 2104K, capacity 2238K, committed 2304K, reserved 1048576K
}
Event: 2.373 GC heap before
{Heap before GC invocations=3 (full 0):
 garbage-first heap   total 131072K, used 37717K [0x0000000080000000, 0x0000000100000000)
  region size 1024K, 29 young (29696K), 7 survivors (7168K)
 Metaspace       used 20728K, capacity 21154K, committed 21296K, reserved 1069056K
  class space    used 2505K, capacity 2644K, committed 2688K, reserved 1048576K
}
Event: 2.380 GC heap after
{Heap after GC invocations=4 (full 0):
 garbage-first heap   total 131072K, used 17603K [0x0000000080000000, 0x0000000100000000)
  region size 1024K, 1 young (1024K), 1 survivors (1024K)
 Metaspace       used 20728K, capacity 21154K, committed 21296K, reserved 1069056K
  class space    used 2505K, capacity 2644K, committed 2688K, reserved 1048576K
}
Event: 2.975 GC heap before
{Heap before GC invocations=5 (full 0):
 garbage-first heap   total 131072K, used 65731K [0x0000000080000000, 0x0000000100000000)
  region size 1024K, 49 young (50176K), 1 survivors (1024K)
 Metaspace       used 25762K, capacity 26380K, committed 26544K, reserved 1073152K
  class space    used 3305K, capacity 3519K, committed 3584K, reserved 1048576K
}
Event: 2.980 GC heap after
{Heap after GC invocations=6 (full 0):
 garbage-first heap   total 131072K, used 19396K [0x0000000080000000, 0x0000000100000000)
  region size 1024K, 3 young (3072K), 3 survivors (3072K)
 Metaspace       used 25762K, capacity 26380K, committed 26544K, reserved 1073152K
  class space    used 3305K, capacity 3519K, committed 3584K, reserved 1048576K
}
Event: 3.665 GC heap before
{Heap before GC invocations=6 (full 0):
 garbage-first heap   total 131072K, used 91076K [0x0000000080000000, 0x0000000100000000)
  region size 1024K, 55 young (56320K), 3 survivors (3072K)
 Metaspace       used 30072K, capacity 30916K, committed 31152K, reserved 1077248K
  class space    used 3994K, capacity 4304K, committed 4352K, reserved 1048576K
}
Event: 3.670 GC heap after
{Heap after GC invocations=7 (full 0):
 garbage-first heap   total 131072K, used 44064K [0x0000000080000000, 0x0000000100000000)
  region size 1024K, 7 young (7168K), 7 survivors (7168K)
 Metaspace       used 30072K, capacity 30916K, committed 31152K, reserved 1077248K
  class space    used 3994K, capacity 4304K, committed 4352K, reserved 1048576K
}
Event: 4.076 GC heap before
{Heap before GC invocations=7 (full 0):
 garbage-first heap   total 131072K, used 67616K [0x0000000080000000, 0x0000000100000000)
  region size 1024K, 31 young (31744K), 7 survivors (7168K)
 Metaspace       used 34757K, capacity 35762K, committed 35888K, reserved 1081344K
  class space    used 4505K, capacity 4898K, committed 4992K, reserved 1048576K
}
Event: 4.090 GC heap after
{Heap after GC invocations=8 (full 0):
 garbage-first heap   total 131072K, used 46302K [0x0000000080000000, 0x0000000100000000)
  region size 1024K, 3 young (3072K), 3 survivors (3072K)
 Metaspace       used 34757K, capacity 35762K, committed 35888K, reserved 1081344K
  class space    used 4505K, capacity 4898K, committed 4992K, reserved 1048576K
}
Event: 4.569 GC heap before
{Heap before GC invocations=9 (full 0):
 garbage-first heap   total 131072K, used 84190K [0x0000000080000000, 0x0000000100000000)
  region size 1024K, 41 young (41984K), 3 survivors (3072K)
 Metaspace       used 38579K, capacity 39656K, committed 39732K, reserved 1083392K
  class space    used 4936K, capacity 5339K, committed 5376K, reserved 1048576K
}
Event: 4.580 GC heap after
{Heap after GC invocations=10 (full 0):
 garbage-first heap   total 157696K, used 50238K [0x0000000080000000, 0x0000000100000000)
  region size 1024K, 6 young (6144K), 6 survivors (6144K)
 Metaspace       used 38579K, capacity 39656K, committed 39732K, reserved 1083392K
  class space    used 4936K, capacity 5339K, committed 5376K, reserved 1048576K
}
Event: 5.401 GC heap before
{Heap before GC invocations=11 (full 0):
 garbage-first heap   total 157696K, used 114750K [0x0000000080000000, 0x0000000100000000)
  region size 1024K, 55 young (56320K), 6 survivors (6144K)
 Metaspace       used 43092K, capacity 44276K, committed 44468K, reserved 1087488K
  class space    used 5472K, capacity 5891K, committed 6016K, reserved 1048576K
}
Event: 5.408 GC heap after
{Heap after GC invocations=12 (full 0):
 garbage-first heap   total 157696K, used 66049K [0x0000000080000000, 0x0000000100000000)
  region size 1024K, 5 young (5120K), 5 survivors (5120K)
 Metaspace       used 43092K, capacity 44276K, committed 44468K, reserved 1087488K
  class space    used 5472K, capacity 5891K, committed 6016K, reserved 1048576K
}

Deoptimization events (20 events):
Event: 5.494 Thread 0x0000027f2fab4000 DEOPT PACKING pc=0x0000027f1dc0037c sp=0x00000093aedf5880
Event: 5.494 Thread 0x0000027f2fab4000 DEOPT UNPACKING pc=0x0000027f1611a1af sp=0x00000093aedf5810 mode 2
Event: 5.496 Thread 0x0000027f2fab4000 DEOPT PACKING pc=0x0000027f168fc697 sp=0x00000093aedf7da0
Event: 5.496 Thread 0x0000027f2fab4000 DEOPT UNPACKING pc=0x0000027f1611a95e sp=0x00000093aedf7328 mode 0
Event: 5.554 Thread 0x0000027f2fab4000 Uncommon trap: trap_request=0xffffff7e fr.pc=0x0000027f1ddcb70c relative=0x00000000000001ac
Event: 5.554 Thread 0x0000027f2fab4000 Uncommon trap: reason=predicate action=maybe_recompile pc=0x0000027f1ddcb70c method=java.util.Arrays.binarySearch0([Ljava/lang/Object;IILjava/lang/Object;Ljava/util/Comparator;)I @ 25 c2
Event: 5.554 Thread 0x0000027f2fab4000 DEOPT PACKING pc=0x0000027f1ddcb70c sp=0x00000093aedf7740
Event: 5.554 Thread 0x0000027f2fab4000 DEOPT UNPACKING pc=0x0000027f1611a1af sp=0x00000093aedf76a8 mode 2
Event: 5.640 Thread 0x0000027f2fab4000 Uncommon trap: trap_request=0xffffff4d fr.pc=0x0000027f1dce5230 relative=0x0000000000000230
Event: 5.640 Thread 0x0000027f2fab4000 Uncommon trap: reason=unstable_if action=reinterpret pc=0x0000027f1dce5230 method=java.util.HashMap.putVal(ILjava/lang/Object;Ljava/lang/Object;ZZ)Ljava/lang/Object; @ 162 c2
Event: 5.640 Thread 0x0000027f2fab4000 DEOPT PACKING pc=0x0000027f1dce5230 sp=0x00000093aedfa650
Event: 5.640 Thread 0x0000027f2fab4000 DEOPT UNPACKING pc=0x0000027f1611a1af sp=0x00000093aedfa560 mode 2
Event: 5.652 Thread 0x0000027f2fab4000 Uncommon trap: trap_request=0xffffff4d fr.pc=0x0000027f1dda5034 relative=0x0000000000001194
Event: 5.652 Thread 0x0000027f2fab4000 Uncommon trap: reason=unstable_if action=reinterpret pc=0x0000027f1dda5034 method=sun.nio.fs.WindowsPath.initOffsets()V @ 99 c2
Event: 5.652 Thread 0x0000027f2fab4000 DEOPT PACKING pc=0x0000027f1dda5034 sp=0x00000093aedfab70
Event: 5.652 Thread 0x0000027f2fab4000 DEOPT UNPACKING pc=0x0000027f1611a1af sp=0x00000093aedfab60 mode 2
Event: 5.760 Thread 0x0000027f2fab4000 Uncommon trap: trap_request=0xffffff4d fr.pc=0x0000027f1ddd3798 relative=0x0000000000000a98
Event: 5.760 Thread 0x0000027f2fab4000 Uncommon trap: reason=unstable_if action=reinterpret pc=0x0000027f1ddd3798 method=java.util.WeakHashMap.put(Ljava/lang/Object;Ljava/lang/Object;)Ljava/lang/Object; @ 59 c2
Event: 5.760 Thread 0x0000027f2fab4000 DEOPT PACKING pc=0x0000027f1ddd3798 sp=0x00000093aedf3140
Event: 5.760 Thread 0x0000027f2fab4000 DEOPT UNPACKING pc=0x0000027f1611a1af sp=0x00000093aedf3120 mode 2

Classes redefined (0 events):
No events

Internal exceptions (20 events):
Event: 5.689 Thread 0x0000027f2fab4000 Exception <a 'java/lang/ClassNotFoundException'{0x0000000087f46658}: org/gradle/initialization/DefaultSettingsCustomizer> (0x0000000087f46658) thrown at [./src/hotspot/share/classfile/systemDictionary.cpp, line 231]
Event: 5.693 Thread 0x0000027f2fab4000 Exception <a 'java/lang/ClassNotFoundException'{0x0000000087f9af18}: org/gradle/initialization/DefaultSettings_DecoratedCustomizer> (0x0000000087f9af18) thrown at [./src/hotspot/share/classfile/systemDictionary.cpp, line 231]
Event: 5.708 Thread 0x0000027f2fab4000 Exception <a 'java/lang/ClassNotFoundException'{0x0000000087ed5f70}: org/gradle/plugin/management/internal/DefaultPluginManagementSpec_DecoratedBeanInfo> (0x0000000087ed5f70) thrown at [./src/hotspot/share/classfile/systemDictionary.cpp, line 231]
Event: 5.709 Thread 0x0000027f2fab4000 Exception <a 'java/lang/ClassNotFoundException'{0x0000000087d0d518}: org/gradle/plugin/management/internal/DefaultPluginManagementSpecBeanInfo> (0x0000000087d0d518) thrown at [./src/hotspot/share/classfile/systemDictionary.cpp, line 231]
Event: 5.710 Thread 0x0000027f2fab4000 Exception <a 'java/lang/ClassNotFoundException'{0x0000000087d46920}: org/gradle/plugin/management/internal/DefaultPluginManagementSpecCustomizer> (0x0000000087d46920) thrown at [./src/hotspot/share/classfile/systemDictionary.cpp, line 231]
Event: 5.713 Thread 0x0000027f2fab4000 Exception <a 'java/lang/ClassNotFoundException'{0x0000000087d93500}: org/gradle/plugin/management/internal/DefaultPluginManagementSpec_DecoratedCustomizer> (0x0000000087d93500) thrown at [./src/hotspot/share/classfile/systemDictionary.cpp, line 231]
Event: 5.745 Thread 0x0000027f2fab4000 Exception <a 'java/lang/ClassNotFoundException'{0x0000000087815b00}: org/gradle/api/internal/artifacts/dsl/DefaultRepositoryHandler_DecoratedBeanInfo> (0x0000000087815b00) thrown at [./src/hotspot/share/classfile/systemDictionary.cpp, line 231]
Event: 5.747 Thread 0x0000027f2fab4000 Exception <a 'java/lang/ClassNotFoundException'{0x000000008784f908}: org/gradle/api/internal/artifacts/dsl/DefaultRepositoryHandlerBeanInfo> (0x000000008784f908) thrown at [./src/hotspot/share/classfile/systemDictionary.cpp, line 231]
Event: 5.749 Thread 0x0000027f2fab4000 Exception <a 'java/lang/ClassNotFoundException'{0x000000008788cca8}: org/gradle/api/internal/artifacts/DefaultArtifactRepositoryContainerBeanInfo> (0x000000008788cca8) thrown at [./src/hotspot/share/classfile/systemDictionary.cpp, line 231]
Event: 5.751 Thread 0x0000027f2fab4000 Exception <a 'java/lang/ClassNotFoundException'{0x00000000878b7ea8}: org/gradle/api/internal/DefaultNamedDomainObjectListBeanInfo> (0x00000000878b7ea8) thrown at [./src/hotspot/share/classfile/systemDictionary.cpp, line 231]
Event: 5.752 Thread 0x0000027f2fab4000 Exception <a 'java/lang/ClassNotFoundException'{0x00000000878e4610}: org/gradle/api/internal/DefaultNamedDomainObjectCollectionBeanInfo> (0x00000000878e4610) thrown at [./src/hotspot/share/classfile/systemDictionary.cpp, line 231]
Event: 5.753 Thread 0x0000027f2fab4000 Exception <a 'java/lang/ClassNotFoundException'{0x00000000877100f8}: org/gradle/api/internal/DefaultDomainObjectCollectionBeanInfo> (0x00000000877100f8) thrown at [./src/hotspot/share/classfile/systemDictionary.cpp, line 231]
Event: 5.753 Thread 0x0000027f2fab4000 Exception <a 'java/lang/ClassNotFoundException'{0x00000000877165d8}: java/util/AbstractCollectionBeanInfo> (0x00000000877165d8) thrown at [./src/hotspot/share/classfile/systemDictionary.cpp, line 231]
Event: 5.754 Thread 0x0000027f2fab4000 Exception <a 'java/lang/ClassNotFoundException'{0x000000008771ca88}: java/util/AbstractCollectionCustomizer> (0x000000008771ca88) thrown at [./src/hotspot/share/classfile/systemDictionary.cpp, line 231]
Event: 5.756 Thread 0x0000027f2fab4000 Exception <a 'java/lang/ClassNotFoundException'{0x00000000877511b8}: org/gradle/api/internal/DefaultDomainObjectCollectionCustomizer> (0x00000000877511b8) thrown at [./src/hotspot/share/classfile/systemDictionary.cpp, line 231]
Event: 5.759 Thread 0x0000027f2fab4000 Exception <a 'java/lang/ClassNotFoundException'{0x000000008779b0f8}: org/gradle/api/internal/DefaultNamedDomainObjectCollectionCustomizer> (0x000000008779b0f8) thrown at [./src/hotspot/share/classfile/systemDictionary.cpp, line 231]
Event: 5.766 Thread 0x0000027f2fab4000 Exception <a 'java/lang/ClassNotFoundException'{0x000000008760bc60}: org/gradle/api/internal/DefaultNamedDomainObjectListCustomizer> (0x000000008760bc60) thrown at [./src/hotspot/share/classfile/systemDictionary.cpp, line 231]
Event: 5.769 Thread 0x0000027f2fab4000 Exception <a 'java/lang/ClassNotFoundException'{0x0000000087662160}: org/gradle/api/internal/artifacts/DefaultArtifactRepositoryContainerCustomizer> (0x0000000087662160) thrown at [./src/hotspot/share/classfile/systemDictionary.cpp, line 231]
Event: 5.772 Thread 0x0000027f2fab4000 Exception <a 'java/lang/ClassNotFoundException'{0x00000000876ad368}: org/gradle/api/internal/artifacts/dsl/DefaultRepositoryHandlerCustomizer> (0x00000000876ad368) thrown at [./src/hotspot/share/classfile/systemDictionary.cpp, line 231]
Event: 5.775 Thread 0x0000027f2fab4000 Exception <a 'java/lang/ClassNotFoundException'{0x000000008750adf8}: org/gradle/api/internal/artifacts/dsl/DefaultRepositoryHandler_DecoratedCustomizer> (0x000000008750adf8) thrown at [./src/hotspot/share/classfile/systemDictionary.cpp, line 231]

Events (20 events):
Event: 5.817 loading class org/gradle/api/internal/artifacts/repositories/resolver/MavenResolver
Event: 5.817 loading class org/gradle/api/internal/artifacts/repositories/resolver/MavenResolver done
Event: 5.818 loading class org/gradle/api/internal/artifacts/repositories/resolver/ExternalResourceResolver
Event: 5.818 loading class org/gradle/api/internal/artifacts/repositories/resolver/ExternalResourceResolver done
Event: 5.820 loading class org/gradle/api/internal/artifacts/repositories/DefaultUrlArtifactRepository
Event: 5.820 loading class org/gradle/api/internal/artifacts/repositories/DefaultUrlArtifactRepository done
Event: 5.820 loading class org/gradle/api/internal/artifacts/repositories/DefaultMavenArtifactRepository$MavenMetadataSources
Event: 5.820 loading class org/gradle/api/internal/artifacts/repositories/DefaultMavenArtifactRepository$MavenMetadataSources done
Event: 5.821 loading class org/gradle/api/credentials/Credentials
Event: 5.821 loading class org/gradle/api/credentials/Credentials done
Event: 5.821 loading class org/gradle/api/artifacts/repositories/PasswordCredentials
Event: 5.821 loading class org/gradle/api/artifacts/repositories/PasswordCredentials done
Event: 5.822 loading class org/gradle/api/credentials/PasswordCredentials
Event: 5.822 loading class org/gradle/api/credentials/PasswordCredentials done
Event: 5.822 loading class org/gradle/api/internal/artifacts/repositories/AuthenticationSupporter
Event: 5.822 loading class org/gradle/api/internal/artifacts/repositories/AuthenticationSupporter done
Event: 5.823 loading class org/gradle/internal/resolve/caching/ImplicitInputsCapturingInstantiator
Event: 5.823 loading class org/gradle/internal/resolve/caching/ImplicitInputsCapturingInstantiator done
Event: 5.824 loading class org/gradle/api/internal/artifacts/repositories/ArtifactResolutionDetails
Event: 5.824 loading class org/gradle/api/internal/artifacts/repositories/ArtifactResolutionDetails done


Dynamic libraries:
0x00007ff771150000 - 0x00007ff77115a000 	C:\Program Files\Android\Android Studio\jre\bin\java.exe
0x00007fff3ee90000 - 0x00007fff3f088000 	C:\Windows\SYSTEM32\ntdll.dll
0x00007fff3e110000 - 0x00007fff3e1cf000 	C:\Windows\System32\KERNEL32.DLL
0x00007fff3c700000 - 0x00007fff3c9d2000 	C:\Windows\System32\KERNELBASE.dll
0x00007fff3ca10000 - 0x00007fff3cb10000 	C:\Windows\System32\ucrtbase.dll
0x00007fff37cd0000 - 0x00007fff37ce7000 	C:\Program Files\Android\Android Studio\jre\bin\VCRUNTIME140.dll
0x00007fff36770000 - 0x00007fff36789000 	C:\Program Files\Android\Android Studio\jre\bin\jli.dll
0x00007fff3d0a0000 - 0x00007fff3d241000 	C:\Windows\System32\USER32.dll
0x00007fff3c9e0000 - 0x00007fff3ca02000 	C:\Windows\System32\win32u.dll
0x00007fff3dd70000 - 0x00007fff3dd9b000 	C:\Windows\System32\GDI32.dll
0x00007fff2bae0000 - 0x00007fff2bd7a000 	C:\Windows\WinSxS\amd64_microsoft.windows.common-controls_6595b64144ccf1df_6.0.19041.1110_none_60b5254171f9507e\COMCTL32.dll
0x00007fff3c580000 - 0x00007fff3c68f000 	C:\Windows\System32\gdi32full.dll
0x00007fff3e780000 - 0x00007fff3e81e000 	C:\Windows\System32\msvcrt.dll
0x00007fff3cb10000 - 0x00007fff3cbad000 	C:\Windows\System32\msvcp_win.dll
0x00007fff3dda0000 - 0x00007fff3ddd2000 	C:\Windows\System32\IMM32.DLL
0x00007fff3c150000 - 0x00007fff3c247000 	C:\Windows\system32\guard64.dll
0x00007fff3eb50000 - 0x00007fff3ebfe000 	C:\Windows\System32\ADVAPI32.dll
0x00007fff3cf30000 - 0x00007fff3cfcc000 	C:\Windows\System32\sechost.dll
0x00007fff3e900000 - 0x00007fff3ea25000 	C:\Windows\System32\RPCRT4.dll
0x00007fff3c140000 - 0x00007fff3c14a000 	C:\Windows\system32\version.dll
0x00007fff3dfe0000 - 0x00007fff3e10a000 	C:\Windows\System32\ole32.dll
0x00007fff3d9a0000 - 0x00007fff3dcf5000 	C:\Windows\System32\combase.dll
0x00007fff3c130000 - 0x00007fff3c13b000 	C:\Windows\system32\fltlib.dll
0x00007fff3d250000 - 0x00007fff3d994000 	C:\Windows\System32\shell32.dll
0x00007fff2f8c0000 - 0x00007fff2f95d000 	C:\Program Files\Android\Android Studio\jre\bin\msvcp140.dll
0x00007ffee1fa0000 - 0x00007ffee2aa2000 	C:\Program Files\Android\Android Studio\jre\bin\server\jvm.dll
0x00007fff3e1d0000 - 0x00007fff3e1d8000 	C:\Windows\System32\PSAPI.DLL
0x00007fff37960000 - 0x00007fff37969000 	C:\Windows\SYSTEM32\WSOCK32.dll
0x00007fff3dec0000 - 0x00007fff3df2b000 	C:\Windows\System32\WS2_32.dll
0x00007fff2f300000 - 0x00007fff2f327000 	C:\Windows\SYSTEM32\WINMM.dll
0x00007fff3a500000 - 0x00007fff3a512000 	C:\Windows\SYSTEM32\kernel.appcore.dll
0x00007fff304b0000 - 0x00007fff304c1000 	C:\Program Files\Android\Android Studio\jre\bin\verify.dll
0x00007fff28880000 - 0x00007fff28a64000 	C:\Windows\SYSTEM32\DBGHELP.DLL
0x00007fff28820000 - 0x00007fff28855000 	C:\Windows\SYSTEM32\dbgcore.DLL
0x00007fff3cbb0000 - 0x00007fff3cc32000 	C:\Windows\System32\bcryptPrimitives.dll
0x00007fff30430000 - 0x00007fff30459000 	C:\Program Files\Android\Android Studio\jre\bin\java.dll
0x00007fff304a0000 - 0x00007fff304ab000 	C:\Program Files\Android\Android Studio\jre\bin\jimage.dll
0x00007fff30290000 - 0x00007fff302a8000 	C:\Program Files\Android\Android Studio\jre\bin\zip.dll
0x00007fff3a520000 - 0x00007fff3acb2000 	C:\Windows\SYSTEM32\windows.storage.dll
0x00007fff3bde0000 - 0x00007fff3be10000 	C:\Windows\SYSTEM32\Wldp.dll
0x00007fff3df30000 - 0x00007fff3dfdd000 	C:\Windows\System32\SHCORE.dll
0x00007fff3dd10000 - 0x00007fff3dd65000 	C:\Windows\System32\shlwapi.dll
0x00007fff3c4c0000 - 0x00007fff3c4df000 	C:\Windows\SYSTEM32\profapi.dll
0x00007fff30270000 - 0x00007fff3028a000 	C:\Program Files\Android\Android Studio\jre\bin\net.dll
0x00007fff33bc0000 - 0x00007fff33ccc000 	C:\Windows\SYSTEM32\WINHTTP.dll
0x00007fff3bb40000 - 0x00007fff3bbaa000 	C:\Windows\system32\mswsock.dll
0x00007fff30250000 - 0x00007fff30264000 	C:\Program Files\Android\Android Studio\jre\bin\nio.dll
0x00007fff36790000 - 0x00007fff367b7000 	C:\Users\91989\.gradle\native\e1d6ef7f7dcc3fd88c89a11ec53ec762bb8ba0a96d01ffa2cd45eb1d1d8dd5c5\windows-amd64\native-platform.dll
0x00007fff26260000 - 0x00007fff263a4000 	C:\Users\91989\.gradle\native\5664cfc778a61ccfe75a443a1ab52a65af34e5dc3c78e0209fed803814484fcb\windows-amd64\native-platform-file-events.dll
0x00007fff30490000 - 0x00007fff3049a000 	C:\Program Files\Android\Android Studio\jre\bin\management.dll
0x00007fff30310000 - 0x00007fff3031d000 	C:\Program Files\Android\Android Studio\jre\bin\management_ext.dll
0x00007fff3bd30000 - 0x00007fff3bd48000 	C:\Windows\SYSTEM32\CRYPTSP.dll
0x00007fff3b460000 - 0x00007fff3b494000 	C:\Windows\system32\rsaenh.dll
0x00007fff3cd40000 - 0x00007fff3cd67000 	C:\Windows\System32\bcrypt.dll
0x00007fff3c480000 - 0x00007fff3c4ae000 	C:\Windows\SYSTEM32\USERENV.dll
0x00007fff3bd50000 - 0x00007fff3bd5c000 	C:\Windows\SYSTEM32\CRYPTBASE.dll
0x00007fff3b830000 - 0x00007fff3b86b000 	C:\Windows\SYSTEM32\IPHLPAPI.DLL
0x00007fff3ee40000 - 0x00007fff3ee48000 	C:\Windows\System32\NSI.dll
0x00007fff328c0000 - 0x00007fff328d7000 	C:\Windows\SYSTEM32\dhcpcsvc6.DLL
0x00007fff328a0000 - 0x00007fff328bd000 	C:\Windows\SYSTEM32\dhcpcsvc.DLL
0x00007fff3b880000 - 0x00007fff3b94a000 	C:\Windows\SYSTEM32\DNSAPI.dll

dbghelp: loaded successfully - version: 4.0.5 - missing functions: none
symbol engine: initialized successfully - sym options: 0x614 - pdb path: .;C:\Program Files\Android\Android Studio\jre\bin;C:\Windows\SYSTEM32;C:\Windows\WinSxS\amd64_microsoft.windows.common-controls_6595b64144ccf1df_6.0.19041.1110_none_60b5254171f9507e;C:\Program Files\Android\Android Studio\jre\bin\server;C:\Users\91989\.gradle\native\e1d6ef7f7dcc3fd88c89a11ec53ec762bb8ba0a96d01ffa2cd45eb1d1d8dd5c5\windows-amd64;C:\Users\91989\.gradle\native\5664cfc778a61ccfe75a443a1ab52a65af34e5dc3c78e0209fed803814484fcb\windows-amd64

VM Arguments:
jvm_args: --add-opens=java.base/java.util=ALL-UNNAMED --add-opens=java.base/java.lang=ALL-UNNAMED --add-opens=java.base/java.lang.invoke=ALL-UNNAMED --add-opens=java.base/java.util=ALL-UNNAMED --add-opens=java.prefs/java.util.prefs=ALL-UNNAMED --add-opens=java.prefs/java.util.prefs=ALL-UNNAMED --add-opens=java.base/java.nio.charset=ALL-UNNAMED --add-opens=java.base/java.net=ALL-UNNAMED --add-opens=java.base/java.util.concurrent.atomic=ALL-UNNAMED -Xmx2048m -Dfile.encoding=UTF-8 -Duser.country=IN -Duser.language=en -Duser.variant 
java_command: org.gradle.launcher.daemon.bootstrap.GradleDaemon 7.2
java_class_path (initial): C:\Users\91989\.gradle\wrapper\dists\gradle-7.2-bin\2dnblmf4td7x66yl1d74lt32g\gradle-7.2\lib\gradle-launcher-7.2.jar
Launcher Type: SUN_STANDARD

[Global flags]
     intx CICompilerCount                          = 4                                         {product} {ergonomic}
     uint ConcGCThreads                            = 2                                         {product} {ergonomic}
     uint G1ConcRefinementThreads                  = 8                                         {product} {ergonomic}
   size_t G1HeapRegionSize                         = 1048576                                   {product} {ergonomic}
    uintx GCDrainStackTargetSize                   = 64                                        {product} {ergonomic}
   size_t InitialHeapSize                          = 134217728                                 {product} {ergonomic}
   size_t MarkStackSize                            = 4194304                                   {product} {ergonomic}
   size_t MaxHeapSize                              = 2147483648                                {product} {command line}
   size_t MaxNewSize                               = 1287651328                                {product} {ergonomic}
   size_t MinHeapDeltaBytes                        = 1048576                                   {product} {ergonomic}
    uintx NonNMethodCodeHeapSize                   = 5836300                                {pd product} {ergonomic}
    uintx NonProfiledCodeHeapSize                  = 122910970                              {pd product} {ergonomic}
    uintx ProfiledCodeHeapSize                     = 122910970                              {pd product} {ergonomic}
    uintx ReservedCodeCacheSize                    = 251658240                              {pd product} {ergonomic}
     bool SegmentedCodeCache                       = true                                      {product} {ergonomic}
     bool UseCompressedClassPointers               = true                                 {lp64_product} {ergonomic}
     bool UseCompressedOops                        = true                                 {lp64_product} {ergonomic}
     bool UseG1GC                                  = true                                      {product} {ergonomic}
     bool UseLargePagesIndividualAllocation        = false                                  {pd product} {ergonomic}

Logging:
Log output configuration:
 #0: stdout all=warning uptime,level,tags
 #1: stderr all=off uptime,level,tags

Environment Variables:
PATH=C:\Windows\system32;C:\Windows;C:\Windows\System32\Wbem;C:\Windows\System32\WindowsPowerShell\v1.0\;C:\Windows\System32\OpenSSH\;C:\Program Files\Git\cmd;C:\Users\91989\AppData\Local\Microsoft\WindowsApps;
USERNAME=91989
OS=Windows_NT
PROCESSOR_IDENTIFIER=Intel64 Family 6 Model 60 Stepping 3, GenuineIntel



---------------  S Y S T E M  ---------------

OS: Windows 10 , 64 bit Build 19041 (10.0.19041.2364)
OS uptime: 1 days 6:15 hours

CPU:total 8 (initial active 8) (4 cores per cpu, 2 threads per core) family 6 model 60 stepping 3 microcode 0x27, cmov, cx8, fxsr, mmx, sse, sse2, sse3, ssse3, sse4.1, sse4.2, popcnt, avx, avx2, aes, clmul, erms, lzcnt, ht, tsc, tscinvbit, bmi1, bmi2, fma

Memory: 4k page, system-wide physical 8124M (784M free)
TotalPageFile size 10172M (AvailPageFile size 6M)
current process WorkingSet (physical memory assigned to process): 325M, peak: 325M
current process commit charge ("private bytes"): 367M, peak: 367M

vm_info: OpenJDK 64-Bit Server VM (11.0.13+0-b1751.21-8125866) for windows-amd64 JRE (11.0.13+0-b1751.21-8125866), built on Feb  2 2022 03:00:22 by "builder" with MS VC++ 14.0 (VS2015)

END.
