#
# There is insufficient memory for the Java Runtime Environment to continue.
# Native memory allocation (malloc) failed to allocate 1226736 bytes for Chunk::new
# Possible reasons:
#   The system is out of physical RAM or swap space
#   The process is running with CompressedOops enabled, and the Java Heap may be blocking the growth of the native heap
# Possible solutions:
#   Reduce memory load on the system
#   Increase physical memory or swap space
#   Check if swap backing store is full
#   Decrease Java heap size (-Xmx/-Xms)
#   Decrease number of Java threads
#   Decrease Java thread stack sizes (-Xss)
#   Set larger code cache with -XX:ReservedCodeCacheSize=
#   JVM is running with Unscaled Compressed Oops mode in which the Java heap is
#     placed in the first 4GB address space. The Java Heap base address is the
#     maximum limit for the native heap growth. Please use -XX:HeapBaseMinAddress
#     to set the Java Heap base and to place the Java Heap above 4GB virtual address.
# This output file may be truncated or incomplete.
#
#  Out of Memory Error (./src/hotspot/share/memory/arena.cpp:197), pid=62532, tid=62380
#
# JRE version: OpenJDK Runtime Environment (11.0.13) (build 11.0.13+0-b1751.21-8125866)
# Java VM: OpenJDK 64-Bit Server VM (11.0.13+0-b1751.21-8125866, mixed mode, tiered, compressed oops, g1 gc, windows-amd64)
# No core dump will be written. Minidumps are not enabled by default on client versions of Windows
#

---------------  S U M M A R Y ------------

Command Line: --add-opens=java.base/java.util=ALL-UNNAMED --add-opens=java.base/java.lang=ALL-UNNAMED --add-opens=java.base/java.lang.invoke=ALL-UNNAMED --add-opens=java.base/java.util=ALL-UNNAMED --add-opens=java.prefs/java.util.prefs=ALL-UNNAMED --add-opens=java.prefs/java.util.prefs=ALL-UNNAMED --add-opens=java.base/java.nio.charset=ALL-UNNAMED --add-opens=java.base/java.net=ALL-UNNAMED --add-opens=java.base/java.util.concurrent.atomic=ALL-UNNAMED -Xmx2048m -Dfile.encoding=UTF-8 -Duser.country=IN -Duser.language=en -Duser.variant org.gradle.launcher.daemon.bootstrap.GradleDaemon 7.2

Host: Intel(R) Core(TM) i7-4700MQ CPU @ 2.40GHz, 8 cores, 7G,  Windows 10 , 64 bit Build 19041 (10.0.19041.2364)
Time: Fri Jan  6 15:26:24 2023 India Standard Time elapsed time: 5.971457 seconds (0d 0h 0m 5s)

---------------  T H R E A D  ---------------

Current thread (0x0000011919c00800):  JavaThread "C2 CompilerThread2" daemon [_thread_in_native, id=62380, stack(0x0000000b62300000,0x0000000b62400000)]


Current CompileTask:
C2:   5971 3594       4       org.codehaus.groovy.runtime.metaclass.MetaMethodIndex::addMethodToList (131 bytes)

Stack: [0x0000000b62300000,0x0000000b62400000]
Native frames: (J=compiled Java code, j=interpreted, Vv=VM code, C=native code)
V  [jvm.dll+0x6100fa]
V  [jvm.dll+0x747090]
V  [jvm.dll+0x7486ad]
V  [jvm.dll+0x748d83]
V  [jvm.dll+0x24ab48]
V  [jvm.dll+0xc04dc]
V  [jvm.dll+0xc0a0c]
V  [jvm.dll+0x35eb9d]
V  [jvm.dll+0x19d7bc]
V  [jvm.dll+0x2033be]
V  [jvm.dll+0x202437]
V  [jvm.dll+0x188e01]
V  [jvm.dll+0x21106b]
V  [jvm.dll+0x20f8c1]
V  [jvm.dll+0x70de0f]
V  [jvm.dll+0x706a75]
V  [jvm.dll+0x60ed66]
C  [ucrtbase.dll+0x21bb2]
C  [KERNEL32.DLL+0x17614]
C  [ntdll.dll+0x526a1]


---------------  P R O C E S S  ---------------

Threads class SMR info:
_java_thread_list=0x000001191cc88e70, length=41, elements={
0x000001197b0f5000, 0x0000011915da2000, 0x0000011915dab000, 0x0000011915dfb000,
0x0000011915dfc000, 0x0000011915dfd000, 0x0000011915e03800, 0x0000011915e11800,
0x0000011915e18000, 0x0000011915f83800, 0x0000011917df4800, 0x00000119177cb800,
0x00000119169f1000, 0x0000011917fb5800, 0x0000011917c69000, 0x0000011917442000,
0x000001191801b800, 0x0000011918f6c800, 0x0000011917a1e000, 0x00000119172bd800,
0x0000011917395000, 0x0000011917397800, 0x0000011917394800, 0x0000011917396000,
0x0000011917396800, 0x0000011917399000, 0x0000011917398800, 0x000001191739a000,
0x000001191739b000, 0x00000119186d7000, 0x00000119186dd800, 0x00000119186db800,
0x00000119186dd000, 0x00000119186d9800, 0x00000119186dc000, 0x00000119186d8000,
0x00000119186de800, 0x00000119186da800, 0x0000011919db7800, 0x0000011919c00800,
0x00000119186e1000
}

Java Threads: ( => current thread )
  0x000001197b0f5000 JavaThread "main" [_thread_blocked, id=64312, stack(0x0000000b5f000000,0x0000000b5f100000)]
  0x0000011915da2000 JavaThread "Reference Handler" daemon [_thread_blocked, id=62288, stack(0x0000000b5f700000,0x0000000b5f800000)]
  0x0000011915dab000 JavaThread "Finalizer" daemon [_thread_blocked, id=47212, stack(0x0000000b5f800000,0x0000000b5f900000)]
  0x0000011915dfb000 JavaThread "Signal Dispatcher" daemon [_thread_blocked, id=64296, stack(0x0000000b5f900000,0x0000000b5fa00000)]
  0x0000011915dfc000 JavaThread "Attach Listener" daemon [_thread_blocked, id=65668, stack(0x0000000b5fa00000,0x0000000b5fb00000)]
  0x0000011915dfd000 JavaThread "Service Thread" daemon [_thread_blocked, id=68076, stack(0x0000000b5fb00000,0x0000000b5fc00000)]
  0x0000011915e03800 JavaThread "C2 CompilerThread0" daemon [_thread_in_native, id=62924, stack(0x0000000b5fc00000,0x0000000b5fd00000)]
  0x0000011915e11800 JavaThread "C1 CompilerThread0" daemon [_thread_blocked, id=67608, stack(0x0000000b5fd00000,0x0000000b5fe00000)]
  0x0000011915e18000 JavaThread "Sweeper thread" daemon [_thread_blocked, id=64236, stack(0x0000000b5fe00000,0x0000000b5ff00000)]
  0x0000011915f83800 JavaThread "Common-Cleaner" daemon [_thread_blocked, id=51628, stack(0x0000000b5ff00000,0x0000000b60000000)]
  0x0000011917df4800 JavaThread "Daemon health stats" [_thread_blocked, id=67660, stack(0x0000000b60500000,0x0000000b60600000)]
  0x00000119177cb800 JavaThread "Incoming local TCP Connector on port 64206" [_thread_in_native, id=62164, stack(0x0000000b60100000,0x0000000b60200000)]
  0x00000119169f1000 JavaThread "Daemon periodic checks" [_thread_blocked, id=64936, stack(0x0000000b60200000,0x0000000b60300000)]
  0x0000011917fb5800 JavaThread "Daemon" [_thread_blocked, id=64572, stack(0x0000000b60600000,0x0000000b60700000)]
  0x0000011917c69000 JavaThread "Handler for socket connection from /127.0.0.1:64206 to /127.0.0.1:64221" [_thread_in_native, id=64696, stack(0x0000000b60700000,0x0000000b60800000)]
  0x0000011917442000 JavaThread "Cancel handler" [_thread_blocked, id=61676, stack(0x0000000b60800000,0x0000000b60900000)]
  0x000001191801b800 JavaThread "Daemon worker" [_thread_in_native, id=63820, stack(0x0000000b60900000,0x0000000b60a00000)]
  0x0000011918f6c800 JavaThread "Asynchronous log dispatcher for DefaultDaemonConnection: socket connection from /127.0.0.1:64206 to /127.0.0.1:64221" [_thread_blocked, id=19728, stack(0x0000000b60a00000,0x0000000b60b00000)]
  0x0000011917a1e000 JavaThread "Stdin handler" [_thread_blocked, id=67492, stack(0x0000000b60b00000,0x0000000b60c00000)]
  0x00000119172bd800 JavaThread "Daemon client event forwarder" [_thread_blocked, id=66996, stack(0x0000000b60c00000,0x0000000b60d00000)]
  0x0000011917395000 JavaThread "Cache worker for journal cache (C:\Users\91989\.gradle\caches\journal-1)" [_thread_blocked, id=62568, stack(0x0000000b61300000,0x0000000b61400000)]
  0x0000011917397800 JavaThread "File lock request listener" [_thread_in_native, id=67892, stack(0x0000000b61400000,0x0000000b61500000)]
  0x0000011917394800 JavaThread "Cache worker for file hash cache (C:\Users\91989\.gradle\caches\7.2\fileHashes)" [_thread_blocked, id=61528, stack(0x0000000b61500000,0x0000000b61600000)]
  0x0000011917396000 JavaThread "Cache worker for file hash cache (F:\clicknow\.gradle\7.2\fileHashes)" [_thread_blocked, id=68560, stack(0x0000000b61800000,0x0000000b61900000)]
  0x0000011917396800 JavaThread "File watcher server" daemon [_thread_in_native, id=61552, stack(0x0000000b61900000,0x0000000b61a00000)]
  0x0000011917399000 JavaThread "File watcher consumer" daemon [_thread_blocked, id=65612, stack(0x0000000b61a00000,0x0000000b61b00000)]
  0x0000011917398800 JavaThread "jar transforms" [_thread_blocked, id=5196, stack(0x0000000b61b00000,0x0000000b61c00000)]
  0x000001191739a000 JavaThread "jar transforms Thread 2" [_thread_blocked, id=65028, stack(0x0000000b61c00000,0x0000000b61d00000)]
  0x000001191739b000 JavaThread "jar transforms Thread 3" [_thread_blocked, id=58616, stack(0x0000000b61d00000,0x0000000b61e00000)]
  0x00000119186d7000 JavaThread "jar transforms Thread 4" [_thread_blocked, id=68164, stack(0x0000000b61e00000,0x0000000b61f00000)]
  0x00000119186dd800 JavaThread "jar transforms Thread 5" [_thread_blocked, id=68240, stack(0x0000000b61f00000,0x0000000b62000000)]
  0x00000119186db800 JavaThread "jar transforms Thread 6" [_thread_blocked, id=65132, stack(0x0000000b62000000,0x0000000b62100000)]
  0x00000119186dd000 JavaThread "jar transforms Thread 7" [_thread_blocked, id=10204, stack(0x0000000b62100000,0x0000000b62200000)]
  0x00000119186d9800 JavaThread "jar transforms Thread 8" [_thread_blocked, id=62796, stack(0x0000000b62200000,0x0000000b62300000)]
  0x00000119186dc000 JavaThread "Cache worker for checksums cache (F:\clicknow\.gradle\checksums)" [_thread_blocked, id=57400, stack(0x0000000b62400000,0x0000000b62500000)]
  0x00000119186d8000 JavaThread "Cache worker for cache directory md-supplier (C:\Users\91989\.gradle\caches\7.2\md-supplier)" [_thread_blocked, id=68476, stack(0x0000000b62500000,0x0000000b62600000)]
  0x00000119186de800 JavaThread "Cache worker for cache directory md-rule (C:\Users\91989\.gradle\caches\7.2\md-rule)" [_thread_blocked, id=67768, stack(0x0000000b62600000,0x0000000b62700000)]
  0x00000119186da800 JavaThread "Cache worker for execution history cache (C:\Users\91989\.gradle\caches\7.2\executionHistory)" [_thread_blocked, id=51688, stack(0x0000000b62700000,0x0000000b62800000)]
  0x0000011919db7800 JavaThread "C2 CompilerThread1" daemon [_thread_in_native, id=63072, stack(0x0000000b61700000,0x0000000b61800000)]
=>0x0000011919c00800 JavaThread "C2 CompilerThread2" daemon [_thread_in_native, id=62380, stack(0x0000000b62300000,0x0000000b62400000)]
  0x00000119186e1000 JavaThread "Cache worker for file content cache (C:\Users\91989\.gradle\caches\7.2\fileContent)" [_thread_blocked, id=68540, stack(0x0000000b62800000,0x0000000b62900000)]

Other Threads:
  0x0000011915d9b000 VMThread "VM Thread" [stack: 0x0000000b5f600000,0x0000000b5f700000] [id=64716]
  0x0000011915faf800 WatcherThread [stack: 0x0000000b60000000,0x0000000b60100000] [id=64332]
  0x000001197b10e800 GCTaskThread "GC Thread#0" [stack: 0x0000000b5f100000,0x0000000b5f200000] [id=64952]
  0x00000119165ba800 GCTaskThread "GC Thread#1" [stack: 0x0000000b60300000,0x0000000b60400000] [id=68052]
  0x0000011916284800 GCTaskThread "GC Thread#2" [stack: 0x0000000b60400000,0x0000000b60500000] [id=61048]
  0x0000011917c60800 GCTaskThread "GC Thread#3" [stack: 0x0000000b60d00000,0x0000000b60e00000] [id=9996]
  0x000001191787a000 GCTaskThread "GC Thread#4" [stack: 0x0000000b60e00000,0x0000000b60f00000] [id=66388]
  0x0000011917067800 GCTaskThread "GC Thread#5" [stack: 0x0000000b60f00000,0x0000000b61000000] [id=68448]
  0x0000011918807000 GCTaskThread "GC Thread#6" [stack: 0x0000000b61000000,0x0000000b61100000] [id=62580]
  0x0000011917482800 GCTaskThread "GC Thread#7" [stack: 0x0000000b61100000,0x0000000b61200000] [id=65088]
  0x000001197b13f000 ConcurrentGCThread "G1 Main Marker" [stack: 0x0000000b5f200000,0x0000000b5f300000] [id=62516]
  0x000001197b140000 ConcurrentGCThread "G1 Conc#0" [stack: 0x0000000b5f300000,0x0000000b5f400000] [id=63392]
  0x000001191884d800 ConcurrentGCThread "G1 Conc#1" [stack: 0x0000000b61600000,0x0000000b61700000] [id=68344]
  0x000001197fd78000 ConcurrentGCThread "G1 Refine#0" [stack: 0x0000000b5f400000,0x0000000b5f500000] [id=56936]
  0x000001191794a000 ConcurrentGCThread "G1 Refine#1" [stack: 0x0000000b61200000,0x0000000b61300000] [id=65972]
  0x000001197fd79000 ConcurrentGCThread "G1 Young RemSet Sampling" [stack: 0x0000000b5f500000,0x0000000b5f600000] [id=62020]

Threads with active compile tasks:
C2 CompilerThread0   6044 3661       4       groovy.lang.MetaClassImpl$1MOPIter::methodNameAction (325 bytes)
C2 CompilerThread1   6044 3651       4       org.objectweb.asm.Frame::execute (2318 bytes)
C2 CompilerThread2   6044 3594       4       org.codehaus.groovy.runtime.metaclass.MetaMethodIndex::addMethodToList (131 bytes)

VM state:not at safepoint (normal execution)

VM Mutex/Monitor currently owned by a thread: None

Heap address: 0x0000000080000000, size: 2048 MB, Compressed Oops mode: 32-bit
Narrow klass base: 0x0000000000000000, Narrow klass shift: 3
Compressed class space size: 1073741824 Address: 0x0000000100000000

Heap:
 garbage-first heap   total 157696K, used 87127K [0x0000000080000000, 0x0000000100000000)
  region size 1024K, 45 young (46080K), 6 survivors (6144K)
 Metaspace       used 42686K, capacity 43831K, committed 44136K, reserved 1087488K
  class space    used 5416K, capacity 5837K, committed 5888K, reserved 1048576K
Heap Regions: E=young(eden), S=young(survivor), O=old, HS=humongous(starts), HC=humongous(continues), CS=collection set, F=free, A=archive, TAMS=top-at-mark-start (previous, next)
|   0|0x0000000080000000, 0x0000000080100000, 0x0000000080100000|100%| O|  |TAMS 0x0000000080100000, 0x0000000080000000| Untracked 
|   1|0x0000000080100000, 0x0000000080200000, 0x0000000080200000|100%| O|  |TAMS 0x0000000080200000, 0x0000000080100000| Untracked 
|   2|0x0000000080200000, 0x0000000080300000, 0x0000000080300000|100%| O|  |TAMS 0x0000000080300000, 0x0000000080200000| Untracked 
|   3|0x0000000080300000, 0x0000000080400000, 0x0000000080400000|100%|HS|  |TAMS 0x0000000080400000, 0x0000000080300000| Complete 
|   4|0x0000000080400000, 0x0000000080500000, 0x0000000080500000|100%|HC|  |TAMS 0x0000000080500000, 0x0000000080400000| Complete 
|   5|0x0000000080500000, 0x0000000080600000, 0x0000000080600000|100%|HC|  |TAMS 0x0000000080600000, 0x0000000080500000| Complete 
|   6|0x0000000080600000, 0x0000000080700000, 0x0000000080700000|100%| O|  |TAMS 0x0000000080700000, 0x0000000080600000| Untracked 
|   7|0x0000000080700000, 0x0000000080800000, 0x0000000080800000|100%| O|  |TAMS 0x0000000080800000, 0x0000000080700000| Untracked 
|   8|0x0000000080800000, 0x0000000080900000, 0x0000000080900000|100%| O|  |TAMS 0x0000000080900000, 0x0000000080800000| Untracked 
|   9|0x0000000080900000, 0x0000000080a00000, 0x0000000080a00000|100%| O|  |TAMS 0x0000000080a00000, 0x0000000080900000| Untracked 
|  10|0x0000000080a00000, 0x0000000080b00000, 0x0000000080b00000|100%| O|  |TAMS 0x0000000080b00000, 0x0000000080a00000| Untracked 
|  11|0x0000000080b00000, 0x0000000080c00000, 0x0000000080c00000|100%| O|  |TAMS 0x0000000080c00000, 0x0000000080b00000| Untracked 
|  12|0x0000000080c00000, 0x0000000080d00000, 0x0000000080d00000|100%| O|  |TAMS 0x0000000080d00000, 0x0000000080c00000| Untracked 
|  13|0x0000000080d00000, 0x0000000080e00000, 0x0000000080e00000|100%| O|  |TAMS 0x0000000080e00000, 0x0000000080d00000| Untracked 
|  14|0x0000000080e00000, 0x0000000080f00000, 0x0000000080f00000|100%| O|  |TAMS 0x0000000080f00000, 0x0000000080e00000| Untracked 
|  15|0x0000000080f00000, 0x0000000081000000, 0x0000000081000000|100%| O|  |TAMS 0x0000000081000000, 0x0000000080f00000| Untracked 
|  16|0x0000000081000000, 0x0000000081100000, 0x0000000081100000|100%| O|  |TAMS 0x0000000081100000, 0x0000000081000000| Untracked 
|  17|0x0000000081100000, 0x0000000081200000, 0x0000000081200000|100%|HS|  |TAMS 0x0000000081200000, 0x0000000081100000| Complete 
|  18|0x0000000081200000, 0x0000000081300000, 0x0000000081300000|100%|HC|  |TAMS 0x0000000081300000, 0x0000000081200000| Complete 
|  19|0x0000000081300000, 0x0000000081400000, 0x0000000081400000|100%|HS|  |TAMS 0x0000000081400000, 0x0000000081300000| Complete 
|  20|0x0000000081400000, 0x0000000081500000, 0x0000000081500000|100%|HC|  |TAMS 0x0000000081500000, 0x0000000081400000| Complete 
|  21|0x0000000081500000, 0x0000000081600000, 0x0000000081600000|100%|HC|  |TAMS 0x0000000081600000, 0x0000000081500000| Complete 
|  22|0x0000000081600000, 0x0000000081700000, 0x0000000081700000|100%|HS|  |TAMS 0x0000000081700000, 0x0000000081600000| Complete 
|  23|0x0000000081700000, 0x0000000081800000, 0x0000000081800000|100%|HC|  |TAMS 0x0000000081800000, 0x0000000081700000| Complete 
|  24|0x0000000081800000, 0x0000000081900000, 0x0000000081900000|100%|HC|  |TAMS 0x0000000081900000, 0x0000000081800000| Complete 
|  25|0x0000000081900000, 0x0000000081a00000, 0x0000000081a00000|100%|HC|  |TAMS 0x0000000081a00000, 0x0000000081900000| Complete 
|  26|0x0000000081a00000, 0x0000000081b00000, 0x0000000081b00000|100%|HC|  |TAMS 0x0000000081b00000, 0x0000000081a00000| Complete 
|  27|0x0000000081b00000, 0x0000000081c00000, 0x0000000081c00000|100%|HS|  |TAMS 0x0000000081c00000, 0x0000000081b00000| Complete 
|  28|0x0000000081c00000, 0x0000000081d00000, 0x0000000081d00000|100%|HC|  |TAMS 0x0000000081d00000, 0x0000000081c00000| Complete 
|  29|0x0000000081d00000, 0x0000000081e00000, 0x0000000081e00000|100%|HC|  |TAMS 0x0000000081e00000, 0x0000000081d00000| Complete 
|  30|0x0000000081e00000, 0x0000000081f00000, 0x0000000081f00000|100%|HS|  |TAMS 0x0000000081f00000, 0x0000000081e00000| Complete 
|  31|0x0000000081f00000, 0x0000000082000000, 0x0000000082000000|100%|HS|  |TAMS 0x0000000082000000, 0x0000000081f00000| Complete 
|  32|0x0000000082000000, 0x0000000082100000, 0x0000000082100000|100%|HC|  |TAMS 0x0000000082100000, 0x0000000082000000| Complete 
|  33|0x0000000082100000, 0x0000000082200000, 0x0000000082200000|100%|HC|  |TAMS 0x0000000082200000, 0x0000000082100000| Complete 
|  34|0x0000000082200000, 0x0000000082300000, 0x0000000082300000|100%|HC|  |TAMS 0x0000000082300000, 0x0000000082200000| Complete 
|  35|0x0000000082300000, 0x0000000082400000, 0x0000000082400000|100%| O|  |TAMS 0x0000000082400000, 0x0000000082300000| Untracked 
|  36|0x0000000082400000, 0x0000000082500000, 0x0000000082500000|100%| O|  |TAMS 0x0000000082500000, 0x0000000082400000| Untracked 
|  37|0x0000000082500000, 0x0000000082600000, 0x0000000082600000|100%| O|  |TAMS 0x0000000082600000, 0x0000000082500000| Untracked 
|  38|0x0000000082600000, 0x0000000082700000, 0x0000000082700000|100%| O|  |TAMS 0x0000000082700000, 0x0000000082600000| Untracked 
|  39|0x0000000082700000, 0x0000000082800000, 0x0000000082800000|100%| O|  |TAMS 0x0000000082800000, 0x0000000082700000| Untracked 
|  40|0x0000000082800000, 0x0000000082900000, 0x0000000082900000|100%| O|  |TAMS 0x0000000082900000, 0x0000000082800000| Untracked 
|  41|0x0000000082900000, 0x0000000082a00000, 0x0000000082a00000|100%| O|  |TAMS 0x0000000082a00000, 0x0000000082900000| Untracked 
|  42|0x0000000082a00000, 0x0000000082a2ca00, 0x0000000082b00000| 17%| O|  |TAMS 0x0000000082a2ca00, 0x0000000082a00000| Untracked 
|  43|0x0000000082b00000, 0x0000000082b00000, 0x0000000082c00000|  0%| F|  |TAMS 0x0000000082b00000, 0x0000000082b00000| Untracked 
|  44|0x0000000082c00000, 0x0000000082c00000, 0x0000000082d00000|  0%| F|  |TAMS 0x0000000082c00000, 0x0000000082c00000| Untracked 
|  45|0x0000000082d00000, 0x0000000082d00000, 0x0000000082e00000|  0%| F|  |TAMS 0x0000000082d00000, 0x0000000082d00000| Untracked 
|  46|0x0000000082e00000, 0x0000000082e00000, 0x0000000082f00000|  0%| F|  |TAMS 0x0000000082e00000, 0x0000000082e00000| Untracked 
|  47|0x0000000082f00000, 0x0000000082f00000, 0x0000000083000000|  0%| F|  |TAMS 0x0000000082f00000, 0x0000000082f00000| Untracked 
|  48|0x0000000083000000, 0x0000000083000000, 0x0000000083100000|  0%| F|  |TAMS 0x0000000083000000, 0x0000000083000000| Untracked 
|  49|0x0000000083100000, 0x0000000083100000, 0x0000000083200000|  0%| F|  |TAMS 0x0000000083100000, 0x0000000083100000| Untracked 
|  50|0x0000000083200000, 0x0000000083200000, 0x0000000083300000|  0%| F|  |TAMS 0x0000000083200000, 0x0000000083200000| Untracked 
|  51|0x0000000083300000, 0x0000000083300000, 0x0000000083400000|  0%| F|  |TAMS 0x0000000083300000, 0x0000000083300000| Untracked 
|  52|0x0000000083400000, 0x0000000083400000, 0x0000000083500000|  0%| F|  |TAMS 0x0000000083400000, 0x0000000083400000| Untracked 
|  53|0x0000000083500000, 0x0000000083500000, 0x0000000083600000|  0%| F|  |TAMS 0x0000000083500000, 0x0000000083500000| Untracked 
|  54|0x0000000083600000, 0x0000000083600000, 0x0000000083700000|  0%| F|  |TAMS 0x0000000083600000, 0x0000000083600000| Untracked 
|  55|0x0000000083700000, 0x0000000083700000, 0x0000000083800000|  0%| F|  |TAMS 0x0000000083700000, 0x0000000083700000| Untracked 
|  56|0x0000000083800000, 0x0000000083800000, 0x0000000083900000|  0%| F|  |TAMS 0x0000000083800000, 0x0000000083800000| Untracked 
|  57|0x0000000083900000, 0x0000000083900000, 0x0000000083a00000|  0%| F|  |TAMS 0x0000000083900000, 0x0000000083900000| Untracked 
|  58|0x0000000083a00000, 0x0000000083a00000, 0x0000000083b00000|  0%| F|  |TAMS 0x0000000083a00000, 0x0000000083a00000| Untracked 
|  59|0x0000000083b00000, 0x0000000083b00000, 0x0000000083c00000|  0%| F|  |TAMS 0x0000000083b00000, 0x0000000083b00000| Untracked 
|  60|0x0000000083c00000, 0x0000000083c00000, 0x0000000083d00000|  0%| F|  |TAMS 0x0000000083c00000, 0x0000000083c00000| Untracked 
|  61|0x0000000083d00000, 0x0000000083d00000, 0x0000000083e00000|  0%| F|  |TAMS 0x0000000083d00000, 0x0000000083d00000| Untracked 
|  62|0x0000000083e00000, 0x0000000083e00000, 0x0000000083f00000|  0%| F|  |TAMS 0x0000000083e00000, 0x0000000083e00000| Untracked 
|  63|0x0000000083f00000, 0x0000000083f00000, 0x0000000084000000|  0%| F|  |TAMS 0x0000000083f00000, 0x0000000083f00000| Untracked 
|  64|0x0000000084000000, 0x0000000084000000, 0x0000000084100000|  0%| F|  |TAMS 0x0000000084000000, 0x0000000084000000| Untracked 
|  65|0x0000000084100000, 0x0000000084100000, 0x0000000084200000|  0%| F|  |TAMS 0x0000000084100000, 0x0000000084100000| Untracked 
|  66|0x0000000084200000, 0x0000000084200000, 0x0000000084300000|  0%| F|  |TAMS 0x0000000084200000, 0x0000000084200000| Untracked 
|  67|0x0000000084300000, 0x0000000084300000, 0x0000000084400000|  0%| F|  |TAMS 0x0000000084300000, 0x0000000084300000| Untracked 
|  68|0x0000000084400000, 0x0000000084400000, 0x0000000084500000|  0%| F|  |TAMS 0x0000000084400000, 0x0000000084400000| Untracked 
|  69|0x0000000084500000, 0x0000000084500000, 0x0000000084600000|  0%| F|  |TAMS 0x0000000084500000, 0x0000000084500000| Untracked 
|  70|0x0000000084600000, 0x0000000084600000, 0x0000000084700000|  0%| F|  |TAMS 0x0000000084600000, 0x0000000084600000| Untracked 
|  71|0x0000000084700000, 0x0000000084700000, 0x0000000084800000|  0%| F|  |TAMS 0x0000000084700000, 0x0000000084700000| Untracked 
|  72|0x0000000084800000, 0x0000000084800000, 0x0000000084900000|  0%| F|  |TAMS 0x0000000084800000, 0x0000000084800000| Untracked 
|  73|0x0000000084900000, 0x0000000084900000, 0x0000000084a00000|  0%| F|  |TAMS 0x0000000084900000, 0x0000000084900000| Untracked 
|  74|0x0000000084a00000, 0x0000000084a00000, 0x0000000084b00000|  0%| F|  |TAMS 0x0000000084a00000, 0x0000000084a00000| Untracked 
|  75|0x0000000084b00000, 0x0000000084b00000, 0x0000000084c00000|  0%| F|  |TAMS 0x0000000084b00000, 0x0000000084b00000| Untracked 
|  76|0x0000000084c00000, 0x0000000084c00000, 0x0000000084d00000|  0%| F|  |TAMS 0x0000000084c00000, 0x0000000084c00000| Untracked 
|  77|0x0000000084d00000, 0x0000000084d00000, 0x0000000084e00000|  0%| F|  |TAMS 0x0000000084d00000, 0x0000000084d00000| Untracked 
|  78|0x0000000084e00000, 0x0000000084e00000, 0x0000000084f00000|  0%| F|  |TAMS 0x0000000084e00000, 0x0000000084e00000| Untracked 
|  79|0x0000000084f00000, 0x0000000084f00000, 0x0000000085000000|  0%| F|  |TAMS 0x0000000084f00000, 0x0000000084f00000| Untracked 
|  80|0x0000000085000000, 0x00000000850e93a8, 0x0000000085100000| 91%| S|CS|TAMS 0x0000000085000000, 0x0000000085000000| Complete 
|  81|0x0000000085100000, 0x0000000085200000, 0x0000000085200000|100%| S|CS|TAMS 0x0000000085100000, 0x0000000085100000| Complete 
|  82|0x0000000085200000, 0x0000000085300000, 0x0000000085300000|100%| S|CS|TAMS 0x0000000085200000, 0x0000000085200000| Complete 
|  83|0x0000000085300000, 0x0000000085400000, 0x0000000085400000|100%| S|CS|TAMS 0x0000000085300000, 0x0000000085300000| Complete 
|  84|0x0000000085400000, 0x0000000085500000, 0x0000000085500000|100%| S|CS|TAMS 0x0000000085400000, 0x0000000085400000| Complete 
|  85|0x0000000085500000, 0x0000000085600000, 0x0000000085600000|100%| S|CS|TAMS 0x0000000085500000, 0x0000000085500000| Complete 
|  86|0x0000000085600000, 0x0000000085600000, 0x0000000085700000|  0%| F|  |TAMS 0x0000000085600000, 0x0000000085600000| Untracked 
|  87|0x0000000085700000, 0x0000000085700000, 0x0000000085800000|  0%| F|  |TAMS 0x0000000085700000, 0x0000000085700000| Untracked 
|  88|0x0000000085800000, 0x0000000085800000, 0x0000000085900000|  0%| F|  |TAMS 0x0000000085800000, 0x0000000085800000| Untracked 
|  89|0x0000000085900000, 0x0000000085900000, 0x0000000085a00000|  0%| F|  |TAMS 0x0000000085900000, 0x0000000085900000| Untracked 
|  90|0x0000000085a00000, 0x0000000085a00000, 0x0000000085b00000|  0%| F|  |TAMS 0x0000000085a00000, 0x0000000085a00000| Untracked 
|  91|0x0000000085b00000, 0x0000000085b00000, 0x0000000085c00000|  0%| F|  |TAMS 0x0000000085b00000, 0x0000000085b00000| Untracked 
|  92|0x0000000085c00000, 0x0000000085c00000, 0x0000000085d00000|  0%| F|  |TAMS 0x0000000085c00000, 0x0000000085c00000| Untracked 
|  93|0x0000000085d00000, 0x0000000085d00000, 0x0000000085e00000|  0%| F|  |TAMS 0x0000000085d00000, 0x0000000085d00000| Untracked 
|  94|0x0000000085e00000, 0x0000000085e00000, 0x0000000085f00000|  0%| F|  |TAMS 0x0000000085e00000, 0x0000000085e00000| Untracked 
|  95|0x0000000085f00000, 0x0000000085f00000, 0x0000000086000000|  0%| F|  |TAMS 0x0000000085f00000, 0x0000000085f00000| Untracked 
|  96|0x0000000086000000, 0x0000000086000000, 0x0000000086100000|  0%| F|  |TAMS 0x0000000086000000, 0x0000000086000000| Untracked 
|  97|0x0000000086100000, 0x0000000086100000, 0x0000000086200000|  0%| F|  |TAMS 0x0000000086100000, 0x0000000086100000| Untracked 
|  98|0x0000000086200000, 0x0000000086200000, 0x0000000086300000|  0%| F|  |TAMS 0x0000000086200000, 0x0000000086200000| Untracked 
|  99|0x0000000086300000, 0x0000000086300000, 0x0000000086400000|  0%| F|  |TAMS 0x0000000086300000, 0x0000000086300000| Untracked 
| 100|0x0000000086400000, 0x0000000086400000, 0x0000000086500000|  0%| F|  |TAMS 0x0000000086400000, 0x0000000086400000| Untracked 
| 101|0x0000000086500000, 0x0000000086500000, 0x0000000086600000|  0%| F|  |TAMS 0x0000000086500000, 0x0000000086500000| Untracked 
| 102|0x0000000086600000, 0x0000000086600000, 0x0000000086700000|  0%| F|  |TAMS 0x0000000086600000, 0x0000000086600000| Untracked 
| 103|0x0000000086700000, 0x0000000086700000, 0x0000000086800000|  0%| F|  |TAMS 0x0000000086700000, 0x0000000086700000| Untracked 
| 104|0x0000000086800000, 0x0000000086800000, 0x0000000086900000|  0%| F|  |TAMS 0x0000000086800000, 0x0000000086800000| Untracked 
| 105|0x0000000086900000, 0x0000000086900000, 0x0000000086a00000|  0%| F|  |TAMS 0x0000000086900000, 0x0000000086900000| Untracked 
| 106|0x0000000086a00000, 0x0000000086a00000, 0x0000000086b00000|  0%| F|  |TAMS 0x0000000086a00000, 0x0000000086a00000| Untracked 
| 107|0x0000000086b00000, 0x0000000086b00000, 0x0000000086c00000|  0%| F|  |TAMS 0x0000000086b00000, 0x0000000086b00000| Untracked 
| 108|0x0000000086c00000, 0x0000000086c00000, 0x0000000086d00000|  0%| F|  |TAMS 0x0000000086c00000, 0x0000000086c00000| Untracked 
| 109|0x0000000086d00000, 0x0000000086d00000, 0x0000000086e00000|  0%| F|  |TAMS 0x0000000086d00000, 0x0000000086d00000| Untracked 
| 110|0x0000000086e00000, 0x0000000086e00000, 0x0000000086f00000|  0%| F|  |TAMS 0x0000000086e00000, 0x0000000086e00000| Untracked 
| 111|0x0000000086f00000, 0x0000000086f00000, 0x0000000087000000|  0%| F|  |TAMS 0x0000000086f00000, 0x0000000086f00000| Untracked 
| 112|0x0000000087000000, 0x0000000087000000, 0x0000000087100000|  0%| F|  |TAMS 0x0000000087000000, 0x0000000087000000| Untracked 
| 113|0x0000000087100000, 0x0000000087100000, 0x0000000087200000|  0%| F|  |TAMS 0x0000000087100000, 0x0000000087100000| Untracked 
| 114|0x0000000087200000, 0x0000000087200000, 0x0000000087300000|  0%| F|  |TAMS 0x0000000087200000, 0x0000000087200000| Untracked 
| 115|0x0000000087300000, 0x00000000873888c8, 0x0000000087400000| 53%| E|  |TAMS 0x0000000087300000, 0x0000000087300000| Complete 
| 116|0x0000000087400000, 0x0000000087500000, 0x0000000087500000|100%| E|CS|TAMS 0x0000000087400000, 0x0000000087400000| Complete 
| 117|0x0000000087500000, 0x0000000087600000, 0x0000000087600000|100%| E|CS|TAMS 0x0000000087500000, 0x0000000087500000| Complete 
| 118|0x0000000087600000, 0x0000000087700000, 0x0000000087700000|100%| E|CS|TAMS 0x0000000087600000, 0x0000000087600000| Complete 
| 119|0x0000000087700000, 0x0000000087800000, 0x0000000087800000|100%| E|CS|TAMS 0x0000000087700000, 0x0000000087700000| Complete 
| 120|0x0000000087800000, 0x0000000087900000, 0x0000000087900000|100%| E|CS|TAMS 0x0000000087800000, 0x0000000087800000| Complete 
| 121|0x0000000087900000, 0x0000000087a00000, 0x0000000087a00000|100%| E|CS|TAMS 0x0000000087900000, 0x0000000087900000| Complete 
| 122|0x0000000087a00000, 0x0000000087b00000, 0x0000000087b00000|100%| E|CS|TAMS 0x0000000087a00000, 0x0000000087a00000| Complete 
| 123|0x0000000087b00000, 0x0000000087c00000, 0x0000000087c00000|100%| E|CS|TAMS 0x0000000087b00000, 0x0000000087b00000| Complete 
| 124|0x0000000087c00000, 0x0000000087d00000, 0x0000000087d00000|100%| E|CS|TAMS 0x0000000087c00000, 0x0000000087c00000| Complete 
| 125|0x0000000087d00000, 0x0000000087e00000, 0x0000000087e00000|100%| E|CS|TAMS 0x0000000087d00000, 0x0000000087d00000| Complete 
| 126|0x0000000087e00000, 0x0000000087f00000, 0x0000000087f00000|100%| E|CS|TAMS 0x0000000087e00000, 0x0000000087e00000| Complete 
| 127|0x0000000087f00000, 0x0000000088000000, 0x0000000088000000|100%| E|CS|TAMS 0x0000000087f00000, 0x0000000087f00000| Complete 
| 128|0x0000000088000000, 0x0000000088100000, 0x0000000088100000|100%| E|CS|TAMS 0x0000000088000000, 0x0000000088000000| Complete 
| 129|0x0000000088100000, 0x0000000088200000, 0x0000000088200000|100%| E|CS|TAMS 0x0000000088100000, 0x0000000088100000| Complete 
| 130|0x0000000088200000, 0x0000000088300000, 0x0000000088300000|100%| E|CS|TAMS 0x0000000088200000, 0x0000000088200000| Complete 
| 131|0x0000000088300000, 0x0000000088400000, 0x0000000088400000|100%| E|CS|TAMS 0x0000000088300000, 0x0000000088300000| Complete 
| 132|0x0000000088400000, 0x0000000088500000, 0x0000000088500000|100%| E|CS|TAMS 0x0000000088400000, 0x0000000088400000| Complete 
| 133|0x0000000088500000, 0x0000000088600000, 0x0000000088600000|100%| E|CS|TAMS 0x0000000088500000, 0x0000000088500000| Complete 
| 134|0x0000000088600000, 0x0000000088700000, 0x0000000088700000|100%| E|CS|TAMS 0x0000000088600000, 0x0000000088600000| Complete 
| 135|0x0000000088700000, 0x0000000088800000, 0x0000000088800000|100%| E|CS|TAMS 0x0000000088700000, 0x0000000088700000| Complete 
| 136|0x0000000088800000, 0x0000000088900000, 0x0000000088900000|100%| E|CS|TAMS 0x0000000088800000, 0x0000000088800000| Complete 
| 137|0x0000000088900000, 0x0000000088a00000, 0x0000000088a00000|100%| E|CS|TAMS 0x0000000088900000, 0x0000000088900000| Complete 
| 138|0x0000000088a00000, 0x0000000088b00000, 0x0000000088b00000|100%| E|CS|TAMS 0x0000000088a00000, 0x0000000088a00000| Complete 
| 139|0x0000000088b00000, 0x0000000088c00000, 0x0000000088c00000|100%| E|CS|TAMS 0x0000000088b00000, 0x0000000088b00000| Complete 
| 140|0x0000000088c00000, 0x0000000088d00000, 0x0000000088d00000|100%| E|CS|TAMS 0x0000000088c00000, 0x0000000088c00000| Complete 
| 141|0x0000000088d00000, 0x0000000088e00000, 0x0000000088e00000|100%| E|CS|TAMS 0x0000000088d00000, 0x0000000088d00000| Complete 
| 142|0x0000000088e00000, 0x0000000088f00000, 0x0000000088f00000|100%| E|CS|TAMS 0x0000000088e00000, 0x0000000088e00000| Complete 
| 143|0x0000000088f00000, 0x0000000089000000, 0x0000000089000000|100%| E|CS|TAMS 0x0000000088f00000, 0x0000000088f00000| Complete 
| 144|0x0000000089000000, 0x0000000089100000, 0x0000000089100000|100%| E|CS|TAMS 0x0000000089000000, 0x0000000089000000| Complete 
| 145|0x0000000089100000, 0x0000000089200000, 0x0000000089200000|100%| E|CS|TAMS 0x0000000089100000, 0x0000000089100000| Complete 
| 146|0x0000000089200000, 0x0000000089300000, 0x0000000089300000|100%| E|CS|TAMS 0x0000000089200000, 0x0000000089200000| Complete 
| 147|0x0000000089300000, 0x0000000089400000, 0x0000000089400000|100%| E|CS|TAMS 0x0000000089300000, 0x0000000089300000| Complete 
| 148|0x0000000089400000, 0x0000000089500000, 0x0000000089500000|100%| E|CS|TAMS 0x0000000089400000, 0x0000000089400000| Complete 
| 149|0x0000000089500000, 0x0000000089600000, 0x0000000089600000|100%| E|CS|TAMS 0x0000000089500000, 0x0000000089500000| Complete 
| 150|0x0000000089600000, 0x0000000089700000, 0x0000000089700000|100%| E|CS|TAMS 0x0000000089600000, 0x0000000089600000| Complete 
| 151|0x0000000089700000, 0x00000000897ff938, 0x0000000089800000| 99%| E|  |TAMS 0x0000000089700000, 0x0000000089700000| Complete 
| 152|0x0000000089800000, 0x0000000089900000, 0x0000000089900000|100%| E|CS|TAMS 0x0000000089800000, 0x0000000089800000| Complete 
| 153|0x0000000089900000, 0x0000000089a00000, 0x0000000089a00000|100%| E|CS|TAMS 0x0000000089900000, 0x0000000089900000| Complete 

Card table byte_map: [0x000001197f2c0000,0x000001197f6c0000] _byte_map_base: 0x000001197eec0000

Marking Bits (Prev, Next): (CMBitMap*) 0x000001197b136060, (CMBitMap*) 0x000001197b136028
 Prev Bits: [0x0000011911000000, 0x0000011913000000)
 Next Bits: [0x000001190f000000, 0x0000011911000000)

Polling page: 0x0000011978f10000

Metaspace:

Usage:
  Non-class:     37.11 MB capacity,    36.40 MB ( 98%) used,   620.12 KB (  2%) free+waste,   107.50 KB ( <1%) overhead. 
      Class:      5.70 MB capacity,     5.29 MB ( 93%) used,   369.05 KB (  6%) free+waste,    52.00 KB ( <1%) overhead. 
       Both:     42.81 MB capacity,    41.69 MB ( 97%) used,   989.16 KB (  2%) free+waste,   159.50 KB ( <1%) overhead. 

Virtual space:
  Non-class space:       38.00 MB reserved,      37.35 MB ( 98%) committed 
      Class space:        1.00 GB reserved,       5.75 MB ( <1%) committed 
             Both:        1.04 GB reserved,      43.10 MB (  4%) committed 

Chunk freelists:
   Non-Class:  54.00 KB
       Class:  17.00 KB
        Both:  71.00 KB

MaxMetaspaceSize: 17179869184.00 GB
CompressedClassSpaceSize: 1.00 GB
Initial GC threshold: 20.80 MB
Current GC threshold: 66.42 MB
CDS: off

CodeHeap 'non-profiled nmethods': size=120000Kb used=2054Kb max_used=2054Kb free=117945Kb
 bounds [0x0000011907ad0000, 0x0000011907d40000, 0x000001190f000000]
CodeHeap 'profiled nmethods': size=120000Kb used=7925Kb max_used=7925Kb free=112074Kb
 bounds [0x00000119005a0000, 0x0000011900d60000, 0x0000011907ad0000]
CodeHeap 'non-nmethods': size=5760Kb used=2278Kb max_used=2310Kb free=3481Kb
 bounds [0x0000011900000000, 0x0000011900270000, 0x00000119005a0000]
 total_blobs=4521 nmethods=3748 adapters=685
 compilation: enabled
              stopped_count=0, restarted_count=0
 full_count=0

Compilation events (20 events):
Event: 5.860 Thread 0x0000011915e11800 3691       3       org.gradle.internal.instantiation.generator.AbstractClassGenerator$ClassMetadata::resolveTypeVariables (19 bytes)
Event: 5.860 Thread 0x0000011915e11800 nmethod 3691 0x0000011900d31510 code [0x0000011900d316e0, 0x0000011900d319e8]
Event: 5.860 Thread 0x0000011915e11800 3692       3       org.gradle.internal.reflect.JavaPropertyReflectionUtil::resolveMethodReturnType (44 bytes)
Event: 5.864 Thread 0x0000011915e11800 nmethod 3692 0x0000011900d31b10 code [0x0000011900d32060, 0x0000011900d35088]
Event: 5.864 Thread 0x0000011915e11800 3699       3       org.objectweb.asm.SymbolTable::getType (7 bytes)
Event: 5.865 Thread 0x0000011915e11800 nmethod 3699 0x0000011900d36010 code [0x0000011900d361c0, 0x0000011900d362f8]
Event: 5.865 Thread 0x0000011915e11800 3696       3       org.gradle.internal.instantiation.generator.AsmBackedClassGenerator::access$100 (5 bytes)
Event: 5.865 Thread 0x0000011915e11800 nmethod 3696 0x0000011900d36410 code [0x0000011900d36640, 0x0000011900d36b08]
Event: 5.865 Thread 0x0000011915e11800 3697       3       org.gradle.internal.instantiation.generator.AsmBackedClassGenerator::propFieldName (8 bytes)
Event: 5.866 Thread 0x0000011915e11800 nmethod 3697 0x0000011900d36d90 code [0x0000011900d36fc0, 0x0000011900d37448]
Event: 5.866 Thread 0x0000011915e11800 3698       3       org.gradle.internal.instantiation.generator.AsmBackedClassGenerator::propFieldName (25 bytes)
Event: 5.866 Thread 0x0000011915e11800 nmethod 3698 0x0000011900d37690 code [0x0000011900d378e0, 0x0000011900d380b8]
Event: 5.867 Thread 0x0000011915e11800 3694       3       org.gradle.internal.instantiation.generator.AbstractClassGenerator$PropertyMetadata::isReadable (13 bytes)
Event: 5.867 Thread 0x0000011915e11800 nmethod 3694 0x0000011900d38390 code [0x0000011900d38540, 0x0000011900d38698]
Event: 5.867 Thread 0x0000011915e11800 3695       3       org.gradle.internal.instantiation.generator.AbstractClassGenerator$PropertyMetadata::isWritable (18 bytes)
Event: 5.867 Thread 0x0000011915e11800 nmethod 3695 0x0000011900d38710 code [0x0000011900d388e0, 0x0000011900d38b08]
Event: 5.879 Thread 0x0000011915e11800 3704       3       java.util.concurrent.locks.LockSupport::parkNanos (29 bytes)
Event: 5.880 Thread 0x0000011915e11800 nmethod 3704 0x0000011900d38c10 code [0x0000011900d38de0, 0x0000011900d39108]
Event: 5.887 Thread 0x0000011915e11800 3705       3       com.google.common.collect.ImmutableList$Builder::add (34 bytes)
Event: 5.887 Thread 0x0000011915e11800 nmethod 3705 0x0000011900d39210 code [0x0000011900d39400, 0x0000011900d39838]

GC Heap History (16 events):
Event: 0.768 GC heap before
{Heap before GC invocations=0 (full 0):
 garbage-first heap   total 131072K, used 29696K [0x0000000080000000, 0x0000000100000000)
  region size 1024K, 24 young (24576K), 0 survivors (0K)
 Metaspace       used 10239K, capacity 10495K, committed 10624K, reserved 1058816K
  class space    used 1053K, capacity 1141K, committed 1152K, reserved 1048576K
}
Event: 0.773 GC heap after
{Heap after GC invocations=1 (full 0):
 garbage-first heap   total 131072K, used 9494K [0x0000000080000000, 0x0000000100000000)
  region size 1024K, 3 young (3072K), 3 survivors (3072K)
 Metaspace       used 10239K, capacity 10495K, committed 10624K, reserved 1058816K
  class space    used 1053K, capacity 1141K, committed 1152K, reserved 1048576K
}
Event: 2.349 GC heap before
{Heap before GC invocations=1 (full 0):
 garbage-first heap   total 131072K, used 84246K [0x0000000080000000, 0x0000000100000000)
  region size 1024K, 76 young (77824K), 3 survivors (3072K)
 Metaspace       used 17871K, capacity 18269K, committed 18432K, reserved 1064960K
  class space    used 2084K, capacity 2236K, committed 2304K, reserved 1048576K
}
Event: 2.354 GC heap after
{Heap after GC invocations=2 (full 0):
 garbage-first heap   total 131072K, used 17062K [0x0000000080000000, 0x0000000100000000)
  region size 1024K, 10 young (10240K), 10 survivors (10240K)
 Metaspace       used 17871K, capacity 18269K, committed 18432K, reserved 1064960K
  class space    used 2084K, capacity 2236K, committed 2304K, reserved 1048576K
}
Event: 2.586 GC heap before
{Heap before GC invocations=2 (full 0):
 garbage-first heap   total 131072K, used 39590K [0x0000000080000000, 0x0000000100000000)
  region size 1024K, 32 young (32768K), 10 survivors (10240K)
 Metaspace       used 20365K, capacity 20851K, committed 21120K, reserved 1067008K
  class space    used 2456K, capacity 2606K, committed 2688K, reserved 1048576K
}
Event: 2.593 GC heap after
{Heap after GC invocations=3 (full 0):
 garbage-first heap   total 131072K, used 17444K [0x0000000080000000, 0x0000000100000000)
  region size 1024K, 1 young (1024K), 1 survivors (1024K)
 Metaspace       used 20365K, capacity 20851K, committed 21120K, reserved 1067008K
  class space    used 2456K, capacity 2606K, committed 2688K, reserved 1048576K
}
Event: 2.649 GC heap before
{Heap before GC invocations=3 (full 0):
 garbage-first heap   total 131072K, used 19492K [0x0000000080000000, 0x0000000100000000)
  region size 1024K, 4 young (4096K), 1 survivors (1024K)
 Metaspace       used 20734K, capacity 21186K, committed 21296K, reserved 1069056K
  class space    used 2511K, capacity 2676K, committed 2688K, reserved 1048576K
}
Event: 2.651 GC heap after
{Heap after GC invocations=4 (full 0):
 garbage-first heap   total 131072K, used 17354K [0x0000000080000000, 0x0000000100000000)
  region size 1024K, 1 young (1024K), 1 survivors (1024K)
 Metaspace       used 20734K, capacity 21186K, committed 21296K, reserved 1069056K
  class space    used 2511K, capacity 2676K, committed 2688K, reserved 1048576K
}
Event: 3.149 GC heap before
{Heap before GC invocations=5 (full 0):
 garbage-first heap   total 131072K, used 61386K [0x0000000080000000, 0x0000000100000000)
  region size 1024K, 44 young (45056K), 1 survivors (1024K)
 Metaspace       used 25149K, capacity 25757K, committed 25904K, reserved 1071104K
  class space    used 3204K, capacity 3417K, committed 3456K, reserved 1048576K
}
Event: 3.154 GC heap after
{Heap after GC invocations=6 (full 0):
 garbage-first heap   total 131072K, used 19008K [0x0000000080000000, 0x0000000100000000)
  region size 1024K, 3 young (3072K), 3 survivors (3072K)
 Metaspace       used 25149K, capacity 25757K, committed 25904K, reserved 1071104K
  class space    used 3204K, capacity 3417K, committed 3456K, reserved 1048576K
}
Event: 3.976 GC heap before
{Heap before GC invocations=6 (full 0):
 garbage-first heap   total 131072K, used 85568K [0x0000000080000000, 0x0000000100000000)
  region size 1024K, 50 young (51200K), 3 survivors (3072K)
 Metaspace       used 29141K, capacity 29999K, committed 30256K, reserved 1075200K
  class space    used 3842K, capacity 4146K, committed 4224K, reserved 1048576K
}
Event: 3.984 GC heap after
{Heap after GC invocations=7 (full 0):
 garbage-first heap   total 131072K, used 43251K [0x0000000080000000, 0x0000000100000000)
  region size 1024K, 7 young (7168K), 7 survivors (7168K)
 Metaspace       used 29141K, capacity 29999K, committed 30256K, reserved 1075200K
  class space    used 3842K, capacity 4146K, committed 4224K, reserved 1048576K
}
Event: 4.752 GC heap before
{Heap before GC invocations=7 (full 0):
 garbage-first heap   total 131072K, used 77043K [0x0000000080000000, 0x0000000100000000)
  region size 1024K, 41 young (41984K), 7 survivors (7168K)
 Metaspace       used 34760K, capacity 35747K, committed 35888K, reserved 1081344K
  class space    used 4503K, capacity 4893K, committed 4992K, reserved 1048576K
}
Event: 4.765 GC heap after
{Heap after GC invocations=8 (full 0):
 garbage-first heap   total 131072K, used 45584K [0x0000000080000000, 0x0000000100000000)
  region size 1024K, 3 young (3072K), 3 survivors (3072K)
 Metaspace       used 34760K, capacity 35747K, committed 35888K, reserved 1081344K
  class space    used 4503K, capacity 4893K, committed 4992K, reserved 1048576K
}
Event: 5.326 GC heap before
{Heap before GC invocations=9 (full 0):
 garbage-first heap   total 131072K, used 87568K [0x0000000080000000, 0x0000000100000000)
  region size 1024K, 42 young (43008K), 3 survivors (3072K)
 Metaspace       used 39386K, capacity 40441K, committed 40552K, reserved 1085440K
  class space    used 4958K, capacity 5367K, committed 5376K, reserved 1048576K
}
Event: 5.337 GC heap after
{Heap after GC invocations=10 (full 0):
 garbage-first heap   total 157696K, used 49239K [0x0000000080000000, 0x0000000100000000)
  region size 1024K, 6 young (6144K), 6 survivors (6144K)
 Metaspace       used 39386K, capacity 40441K, committed 40552K, reserved 1085440K
  class space    used 4958K, capacity 5367K, committed 5376K, reserved 1048576K
}

Deoptimization events (20 events):
Event: 5.474 Thread 0x000001191739a000 Uncommon trap: trap_request=0xffffff4d fr.pc=0x0000011907c04944 relative=0x0000000000000484
Event: 5.474 Thread 0x000001191739a000 Uncommon trap: reason=unstable_if action=reinterpret pc=0x0000011907c04944 method=java.lang.StringLatin1.regionMatchesCI([BI[BII)Z @ 66 c2
Event: 5.474 Thread 0x000001191739a000 DEOPT PACKING pc=0x0000011907c04944 sp=0x0000000b61cfe3a0
Event: 5.474 Thread 0x000001191739a000 DEOPT UNPACKING pc=0x000001190004a1af sp=0x0000000b61cfe218 mode 2
Event: 5.474 Thread 0x000001191739a000 Uncommon trap: trap_request=0xffffff4d fr.pc=0x0000011907bb61dc relative=0x00000000000005fc
Event: 5.474 Thread 0x000001191739a000 Uncommon trap: reason=unstable_if action=reinterpret pc=0x0000011907bb61dc method=java.lang.StringLatin1.regionMatchesCI([BI[BII)Z @ 66 c2
Event: 5.474 Thread 0x000001191739a000 DEOPT PACKING pc=0x0000011907bb61dc sp=0x0000000b61cfe390
Event: 5.474 Thread 0x000001191739a000 DEOPT UNPACKING pc=0x000001190004a1af sp=0x0000000b61cfe290 mode 2
Event: 5.480 Thread 0x000001191739a000 Uncommon trap: trap_request=0xffffff4d fr.pc=0x0000011907bb5168 relative=0x0000000000000428
Event: 5.480 Thread 0x000001191739a000 Uncommon trap: reason=unstable_if action=reinterpret pc=0x0000011907bb5168 method=java.lang.StringLatin1.regionMatchesCI([BI[BII)Z @ 66 c2
Event: 5.480 Thread 0x000001191739a000 DEOPT PACKING pc=0x0000011907bb5168 sp=0x0000000b61cfe280
Event: 5.480 Thread 0x000001191739a000 DEOPT UNPACKING pc=0x000001190004a1af sp=0x0000000b61cfe210 mode 2
Event: 5.547 Thread 0x0000011917df4800 Uncommon trap: trap_request=0xffffffbe fr.pc=0x0000011907c5f78c relative=0x000000000000038c
Event: 5.547 Thread 0x0000011917df4800 Uncommon trap: reason=profile_predicate action=maybe_recompile pc=0x0000011907c5f78c method=java.util.stream.ReferencePipeline.forEachWithCancel(Ljava/util/Spliterator;Ljava/util/stream/Sink;)Z @ 8 c2
Event: 5.547 Thread 0x0000011917df4800 DEOPT PACKING pc=0x0000011907c5f78c sp=0x0000000b605fec70
Event: 5.548 Thread 0x0000011917df4800 DEOPT UNPACKING pc=0x000001190004a1af sp=0x0000000b605fec10 mode 2
Event: 5.606 Thread 0x000001191801b800 Uncommon trap: trap_request=0xffffff4d fr.pc=0x0000011907cc0e6c relative=0x000000000000004c
Event: 5.606 Thread 0x000001191801b800 Uncommon trap: reason=unstable_if action=reinterpret pc=0x0000011907cc0e6c method=java.util.stream.StreamOpFlag.fromCharacteristics(Ljava/util/Spliterator;)I @ 10 c2
Event: 5.606 Thread 0x000001191801b800 DEOPT PACKING pc=0x0000011907cc0e6c sp=0x0000000b609f9ed0
Event: 5.606 Thread 0x000001191801b800 DEOPT UNPACKING pc=0x000001190004a1af sp=0x0000000b609f9e68 mode 2

Classes redefined (0 events):
No events

Internal exceptions (20 events):
Event: 5.238 Thread 0x000001191801b800 Exception <a 'java/lang/ClassNotFoundException'{0x00000000859c1d58}: org/gradle/api/internal/project/AbstractPluginAwareCustomizer> (0x00000000859c1d58) thrown at [./src/hotspot/share/classfile/systemDictionary.cpp, line 231]
Event: 5.240 Thread 0x000001191801b800 Exception <a 'java/lang/ClassNotFoundException'{0x00000000859e9e60}: org/gradle/invocation/DefaultGradleCustomizer> (0x00000000859e9e60) thrown at [./src/hotspot/share/classfile/systemDictionary.cpp, line 231]
Event: 5.242 Thread 0x000001191801b800 Exception <a 'java/lang/ClassNotFoundException'{0x000000008583f408}: org/gradle/invocation/DefaultGradle_DecoratedCustomizer> (0x000000008583f408) thrown at [./src/hotspot/share/classfile/systemDictionary.cpp, line 231]
Event: 5.373 Thread 0x000001191801b800 Exception <a 'java/lang/ClassNotFoundException'{0x00000000899d6e68}: groovy/lang/Closure$1BeanInfo> (0x00000000899d6e68) thrown at [./src/hotspot/share/classfile/systemDictionary.cpp, line 231]
Event: 5.375 Thread 0x000001191801b800 Exception <a 'java/lang/ClassNotFoundException'{0x0000000089809df0}: groovy/lang/ClosureBeanInfo> (0x0000000089809df0) thrown at [./src/hotspot/share/classfile/systemDictionary.cpp, line 231]
Event: 5.376 Thread 0x000001191801b800 Exception <a 'java/lang/ClassNotFoundException'{0x000000008983c3c0}: groovy/lang/ClosureCustomizer> (0x000000008983c3c0) thrown at [./src/hotspot/share/classfile/systemDictionary.cpp, line 231]
Event: 5.382 Thread 0x000001191801b800 Exception <a 'java/lang/ClassNotFoundException'{0x00000000898911b8}: groovy/lang/Closure$1Customizer> (0x00000000898911b8) thrown at [./src/hotspot/share/classfile/systemDictionary.cpp, line 231]
Event: 5.448 Thread 0x000001191739a000 Exception <a 'sun/nio/fs/WindowsException'{0x00000000897a37c0}> (0x00000000897a37c0) thrown at [./src/hotspot/share/prims/jni.cpp, line 616]
Event: 5.491 Thread 0x000001191739a000 Exception <a 'sun/nio/fs/WindowsException'{0x000000008951fb88}> (0x000000008951fb88) thrown at [./src/hotspot/share/prims/jni.cpp, line 616]
Event: 5.492 Thread 0x000001191739a000 Exception <a 'sun/nio/fs/WindowsException'{0x000000008951fd98}> (0x000000008951fd98) thrown at [./src/hotspot/share/prims/jni.cpp, line 616]
Event: 5.610 Thread 0x000001191801b800 Exception <a 'java/lang/ClassNotFoundException'{0x000000008959da98}: sync_studio_tooling6_dizavto8a3gmmkzyohab1km41BeanInfo> (0x000000008959da98) thrown at [./src/hotspot/share/classfile/systemDictionary.cpp, line 231]
Event: 5.610 Thread 0x000001191801b800 Exception <a 'java/lang/ClassNotFoundException'{0x00000000895a9ce0}: sync_studio_tooling6_dizavto8a3gmmkzyohab1km41Customizer> (0x00000000895a9ce0) thrown at [./src/hotspot/share/classfile/systemDictionary.cpp, line 231]
Event: 5.620 Thread 0x000001191801b800 Exception <a 'java/lang/ClassNotFoundException'{0x0000000089426030}: org/gradle/internal/metaobject/ConfigureDelegateBeanInfo> (0x0000000089426030) thrown at [./src/hotspot/share/classfile/systemDictionary.cpp, line 231]
Event: 5.621 Thread 0x000001191801b800 Exception <a 'java/lang/ClassNotFoundException'{0x000000008944b3f0}: org/gradle/internal/metaobject/ConfigureDelegateCustomizer> (0x000000008944b3f0) thrown at [./src/hotspot/share/classfile/systemDictionary.cpp, line 231]
Event: 5.632 Thread 0x000001191801b800 Exception <a 'java/lang/ClassNotFoundException'{0x00000000894c0378}: org/gradle/api/internal/initialization/DefaultScriptHandlerBeanInfo> (0x00000000894c0378) thrown at [./src/hotspot/share/classfile/systemDictionary.cpp, line 231]
Event: 5.634 Thread 0x000001191801b800 Exception <a 'java/lang/ClassNotFoundException'{0x00000000894e84e0}: org/gradle/api/internal/initialization/DefaultScriptHandlerCustomizer> (0x00000000894e84e0) thrown at [./src/hotspot/share/classfile/systemDictionary.cpp, line 231]
Event: 5.761 Thread 0x000001191801b800 Exception <a 'java/lang/ClassNotFoundException'{0x0000000088b2a5a8}: org/gradle/api/internal/artifacts/dsl/dependencies/DefaultDependencyHandler_DecoratedBeanInfo> (0x0000000088b2a5a8) thrown at [./src/hotspot/share/classfile/systemDictionary.cpp, line 231]
Event: 5.763 Thread 0x000001191801b800 Exception <a 'java/lang/ClassNotFoundException'{0x0000000088b682f8}: org/gradle/api/internal/artifacts/dsl/dependencies/DefaultDependencyHandlerBeanInfo> (0x0000000088b682f8) thrown at [./src/hotspot/share/classfile/systemDictionary.cpp, line 231]
Event: 5.765 Thread 0x000001191801b800 Exception <a 'java/lang/ClassNotFoundException'{0x0000000088ba5c38}: org/gradle/api/internal/artifacts/dsl/dependencies/DefaultDependencyHandlerCustomizer> (0x0000000088ba5c38) thrown at [./src/hotspot/share/classfile/systemDictionary.cpp, line 231]
Event: 5.770 Thread 0x000001191801b800 Exception <a 'java/lang/ClassNotFoundException'{0x0000000088a0c4e8}: org/gradle/api/internal/artifacts/dsl/dependencies/DefaultDependencyHandler_DecoratedCustomizer> (0x0000000088a0c4e8) thrown at [./src/hotspot/share/classfile/systemDictionary.cpp, line 231]

Events (20 events):
Event: 5.886 loading class org/gradle/api/internal/artifacts/ivyservice/resolveengine/graph/CompositeDependencyGraphVisitor
Event: 5.886 loading class org/gradle/api/internal/artifacts/ivyservice/resolveengine/graph/CompositeDependencyGraphVisitor done
Event: 5.887 loading class org/gradle/api/internal/artifacts/ivyservice/resolveengine/graph/CompositeDependencyArtifactsVisitor
Event: 5.887 loading class org/gradle/api/internal/artifacts/ivyservice/resolveengine/graph/CompositeDependencyArtifactsVisitor done
Event: 5.888 loading class org/gradle/api/internal/artifacts/ivyservice/resolveengine/artifact/ValidatingArtifactsVisitor
Event: 5.888 loading class org/gradle/api/internal/artifacts/ivyservice/resolveengine/artifact/ValidatingArtifactsVisitor done
Event: 5.888 loading class org/gradle/api/internal/artifacts/ivyservice/ivyresolve/NoRepositoriesResolver
Event: 5.888 loading class org/gradle/api/internal/artifacts/ivyservice/ivyresolve/NoRepositoriesResolver done
Event: 5.889 loading class org/gradle/api/internal/artifacts/ivyservice/resolveengine/ComponentResolversChain
Event: 5.889 loading class org/gradle/api/internal/artifacts/ivyservice/resolveengine/ComponentResolversChain done
Event: 5.889 loading class org/gradle/internal/resolve/resolver/ArtifactSelector
Event: 5.889 loading class org/gradle/internal/resolve/resolver/ArtifactSelector done
Event: 5.890 loading class org/gradle/api/internal/artifacts/ivyservice/resolveengine/VirtualComponentMetadataResolver
Event: 5.890 loading class org/gradle/api/internal/artifacts/ivyservice/resolveengine/VirtualComponentMetadataResolver done
Event: 5.891 loading class org/gradle/api/internal/artifacts/ivyservice/resolveengine/ComponentResolversChain$DependencyToComponentIdResolverChain
Event: 5.891 loading class org/gradle/api/internal/artifacts/ivyservice/resolveengine/ComponentResolversChain$DependencyToComponentIdResolverChain done
Event: 5.891 loading class org/gradle/api/internal/artifacts/ivyservice/resolveengine/ComponentResolversChain$ComponentMetaDataResolverChain
Event: 5.891 loading class org/gradle/api/internal/artifacts/ivyservice/resolveengine/ComponentResolversChain$ComponentMetaDataResolverChain done
Event: 5.892 loading class org/gradle/api/internal/artifacts/ivyservice/ivyresolve/ErrorHandlingArtifactResolver
Event: 5.892 loading class org/gradle/api/internal/artifacts/ivyservice/ivyresolve/ErrorHandlingArtifactResolver done


Dynamic libraries:
0x00007ff771150000 - 0x00007ff77115a000 	C:\Program Files\Android\Android Studio\jre\bin\java.exe
0x00007fff3ee90000 - 0x00007fff3f088000 	C:\Windows\SYSTEM32\ntdll.dll
0x00007fff3e110000 - 0x00007fff3e1cf000 	C:\Windows\System32\KERNEL32.DLL
0x00007fff3c700000 - 0x00007fff3c9d2000 	C:\Windows\System32\KERNELBASE.dll
0x00007fff3ca10000 - 0x00007fff3cb10000 	C:\Windows\System32\ucrtbase.dll
0x00007fff37cd0000 - 0x00007fff37ce9000 	C:\Program Files\Android\Android Studio\jre\bin\jli.dll
0x00007fff36770000 - 0x00007fff36787000 	C:\Program Files\Android\Android Studio\jre\bin\VCRUNTIME140.dll
0x00007fff3d0a0000 - 0x00007fff3d241000 	C:\Windows\System32\USER32.dll
0x00007fff3c9e0000 - 0x00007fff3ca02000 	C:\Windows\System32\win32u.dll
0x00007fff3dd70000 - 0x00007fff3dd9b000 	C:\Windows\System32\GDI32.dll
0x00007fff2bae0000 - 0x00007fff2bd7a000 	C:\Windows\WinSxS\amd64_microsoft.windows.common-controls_6595b64144ccf1df_6.0.19041.1110_none_60b5254171f9507e\COMCTL32.dll
0x00007fff3c580000 - 0x00007fff3c68f000 	C:\Windows\System32\gdi32full.dll
0x00007fff3e780000 - 0x00007fff3e81e000 	C:\Windows\System32\msvcrt.dll
0x00007fff3cb10000 - 0x00007fff3cbad000 	C:\Windows\System32\msvcp_win.dll
0x00007fff3dda0000 - 0x00007fff3ddd2000 	C:\Windows\System32\IMM32.DLL
0x00007fff3c150000 - 0x00007fff3c247000 	C:\Windows\system32\guard64.dll
0x00007fff3eb50000 - 0x00007fff3ebfe000 	C:\Windows\System32\ADVAPI32.dll
0x00007fff3cf30000 - 0x00007fff3cfcc000 	C:\Windows\System32\sechost.dll
0x00007fff3e900000 - 0x00007fff3ea25000 	C:\Windows\System32\RPCRT4.dll
0x00007fff3c140000 - 0x00007fff3c14a000 	C:\Windows\system32\version.dll
0x00007fff3dfe0000 - 0x00007fff3e10a000 	C:\Windows\System32\ole32.dll
0x00007fff3d9a0000 - 0x00007fff3dcf5000 	C:\Windows\System32\combase.dll
0x00007fff3c130000 - 0x00007fff3c13b000 	C:\Windows\system32\fltlib.dll
0x00007fff3d250000 - 0x00007fff3d994000 	C:\Windows\System32\shell32.dll
0x00007fff2f8c0000 - 0x00007fff2f95d000 	C:\Program Files\Android\Android Studio\jre\bin\msvcp140.dll
0x00007ffee1fa0000 - 0x00007ffee2aa2000 	C:\Program Files\Android\Android Studio\jre\bin\server\jvm.dll
0x00007fff3e1d0000 - 0x00007fff3e1d8000 	C:\Windows\System32\PSAPI.DLL
0x00007fff37960000 - 0x00007fff37969000 	C:\Windows\SYSTEM32\WSOCK32.dll
0x00007fff3dec0000 - 0x00007fff3df2b000 	C:\Windows\System32\WS2_32.dll
0x00007fff2f300000 - 0x00007fff2f327000 	C:\Windows\SYSTEM32\WINMM.dll
0x00007fff3a500000 - 0x00007fff3a512000 	C:\Windows\SYSTEM32\kernel.appcore.dll
0x00007fff304b0000 - 0x00007fff304c1000 	C:\Program Files\Android\Android Studio\jre\bin\verify.dll
0x00007fff28880000 - 0x00007fff28a64000 	C:\Windows\SYSTEM32\DBGHELP.DLL
0x00007fff28820000 - 0x00007fff28855000 	C:\Windows\SYSTEM32\dbgcore.DLL
0x00007fff3cbb0000 - 0x00007fff3cc32000 	C:\Windows\System32\bcryptPrimitives.dll
0x00007fff30430000 - 0x00007fff30459000 	C:\Program Files\Android\Android Studio\jre\bin\java.dll
0x00007fff304a0000 - 0x00007fff304ab000 	C:\Program Files\Android\Android Studio\jre\bin\jimage.dll
0x00007fff30290000 - 0x00007fff302a8000 	C:\Program Files\Android\Android Studio\jre\bin\zip.dll
0x00007fff3a520000 - 0x00007fff3acb2000 	C:\Windows\SYSTEM32\windows.storage.dll
0x00007fff3bde0000 - 0x00007fff3be10000 	C:\Windows\SYSTEM32\Wldp.dll
0x00007fff3df30000 - 0x00007fff3dfdd000 	C:\Windows\System32\SHCORE.dll
0x00007fff3dd10000 - 0x00007fff3dd65000 	C:\Windows\System32\shlwapi.dll
0x00007fff3c4c0000 - 0x00007fff3c4df000 	C:\Windows\SYSTEM32\profapi.dll
0x00007fff30270000 - 0x00007fff3028a000 	C:\Program Files\Android\Android Studio\jre\bin\net.dll
0x00007fff33bc0000 - 0x00007fff33ccc000 	C:\Windows\SYSTEM32\WINHTTP.dll
0x00007fff3bb40000 - 0x00007fff3bbaa000 	C:\Windows\system32\mswsock.dll
0x00007fff30250000 - 0x00007fff30264000 	C:\Program Files\Android\Android Studio\jre\bin\nio.dll
0x00007fff36790000 - 0x00007fff367b7000 	C:\Users\91989\.gradle\native\e1d6ef7f7dcc3fd88c89a11ec53ec762bb8ba0a96d01ffa2cd45eb1d1d8dd5c5\windows-amd64\native-platform.dll
0x00007fff26260000 - 0x00007fff263a4000 	C:\Users\91989\.gradle\native\5664cfc778a61ccfe75a443a1ab52a65af34e5dc3c78e0209fed803814484fcb\windows-amd64\native-platform-file-events.dll
0x00007fff30490000 - 0x00007fff3049a000 	C:\Program Files\Android\Android Studio\jre\bin\management.dll
0x00007fff30310000 - 0x00007fff3031d000 	C:\Program Files\Android\Android Studio\jre\bin\management_ext.dll
0x00007fff3bd30000 - 0x00007fff3bd48000 	C:\Windows\SYSTEM32\CRYPTSP.dll
0x00007fff3b460000 - 0x00007fff3b494000 	C:\Windows\system32\rsaenh.dll
0x00007fff3cd40000 - 0x00007fff3cd67000 	C:\Windows\System32\bcrypt.dll
0x00007fff3c480000 - 0x00007fff3c4ae000 	C:\Windows\SYSTEM32\USERENV.dll
0x00007fff3bd50000 - 0x00007fff3bd5c000 	C:\Windows\SYSTEM32\CRYPTBASE.dll
0x00007fff3b830000 - 0x00007fff3b86b000 	C:\Windows\SYSTEM32\IPHLPAPI.DLL
0x00007fff3ee40000 - 0x00007fff3ee48000 	C:\Windows\System32\NSI.dll
0x00007fff328c0000 - 0x00007fff328d7000 	C:\Windows\SYSTEM32\dhcpcsvc6.DLL
0x00007fff328a0000 - 0x00007fff328bd000 	C:\Windows\SYSTEM32\dhcpcsvc.DLL
0x00007fff3b880000 - 0x00007fff3b94a000 	C:\Windows\SYSTEM32\DNSAPI.dll

dbghelp: loaded successfully - version: 4.0.5 - missing functions: none
symbol engine: initialized successfully - sym options: 0x614 - pdb path: .;C:\Program Files\Android\Android Studio\jre\bin;C:\Windows\SYSTEM32;C:\Windows\WinSxS\amd64_microsoft.windows.common-controls_6595b64144ccf1df_6.0.19041.1110_none_60b5254171f9507e;C:\Program Files\Android\Android Studio\jre\bin\server;C:\Users\91989\.gradle\native\e1d6ef7f7dcc3fd88c89a11ec53ec762bb8ba0a96d01ffa2cd45eb1d1d8dd5c5\windows-amd64;C:\Users\91989\.gradle\native\5664cfc778a61ccfe75a443a1ab52a65af34e5dc3c78e0209fed803814484fcb\windows-amd64

VM Arguments:
jvm_args: --add-opens=java.base/java.util=ALL-UNNAMED --add-opens=java.base/java.lang=ALL-UNNAMED --add-opens=java.base/java.lang.invoke=ALL-UNNAMED --add-opens=java.base/java.util=ALL-UNNAMED --add-opens=java.prefs/java.util.prefs=ALL-UNNAMED --add-opens=java.prefs/java.util.prefs=ALL-UNNAMED --add-opens=java.base/java.nio.charset=ALL-UNNAMED --add-opens=java.base/java.net=ALL-UNNAMED --add-opens=java.base/java.util.concurrent.atomic=ALL-UNNAMED -Xmx2048m -Dfile.encoding=UTF-8 -Duser.country=IN -Duser.language=en -Duser.variant 
java_command: org.gradle.launcher.daemon.bootstrap.GradleDaemon 7.2
java_class_path (initial): C:\Users\91989\.gradle\wrapper\dists\gradle-7.2-bin\2dnblmf4td7x66yl1d74lt32g\gradle-7.2\lib\gradle-launcher-7.2.jar
Launcher Type: SUN_STANDARD

[Global flags]
     intx CICompilerCount                          = 4                                         {product} {ergonomic}
     uint ConcGCThreads                            = 2                                         {product} {ergonomic}
     uint G1ConcRefinementThreads                  = 8                                         {product} {ergonomic}
   size_t G1HeapRegionSize                         = 1048576                                   {product} {ergonomic}
    uintx GCDrainStackTargetSize                   = 64                                        {product} {ergonomic}
   size_t InitialHeapSize                          = 134217728                                 {product} {ergonomic}
   size_t MarkStackSize                            = 4194304                                   {product} {ergonomic}
   size_t MaxHeapSize                              = 2147483648                                {product} {command line}
   size_t MaxNewSize                               = 1287651328                                {product} {ergonomic}
   size_t MinHeapDeltaBytes                        = 1048576                                   {product} {ergonomic}
    uintx NonNMethodCodeHeapSize                   = 5836300                                {pd product} {ergonomic}
    uintx NonProfiledCodeHeapSize                  = 122910970                              {pd product} {ergonomic}
    uintx ProfiledCodeHeapSize                     = 122910970                              {pd product} {ergonomic}
    uintx ReservedCodeCacheSize                    = 251658240                              {pd product} {ergonomic}
     bool SegmentedCodeCache                       = true                                      {product} {ergonomic}
     bool UseCompressedClassPointers               = true                                 {lp64_product} {ergonomic}
     bool UseCompressedOops                        = true                                 {lp64_product} {ergonomic}
     bool UseG1GC                                  = true                                      {product} {ergonomic}
     bool UseLargePagesIndividualAllocation        = false                                  {pd product} {ergonomic}

Logging:
Log output configuration:
 #0: stdout all=warning uptime,level,tags
 #1: stderr all=off uptime,level,tags

Environment Variables:
PATH=C:\Windows\system32;C:\Windows;C:\Windows\System32\Wbem;C:\Windows\System32\WindowsPowerShell\v1.0\;C:\Windows\System32\OpenSSH\;C:\Program Files\Git\cmd;C:\Users\91989\AppData\Local\Microsoft\WindowsApps;
USERNAME=91989
OS=Windows_NT
PROCESSOR_IDENTIFIER=Intel64 Family 6 Model 60 Stepping 3, GenuineIntel



---------------  S Y S T E M  ---------------

OS: Windows 10 , 64 bit Build 19041 (10.0.19041.2364)
OS uptime: 1 days 6:15 hours

CPU:total 8 (initial active 8) (4 cores per cpu, 2 threads per core) family 6 model 60 stepping 3 microcode 0x27, cmov, cx8, fxsr, mmx, sse, sse2, sse3, ssse3, sse4.1, sse4.2, popcnt, avx, avx2, aes, clmul, erms, lzcnt, ht, tsc, tscinvbit, bmi1, bmi2, fma

Memory: 4k page, system-wide physical 8124M (778M free)
TotalPageFile size 10172M (AvailPageFile size 5M)
current process WorkingSet (physical memory assigned to process): 320M, peak: 320M
current process commit charge ("private bytes"): 362M, peak: 363M

vm_info: OpenJDK 64-Bit Server VM (11.0.13+0-b1751.21-8125866) for windows-amd64 JRE (11.0.13+0-b1751.21-8125866), built on Feb  2 2022 03:00:22 by "builder" with MS VC++ 14.0 (VS2015)

END.
