#
# There is insufficient memory for the Java Runtime Environment to continue.
# Native memory allocation (malloc) failed to allocate 1521536 bytes for Chunk::new
# Possible reasons:
#   The system is out of physical RAM or swap space
#   The process is running with CompressedOops enabled, and the Java Heap may be blocking the growth of the native heap
# Possible solutions:
#   Reduce memory load on the system
#   Increase physical memory or swap space
#   Check if swap backing store is full
#   Decrease Java heap size (-Xmx/-Xms)
#   Decrease number of Java threads
#   Decrease Java thread stack sizes (-Xss)
#   Set larger code cache with -XX:ReservedCodeCacheSize=
#   JVM is running with Unscaled Compressed Oops mode in which the Java heap is
#     placed in the first 4GB address space. The Java Heap base address is the
#     maximum limit for the native heap growth. Please use -XX:HeapBaseMinAddress
#     to set the Java Heap base and to place the Java Heap above 4GB virtual address.
# This output file may be truncated or incomplete.
#
#  Out of Memory Error (./src/hotspot/share/memory/arena.cpp:197), pid=66296, tid=68984
#
# JRE version: OpenJDK Runtime Environment (11.0.13) (build 11.0.13+0-b1751.21-8125866)
# Java VM: OpenJDK 64-Bit Server VM (11.0.13+0-b1751.21-8125866, mixed mode, tiered, compressed oops, g1 gc, windows-amd64)
# No core dump will be written. Minidumps are not enabled by default on client versions of Windows
#

---------------  S U M M A R Y ------------

Command Line: --add-opens=java.base/java.util=ALL-UNNAMED --add-opens=java.base/java.lang=ALL-UNNAMED --add-opens=java.base/java.lang.invoke=ALL-UNNAMED --add-opens=java.base/java.util=ALL-UNNAMED --add-opens=java.prefs/java.util.prefs=ALL-UNNAMED --add-opens=java.prefs/java.util.prefs=ALL-UNNAMED --add-opens=java.base/java.nio.charset=ALL-UNNAMED --add-opens=java.base/java.net=ALL-UNNAMED --add-opens=java.base/java.util.concurrent.atomic=ALL-UNNAMED -Xmx2048m -Dfile.encoding=UTF-8 -Duser.country=IN -Duser.language=en -Duser.variant org.gradle.launcher.daemon.bootstrap.GradleDaemon 7.2

Host: Intel(R) Core(TM) i7-4700MQ CPU @ 2.40GHz, 8 cores, 7G,  Windows 10 , 64 bit Build 19041 (10.0.19041.2364)
Time: Fri Jan  6 15:27:19 2023 India Standard Time elapsed time: 9.100653 seconds (0d 0h 0m 9s)

---------------  T H R E A D  ---------------

Current thread (0x000001eae2460000):  JavaThread "C2 CompilerThread2" daemon [_thread_in_native, id=68984, stack(0x000000caeab00000,0x000000caeac00000)]


Current CompileTask:
C2:   9100 6042       4       groovyjarjarantlr4.v4.runtime.atn.PredictionContext::getCachedContext (297 bytes)

Stack: [0x000000caeab00000,0x000000caeac00000]
Native frames: (J=compiled Java code, j=interpreted, Vv=VM code, C=native code)
V  [jvm.dll+0x6100fa]
V  [jvm.dll+0x747090]
V  [jvm.dll+0x7486ad]
V  [jvm.dll+0x748d83]
V  [jvm.dll+0x24ab48]
V  [jvm.dll+0xc04dc]
V  [jvm.dll+0xc0a0c]
V  [jvm.dll+0x2bfab4]
V  [jvm.dll+0x524238]
V  [jvm.dll+0x204802]
V  [jvm.dll+0x2023c2]
V  [jvm.dll+0x188e01]
V  [jvm.dll+0x21106b]
V  [jvm.dll+0x20f8c1]
V  [jvm.dll+0x70de0f]
V  [jvm.dll+0x706a75]
V  [jvm.dll+0x60ed66]
C  [ucrtbase.dll+0x21bb2]
C  [KERNEL32.DLL+0x17614]
C  [ntdll.dll+0x526a1]


---------------  P R O C E S S  ---------------

Threads class SMR info:
_java_thread_list=0x000001eae3f8eb20, length=123, elements={
0x000001eac3046000, 0x000001eadd741000, 0x000001eadd744800, 0x000001eadd73d800,
0x000001eade584800, 0x000001eade585000, 0x000001eade58d000, 0x000001eade591800,
0x000001eade5a0800, 0x000001eade711800, 0x000001eadfc28800, 0x000001eade9d6800,
0x000001eadf18e000, 0x000001eadfd1b000, 0x000001eadfd36000, 0x000001eae0689800,
0x000001eae179d000, 0x000001eae179e000, 0x000001eae0ed1000, 0x000001eae0ed2000,
0x000001eadfc26000, 0x000001eadfc27000, 0x000001eadfc24800, 0x000001eae1d46800,
0x000001eadfc25000, 0x000001eae1d9d800, 0x000001eae1d9e800, 0x000001eae1da1000,
0x000001eae1d9f000, 0x000001eae1da2800, 0x000001eae1da0000, 0x000001eae1da1800,
0x000001eae1d9c800, 0x000001eae1da3000, 0x000001eae1da5800, 0x000001eae1daa000,
0x000001eae1da7800, 0x000001eae1da6800, 0x000001eae1da9000, 0x000001eae2460000,
0x000001eae1daa800, 0x000001eae1dab800, 0x000001eae0d21000, 0x000001eae0d21800,
0x000001eae0d23800, 0x000001eae0d20000, 0x000001eae0d26000, 0x000001eae0d26800,
0x000001eae0d22800, 0x000001eae0d27800, 0x000001eae0d24000, 0x000001eae0d28800,
0x000001eae0d29000, 0x000001eae0d2a000, 0x000001eae0d2a800, 0x000001eae0d25000,
0x000001eae0d2e000, 0x000001eae0d2b800, 0x000001eae0d2c800, 0x000001eae0d2d000,
0x000001eae0d2f000, 0x000001eae1097000, 0x000001eae1099800, 0x000001eae109a800,
0x000001eae109b800, 0x000001eae109c000, 0x000001eae1099000, 0x000001eae109e000,
0x000001eae1098000, 0x000001eae109f800, 0x000001eae10a0000, 0x000001eae10a1000,
0x000001eae109d000, 0x000001eae10a4800, 0x000001eae109e800, 0x000001eae10a2000,
0x000001eae10a6000, 0x000001eae10a5000, 0x000001eae10a2800, 0x000001eae10a3800,
0x000001eae198a000, 0x000001eae198b000, 0x000001eae1987800, 0x000001eae1987000,
0x000001eae1988800, 0x000001eae1989000, 0x000001eae198b800, 0x000001eae1986000,
0x000001eae198f000, 0x000001eae198d800, 0x000001eae198c800, 0x000001eae1994000,
0x000001eae1990000, 0x000001eae1993000, 0x000001eae1990800, 0x000001eae198e000,
0x000001eae1994800, 0x000001eae1991800, 0x000001eae1992000, 0x000001eae3b0b000,
0x000001eae3b09000, 0x000001eae3b0f000, 0x000001eae3b0f800, 0x000001eae3b0a000,
0x000001eae3b10800, 0x000001eae3b11800, 0x000001eae3b0b800, 0x000001eae3b12000,
0x000001eae3b0c800, 0x000001eae3b0e000, 0x000001eae3b0d800, 0x000001eae3b14000,
0x000001eae3b16000, 0x000001eae3b17000, 0x000001eae3b18000, 0x000001eae3b15800,
0x000001eae3b13000, 0x000001eae3b14800, 0x000001eade853000, 0x000001eade853800,
0x000001eade854800, 0x000001eade851000, 0x000001eade856000
}

Java Threads: ( => current thread )
  0x000001eac3046000 JavaThread "main" [_thread_blocked, id=64036, stack(0x000000cae7500000,0x000000cae7600000)]
  0x000001eadd741000 JavaThread "Reference Handler" daemon [_thread_blocked, id=11076, stack(0x000000cae7c00000,0x000000cae7d00000)]
  0x000001eadd744800 JavaThread "Finalizer" daemon [_thread_blocked, id=57244, stack(0x000000cae7d00000,0x000000cae7e00000)]
  0x000001eadd73d800 JavaThread "Signal Dispatcher" daemon [_thread_blocked, id=67056, stack(0x000000cae7e00000,0x000000cae7f00000)]
  0x000001eade584800 JavaThread "Attach Listener" daemon [_thread_blocked, id=59136, stack(0x000000cae7f00000,0x000000cae8000000)]
  0x000001eade585000 JavaThread "Service Thread" daemon [_thread_blocked, id=62776, stack(0x000000cae8000000,0x000000cae8100000)]
  0x000001eade58d000 JavaThread "C2 CompilerThread0" daemon [_thread_blocked, id=63672, stack(0x000000cae8100000,0x000000cae8200000)]
  0x000001eade591800 JavaThread "C1 CompilerThread0" daemon [_thread_blocked, id=62568, stack(0x000000cae8200000,0x000000cae8300000)]
  0x000001eade5a0800 JavaThread "Sweeper thread" daemon [_thread_blocked, id=68240, stack(0x000000cae8300000,0x000000cae8400000)]
  0x000001eade711800 JavaThread "Common-Cleaner" daemon [_thread_blocked, id=62796, stack(0x000000cae8400000,0x000000cae8500000)]
  0x000001eadfc28800 JavaThread "Daemon health stats" [_thread_blocked, id=63572, stack(0x000000cae8a00000,0x000000cae8b00000)]
  0x000001eade9d6800 JavaThread "Incoming local TCP Connector on port 64294" [_thread_in_native, id=66044, stack(0x000000cae8600000,0x000000cae8700000)]
  0x000001eadf18e000 JavaThread "Daemon periodic checks" [_thread_blocked, id=60464, stack(0x000000cae8700000,0x000000cae8800000)]
  0x000001eadfd1b000 JavaThread "Daemon" [_thread_blocked, id=59224, stack(0x000000cae8b00000,0x000000cae8c00000)]
  0x000001eadfd36000 JavaThread "Handler for socket connection from /127.0.0.1:64294 to /127.0.0.1:64295" [_thread_in_native, id=65132, stack(0x000000cae8c00000,0x000000cae8d00000)]
  0x000001eae0689800 JavaThread "Cancel handler" [_thread_blocked, id=68612, stack(0x000000cae8d00000,0x000000cae8e00000)]
  0x000001eae179d000 JavaThread "Daemon worker" [_thread_in_native, id=68616, stack(0x000000cae8e00000,0x000000cae8f00000)]
  0x000001eae179e000 JavaThread "Asynchronous log dispatcher for DefaultDaemonConnection: socket connection from /127.0.0.1:64294 to /127.0.0.1:64295" [_thread_blocked, id=68628, stack(0x000000cae8f00000,0x000000cae9000000)]
  0x000001eae0ed1000 JavaThread "Stdin handler" [_thread_blocked, id=68632, stack(0x000000cae9000000,0x000000cae9100000)]
  0x000001eae0ed2000 JavaThread "Daemon client event forwarder" [_thread_blocked, id=68636, stack(0x000000cae9100000,0x000000cae9200000)]
  0x000001eadfc26000 JavaThread "Cache worker for journal cache (C:\Users\91989\.gradle\caches\journal-1)" [_thread_blocked, id=68740, stack(0x000000cae9700000,0x000000cae9800000)]
  0x000001eadfc27000 JavaThread "File lock request listener" [_thread_in_native, id=68752, stack(0x000000cae9800000,0x000000cae9900000)]
  0x000001eadfc24800 JavaThread "Cache worker for file hash cache (C:\Users\91989\.gradle\caches\7.2\fileHashes)" [_thread_blocked, id=68764, stack(0x000000cae9900000,0x000000cae9a00000)]
  0x000001eae1d46800 JavaThread "C2 CompilerThread1" daemon [_thread_blocked, id=68808, stack(0x000000cae9b00000,0x000000cae9c00000)]
  0x000001eadfc25000 JavaThread "Cache worker for file hash cache (F:\clicknow\.gradle\7.2\fileHashes)" [_thread_blocked, id=65868, stack(0x000000cae9c00000,0x000000cae9d00000)]
  0x000001eae1d9d800 JavaThread "File watcher server" daemon [_thread_in_native, id=63708, stack(0x000000cae9d00000,0x000000cae9e00000)]
  0x000001eae1d9e800 JavaThread "File watcher consumer" daemon [_thread_blocked, id=48728, stack(0x000000cae9e00000,0x000000cae9f00000)]
  0x000001eae1da1000 JavaThread "jar transforms" [_thread_blocked, id=8728, stack(0x000000caea000000,0x000000caea100000)]
  0x000001eae1d9f000 JavaThread "jar transforms Thread 2" [_thread_blocked, id=64468, stack(0x000000caea100000,0x000000caea200000)]
  0x000001eae1da2800 JavaThread "jar transforms Thread 3" [_thread_blocked, id=68824, stack(0x000000caea200000,0x000000caea300000)]
  0x000001eae1da0000 JavaThread "jar transforms Thread 4" [_thread_blocked, id=60492, stack(0x000000caea300000,0x000000caea400000)]
  0x000001eae1da1800 JavaThread "jar transforms Thread 5" [_thread_blocked, id=61188, stack(0x000000caea400000,0x000000caea500000)]
  0x000001eae1d9c800 JavaThread "jar transforms Thread 6" [_thread_blocked, id=68880, stack(0x000000caea500000,0x000000caea600000)]
  0x000001eae1da3000 JavaThread "jar transforms Thread 7" [_thread_blocked, id=68876, stack(0x000000caea600000,0x000000caea700000)]
  0x000001eae1da5800 JavaThread "jar transforms Thread 8" [_thread_blocked, id=68868, stack(0x000000caea700000,0x000000caea800000)]
  0x000001eae1daa000 JavaThread "Cache worker for checksums cache (F:\clicknow\.gradle\checksums)" [_thread_blocked, id=68872, stack(0x000000caea800000,0x000000caea900000)]
  0x000001eae1da7800 JavaThread "Cache worker for cache directory md-supplier (C:\Users\91989\.gradle\caches\7.2\md-supplier)" [_thread_blocked, id=63700, stack(0x000000caea900000,0x000000caeaa00000)]
  0x000001eae1da6800 JavaThread "Cache worker for cache directory md-rule (C:\Users\91989\.gradle\caches\7.2\md-rule)" [_thread_blocked, id=68996, stack(0x000000cae9f00000,0x000000caea000000)]
  0x000001eae1da9000 JavaThread "Cache worker for execution history cache (C:\Users\91989\.gradle\caches\7.2\executionHistory)" [_thread_blocked, id=69020, stack(0x000000caeaa00000,0x000000caeab00000)]
=>0x000001eae2460000 JavaThread "C2 CompilerThread2" daemon [_thread_in_native, id=68984, stack(0x000000caeab00000,0x000000caeac00000)]
  0x000001eae1daa800 JavaThread "Cache worker for file content cache (C:\Users\91989\.gradle\caches\7.2\fileContent)" [_thread_blocked, id=69060, stack(0x000000caeac00000,0x000000caead00000)]
  0x000001eae1dab800 JavaThread "Cache worker for dependencies-accessors (F:\clicknow\.gradle\7.2\dependencies-accessors)" [_thread_blocked, id=64952, stack(0x000000caead00000,0x000000caeae00000)]
  0x000001eae0d21000 JavaThread "Cache worker for Build Output Cleanup Cache (F:\clicknow\.gradle\buildOutputCleanup)" [_thread_blocked, id=65392, stack(0x000000caeae00000,0x000000caeaf00000)]
  0x000001eae0d21800 JavaThread "Unconstrained build operations" [_thread_blocked, id=68476, stack(0x000000caeaf00000,0x000000caeb000000)]
  0x000001eae0d23800 JavaThread "Unconstrained build operations Thread 2" [_thread_blocked, id=67628, stack(0x000000caeb000000,0x000000caeb100000)]
  0x000001eae0d20000 JavaThread "Unconstrained build operations Thread 3" [_thread_blocked, id=63796, stack(0x000000caeb100000,0x000000caeb200000)]
  0x000001eae0d26000 JavaThread "Unconstrained build operations Thread 4" [_thread_blocked, id=64716, stack(0x000000caeb200000,0x000000caeb300000)]
  0x000001eae0d26800 JavaThread "Unconstrained build operations Thread 5" [_thread_blocked, id=64420, stack(0x000000caeb300000,0x000000caeb400000)]
  0x000001eae0d22800 JavaThread "Unconstrained build operations Thread 6" [_thread_blocked, id=56936, stack(0x000000caeb400000,0x000000caeb500000)]
  0x000001eae0d27800 JavaThread "Unconstrained build operations Thread 7" [_thread_blocked, id=47212, stack(0x000000caeb500000,0x000000caeb600000)]
  0x000001eae0d24000 JavaThread "Unconstrained build operations Thread 8" [_thread_blocked, id=62020, stack(0x000000caeb600000,0x000000caeb700000)]
  0x000001eae0d28800 JavaThread "Unconstrained build operations Thread 9" [_thread_blocked, id=63392, stack(0x000000caeb700000,0x000000caeb800000)]
  0x000001eae0d29000 JavaThread "Unconstrained build operations Thread 10" [_thread_blocked, id=59316, stack(0x000000caeb800000,0x000000caeb900000)]
  0x000001eae0d2a000 JavaThread "Unconstrained build operations Thread 11" [_thread_blocked, id=69236, stack(0x000000caeb900000,0x000000caeba00000)]
  0x000001eae0d2a800 JavaThread "Unconstrained build operations Thread 12" [_thread_blocked, id=69232, stack(0x000000caeba00000,0x000000caebb00000)]
  0x000001eae0d25000 JavaThread "Unconstrained build operations Thread 13" [_thread_blocked, id=69228, stack(0x000000caebb00000,0x000000caebc00000)]
  0x000001eae0d2e000 JavaThread "Unconstrained build operations Thread 14" [_thread_blocked, id=69240, stack(0x000000caebc00000,0x000000caebd00000)]
  0x000001eae0d2b800 JavaThread "Unconstrained build operations Thread 15" [_thread_blocked, id=69224, stack(0x000000caebd00000,0x000000caebe00000)]
  0x000001eae0d2c800 JavaThread "Unconstrained build operations Thread 16" [_thread_blocked, id=67680, stack(0x000000caebe00000,0x000000caebf00000)]
  0x000001eae0d2d000 JavaThread "Unconstrained build operations Thread 17" [_thread_blocked, id=68828, stack(0x000000caebf00000,0x000000caec000000)]
  0x000001eae0d2f000 JavaThread "Unconstrained build operations Thread 18" [_thread_blocked, id=68532, stack(0x000000caec000000,0x000000caec100000)]
  0x000001eae1097000 JavaThread "Unconstrained build operations Thread 19" [_thread_blocked, id=69320, stack(0x000000caec100000,0x000000caec200000)]
  0x000001eae1099800 JavaThread "Unconstrained build operations Thread 20" [_thread_blocked, id=69324, stack(0x000000caec200000,0x000000caec300000)]
  0x000001eae109a800 JavaThread "Unconstrained build operations Thread 21" [_thread_blocked, id=69328, stack(0x000000caec300000,0x000000caec400000)]
  0x000001eae109b800 JavaThread "Unconstrained build operations Thread 22" [_thread_blocked, id=69332, stack(0x000000caec400000,0x000000caec500000)]
  0x000001eae109c000 JavaThread "Unconstrained build operations Thread 23" [_thread_blocked, id=69300, stack(0x000000caec500000,0x000000caec600000)]
  0x000001eae1099000 JavaThread "Unconstrained build operations Thread 24" [_thread_blocked, id=69308, stack(0x000000caec600000,0x000000caec700000)]
  0x000001eae109e000 JavaThread "Unconstrained build operations Thread 25" [_thread_blocked, id=69336, stack(0x000000caec700000,0x000000caec800000)]
  0x000001eae1098000 JavaThread "Unconstrained build operations Thread 26" [_thread_blocked, id=69340, stack(0x000000caec800000,0x000000caec900000)]
  0x000001eae109f800 JavaThread "Unconstrained build operations Thread 27" [_thread_blocked, id=69304, stack(0x000000caec900000,0x000000caeca00000)]
  0x000001eae10a0000 JavaThread "Unconstrained build operations Thread 28" [_thread_blocked, id=69348, stack(0x000000caeca00000,0x000000caecb00000)]
  0x000001eae10a1000 JavaThread "Unconstrained build operations Thread 29" [_thread_blocked, id=69352, stack(0x000000caecb00000,0x000000caecc00000)]
  0x000001eae109d000 JavaThread "Unconstrained build operations Thread 30" [_thread_blocked, id=69296, stack(0x000000caecc00000,0x000000caecd00000)]
  0x000001eae10a4800 JavaThread "Unconstrained build operations Thread 31" [_thread_blocked, id=69380, stack(0x000000caecd00000,0x000000caece00000)]
  0x000001eae109e800 JavaThread "Unconstrained build operations Thread 32" [_thread_blocked, id=69384, stack(0x000000caece00000,0x000000caecf00000)]
  0x000001eae10a2000 JavaThread "Unconstrained build operations Thread 33" [_thread_blocked, id=69368, stack(0x000000caecf00000,0x000000caed000000)]
  0x000001eae10a6000 JavaThread "Unconstrained build operations Thread 34" [_thread_blocked, id=69388, stack(0x000000caed000000,0x000000caed100000)]
  0x000001eae10a5000 JavaThread "Unconstrained build operations Thread 35" [_thread_blocked, id=69392, stack(0x000000caed100000,0x000000caed200000)]
  0x000001eae10a2800 JavaThread "Unconstrained build operations Thread 36" [_thread_blocked, id=69376, stack(0x000000caed200000,0x000000caed300000)]
  0x000001eae10a3800 JavaThread "Unconstrained build operations Thread 37" [_thread_blocked, id=10204, stack(0x000000caed300000,0x000000caed400000)]
  0x000001eae198a000 JavaThread "Unconstrained build operations Thread 38" [_thread_blocked, id=68960, stack(0x000000caed400000,0x000000caed500000)]
  0x000001eae198b000 JavaThread "Unconstrained build operations Thread 39" [_thread_blocked, id=69056, stack(0x000000caed500000,0x000000caed600000)]
  0x000001eae1987800 JavaThread "Unconstrained build operations Thread 40" [_thread_blocked, id=69424, stack(0x000000caed600000,0x000000caed700000)]
  0x000001eae1987000 JavaThread "Unconstrained build operations Thread 41" [_thread_blocked, id=69420, stack(0x000000caed700000,0x000000caed800000)]
  0x000001eae1988800 JavaThread "Unconstrained build operations Thread 42" [_thread_blocked, id=69416, stack(0x000000caed800000,0x000000caed900000)]
  0x000001eae1989000 JavaThread "Unconstrained build operations Thread 43" [_thread_blocked, id=69412, stack(0x000000caed900000,0x000000caeda00000)]
  0x000001eae198b800 JavaThread "Unconstrained build operations Thread 44" [_thread_blocked, id=69432, stack(0x000000caeda00000,0x000000caedb00000)]
  0x000001eae1986000 JavaThread "Unconstrained build operations Thread 45" [_thread_blocked, id=69440, stack(0x000000caedb00000,0x000000caedc00000)]
  0x000001eae198f000 JavaThread "Unconstrained build operations Thread 46" [_thread_blocked, id=69436, stack(0x000000caedc00000,0x000000caedd00000)]
  0x000001eae198d800 JavaThread "Unconstrained build operations Thread 47" [_thread_blocked, id=69444, stack(0x000000caedd00000,0x000000caede00000)]
  0x000001eae198c800 JavaThread "Unconstrained build operations Thread 48" [_thread_blocked, id=69408, stack(0x000000caede00000,0x000000caedf00000)]
  0x000001eae1994000 JavaThread "Unconstrained build operations Thread 49" [_thread_blocked, id=69472, stack(0x000000caedf00000,0x000000caee000000)]
  0x000001eae1990000 JavaThread "Unconstrained build operations Thread 50" [_thread_blocked, id=69468, stack(0x000000caee000000,0x000000caee100000)]
  0x000001eae1993000 JavaThread "Unconstrained build operations Thread 51" [_thread_blocked, id=69464, stack(0x000000caee100000,0x000000caee200000)]
  0x000001eae1990800 JavaThread "Unconstrained build operations Thread 52" [_thread_blocked, id=69460, stack(0x000000caee200000,0x000000caee300000)]
  0x000001eae198e000 JavaThread "Unconstrained build operations Thread 53" [_thread_blocked, id=69548, stack(0x000000caee300000,0x000000caee400000)]
  0x000001eae1994800 JavaThread "Unconstrained build operations Thread 54" [_thread_blocked, id=69544, stack(0x000000caee400000,0x000000caee500000)]
  0x000001eae1991800 JavaThread "Unconstrained build operations Thread 55" [_thread_blocked, id=69540, stack(0x000000caee500000,0x000000caee600000)]
  0x000001eae1992000 JavaThread "Unconstrained build operations Thread 56" [_thread_blocked, id=69536, stack(0x000000caee600000,0x000000caee700000)]
  0x000001eae3b0b000 JavaThread "Unconstrained build operations Thread 57" [_thread_blocked, id=69524, stack(0x000000caee700000,0x000000caee800000)]
  0x000001eae3b09000 JavaThread "Unconstrained build operations Thread 58" [_thread_blocked, id=69520, stack(0x000000caee800000,0x000000caee900000)]
  0x000001eae3b0f000 JavaThread "Unconstrained build operations Thread 59" [_thread_blocked, id=69516, stack(0x000000caee900000,0x000000caeea00000)]
  0x000001eae3b0f800 JavaThread "Unconstrained build operations Thread 60" [_thread_blocked, id=69532, stack(0x000000caeea00000,0x000000caeeb00000)]
  0x000001eae3b0a000 JavaThread "Unconstrained build operations Thread 61" [_thread_blocked, id=69508, stack(0x000000caeeb00000,0x000000caeec00000)]
  0x000001eae3b10800 JavaThread "Unconstrained build operations Thread 62" [_thread_blocked, id=69580, stack(0x000000caeec00000,0x000000caeed00000)]
  0x000001eae3b11800 JavaThread "Unconstrained build operations Thread 63" [_thread_blocked, id=69584, stack(0x000000caeed00000,0x000000caeee00000)]
  0x000001eae3b0b800 JavaThread "Unconstrained build operations Thread 64" [_thread_blocked, id=69576, stack(0x000000caeee00000,0x000000caeef00000)]
  0x000001eae3b12000 JavaThread "Unconstrained build operations Thread 65" [_thread_blocked, id=69504, stack(0x000000caeef00000,0x000000caef000000)]
  0x000001eae3b0c800 JavaThread "Unconstrained build operations Thread 66" [_thread_blocked, id=69452, stack(0x000000caef000000,0x000000caef100000)]
  0x000001eae3b0e000 JavaThread "Unconstrained build operations Thread 67" [_thread_blocked, id=69500, stack(0x000000caef100000,0x000000caef200000)]
  0x000001eae3b0d800 JavaThread "Unconstrained build operations Thread 68" [_thread_blocked, id=69496, stack(0x000000caef200000,0x000000caef300000)]
  0x000001eae3b14000 JavaThread "Unconstrained build operations Thread 69" [_thread_blocked, id=69492, stack(0x000000caef300000,0x000000caef400000)]
  0x000001eae3b16000 JavaThread "Unconstrained build operations Thread 70" [_thread_blocked, id=69512, stack(0x000000caef400000,0x000000caef500000)]
  0x000001eae3b17000 JavaThread "Unconstrained build operations Thread 71" [_thread_blocked, id=69528, stack(0x000000caef500000,0x000000caef600000)]
  0x000001eae3b18000 JavaThread "Unconstrained build operations Thread 72" [_thread_blocked, id=69552, stack(0x000000caef600000,0x000000caef700000)]
  0x000001eae3b15800 JavaThread "Unconstrained build operations Thread 73" [_thread_blocked, id=69484, stack(0x000000caef700000,0x000000caef800000)]
  0x000001eae3b13000 JavaThread "Unconstrained build operations Thread 74" [_thread_blocked, id=69488, stack(0x000000caef800000,0x000000caef900000)]
  0x000001eae3b14800 JavaThread "Unconstrained build operations Thread 75" [_thread_blocked, id=69480, stack(0x000000caef900000,0x000000caefa00000)]
  0x000001eade853000 JavaThread "Unconstrained build operations Thread 76" [_thread_blocked, id=69604, stack(0x000000caefa00000,0x000000caefb00000)]
  0x000001eade853800 JavaThread "Unconstrained build operations Thread 77" [_thread_blocked, id=69456, stack(0x000000caefb00000,0x000000caefc00000)]
  0x000001eade854800 JavaThread "Unconstrained build operations Thread 78" [_thread_blocked, id=69624, stack(0x000000caefc00000,0x000000caefd00000)]
  0x000001eade851000 JavaThread "Unconstrained build operations Thread 79" [_thread_blocked, id=66776, stack(0x000000caefd00000,0x000000caefe00000)]
  0x000001eade856000 JavaThread "Unconstrained build operations Thread 80" [_thread_blocked, id=68784, stack(0x000000caefe00000,0x000000caeff00000)]

Other Threads:
  0x000001eadd72a800 VMThread "VM Thread" [stack: 0x000000cae7b00000,0x000000cae7c00000] [id=65608]
  0x000001eade748800 WatcherThread [stack: 0x000000cae8500000,0x000000cae8600000] [id=67916]
  0x000001eac305f000 GCTaskThread "GC Thread#0" [stack: 0x000000cae7600000,0x000000cae7700000] [id=68032]
  0x000001eadf557800 GCTaskThread "GC Thread#1" [stack: 0x000000cae8800000,0x000000cae8900000] [id=68560]
  0x000001eadecb3000 GCTaskThread "GC Thread#2" [stack: 0x000000cae8900000,0x000000cae8a00000] [id=5196]
  0x000001eadf818000 GCTaskThread "GC Thread#3" [stack: 0x000000cae9200000,0x000000cae9300000] [id=68640]
  0x000001eae0637000 GCTaskThread "GC Thread#4" [stack: 0x000000cae9300000,0x000000cae9400000] [id=68644]
  0x000001eae0c2d800 GCTaskThread "GC Thread#5" [stack: 0x000000cae9400000,0x000000cae9500000] [id=68648]
  0x000001eae0713800 GCTaskThread "GC Thread#6" [stack: 0x000000cae9500000,0x000000cae9600000] [id=68652]
  0x000001eae0ed5800 GCTaskThread "GC Thread#7" [stack: 0x000000cae9600000,0x000000cae9700000] [id=68656]
  0x000001eac308f000 ConcurrentGCThread "G1 Main Marker" [stack: 0x000000cae7700000,0x000000cae7800000] [id=57272]
  0x000001eac3090800 ConcurrentGCThread "G1 Conc#0" [stack: 0x000000cae7800000,0x000000cae7900000] [id=62564]
  0x000001eae0ed8800 ConcurrentGCThread "G1 Conc#1" [stack: 0x000000cae9a00000,0x000000cae9b00000] [id=68776]
  0x000001eadd616800 ConcurrentGCThread "G1 Refine#0" [stack: 0x000000cae7900000,0x000000cae7a00000] [id=64428]
  0x000001eadd617800 ConcurrentGCThread "G1 Young RemSet Sampling" [stack: 0x000000cae7a00000,0x000000cae7b00000] [id=64320]

Threads with active compile tasks:
C2 CompilerThread2   9169 6042       4       groovyjarjarantlr4.v4.runtime.atn.PredictionContext::getCachedContext (297 bytes)

VM state:not at safepoint (normal execution)

VM Mutex/Monitor currently owned by a thread: None

Heap address: 0x0000000080000000, size: 2048 MB, Compressed Oops mode: 32-bit
Narrow klass base: 0x0000000000000000, Narrow klass shift: 3
Compressed class space size: 1073741824 Address: 0x0000000100000000

Heap:
 garbage-first heap   total 189440K, used 136891K [0x0000000080000000, 0x0000000100000000)
  region size 1024K, 60 young (61440K), 3 survivors (3072K)
 Metaspace       used 55404K, capacity 57005K, committed 57192K, reserved 1099776K
  class space    used 7078K, capacity 7627K, committed 7680K, reserved 1048576K
Heap Regions: E=young(eden), S=young(survivor), O=old, HS=humongous(starts), HC=humongous(continues), CS=collection set, F=free, A=archive, TAMS=top-at-mark-start (previous, next)
|   0|0x0000000080000000, 0x0000000080100000, 0x0000000080100000|100%| O|  |TAMS 0x0000000080100000, 0x0000000080000000| Untracked 
|   1|0x0000000080100000, 0x0000000080200000, 0x0000000080200000|100%| O|  |TAMS 0x0000000080200000, 0x0000000080100000| Untracked 
|   2|0x0000000080200000, 0x0000000080300000, 0x0000000080300000|100%| O|  |TAMS 0x0000000080300000, 0x0000000080200000| Untracked 
|   3|0x0000000080300000, 0x0000000080400000, 0x0000000080400000|100%|HS|  |TAMS 0x0000000080400000, 0x0000000080300000| Complete 
|   4|0x0000000080400000, 0x0000000080500000, 0x0000000080500000|100%|HC|  |TAMS 0x0000000080500000, 0x0000000080400000| Complete 
|   5|0x0000000080500000, 0x0000000080600000, 0x0000000080600000|100%|HC|  |TAMS 0x0000000080600000, 0x0000000080500000| Complete 
|   6|0x0000000080600000, 0x0000000080700000, 0x0000000080700000|100%| O|  |TAMS 0x0000000080700000, 0x0000000080600000| Untracked 
|   7|0x0000000080700000, 0x0000000080800000, 0x0000000080800000|100%| O|  |TAMS 0x0000000080800000, 0x0000000080700000| Untracked 
|   8|0x0000000080800000, 0x0000000080900000, 0x0000000080900000|100%| O|  |TAMS 0x0000000080900000, 0x0000000080800000| Untracked 
|   9|0x0000000080900000, 0x0000000080a00000, 0x0000000080a00000|100%| O|  |TAMS 0x0000000080a00000, 0x0000000080900000| Untracked 
|  10|0x0000000080a00000, 0x0000000080b00000, 0x0000000080b00000|100%| O|  |TAMS 0x0000000080b00000, 0x0000000080a00000| Untracked 
|  11|0x0000000080b00000, 0x0000000080c00000, 0x0000000080c00000|100%| O|  |TAMS 0x0000000080c00000, 0x0000000080b00000| Untracked 
|  12|0x0000000080c00000, 0x0000000080d00000, 0x0000000080d00000|100%| O|  |TAMS 0x0000000080d00000, 0x0000000080c00000| Untracked 
|  13|0x0000000080d00000, 0x0000000080e00000, 0x0000000080e00000|100%| O|  |TAMS 0x0000000080e00000, 0x0000000080d00000| Untracked 
|  14|0x0000000080e00000, 0x0000000080f00000, 0x0000000080f00000|100%| O|  |TAMS 0x0000000080f00000, 0x0000000080e00000| Untracked 
|  15|0x0000000080f00000, 0x0000000081000000, 0x0000000081000000|100%| O|  |TAMS 0x0000000081000000, 0x0000000080f00000| Untracked 
|  16|0x0000000081000000, 0x0000000081100000, 0x0000000081100000|100%| O|  |TAMS 0x0000000081100000, 0x0000000081000000| Untracked 
|  17|0x0000000081100000, 0x0000000081200000, 0x0000000081200000|100%|HS|  |TAMS 0x0000000081200000, 0x0000000081100000| Complete 
|  18|0x0000000081200000, 0x0000000081300000, 0x0000000081300000|100%|HC|  |TAMS 0x0000000081300000, 0x0000000081200000| Complete 
|  19|0x0000000081300000, 0x0000000081400000, 0x0000000081400000|100%|HS|  |TAMS 0x0000000081400000, 0x0000000081300000| Complete 
|  20|0x0000000081400000, 0x0000000081500000, 0x0000000081500000|100%|HC|  |TAMS 0x0000000081500000, 0x0000000081400000| Complete 
|  21|0x0000000081500000, 0x0000000081600000, 0x0000000081600000|100%|HC|  |TAMS 0x0000000081600000, 0x0000000081500000| Complete 
|  22|0x0000000081600000, 0x0000000081700000, 0x0000000081700000|100%|HS|  |TAMS 0x0000000081700000, 0x0000000081600000| Complete 
|  23|0x0000000081700000, 0x0000000081800000, 0x0000000081800000|100%|HC|  |TAMS 0x0000000081800000, 0x0000000081700000| Complete 
|  24|0x0000000081800000, 0x0000000081900000, 0x0000000081900000|100%|HC|  |TAMS 0x0000000081900000, 0x0000000081800000| Complete 
|  25|0x0000000081900000, 0x0000000081a00000, 0x0000000081a00000|100%|HS|  |TAMS 0x0000000081a00000, 0x0000000081900000| Complete 
|  26|0x0000000081a00000, 0x0000000081b00000, 0x0000000081b00000|100%|HC|  |TAMS 0x0000000081b00000, 0x0000000081a00000| Complete 
|  27|0x0000000081b00000, 0x0000000081c00000, 0x0000000081c00000|100%|HC|  |TAMS 0x0000000081c00000, 0x0000000081b00000| Complete 
|  28|0x0000000081c00000, 0x0000000081d00000, 0x0000000081d00000|100%|HC|  |TAMS 0x0000000081d00000, 0x0000000081c00000| Complete 
|  29|0x0000000081d00000, 0x0000000081e00000, 0x0000000081e00000|100%|HC|  |TAMS 0x0000000081e00000, 0x0000000081d00000| Complete 
|  30|0x0000000081e00000, 0x0000000081f00000, 0x0000000081f00000|100%|HS|  |TAMS 0x0000000081f00000, 0x0000000081e00000| Complete 
|  31|0x0000000081f00000, 0x0000000082000000, 0x0000000082000000|100%| O|  |TAMS 0x0000000082000000, 0x0000000081f00000| Untracked 
|  32|0x0000000082000000, 0x0000000082100000, 0x0000000082100000|100%| O|  |TAMS 0x0000000082100000, 0x0000000082000000| Untracked 
|  33|0x0000000082100000, 0x0000000082200000, 0x0000000082200000|100%| O|  |TAMS 0x0000000082200000, 0x0000000082100000| Untracked 
|  34|0x0000000082200000, 0x0000000082300000, 0x0000000082300000|100%| O|  |TAMS 0x0000000082300000, 0x0000000082200000| Untracked 
|  35|0x0000000082300000, 0x0000000082400000, 0x0000000082400000|100%| O|  |TAMS 0x0000000082400000, 0x0000000082300000| Untracked 
|  36|0x0000000082400000, 0x0000000082500000, 0x0000000082500000|100%| O|  |TAMS 0x0000000082500000, 0x0000000082400000| Untracked 
|  37|0x0000000082500000, 0x0000000082600000, 0x0000000082600000|100%| O|  |TAMS 0x0000000082600000, 0x0000000082500000| Untracked 
|  38|0x0000000082600000, 0x0000000082700000, 0x0000000082700000|100%| O|  |TAMS 0x0000000082700000, 0x0000000082600000| Untracked 
|  39|0x0000000082700000, 0x0000000082800000, 0x0000000082800000|100%|HS|  |TAMS 0x0000000082800000, 0x0000000082700000| Complete 
|  40|0x0000000082800000, 0x0000000082900000, 0x0000000082900000|100%|HC|  |TAMS 0x0000000082900000, 0x0000000082800000| Complete 
|  41|0x0000000082900000, 0x0000000082a00000, 0x0000000082a00000|100%|HC|  |TAMS 0x0000000082a00000, 0x0000000082900000| Complete 
|  42|0x0000000082a00000, 0x0000000082b00000, 0x0000000082b00000|100%|HC|  |TAMS 0x0000000082b00000, 0x0000000082a00000| Complete 
|  43|0x0000000082b00000, 0x0000000082c00000, 0x0000000082c00000|100%|HS|  |TAMS 0x0000000082c00000, 0x0000000082b00000| Complete 
|  44|0x0000000082c00000, 0x0000000082d00000, 0x0000000082d00000|100%|HC|  |TAMS 0x0000000082d00000, 0x0000000082c00000| Complete 
|  45|0x0000000082d00000, 0x0000000082e00000, 0x0000000082e00000|100%|HC|  |TAMS 0x0000000082e00000, 0x0000000082d00000| Complete 
|  46|0x0000000082e00000, 0x0000000082f00000, 0x0000000082f00000|100%|HS|  |TAMS 0x0000000082f00000, 0x0000000082e00000| Complete 
|  47|0x0000000082f00000, 0x0000000083000000, 0x0000000083000000|100%|HC|  |TAMS 0x0000000083000000, 0x0000000082f00000| Complete 
|  48|0x0000000083000000, 0x0000000083100000, 0x0000000083100000|100%|HS|  |TAMS 0x0000000083100000, 0x0000000083000000| Complete 
|  49|0x0000000083100000, 0x0000000083200000, 0x0000000083200000|100%|HC|  |TAMS 0x0000000083200000, 0x0000000083100000| Complete 
|  50|0x0000000083200000, 0x0000000083300000, 0x0000000083300000|100%|HC|  |TAMS 0x0000000083300000, 0x0000000083200000| Complete 
|  51|0x0000000083300000, 0x0000000083400000, 0x0000000083400000|100%| O|  |TAMS 0x0000000083400000, 0x0000000083300000| Untracked 
|  52|0x0000000083400000, 0x0000000083500000, 0x0000000083500000|100%| O|  |TAMS 0x0000000083500000, 0x0000000083400000| Untracked 
|  53|0x0000000083500000, 0x0000000083600000, 0x0000000083600000|100%| O|  |TAMS 0x0000000083600000, 0x0000000083500000| Untracked 
|  54|0x0000000083600000, 0x0000000083700000, 0x0000000083700000|100%| O|  |TAMS 0x0000000083700000, 0x0000000083600000| Untracked 
|  55|0x0000000083700000, 0x0000000083800000, 0x0000000083800000|100%| O|  |TAMS 0x0000000083800000, 0x0000000083700000| Untracked 
|  56|0x0000000083800000, 0x0000000083900000, 0x0000000083900000|100%| O|  |TAMS 0x0000000083900000, 0x0000000083800000| Untracked 
|  57|0x0000000083900000, 0x0000000083a00000, 0x0000000083a00000|100%|HS|  |TAMS 0x0000000083a00000, 0x0000000083900000| Complete 
|  58|0x0000000083a00000, 0x0000000083b00000, 0x0000000083b00000|100%|HC|  |TAMS 0x0000000083b00000, 0x0000000083a00000| Complete 
|  59|0x0000000083b00000, 0x0000000083c00000, 0x0000000083c00000|100%|HC|  |TAMS 0x0000000083c00000, 0x0000000083b00000| Complete 
|  60|0x0000000083c00000, 0x0000000083d00000, 0x0000000083d00000|100%|HC|  |TAMS 0x0000000083d00000, 0x0000000083c00000| Complete 
|  61|0x0000000083d00000, 0x0000000083e00000, 0x0000000083e00000|100%|HC|  |TAMS 0x0000000083e00000, 0x0000000083d00000| Complete 
|  62|0x0000000083e00000, 0x0000000083f00000, 0x0000000083f00000|100%| O|  |TAMS 0x0000000083f00000, 0x0000000083e00000| Untracked 
|  63|0x0000000083f00000, 0x0000000084000000, 0x0000000084000000|100%| O|  |TAMS 0x0000000084000000, 0x0000000083f00000| Untracked 
|  64|0x0000000084000000, 0x0000000084100000, 0x0000000084100000|100%| O|  |TAMS 0x0000000084100000, 0x0000000084000000| Untracked 
|  65|0x0000000084100000, 0x0000000084200000, 0x0000000084200000|100%| O|  |TAMS 0x0000000084200000, 0x0000000084100000| Untracked 
|  66|0x0000000084200000, 0x0000000084300000, 0x0000000084300000|100%| O|  |TAMS 0x0000000084300000, 0x0000000084200000| Untracked 
|  67|0x0000000084300000, 0x0000000084400000, 0x0000000084400000|100%| O|  |TAMS 0x0000000084400000, 0x0000000084300000| Untracked 
|  68|0x0000000084400000, 0x0000000084500000, 0x0000000084500000|100%| O|  |TAMS 0x0000000084500000, 0x0000000084400000| Untracked 
|  69|0x0000000084500000, 0x00000000845fb400, 0x0000000084600000| 98%| O|  |TAMS 0x00000000845fb400, 0x0000000084500000| Untracked 
|  70|0x0000000084600000, 0x0000000084700000, 0x0000000084700000|100%|HS|  |TAMS 0x0000000084600000, 0x0000000084600000| Complete 
|  71|0x0000000084700000, 0x0000000084800000, 0x0000000084800000|100%|HS|  |TAMS 0x0000000084700000, 0x0000000084700000| Complete 
|  72|0x0000000084800000, 0x0000000084900000, 0x0000000084900000|100%|HS|  |TAMS 0x0000000084800000, 0x0000000084800000| Complete 
|  73|0x0000000084900000, 0x0000000084a00000, 0x0000000084a00000|100%|HS|  |TAMS 0x0000000084900000, 0x0000000084900000| Complete 
|  74|0x0000000084a00000, 0x0000000084b00000, 0x0000000084b00000|100%|HC|  |TAMS 0x0000000084a00000, 0x0000000084a00000| Complete 
|  75|0x0000000084b00000, 0x0000000084b00000, 0x0000000084c00000|  0%| F|  |TAMS 0x0000000084b00000, 0x0000000084b00000| Untracked 
|  76|0x0000000084c00000, 0x0000000084c00000, 0x0000000084d00000|  0%| F|  |TAMS 0x0000000084c00000, 0x0000000084c00000| Untracked 
|  77|0x0000000084d00000, 0x0000000084d00000, 0x0000000084e00000|  0%| F|  |TAMS 0x0000000084d00000, 0x0000000084d00000| Untracked 
|  78|0x0000000084e00000, 0x0000000084e00000, 0x0000000084f00000|  0%| F|  |TAMS 0x0000000084e00000, 0x0000000084e00000| Untracked 
|  79|0x0000000084f00000, 0x0000000084f00000, 0x0000000085000000|  0%| F|  |TAMS 0x0000000084f00000, 0x0000000084f00000| Untracked 
|  80|0x0000000085000000, 0x0000000085000000, 0x0000000085100000|  0%| F|  |TAMS 0x0000000085000000, 0x0000000085000000| Untracked 
|  81|0x0000000085100000, 0x0000000085100000, 0x0000000085200000|  0%| F|  |TAMS 0x0000000085100000, 0x0000000085100000| Untracked 
|  82|0x0000000085200000, 0x0000000085200000, 0x0000000085300000|  0%| F|  |TAMS 0x0000000085200000, 0x0000000085200000| Untracked 
|  83|0x0000000085300000, 0x0000000085300000, 0x0000000085400000|  0%| F|  |TAMS 0x0000000085300000, 0x0000000085300000| Untracked 
|  84|0x0000000085400000, 0x0000000085400000, 0x0000000085500000|  0%| F|  |TAMS 0x0000000085400000, 0x0000000085400000| Untracked 
|  85|0x0000000085500000, 0x0000000085500000, 0x0000000085600000|  0%| F|  |TAMS 0x0000000085500000, 0x0000000085500000| Untracked 
|  86|0x0000000085600000, 0x0000000085600000, 0x0000000085700000|  0%| F|  |TAMS 0x0000000085600000, 0x0000000085600000| Untracked 
|  87|0x0000000085700000, 0x0000000085700000, 0x0000000085800000|  0%| F|  |TAMS 0x0000000085700000, 0x0000000085700000| Untracked 
|  88|0x0000000085800000, 0x0000000085800000, 0x0000000085900000|  0%| F|  |TAMS 0x0000000085800000, 0x0000000085800000| Untracked 
|  89|0x0000000085900000, 0x0000000085900000, 0x0000000085a00000|  0%| F|  |TAMS 0x0000000085900000, 0x0000000085900000| Untracked 
|  90|0x0000000085a00000, 0x0000000085a00000, 0x0000000085b00000|  0%| F|  |TAMS 0x0000000085a00000, 0x0000000085a00000| Untracked 
|  91|0x0000000085b00000, 0x0000000085b00000, 0x0000000085c00000|  0%| F|  |TAMS 0x0000000085b00000, 0x0000000085b00000| Untracked 
|  92|0x0000000085c00000, 0x0000000085c00000, 0x0000000085d00000|  0%| F|  |TAMS 0x0000000085c00000, 0x0000000085c00000| Untracked 
|  93|0x0000000085d00000, 0x0000000085d00000, 0x0000000085e00000|  0%| F|  |TAMS 0x0000000085d00000, 0x0000000085d00000| Untracked 
|  94|0x0000000085e00000, 0x0000000085e00000, 0x0000000085f00000|  0%| F|  |TAMS 0x0000000085e00000, 0x0000000085e00000| Untracked 
|  95|0x0000000085f00000, 0x0000000085f00000, 0x0000000086000000|  0%| F|  |TAMS 0x0000000085f00000, 0x0000000085f00000| Untracked 
|  96|0x0000000086000000, 0x0000000086000000, 0x0000000086100000|  0%| F|  |TAMS 0x0000000086000000, 0x0000000086000000| Untracked 
|  97|0x0000000086100000, 0x0000000086100000, 0x0000000086200000|  0%| F|  |TAMS 0x0000000086100000, 0x0000000086100000| Untracked 
|  98|0x0000000086200000, 0x0000000086200000, 0x0000000086300000|  0%| F|  |TAMS 0x0000000086200000, 0x0000000086200000| Untracked 
|  99|0x0000000086300000, 0x0000000086300000, 0x0000000086400000|  0%| F|  |TAMS 0x0000000086300000, 0x0000000086300000| Untracked 
| 100|0x0000000086400000, 0x0000000086400000, 0x0000000086500000|  0%| F|  |TAMS 0x0000000086400000, 0x0000000086400000| Untracked 
| 101|0x0000000086500000, 0x0000000086500000, 0x0000000086600000|  0%| F|  |TAMS 0x0000000086500000, 0x0000000086500000| Untracked 
| 102|0x0000000086600000, 0x0000000086600000, 0x0000000086700000|  0%| F|  |TAMS 0x0000000086600000, 0x0000000086600000| Untracked 
| 103|0x0000000086700000, 0x0000000086700000, 0x0000000086800000|  0%| F|  |TAMS 0x0000000086700000, 0x0000000086700000| Untracked 
| 104|0x0000000086800000, 0x0000000086800000, 0x0000000086900000|  0%| F|  |TAMS 0x0000000086800000, 0x0000000086800000| Untracked 
| 105|0x0000000086900000, 0x0000000086900000, 0x0000000086a00000|  0%| F|  |TAMS 0x0000000086900000, 0x0000000086900000| Untracked 
| 106|0x0000000086a00000, 0x0000000086a00000, 0x0000000086b00000|  0%| F|  |TAMS 0x0000000086a00000, 0x0000000086a00000| Untracked 
| 107|0x0000000086b00000, 0x0000000086b00000, 0x0000000086c00000|  0%| F|  |TAMS 0x0000000086b00000, 0x0000000086b00000| Untracked 
| 108|0x0000000086c00000, 0x0000000086c00000, 0x0000000086d00000|  0%| F|  |TAMS 0x0000000086c00000, 0x0000000086c00000| Untracked 
| 109|0x0000000086d00000, 0x0000000086d00000, 0x0000000086e00000|  0%| F|  |TAMS 0x0000000086d00000, 0x0000000086d00000| Untracked 
| 110|0x0000000086e00000, 0x0000000086e00000, 0x0000000086f00000|  0%| F|  |TAMS 0x0000000086e00000, 0x0000000086e00000| Untracked 
| 111|0x0000000086f00000, 0x0000000086f00000, 0x0000000087000000|  0%| F|  |TAMS 0x0000000086f00000, 0x0000000086f00000| Untracked 
| 112|0x0000000087000000, 0x0000000087000000, 0x0000000087100000|  0%| F|  |TAMS 0x0000000087000000, 0x0000000087000000| Untracked 
| 113|0x0000000087100000, 0x0000000087100000, 0x0000000087200000|  0%| F|  |TAMS 0x0000000087100000, 0x0000000087100000| Untracked 
| 114|0x0000000087200000, 0x0000000087200000, 0x0000000087300000|  0%| F|  |TAMS 0x0000000087200000, 0x0000000087200000| Untracked 
| 115|0x0000000087300000, 0x0000000087300000, 0x0000000087400000|  0%| F|  |TAMS 0x0000000087300000, 0x0000000087300000| Untracked 
| 116|0x0000000087400000, 0x0000000087400000, 0x0000000087500000|  0%| F|  |TAMS 0x0000000087400000, 0x0000000087400000| Untracked 
| 117|0x0000000087500000, 0x0000000087500000, 0x0000000087600000|  0%| F|  |TAMS 0x0000000087500000, 0x0000000087500000| Untracked 
| 118|0x0000000087600000, 0x0000000087600000, 0x0000000087700000|  0%| F|  |TAMS 0x0000000087600000, 0x0000000087600000| Untracked 
| 119|0x0000000087700000, 0x0000000087700000, 0x0000000087800000|  0%| F|  |TAMS 0x0000000087700000, 0x0000000087700000| Untracked 
| 120|0x0000000087800000, 0x0000000087800000, 0x0000000087900000|  0%| F|  |TAMS 0x0000000087800000, 0x0000000087800000| Untracked 
| 121|0x0000000087900000, 0x0000000087900000, 0x0000000087a00000|  0%| F|  |TAMS 0x0000000087900000, 0x0000000087900000| Untracked 
| 122|0x0000000087a00000, 0x0000000087a00000, 0x0000000087b00000|  0%| F|  |TAMS 0x0000000087a00000, 0x0000000087a00000| Untracked 
| 123|0x0000000087b00000, 0x0000000087b00000, 0x0000000087c00000|  0%| F|  |TAMS 0x0000000087b00000, 0x0000000087b00000| Untracked 
| 124|0x0000000087c00000, 0x0000000087c00000, 0x0000000087d00000|  0%| F|  |TAMS 0x0000000087c00000, 0x0000000087c00000| Untracked 
| 125|0x0000000087d00000, 0x0000000087d80800, 0x0000000087e00000| 50%| E|  |TAMS 0x0000000087d00000, 0x0000000087d00000| Complete 
| 126|0x0000000087e00000, 0x0000000087f00000, 0x0000000087f00000|100%| E|CS|TAMS 0x0000000087e00000, 0x0000000087e00000| Complete 
| 127|0x0000000087f00000, 0x0000000088000000, 0x0000000088000000|100%| E|CS|TAMS 0x0000000087f00000, 0x0000000087f00000| Complete 
| 128|0x0000000088000000, 0x0000000088100000, 0x0000000088100000|100%| E|CS|TAMS 0x0000000088000000, 0x0000000088000000| Complete 
| 129|0x0000000088100000, 0x0000000088200000, 0x0000000088200000|100%| E|CS|TAMS 0x0000000088100000, 0x0000000088100000| Complete 
| 130|0x0000000088200000, 0x0000000088300000, 0x0000000088300000|100%| E|CS|TAMS 0x0000000088200000, 0x0000000088200000| Complete 
| 131|0x0000000088300000, 0x0000000088400000, 0x0000000088400000|100%| E|CS|TAMS 0x0000000088300000, 0x0000000088300000| Complete 
| 132|0x0000000088400000, 0x0000000088500000, 0x0000000088500000|100%| E|CS|TAMS 0x0000000088400000, 0x0000000088400000| Complete 
| 133|0x0000000088500000, 0x0000000088600000, 0x0000000088600000|100%| E|CS|TAMS 0x0000000088500000, 0x0000000088500000| Complete 
| 134|0x0000000088600000, 0x0000000088700000, 0x0000000088700000|100%| E|CS|TAMS 0x0000000088600000, 0x0000000088600000| Complete 
| 135|0x0000000088700000, 0x0000000088800000, 0x0000000088800000|100%| E|CS|TAMS 0x0000000088700000, 0x0000000088700000| Complete 
| 136|0x0000000088800000, 0x0000000088900000, 0x0000000088900000|100%| E|CS|TAMS 0x0000000088800000, 0x0000000088800000| Complete 
| 137|0x0000000088900000, 0x00000000889b3898, 0x0000000088a00000| 70%| S|CS|TAMS 0x0000000088900000, 0x0000000088900000| Complete 
| 138|0x0000000088a00000, 0x0000000088b00000, 0x0000000088b00000|100%| S|CS|TAMS 0x0000000088a00000, 0x0000000088a00000| Complete 
| 139|0x0000000088b00000, 0x0000000088c00000, 0x0000000088c00000|100%| S|CS|TAMS 0x0000000088b00000, 0x0000000088b00000| Complete 
| 140|0x0000000088c00000, 0x0000000088d00000, 0x0000000088d00000|100%| E|CS|TAMS 0x0000000088c00000, 0x0000000088c00000| Complete 
| 141|0x0000000088d00000, 0x0000000088e00000, 0x0000000088e00000|100%| E|CS|TAMS 0x0000000088d00000, 0x0000000088d00000| Complete 
| 142|0x0000000088e00000, 0x0000000088f00000, 0x0000000088f00000|100%| E|CS|TAMS 0x0000000088e00000, 0x0000000088e00000| Complete 
| 143|0x0000000088f00000, 0x0000000089000000, 0x0000000089000000|100%| E|CS|TAMS 0x0000000088f00000, 0x0000000088f00000| Complete 
| 144|0x0000000089000000, 0x0000000089100000, 0x0000000089100000|100%| E|CS|TAMS 0x0000000089000000, 0x0000000089000000| Complete 
| 145|0x0000000089100000, 0x0000000089200000, 0x0000000089200000|100%| E|CS|TAMS 0x0000000089100000, 0x0000000089100000| Complete 
| 146|0x0000000089200000, 0x0000000089300000, 0x0000000089300000|100%| E|CS|TAMS 0x0000000089200000, 0x0000000089200000| Complete 
| 147|0x0000000089300000, 0x0000000089400000, 0x0000000089400000|100%| E|CS|TAMS 0x0000000089300000, 0x0000000089300000| Complete 
| 148|0x0000000089400000, 0x0000000089500000, 0x0000000089500000|100%| E|CS|TAMS 0x0000000089400000, 0x0000000089400000| Complete 
| 149|0x0000000089500000, 0x0000000089600000, 0x0000000089600000|100%| E|CS|TAMS 0x0000000089500000, 0x0000000089500000| Complete 
| 150|0x0000000089600000, 0x0000000089700000, 0x0000000089700000|100%| E|CS|TAMS 0x0000000089600000, 0x0000000089600000| Complete 
| 151|0x0000000089700000, 0x0000000089800000, 0x0000000089800000|100%| E|CS|TAMS 0x0000000089700000, 0x0000000089700000| Complete 
| 152|0x0000000089800000, 0x0000000089900000, 0x0000000089900000|100%| E|CS|TAMS 0x0000000089800000, 0x0000000089800000| Complete 
| 153|0x0000000089900000, 0x0000000089a00000, 0x0000000089a00000|100%| E|CS|TAMS 0x0000000089900000, 0x0000000089900000| Complete 
| 154|0x0000000089a00000, 0x0000000089b00000, 0x0000000089b00000|100%| E|CS|TAMS 0x0000000089a00000, 0x0000000089a00000| Complete 
| 155|0x0000000089b00000, 0x0000000089c00000, 0x0000000089c00000|100%| E|CS|TAMS 0x0000000089b00000, 0x0000000089b00000| Complete 
| 156|0x0000000089c00000, 0x0000000089d00000, 0x0000000089d00000|100%| E|CS|TAMS 0x0000000089c00000, 0x0000000089c00000| Complete 
| 157|0x0000000089d00000, 0x0000000089e00000, 0x0000000089e00000|100%| E|CS|TAMS 0x0000000089d00000, 0x0000000089d00000| Complete 
| 158|0x0000000089e00000, 0x0000000089f00000, 0x0000000089f00000|100%| E|CS|TAMS 0x0000000089e00000, 0x0000000089e00000| Complete 
| 159|0x0000000089f00000, 0x000000008a000000, 0x000000008a000000|100%| E|CS|TAMS 0x0000000089f00000, 0x0000000089f00000| Complete 
| 160|0x000000008a000000, 0x000000008a100000, 0x000000008a100000|100%| E|CS|TAMS 0x000000008a000000, 0x000000008a000000| Complete 
| 161|0x000000008a100000, 0x000000008a200000, 0x000000008a200000|100%| E|CS|TAMS 0x000000008a100000, 0x000000008a100000| Complete 
| 162|0x000000008a200000, 0x000000008a300000, 0x000000008a300000|100%| E|CS|TAMS 0x000000008a200000, 0x000000008a200000| Complete 
| 163|0x000000008a300000, 0x000000008a400000, 0x000000008a400000|100%| E|CS|TAMS 0x000000008a300000, 0x000000008a300000| Complete 
| 164|0x000000008a400000, 0x000000008a500000, 0x000000008a500000|100%| E|CS|TAMS 0x000000008a400000, 0x000000008a400000| Complete 
| 165|0x000000008a500000, 0x000000008a600000, 0x000000008a600000|100%| E|CS|TAMS 0x000000008a500000, 0x000000008a500000| Complete 
| 166|0x000000008a600000, 0x000000008a700000, 0x000000008a700000|100%| E|CS|TAMS 0x000000008a600000, 0x000000008a600000| Complete 
| 167|0x000000008a700000, 0x000000008a800000, 0x000000008a800000|100%| E|CS|TAMS 0x000000008a700000, 0x000000008a700000| Complete 
| 168|0x000000008a800000, 0x000000008a900000, 0x000000008a900000|100%| E|CS|TAMS 0x000000008a800000, 0x000000008a800000| Complete 
| 169|0x000000008a900000, 0x000000008aa00000, 0x000000008aa00000|100%| E|CS|TAMS 0x000000008a900000, 0x000000008a900000| Complete 
| 170|0x000000008aa00000, 0x000000008ab00000, 0x000000008ab00000|100%| E|CS|TAMS 0x000000008aa00000, 0x000000008aa00000| Complete 
| 171|0x000000008ab00000, 0x000000008ac00000, 0x000000008ac00000|100%| E|CS|TAMS 0x000000008ab00000, 0x000000008ab00000| Complete 
| 172|0x000000008ac00000, 0x000000008ad00000, 0x000000008ad00000|100%| E|CS|TAMS 0x000000008ac00000, 0x000000008ac00000| Complete 
| 173|0x000000008ad00000, 0x000000008ae00000, 0x000000008ae00000|100%| E|CS|TAMS 0x000000008ad00000, 0x000000008ad00000| Complete 
| 174|0x000000008ae00000, 0x000000008af00000, 0x000000008af00000|100%| E|CS|TAMS 0x000000008ae00000, 0x000000008ae00000| Complete 
| 175|0x000000008af00000, 0x000000008b000000, 0x000000008b000000|100%| E|CS|TAMS 0x000000008af00000, 0x000000008af00000| Complete 
| 176|0x000000008b000000, 0x000000008b100000, 0x000000008b100000|100%| E|CS|TAMS 0x000000008b000000, 0x000000008b000000| Complete 
| 177|0x000000008b100000, 0x000000008b200000, 0x000000008b200000|100%| E|CS|TAMS 0x000000008b100000, 0x000000008b100000| Complete 
| 178|0x000000008b200000, 0x000000008b300000, 0x000000008b300000|100%| E|CS|TAMS 0x000000008b200000, 0x000000008b200000| Complete 
| 179|0x000000008b300000, 0x000000008b400000, 0x000000008b400000|100%| E|CS|TAMS 0x000000008b300000, 0x000000008b300000| Complete 
| 180|0x000000008b400000, 0x000000008b500000, 0x000000008b500000|100%| E|CS|TAMS 0x000000008b400000, 0x000000008b400000| Complete 
| 181|0x000000008b500000, 0x000000008b600000, 0x000000008b600000|100%| E|CS|TAMS 0x000000008b500000, 0x000000008b500000| Complete 
| 182|0x000000008b600000, 0x000000008b700000, 0x000000008b700000|100%| E|CS|TAMS 0x000000008b600000, 0x000000008b600000| Complete 
| 183|0x000000008b700000, 0x000000008b800000, 0x000000008b800000|100%| E|CS|TAMS 0x000000008b700000, 0x000000008b700000| Complete 
| 184|0x000000008b800000, 0x000000008b900000, 0x000000008b900000|100%| E|CS|TAMS 0x000000008b800000, 0x000000008b800000| Complete 

Card table byte_map: [0x000001ead6980000,0x000001ead6d80000] _byte_map_base: 0x000001ead6580000

Marking Bits (Prev, Next): (CMBitMap*) 0x000001eac3086338, (CMBitMap*) 0x000001eac3086370
 Prev Bits: [0x000001ead7180000, 0x000001ead9180000)
 Next Bits: [0x000001ead9180000, 0x000001eadb180000)

Polling page: 0x000001eac17b0000

Metaspace:

Usage:
  Non-class:     48.22 MB capacity,    47.19 MB ( 98%) used,   898.40 KB (  2%) free+waste,   154.19 KB ( <1%) overhead. 
      Class:      7.45 MB capacity,     6.91 MB ( 93%) used,   474.30 KB (  6%) free+waste,    74.00 KB ( <1%) overhead. 
       Both:     55.67 MB capacity,    54.11 MB ( 97%) used,     1.34 MB (  2%) free+waste,   228.19 KB ( <1%) overhead. 

Virtual space:
  Non-class space:       50.00 MB reserved,      48.35 MB ( 97%) committed 
      Class space:        1.00 GB reserved,       7.50 MB ( <1%) committed 
             Both:        1.05 GB reserved,      55.85 MB (  5%) committed 

Chunk freelists:
   Non-Class:  6.00 KB
       Class:  21.00 KB
        Both:  27.00 KB

MaxMetaspaceSize: 17179869184.00 GB
CompressedClassSpaceSize: 1.00 GB
Initial GC threshold: 20.80 MB
Current GC threshold: 84.75 MB
CDS: off

CodeHeap 'non-profiled nmethods': size=120000Kb used=3710Kb max_used=3710Kb free=116289Kb
 bounds [0x000001eace5e0000, 0x000001eace980000, 0x000001ead5b10000]
CodeHeap 'profiled nmethods': size=120000Kb used=12489Kb max_used=12489Kb free=107510Kb
 bounds [0x000001eac70b0000, 0x000001eac7cf0000, 0x000001eace5e0000]
CodeHeap 'non-nmethods': size=5760Kb used=2307Kb max_used=2385Kb free=3452Kb
 bounds [0x000001eac6b10000, 0x000001eac6d80000, 0x000001eac70b0000]
 total_blobs=7059 nmethods=6246 adapters=725
 compilation: enabled
              stopped_count=0, restarted_count=0
 full_count=0

Compilation events (20 events):
Event: 9.091 Thread 0x000001eade591800 6250       1       org.codehaus.groovy.ast.ClassNode::getGenericsTypes (5 bytes)
Event: 9.091 Thread 0x000001eade591800 nmethod 6250 0x000001eace971a10 code [0x000001eace971bc0, 0x000001eace971c78]
Event: 9.091 Thread 0x000001eade591800 6251       3       groovyjarjarasm.asm.MethodWriter::visitInsn (115 bytes)
Event: 9.092 Thread 0x000001eade591800 nmethod 6251 0x000001eac7cca010 code [0x000001eac7cca200, 0x000001eac7cca688]
Event: 9.092 Thread 0x000001eade591800 6252       3       org.codehaus.groovy.ast.ClassNode::getSuperClass (70 bytes)
Event: 9.093 Thread 0x000001eade591800 nmethod 6252 0x000001eac7cca810 code [0x000001eac7ccab20, 0x000001eac7ccbe38]
Event: 9.094 Thread 0x000001eade591800 6253   !   3       org.codehaus.groovy.ast.decompiled.DecompiledClassNode::lazyInitSupers (60 bytes)
Event: 9.094 Thread 0x000001eade591800 nmethod 6253 0x000001eac7ccc390 code [0x000001eac7ccc560, 0x000001eac7ccc938]
Event: 9.095 Thread 0x000001eade591800 6254       1       org.codehaus.groovy.ast.MethodNode::getModifiers (5 bytes)
Event: 9.095 Thread 0x000001eade591800 nmethod 6254 0x000001eace971d10 code [0x000001eace971ec0, 0x000001eace971f78]
Event: 9.095 Thread 0x000001eae1d46800 6255       4       groovyjarjarasm.asm.SymbolTable::get (13 bytes)
Event: 9.096 Thread 0x000001eae1d46800 nmethod 6255 0x000001eace972010 code [0x000001eace9721a0, 0x000001eace972258]
Event: 9.096 Thread 0x000001eade591800 6256       3       groovyjarjarasm.asm.ByteVector::putInt (74 bytes)
Event: 9.096 Thread 0x000001eade591800 nmethod 6256 0x000001eac7ccca90 code [0x000001eac7cccc60, 0x000001eac7cccea8]
Event: 9.097 Thread 0x000001eae1d46800 6257       4       java.util.concurrent.ConcurrentHashMap::get (162 bytes)
Event: 9.097 Thread 0x000001eade591800 6258       1       org.codehaus.groovy.ast.AnnotatedNode::getAnnotations (5 bytes)
Event: 9.097 Thread 0x000001eade591800 nmethod 6258 0x000001eace972310 code [0x000001eace9724c0, 0x000001eace972578]
Event: 9.097 Thread 0x000001eade591800 6259       3       java.util.Collections$EmptyMap::values (4 bytes)
Event: 9.097 Thread 0x000001eade591800 nmethod 6259 0x000001eac7ccd010 code [0x000001eac7ccd1c0, 0x000001eac7ccd318]
Event: 9.097 Thread 0x000001eade591800 6260       3       java.util.Collections$EmptySet::toArray (11 bytes)

GC Heap History (20 events):
Event: 2.395 GC heap before
{Heap before GC invocations=2 (full 0):
 garbage-first heap   total 131072K, used 63231K [0x0000000080000000, 0x0000000100000000)
  region size 1024K, 53 young (54272K), 1 survivors (1024K)
 Metaspace       used 17874K, capacity 18269K, committed 18432K, reserved 1064960K
  class space    used 2080K, capacity 2236K, committed 2304K, reserved 1048576K
}
Event: 2.399 GC heap after
{Heap after GC invocations=3 (full 0):
 garbage-first heap   total 131072K, used 16201K [0x0000000080000000, 0x0000000100000000)
  region size 1024K, 7 young (7168K), 7 survivors (7168K)
 Metaspace       used 17874K, capacity 18269K, committed 18432K, reserved 1064960K
  class space    used 2080K, capacity 2236K, committed 2304K, reserved 1048576K
}
Event: 2.746 GC heap before
{Heap before GC invocations=3 (full 0):
 garbage-first heap   total 131072K, used 40777K [0x0000000080000000, 0x0000000100000000)
  region size 1024K, 32 young (32768K), 7 survivors (7168K)
 Metaspace       used 20731K, capacity 21186K, committed 21296K, reserved 1069056K
  class space    used 2508K, capacity 2676K, committed 2688K, reserved 1048576K
}
Event: 2.759 GC heap after
{Heap after GC invocations=4 (full 0):
 garbage-first heap   total 131072K, used 17521K [0x0000000080000000, 0x0000000100000000)
  region size 1024K, 2 young (2048K), 2 survivors (2048K)
 Metaspace       used 20731K, capacity 21186K, committed 21296K, reserved 1069056K
  class space    used 2508K, capacity 2676K, committed 2688K, reserved 1048576K
}
Event: 3.497 GC heap before
{Heap before GC invocations=5 (full 0):
 garbage-first heap   total 131072K, used 70769K [0x0000000080000000, 0x0000000100000000)
  region size 1024K, 55 young (56320K), 2 survivors (2048K)
 Metaspace       used 26508K, capacity 27189K, committed 27440K, reserved 1073152K
  class space    used 3428K, capacity 3642K, committed 3712K, reserved 1048576K
}
Event: 3.503 GC heap after
{Heap after GC invocations=6 (full 0):
 garbage-first heap   total 131072K, used 19707K [0x0000000080000000, 0x0000000100000000)
  region size 1024K, 4 young (4096K), 4 survivors (4096K)
 Metaspace       used 26508K, capacity 27189K, committed 27440K, reserved 1073152K
  class space    used 3428K, capacity 3642K, committed 3712K, reserved 1048576K
}
Event: 4.430 GC heap before
{Heap before GC invocations=6 (full 0):
 garbage-first heap   total 131072K, used 99579K [0x0000000080000000, 0x0000000100000000)
  region size 1024K, 69 young (70656K), 4 survivors (4096K)
 Metaspace       used 33004K, capacity 33940K, committed 34224K, reserved 1079296K
  class space    used 4406K, capacity 4759K, committed 4864K, reserved 1048576K
}
Event: 4.438 GC heap after
{Heap after GC invocations=7 (full 0):
 garbage-first heap   total 131072K, used 39848K [0x0000000080000000, 0x0000000100000000)
  region size 1024K, 9 young (9216K), 9 survivors (9216K)
 Metaspace       used 33004K, capacity 33940K, committed 34224K, reserved 1079296K
  class space    used 4406K, capacity 4759K, committed 4864K, reserved 1048576K
}
Event: 4.562 GC heap before
{Heap before GC invocations=7 (full 0):
 garbage-first heap   total 131072K, used 44968K [0x0000000080000000, 0x0000000100000000)
  region size 1024K, 15 young (15360K), 9 survivors (9216K)
 Metaspace       used 34748K, capacity 35750K, committed 35888K, reserved 1081344K
  class space    used 4501K, capacity 4894K, committed 4992K, reserved 1048576K
}
Event: 4.575 GC heap after
{Heap after GC invocations=8 (full 0):
 garbage-first heap   total 157696K, used 41312K [0x0000000080000000, 0x0000000100000000)
  region size 1024K, 2 young (2048K), 2 survivors (2048K)
 Metaspace       used 34748K, capacity 35750K, committed 35888K, reserved 1081344K
  class space    used 4501K, capacity 4894K, committed 4992K, reserved 1048576K
}
Event: 5.542 GC heap before
{Heap before GC invocations=9 (full 0):
 garbage-first heap   total 157696K, used 97632K [0x0000000080000000, 0x0000000100000000)
  region size 1024K, 55 young (56320K), 2 survivors (2048K)
 Metaspace       used 40856K, capacity 41943K, committed 41960K, reserved 1085440K
  class space    used 5144K, capacity 5503K, committed 5504K, reserved 1048576K
}
Event: 5.549 GC heap after
{Heap after GC invocations=10 (full 0):
 garbage-first heap   total 157696K, used 45515K [0x0000000080000000, 0x0000000100000000)
  region size 1024K, 6 young (6144K), 6 survivors (6144K)
 Metaspace       used 40856K, capacity 41943K, committed 41960K, reserved 1085440K
  class space    used 5144K, capacity 5503K, committed 5504K, reserved 1048576K
}
Event: 6.420 GC heap before
{Heap before GC invocations=11 (full 0):
 garbage-first heap   total 157696K, used 114123K [0x0000000080000000, 0x0000000100000000)
  region size 1024K, 61 young (62464K), 6 survivors (6144K)
 Metaspace       used 44975K, capacity 46261K, committed 46440K, reserved 1089536K
  class space    used 5605K, capacity 6081K, committed 6144K, reserved 1048576K
}
Event: 6.430 GC heap after
{Heap after GC invocations=12 (full 0):
 garbage-first heap   total 157696K, used 61952K [0x0000000080000000, 0x0000000100000000)
  region size 1024K, 5 young (5120K), 5 survivors (5120K)
 Metaspace       used 44975K, capacity 46261K, committed 46440K, reserved 1089536K
  class space    used 5605K, capacity 6081K, committed 6144K, reserved 1048576K
}
Event: 7.064 GC heap before
{Heap before GC invocations=12 (full 0):
 garbage-first heap   total 157696K, used 116224K [0x0000000080000000, 0x0000000100000000)
  region size 1024K, 54 young (55296K), 5 survivors (5120K)
 Metaspace       used 47566K, capacity 48881K, committed 49128K, reserved 1091584K
  class space    used 6013K, capacity 6484K, committed 6528K, reserved 1048576K
}
Event: 7.071 GC heap after
{Heap after GC invocations=13 (full 0):
 garbage-first heap   total 157696K, used 71760K [0x0000000080000000, 0x0000000100000000)
  region size 1024K, 5 young (5120K), 5 survivors (5120K)
 Metaspace       used 47566K, capacity 48881K, committed 49128K, reserved 1091584K
  class space    used 6013K, capacity 6484K, committed 6528K, reserved 1048576K
}
Event: 7.778 GC heap before
{Heap before GC invocations=13 (full 0):
 garbage-first heap   total 157696K, used 117840K [0x0000000080000000, 0x0000000100000000)
  region size 1024K, 50 young (51200K), 5 survivors (5120K)
 Metaspace       used 50054K, capacity 51546K, committed 51816K, reserved 1093632K
  class space    used 6353K, capacity 6858K, committed 6912K, reserved 1048576K
}
Event: 7.788 GC heap after
{Heap after GC invocations=14 (full 0):
 garbage-first heap   total 157696K, used 73866K [0x0000000080000000, 0x0000000100000000)
  region size 1024K, 3 young (3072K), 3 survivors (3072K)
 Metaspace       used 50054K, capacity 51546K, committed 51816K, reserved 1093632K
  class space    used 6353K, capacity 6858K, committed 6912K, reserved 1048576K
}
Event: 8.072 GC heap before
{Heap before GC invocations=14 (full 0):
 garbage-first heap   total 157696K, used 87178K [0x0000000080000000, 0x0000000100000000)
  region size 1024K, 17 young (17408K), 3 survivors (3072K)
 Metaspace       used 50426K, capacity 51873K, committed 52072K, reserved 1095680K
  class space    used 6387K, capacity 6898K, committed 6912K, reserved 1048576K
}
Event: 8.078 GC heap after
{Heap after GC invocations=15 (full 0):
 garbage-first heap   total 189440K, used 74427K [0x0000000080000000, 0x0000000100000000)
  region size 1024K, 3 young (3072K), 3 survivors (3072K)
 Metaspace       used 50426K, capacity 51873K, committed 52072K, reserved 1095680K
  class space    used 6387K, capacity 6898K, committed 6912K, reserved 1048576K
}

Deoptimization events (20 events):
Event: 8.592 Thread 0x000001eae179d000 DEOPT PACKING pc=0x000001eace65c6f0 sp=0x000000cae8ef6fb0
Event: 8.592 Thread 0x000001eae179d000 DEOPT UNPACKING pc=0x000001eac6b5a1af sp=0x000000cae8ef6ee8 mode 2
Event: 8.652 Thread 0x000001eae179d000 Uncommon trap: trap_request=0xffffff4d fr.pc=0x000001eace719570 relative=0x0000000000000230
Event: 8.652 Thread 0x000001eae179d000 Uncommon trap: reason=unstable_if action=reinterpret pc=0x000001eace719570 method=java.util.concurrent.ConcurrentHashMap.get(Ljava/lang/Object;)Ljava/lang/Object; @ 76 c2
Event: 8.652 Thread 0x000001eae179d000 DEOPT PACKING pc=0x000001eace719570 sp=0x000000cae8ef7f00
Event: 8.652 Thread 0x000001eae179d000 DEOPT UNPACKING pc=0x000001eac6b5a1af sp=0x000000cae8ef7e78 mode 2
Event: 8.807 Thread 0x000001eae179d000 DEOPT PACKING pc=0x000001eac79e1171 sp=0x000000cae8ef82d0
Event: 8.807 Thread 0x000001eae179d000 DEOPT UNPACKING pc=0x000001eac6b5a95e sp=0x000000cae8ef77c8 mode 0
Event: 8.819 Thread 0x000001eae179d000 Uncommon trap: trap_request=0xffffff4d fr.pc=0x000001eace7566fc relative=0x00000000000008fc
Event: 8.819 Thread 0x000001eae179d000 Uncommon trap: reason=unstable_if action=reinterpret pc=0x000001eace7566fc method=java.io.BufferedInputStream.read([BII)I @ 56 c2
Event: 8.819 Thread 0x000001eae179d000 DEOPT PACKING pc=0x000001eace7566fc sp=0x000000cae8ef8420
Event: 8.819 Thread 0x000001eae179d000 DEOPT UNPACKING pc=0x000001eac6b5a1af sp=0x000000cae8ef83f8 mode 2
Event: 8.840 Thread 0x000001eae179d000 DEOPT PACKING pc=0x000001eac72901a0 sp=0x000000cae8ef6160
Event: 8.840 Thread 0x000001eae179d000 DEOPT UNPACKING pc=0x000001eac6b5a95e sp=0x000000cae8ef5698 mode 0
Event: 8.909 Thread 0x000001eae179d000 DEOPT PACKING pc=0x000001eac7c91f26 sp=0x000000cae8ef7a90
Event: 8.909 Thread 0x000001eae179d000 DEOPT UNPACKING pc=0x000001eac6b5a95e sp=0x000000cae8ef6f70 mode 0
Event: 9.096 Thread 0x000001eae179d000 Uncommon trap: trap_request=0xffffff4d fr.pc=0x000001eace90ea54 relative=0x00000000000002f4
Event: 9.096 Thread 0x000001eae179d000 Uncommon trap: reason=unstable_if action=reinterpret pc=0x000001eace90ea54 method=java.io.WinNTFileSystem.prefixLength(Ljava/lang/String;)I @ 42 c2
Event: 9.096 Thread 0x000001eae179d000 DEOPT PACKING pc=0x000001eace90ea54 sp=0x000000cae8ef8130
Event: 9.096 Thread 0x000001eae179d000 DEOPT UNPACKING pc=0x000001eac6b5a1af sp=0x000000cae8ef80a8 mode 2

Classes redefined (0 events):
No events

Internal exceptions (20 events):
Event: 8.118 Thread 0x000001eae179d000 Exception <a 'java/security/PrivilegedActionException'{0x000000008b677798}> (0x000000008b677798) thrown at [./src/hotspot/share/prims/jvm.cpp, line 1306]
Event: 8.119 Thread 0x000001eae179d000 Exception <a 'java/security/PrivilegedActionException'{0x000000008b67a8e8}> (0x000000008b67a8e8) thrown at [./src/hotspot/share/prims/jvm.cpp, line 1306]
Event: 8.119 Thread 0x000001eae179d000 Exception <a 'java/security/PrivilegedActionException'{0x000000008b67be50}> (0x000000008b67be50) thrown at [./src/hotspot/share/prims/jvm.cpp, line 1306]
Event: 8.119 Thread 0x000001eae179d000 Exception <a 'java/security/PrivilegedActionException'{0x000000008b67eff0}> (0x000000008b67eff0) thrown at [./src/hotspot/share/prims/jvm.cpp, line 1306]
Event: 8.119 Thread 0x000001eae179d000 Exception <a 'java/security/PrivilegedActionException'{0x000000008b680558}> (0x000000008b680558) thrown at [./src/hotspot/share/prims/jvm.cpp, line 1306]
Event: 8.119 Thread 0x000001eae179d000 Exception <a 'java/security/PrivilegedActionException'{0x000000008b683a18}> (0x000000008b683a18) thrown at [./src/hotspot/share/prims/jvm.cpp, line 1306]
Event: 8.119 Thread 0x000001eae179d000 Exception <a 'java/security/PrivilegedActionException'{0x000000008b684f80}> (0x000000008b684f80) thrown at [./src/hotspot/share/prims/jvm.cpp, line 1306]
Event: 8.179 Thread 0x000001eae179d000 Exception <a 'java/lang/ClassNotFoundException'{0x000000008b120370}: org/gradle/api/tasks/Delete_DecoratedBeanInfo> (0x000000008b120370) thrown at [./src/hotspot/share/classfile/systemDictionary.cpp, line 231]
Event: 8.180 Thread 0x000001eae179d000 Exception <a 'java/lang/ClassNotFoundException'{0x000000008b14a450}: org/gradle/api/tasks/DeleteBeanInfo> (0x000000008b14a450) thrown at [./src/hotspot/share/classfile/systemDictionary.cpp, line 231]
Event: 8.181 Thread 0x000001eae179d000 Exception <a 'java/lang/ClassNotFoundException'{0x000000008b177ed0}: org/gradle/api/internal/ConventionTaskBeanInfo> (0x000000008b177ed0) thrown at [./src/hotspot/share/classfile/systemDictionary.cpp, line 231]
Event: 8.183 Thread 0x000001eae179d000 Exception <a 'java/lang/ClassNotFoundException'{0x000000008b1a1bf8}: org/gradle/api/DefaultTaskBeanInfo> (0x000000008b1a1bf8) thrown at [./src/hotspot/share/classfile/systemDictionary.cpp, line 231]
Event: 8.184 Thread 0x000001eae179d000 Exception <a 'java/lang/ClassNotFoundException'{0x000000008b1cf690}: org/gradle/api/internal/AbstractTaskBeanInfo> (0x000000008b1cf690) thrown at [./src/hotspot/share/classfile/systemDictionary.cpp, line 231]
Event: 8.186 Thread 0x000001eae179d000 Exception <a 'java/lang/ClassNotFoundException'{0x000000008b1fd638}: org/gradle/api/internal/AbstractTaskCustomizer> (0x000000008b1fd638) thrown at [./src/hotspot/share/classfile/systemDictionary.cpp, line 231]
Event: 8.190 Thread 0x000001eae179d000 Exception <a 'java/lang/ClassNotFoundException'{0x000000008b070eb0}: org/gradle/api/DefaultTaskCustomizer> (0x000000008b070eb0) thrown at [./src/hotspot/share/classfile/systemDictionary.cpp, line 231]
Event: 8.195 Thread 0x000001eae179d000 Exception <a 'java/lang/ClassNotFoundException'{0x000000008b0f2d20}: org/gradle/api/internal/ConventionTaskCustomizer> (0x000000008b0f2d20) thrown at [./src/hotspot/share/classfile/systemDictionary.cpp, line 231]
Event: 8.197 Thread 0x000001eae179d000 Exception <a 'java/lang/ClassNotFoundException'{0x000000008af2ba78}: org/gradle/api/tasks/DeleteCustomizer> (0x000000008af2ba78) thrown at [./src/hotspot/share/classfile/systemDictionary.cpp, line 231]
Event: 8.199 Thread 0x000001eae179d000 Exception <a 'java/lang/ClassNotFoundException'{0x000000008af6ab78}: org/gradle/api/tasks/Delete_DecoratedCustomizer> (0x000000008af6ab78) thrown at [./src/hotspot/share/classfile/systemDictionary.cpp, line 231]
Event: 8.269 Thread 0x000001eae179d000 Exception <a 'java/lang/NoSuchMethodError'{0x000000008ad5b280}: 'void java.lang.invoke.DirectMethodHandle$Holder.invokeVirtual(java.lang.Object, java.lang.Object)'> (0x000000008ad5b280) thrown at [./src/hotspot/share/interpreter/linkResolver.cpp, line 773]
Event: 8.794 Thread 0x000001eae179d000 Exception <a 'java/lang/NoSuchMethodError'{0x0000000088cfd280}: 'void java.lang.invoke.DirectMethodHandle$Holder.invokeSpecialIFC(java.lang.Object, java.lang.Object, java.lang.Object)'> (0x0000000088cfd280) thrown at [./src/hotspot/share/interpreter/linkResolver.cpp, line 773]
Event: 8.967 Thread 0x000001eae179d000 Exception <a 'java/lang/NoSuchMethodError'{0x0000000088305e98}: 'int java.lang.invoke.DirectMethodHandle$Holder.invokeStatic(java.lang.Object, int, java.lang.Object, java.lang.Object)'> (0x0000000088305e98) thrown at [./src/hotspot/share/interpreter/linkResolver.cpp, line 773]

Events (20 events):
Event: 9.093 loading class org/codehaus/groovy/classgen/asm/ClosureWriter
Event: 9.093 loading class org/codehaus/groovy/classgen/asm/ClosureWriter done
Event: 9.093 loading class org/codehaus/groovy/classgen/asm/BytecodeHelper$ReturnVarHandler
Event: 9.093 loading class org/codehaus/groovy/classgen/asm/BytecodeHelper$ReturnVarHandler done
Event: 9.094 loading class org/codehaus/groovy/ast/MethodNode
Event: 9.094 loading class org/codehaus/groovy/ast/MethodNode done
Event: 9.094 loading class org/codehaus/groovy/classgen/asm/MopWriter$MopKey
Event: 9.094 loading class org/codehaus/groovy/classgen/asm/MopWriter$MopKey done
Event: 9.094 loading class org/codehaus/groovy/ast/MethodNode
Event: 9.094 loading class org/codehaus/groovy/ast/MethodNode done
Event: 9.095 loading class groovyjarjarasm/asm/ClassVisitor
Event: 9.095 loading class groovyjarjarasm/asm/ClassVisitor done
Event: 9.095 loading class org/codehaus/groovy/control/CompilationUnit$ClassgenCallback
Event: 9.095 loading class org/codehaus/groovy/control/CompilationUnit$ClassgenCallback done
Event: 9.095 loading class groovyjarjarasm/asm/ClassVisitor
Event: 9.095 loading class groovyjarjarasm/asm/ClassVisitor done
Event: 9.096 loading class groovy/lang/GroovyClassLoader$2
Event: 9.096 loading class groovy/lang/GroovyClassLoader$2 done
Event: 9.096 loading class java/security/PermissionsEnumerator
Event: 9.097 loading class java/security/PermissionsEnumerator done


Dynamic libraries:
0x00007ff771150000 - 0x00007ff77115a000 	C:\Program Files\Android\Android Studio\jre\bin\java.exe
0x00007fff3ee90000 - 0x00007fff3f088000 	C:\Windows\SYSTEM32\ntdll.dll
0x00007fff3e110000 - 0x00007fff3e1cf000 	C:\Windows\System32\KERNEL32.DLL
0x00007fff3c700000 - 0x00007fff3c9d2000 	C:\Windows\System32\KERNELBASE.dll
0x00007fff3ca10000 - 0x00007fff3cb10000 	C:\Windows\System32\ucrtbase.dll
0x00007fff30520000 - 0x00007fff30539000 	C:\Program Files\Android\Android Studio\jre\bin\jli.dll
0x00007fff30500000 - 0x00007fff30517000 	C:\Program Files\Android\Android Studio\jre\bin\VCRUNTIME140.dll
0x00007fff3d0a0000 - 0x00007fff3d241000 	C:\Windows\System32\USER32.dll
0x00007fff3c9e0000 - 0x00007fff3ca02000 	C:\Windows\System32\win32u.dll
0x00007fff2bae0000 - 0x00007fff2bd7a000 	C:\Windows\WinSxS\amd64_microsoft.windows.common-controls_6595b64144ccf1df_6.0.19041.1110_none_60b5254171f9507e\COMCTL32.dll
0x00007fff3dd70000 - 0x00007fff3dd9b000 	C:\Windows\System32\GDI32.dll
0x00007fff3c580000 - 0x00007fff3c68f000 	C:\Windows\System32\gdi32full.dll
0x00007fff3e780000 - 0x00007fff3e81e000 	C:\Windows\System32\msvcrt.dll
0x00007fff3cb10000 - 0x00007fff3cbad000 	C:\Windows\System32\msvcp_win.dll
0x00007fff3dda0000 - 0x00007fff3ddd2000 	C:\Windows\System32\IMM32.DLL
0x00007fff3c150000 - 0x00007fff3c247000 	C:\Windows\system32\guard64.dll
0x00007fff3eb50000 - 0x00007fff3ebfe000 	C:\Windows\System32\ADVAPI32.dll
0x00007fff3cf30000 - 0x00007fff3cfcc000 	C:\Windows\System32\sechost.dll
0x00007fff3e900000 - 0x00007fff3ea25000 	C:\Windows\System32\RPCRT4.dll
0x00007fff3c140000 - 0x00007fff3c14a000 	C:\Windows\system32\version.dll
0x00007fff3dfe0000 - 0x00007fff3e10a000 	C:\Windows\System32\ole32.dll
0x00007fff3d9a0000 - 0x00007fff3dcf5000 	C:\Windows\System32\combase.dll
0x00007fff3c130000 - 0x00007fff3c13b000 	C:\Windows\system32\fltlib.dll
0x00007fff3d250000 - 0x00007fff3d994000 	C:\Windows\System32\shell32.dll
0x00007fff1eb50000 - 0x00007fff1ebed000 	C:\Program Files\Android\Android Studio\jre\bin\msvcp140.dll
0x00007ffee1fa0000 - 0x00007ffee2aa2000 	C:\Program Files\Android\Android Studio\jre\bin\server\jvm.dll
0x00007fff3e1d0000 - 0x00007fff3e1d8000 	C:\Windows\System32\PSAPI.DLL
0x00007fff37960000 - 0x00007fff37969000 	C:\Windows\SYSTEM32\WSOCK32.dll
0x00007fff3dec0000 - 0x00007fff3df2b000 	C:\Windows\System32\WS2_32.dll
0x00007fff2f300000 - 0x00007fff2f327000 	C:\Windows\SYSTEM32\WINMM.dll
0x00007fff3a500000 - 0x00007fff3a512000 	C:\Windows\SYSTEM32\kernel.appcore.dll
0x00007fff304b0000 - 0x00007fff304c1000 	C:\Program Files\Android\Android Studio\jre\bin\verify.dll
0x00007fff28880000 - 0x00007fff28a64000 	C:\Windows\SYSTEM32\DBGHELP.DLL
0x00007fff28820000 - 0x00007fff28855000 	C:\Windows\SYSTEM32\dbgcore.DLL
0x00007fff3cbb0000 - 0x00007fff3cc32000 	C:\Windows\System32\bcryptPrimitives.dll
0x00007fff30430000 - 0x00007fff30459000 	C:\Program Files\Android\Android Studio\jre\bin\java.dll
0x00007fff304a0000 - 0x00007fff304ab000 	C:\Program Files\Android\Android Studio\jre\bin\jimage.dll
0x00007fff30290000 - 0x00007fff302a8000 	C:\Program Files\Android\Android Studio\jre\bin\zip.dll
0x00007fff3a520000 - 0x00007fff3acb2000 	C:\Windows\SYSTEM32\windows.storage.dll
0x00007fff3bde0000 - 0x00007fff3be10000 	C:\Windows\SYSTEM32\Wldp.dll
0x00007fff3df30000 - 0x00007fff3dfdd000 	C:\Windows\System32\SHCORE.dll
0x00007fff3dd10000 - 0x00007fff3dd65000 	C:\Windows\System32\shlwapi.dll
0x00007fff3c4c0000 - 0x00007fff3c4df000 	C:\Windows\SYSTEM32\profapi.dll
0x00007fff30270000 - 0x00007fff3028a000 	C:\Program Files\Android\Android Studio\jre\bin\net.dll
0x00007fff33bc0000 - 0x00007fff33ccc000 	C:\Windows\SYSTEM32\WINHTTP.dll
0x00007fff3bb40000 - 0x00007fff3bbaa000 	C:\Windows\system32\mswsock.dll
0x00007fff30250000 - 0x00007fff30264000 	C:\Program Files\Android\Android Studio\jre\bin\nio.dll
0x00007fff36790000 - 0x00007fff367b7000 	C:\Users\91989\.gradle\native\e1d6ef7f7dcc3fd88c89a11ec53ec762bb8ba0a96d01ffa2cd45eb1d1d8dd5c5\windows-amd64\native-platform.dll
0x00007fff1bcd0000 - 0x00007fff1be14000 	C:\Users\91989\.gradle\native\5664cfc778a61ccfe75a443a1ab52a65af34e5dc3c78e0209fed803814484fcb\windows-amd64\native-platform-file-events.dll
0x00007fff30490000 - 0x00007fff3049a000 	C:\Program Files\Android\Android Studio\jre\bin\management.dll
0x00007fff30310000 - 0x00007fff3031d000 	C:\Program Files\Android\Android Studio\jre\bin\management_ext.dll
0x00007fff3bd30000 - 0x00007fff3bd48000 	C:\Windows\SYSTEM32\CRYPTSP.dll
0x00007fff3b460000 - 0x00007fff3b494000 	C:\Windows\system32\rsaenh.dll
0x00007fff3cd40000 - 0x00007fff3cd67000 	C:\Windows\System32\bcrypt.dll
0x00007fff3c480000 - 0x00007fff3c4ae000 	C:\Windows\SYSTEM32\USERENV.dll
0x00007fff3bd50000 - 0x00007fff3bd5c000 	C:\Windows\SYSTEM32\CRYPTBASE.dll
0x00007fff3b830000 - 0x00007fff3b86b000 	C:\Windows\SYSTEM32\IPHLPAPI.DLL
0x00007fff3ee40000 - 0x00007fff3ee48000 	C:\Windows\System32\NSI.dll
0x00007fff328c0000 - 0x00007fff328d7000 	C:\Windows\SYSTEM32\dhcpcsvc6.DLL
0x00007fff328a0000 - 0x00007fff328bd000 	C:\Windows\SYSTEM32\dhcpcsvc.DLL
0x00007fff3b880000 - 0x00007fff3b94a000 	C:\Windows\SYSTEM32\DNSAPI.dll

dbghelp: loaded successfully - version: 4.0.5 - missing functions: none
symbol engine: initialized successfully - sym options: 0x614 - pdb path: .;C:\Program Files\Android\Android Studio\jre\bin;C:\Windows\SYSTEM32;C:\Windows\WinSxS\amd64_microsoft.windows.common-controls_6595b64144ccf1df_6.0.19041.1110_none_60b5254171f9507e;C:\Program Files\Android\Android Studio\jre\bin\server;C:\Users\91989\.gradle\native\e1d6ef7f7dcc3fd88c89a11ec53ec762bb8ba0a96d01ffa2cd45eb1d1d8dd5c5\windows-amd64;C:\Users\91989\.gradle\native\5664cfc778a61ccfe75a443a1ab52a65af34e5dc3c78e0209fed803814484fcb\windows-amd64

VM Arguments:
jvm_args: --add-opens=java.base/java.util=ALL-UNNAMED --add-opens=java.base/java.lang=ALL-UNNAMED --add-opens=java.base/java.lang.invoke=ALL-UNNAMED --add-opens=java.base/java.util=ALL-UNNAMED --add-opens=java.prefs/java.util.prefs=ALL-UNNAMED --add-opens=java.prefs/java.util.prefs=ALL-UNNAMED --add-opens=java.base/java.nio.charset=ALL-UNNAMED --add-opens=java.base/java.net=ALL-UNNAMED --add-opens=java.base/java.util.concurrent.atomic=ALL-UNNAMED -Xmx2048m -Dfile.encoding=UTF-8 -Duser.country=IN -Duser.language=en -Duser.variant 
java_command: org.gradle.launcher.daemon.bootstrap.GradleDaemon 7.2
java_class_path (initial): C:\Users\91989\.gradle\wrapper\dists\gradle-7.2-bin\2dnblmf4td7x66yl1d74lt32g\gradle-7.2\lib\gradle-launcher-7.2.jar
Launcher Type: SUN_STANDARD

[Global flags]
     intx CICompilerCount                          = 4                                         {product} {ergonomic}
     uint ConcGCThreads                            = 2                                         {product} {ergonomic}
     uint G1ConcRefinementThreads                  = 8                                         {product} {ergonomic}
   size_t G1HeapRegionSize                         = 1048576                                   {product} {ergonomic}
    uintx GCDrainStackTargetSize                   = 64                                        {product} {ergonomic}
   size_t InitialHeapSize                          = 134217728                                 {product} {ergonomic}
   size_t MarkStackSize                            = 4194304                                   {product} {ergonomic}
   size_t MaxHeapSize                              = 2147483648                                {product} {command line}
   size_t MaxNewSize                               = 1287651328                                {product} {ergonomic}
   size_t MinHeapDeltaBytes                        = 1048576                                   {product} {ergonomic}
    uintx NonNMethodCodeHeapSize                   = 5836300                                {pd product} {ergonomic}
    uintx NonProfiledCodeHeapSize                  = 122910970                              {pd product} {ergonomic}
    uintx ProfiledCodeHeapSize                     = 122910970                              {pd product} {ergonomic}
    uintx ReservedCodeCacheSize                    = 251658240                              {pd product} {ergonomic}
     bool SegmentedCodeCache                       = true                                      {product} {ergonomic}
     bool UseCompressedClassPointers               = true                                 {lp64_product} {ergonomic}
     bool UseCompressedOops                        = true                                 {lp64_product} {ergonomic}
     bool UseG1GC                                  = true                                      {product} {ergonomic}
     bool UseLargePagesIndividualAllocation        = false                                  {pd product} {ergonomic}

Logging:
Log output configuration:
 #0: stdout all=warning uptime,level,tags
 #1: stderr all=off uptime,level,tags

Environment Variables:
PATH=C:\Windows\system32;C:\Windows;C:\Windows\System32\Wbem;C:\Windows\System32\WindowsPowerShell\v1.0\;C:\Windows\System32\OpenSSH\;C:\Program Files\Git\cmd;C:\Users\91989\AppData\Local\Microsoft\WindowsApps;
USERNAME=91989
OS=Windows_NT
PROCESSOR_IDENTIFIER=Intel64 Family 6 Model 60 Stepping 3, GenuineIntel



---------------  S Y S T E M  ---------------

OS: Windows 10 , 64 bit Build 19041 (10.0.19041.2364)
OS uptime: 1 days 6:16 hours

CPU:total 8 (initial active 8) (4 cores per cpu, 2 threads per core) family 6 model 60 stepping 3 microcode 0x27, cmov, cx8, fxsr, mmx, sse, sse2, sse3, ssse3, sse4.1, sse4.2, popcnt, avx, avx2, aes, clmul, erms, lzcnt, ht, tsc, tscinvbit, bmi1, bmi2, fma

Memory: 4k page, system-wide physical 8124M (726M free)
TotalPageFile size 10172M (AvailPageFile size 8M)
current process WorkingSet (physical memory assigned to process): 392M, peak: 395M
current process commit charge ("private bytes"): 432M, peak: 436M

vm_info: OpenJDK 64-Bit Server VM (11.0.13+0-b1751.21-8125866) for windows-amd64 JRE (11.0.13+0-b1751.21-8125866), built on Feb  2 2022 03:00:22 by "builder" with MS VC++ 14.0 (VS2015)

END.
