#
# There is insufficient memory for the Java Runtime Environment to continue.
# Native memory allocation (malloc) failed to allocate 159376 bytes for Chunk::new
# Possible reasons:
#   The system is out of physical RAM or swap space
#   The process is running with CompressedOops enabled, and the Java Heap may be blocking the growth of the native heap
# Possible solutions:
#   Reduce memory load on the system
#   Increase physical memory or swap space
#   Check if swap backing store is full
#   Decrease Java heap size (-Xmx/-Xms)
#   Decrease number of Java threads
#   Decrease Java thread stack sizes (-Xss)
#   Set larger code cache with -XX:ReservedCodeCacheSize=
#   JVM is running with Unscaled Compressed Oops mode in which the Java heap is
#     placed in the first 4GB address space. The Java Heap base address is the
#     maximum limit for the native heap growth. Please use -XX:HeapBaseMinAddress
#     to set the Java Heap base and to place the Java Heap above 4GB virtual address.
# This output file may be truncated or incomplete.
#
#  Out of Memory Error (./src/hotspot/share/memory/arena.cpp:197), pid=67680, tid=67760
#
# JRE version: OpenJDK Runtime Environment (11.0.13) (build 11.0.13+0-b1751.21-8125866)
# Java VM: OpenJDK 64-Bit Server VM (11.0.13+0-b1751.21-8125866, mixed mode, tiered, compressed oops, g1 gc, windows-amd64)
# No core dump will be written. Minidumps are not enabled by default on client versions of Windows
#

---------------  S U M M A R Y ------------

Command Line: --add-opens=java.base/java.util=ALL-UNNAMED --add-opens=java.base/java.lang=ALL-UNNAMED --add-opens=java.base/java.lang.invoke=ALL-UNNAMED --add-opens=java.base/java.util=ALL-UNNAMED --add-opens=java.prefs/java.util.prefs=ALL-UNNAMED --add-opens=java.prefs/java.util.prefs=ALL-UNNAMED --add-opens=java.base/java.nio.charset=ALL-UNNAMED --add-opens=java.base/java.net=ALL-UNNAMED --add-opens=java.base/java.util.concurrent.atomic=ALL-UNNAMED -Xmx2048m -Dfile.encoding=UTF-8 -Duser.country=IN -Duser.language=en -Duser.variant org.gradle.launcher.daemon.bootstrap.GradleDaemon 7.2

Host: Intel(R) Core(TM) i7-4700MQ CPU @ 2.40GHz, 8 cores, 7G,  Windows 10 , 64 bit Build 19041 (10.0.19041.2364)
Time: Fri Jan  6 15:26:57 2023 India Standard Time elapsed time: 7.170816 seconds (0d 0h 0m 7s)

---------------  T H R E A D  ---------------

Current thread (0x000002aa50612000):  JavaThread "C2 CompilerThread1" daemon [_thread_in_native, id=67760, stack(0x000000b83e600000,0x000000b83e700000)]


Current CompileTask:
C2:   7170 5480       4       groovyjarjarantlr4.v4.runtime.atn.ParserATNSimulator::getEpsilonTarget (147 bytes)

Stack: [0x000000b83e600000,0x000000b83e700000]
Native frames: (J=compiled Java code, j=interpreted, Vv=VM code, C=native code)
V  [jvm.dll+0x6100fa]
V  [jvm.dll+0x747090]
V  [jvm.dll+0x7486ad]
V  [jvm.dll+0x748d83]
V  [jvm.dll+0x24ab48]
V  [jvm.dll+0xc04dc]
V  [jvm.dll+0xc0a0c]
V  [jvm.dll+0x50829e]
V  [jvm.dll+0x32b862]
V  [jvm.dll+0x32ad2a]
V  [jvm.dll+0x2032b2]
V  [jvm.dll+0x202437]
V  [jvm.dll+0x188e01]
V  [jvm.dll+0x21106b]
V  [jvm.dll+0x20f8c1]
V  [jvm.dll+0x70de0f]
V  [jvm.dll+0x706a75]
V  [jvm.dll+0x60ed66]
C  [ucrtbase.dll+0x21bb2]
C  [KERNEL32.DLL+0x17614]
C  [ntdll.dll+0x526a1]


---------------  P R O C E S S  ---------------

Threads class SMR info:
_java_thread_list=0x000002aa54a5bf00, length=123, elements={
0x000002aa32a16800, 0x000002aa4ded2800, 0x000002aa4dedd800, 0x000002aa4df3d800,
0x000002aa4df3e800, 0x000002aa4df3f800, 0x000002aa4df4d800, 0x000002aa4df50800,
0x000002aa4df5b000, 0x000002aa4e0c6000, 0x000002aa4fa38800, 0x000002aa4e19e000,
0x000002aa4e3fc000, 0x000002aa4fe3e000, 0x000002aa5048a000, 0x000002aa4f546000,
0x000002aa509f3800, 0x000002aa50612000, 0x000002aa4f68c800, 0x000002aa508a8000,
0x000002aa4f92d000, 0x000002aa50bc4800, 0x000002aa50bc5000, 0x000002aa50bc6000,
0x000002aa50bc7000, 0x000002aa50bc7800, 0x000002aa50bc2800, 0x000002aa50bc2000,
0x000002aa50bc3800, 0x000002aa53240800, 0x000002aa50bc8800, 0x000002aa5192d000,
0x000002aa5192f800, 0x000002aa51931000, 0x000002aa51930800, 0x000002aa5192c000,
0x000002aa51932800, 0x000002aa51933800, 0x000002aa5192e000, 0x000002aa51939800,
0x000002aa51937000, 0x000002aa51934800, 0x000002aa51938800, 0x000002aa5193a000,
0x000002aa51936000, 0x000002aa51935000, 0x000002aa51937800, 0x000002aa53e13800,
0x000002aa53e18800, 0x000002aa53e16800, 0x000002aa53e15000, 0x000002aa53e16000,
0x000002aa53e17800, 0x000002aa53e19000, 0x000002aa53e1a000, 0x000002aa53e14000,
0x000002aa53e1d000, 0x000002aa53e1f000, 0x000002aa53e1b800, 0x000002aa53e1e000,
0x000002aa53e20800, 0x000002aa53e1a800, 0x000002aa53e21000, 0x000002aa53e1c800,
0x000002aa53e1f800, 0x000002aa53e22000, 0x000002aa4e8b2000, 0x000002aa4e8ae000,
0x000002aa4e8b0800, 0x000002aa4e8b3000, 0x000002aa4e8ad000, 0x000002aa4e8b4000,
0x000002aa4e8b1800, 0x000002aa4e8b4800, 0x000002aa4e8af000, 0x000002aa4e8b5800,
0x000002aa4e8af800, 0x000002aa4e8ba800, 0x000002aa4e8b6000, 0x000002aa4e8b8800,
0x000002aa4e8bc000, 0x000002aa4e8b7000, 0x000002aa4e8b8000, 0x000002aa4e8b9800,
0x000002aa4e8bb000, 0x000002aa4fe6d000, 0x000002aa4fe70800, 0x000002aa4fe6b000,
0x000002aa4fe6c800, 0x000002aa4fe71800, 0x000002aa4fe6b800, 0x000002aa4fe72000,
0x000002aa4fe6e000, 0x000002aa4fe73000, 0x000002aa4fe74000, 0x000002aa4fe74800,
0x000002aa4fe6f000, 0x000002aa4fe6f800, 0x000002aa4fe78000, 0x000002aa4fe75800,
0x000002aa4fe79800, 0x000002aa4fe78800, 0x000002aa4fe76000, 0x000002aa4fe77000,
0x000002aa51d21000, 0x000002aa51d22000, 0x000002aa51d1d000, 0x000002aa51d23800,
0x000002aa51d1e000, 0x000002aa51d20800, 0x000002aa51d1e800, 0x000002aa51d24800,
0x000002aa51d22800, 0x000002aa51d1f800, 0x000002aa51d27000, 0x000002aa51d2a000,
0x000002aa51d25000, 0x000002aa51d28800, 0x000002aa51d29800, 0x000002aa51d2b000,
0x000002aa51d2b800, 0x000002aa51d26000, 0x000002aa51d27800
}

Java Threads: ( => current thread )
  0x000002aa32a16800 JavaThread "main" [_thread_blocked, id=67372, stack(0x000000b83cc00000,0x000000b83cd00000)]
  0x000002aa4ded2800 JavaThread "Reference Handler" daemon [_thread_blocked, id=62580, stack(0x000000b83d300000,0x000000b83d400000)]
  0x000002aa4dedd800 JavaThread "Finalizer" daemon [_thread_blocked, id=68024, stack(0x000000b83d400000,0x000000b83d500000)]
  0x000002aa4df3d800 JavaThread "Signal Dispatcher" daemon [_thread_blocked, id=68028, stack(0x000000b83d500000,0x000000b83d600000)]
  0x000002aa4df3e800 JavaThread "Attach Listener" daemon [_thread_blocked, id=68260, stack(0x000000b83d600000,0x000000b83d700000)]
  0x000002aa4df3f800 JavaThread "Service Thread" daemon [_thread_blocked, id=64332, stack(0x000000b83d700000,0x000000b83d800000)]
  0x000002aa4df4d800 JavaThread "C2 CompilerThread0" daemon [_thread_in_native, id=61048, stack(0x000000b83d800000,0x000000b83d900000)]
  0x000002aa4df50800 JavaThread "C1 CompilerThread0" daemon [_thread_blocked, id=66388, stack(0x000000b83d900000,0x000000b83da00000)]
  0x000002aa4df5b000 JavaThread "Sweeper thread" daemon [_thread_blocked, id=9996, stack(0x000000b83da00000,0x000000b83db00000)]
  0x000002aa4e0c6000 JavaThread "Common-Cleaner" daemon [_thread_blocked, id=66996, stack(0x000000b83db00000,0x000000b83dc00000)]
  0x000002aa4fa38800 JavaThread "Daemon health stats" [_thread_blocked, id=65028, stack(0x000000b83e100000,0x000000b83e200000)]
  0x000002aa4e19e000 JavaThread "Incoming local TCP Connector on port 64272" [_thread_in_native, id=68164, stack(0x000000b83dd00000,0x000000b83de00000)]
  0x000002aa4e3fc000 JavaThread "Daemon periodic checks" [_thread_blocked, id=68448, stack(0x000000b83de00000,0x000000b83df00000)]
  0x000002aa4fe3e000 JavaThread "Daemon" [_thread_blocked, id=68336, stack(0x000000b83e200000,0x000000b83e300000)]
  0x000002aa5048a000 JavaThread "Handler for socket connection from /127.0.0.1:64272 to /127.0.0.1:64273" [_thread_in_native, id=67952, stack(0x000000b83e300000,0x000000b83e400000)]
  0x000002aa4f546000 JavaThread "Cancel handler" [_thread_blocked, id=66296, stack(0x000000b83e400000,0x000000b83e500000)]
  0x000002aa509f3800 JavaThread "Daemon worker" [_thread_in_Java, id=54152, stack(0x000000b83e500000,0x000000b83e600000)]
=>0x000002aa50612000 JavaThread "C2 CompilerThread1" daemon [_thread_in_native, id=67760, stack(0x000000b83e600000,0x000000b83e700000)]
  0x000002aa4f68c800 JavaThread "Asynchronous log dispatcher for DefaultDaemonConnection: socket connection from /127.0.0.1:64272 to /127.0.0.1:64273" [_thread_blocked, id=42060, stack(0x000000b83e700000,0x000000b83e800000)]
  0x000002aa508a8000 JavaThread "Stdin handler" [_thread_blocked, id=59824, stack(0x000000b83e800000,0x000000b83e900000)]
  0x000002aa4f92d000 JavaThread "Daemon client event forwarder" [_thread_blocked, id=65608, stack(0x000000b83e900000,0x000000b83ea00000)]
  0x000002aa50bc4800 JavaThread "Cache worker for journal cache (C:\Users\91989\.gradle\caches\journal-1)" [_thread_blocked, id=62536, stack(0x000000b83ef00000,0x000000b83f000000)]
  0x000002aa50bc5000 JavaThread "File lock request listener" [_thread_in_native, id=66580, stack(0x000000b83f000000,0x000000b83f100000)]
  0x000002aa50bc6000 JavaThread "Cache worker for file hash cache (C:\Users\91989\.gradle\caches\7.2\fileHashes)" [_thread_blocked, id=6168, stack(0x000000b83f100000,0x000000b83f200000)]
  0x000002aa50bc7000 JavaThread "Cache worker for file hash cache (F:\clicknow\.gradle\7.2\fileHashes)" [_thread_blocked, id=67672, stack(0x000000b83f300000,0x000000b83f400000)]
  0x000002aa50bc7800 JavaThread "File watcher server" daemon [_thread_in_native, id=63224, stack(0x000000b83f400000,0x000000b83f500000)]
  0x000002aa50bc2800 JavaThread "File watcher consumer" daemon [_thread_blocked, id=67436, stack(0x000000b83f500000,0x000000b83f600000)]
  0x000002aa50bc2000 JavaThread "Cache worker for checksums cache (F:\clicknow\.gradle\checksums)" [_thread_blocked, id=68504, stack(0x000000b83f600000,0x000000b83f700000)]
  0x000002aa50bc3800 JavaThread "Cache worker for cache directory md-supplier (C:\Users\91989\.gradle\caches\7.2\md-supplier)" [_thread_blocked, id=64036, stack(0x000000b83f700000,0x000000b83f800000)]
  0x000002aa53240800 JavaThread "C2 CompilerThread2" daemon [_thread_in_native, id=2972, stack(0x000000b83f800000,0x000000b83f900000)]
  0x000002aa50bc8800 JavaThread "Cache worker for cache directory md-rule (C:\Users\91989\.gradle\caches\7.2\md-rule)" [_thread_blocked, id=68032, stack(0x000000b83f900000,0x000000b83fa00000)]
  0x000002aa5192d000 JavaThread "Cache worker for execution history cache (C:\Users\91989\.gradle\caches\7.2\executionHistory)" [_thread_blocked, id=57272, stack(0x000000b83fa00000,0x000000b83fb00000)]
  0x000002aa5192f800 JavaThread "jar transforms" [_thread_blocked, id=62564, stack(0x000000b83fb00000,0x000000b83fc00000)]
  0x000002aa51931000 JavaThread "Cache worker for file content cache (C:\Users\91989\.gradle\caches\7.2\fileContent)" [_thread_blocked, id=64428, stack(0x000000b83fc00000,0x000000b83fd00000)]
  0x000002aa51930800 JavaThread "jar transforms Thread 2" [_thread_blocked, id=64320, stack(0x000000b83fd00000,0x000000b83fe00000)]
  0x000002aa5192c000 JavaThread "Cache worker for dependencies-accessors (F:\clicknow\.gradle\7.2\dependencies-accessors)" [_thread_blocked, id=11076, stack(0x000000b83fe00000,0x000000b83ff00000)]
  0x000002aa51932800 JavaThread "jar transforms Thread 3" [_thread_blocked, id=57244, stack(0x000000b83ff00000,0x000000b840000000)]
  0x000002aa51933800 JavaThread "Cache worker for Build Output Cleanup Cache (F:\clicknow\.gradle\buildOutputCleanup)" [_thread_blocked, id=67056, stack(0x000000b840000000,0x000000b840100000)]
  0x000002aa5192e000 JavaThread "Unconstrained build operations" [_thread_blocked, id=59136, stack(0x000000b840100000,0x000000b840200000)]
  0x000002aa51939800 JavaThread "Unconstrained build operations Thread 2" [_thread_blocked, id=62776, stack(0x000000b840200000,0x000000b840300000)]
  0x000002aa51937000 JavaThread "Unconstrained build operations Thread 3" [_thread_blocked, id=63672, stack(0x000000b840300000,0x000000b840400000)]
  0x000002aa51934800 JavaThread "Unconstrained build operations Thread 4" [_thread_blocked, id=62568, stack(0x000000b840400000,0x000000b840500000)]
  0x000002aa51938800 JavaThread "Unconstrained build operations Thread 5" [_thread_blocked, id=68240, stack(0x000000b840500000,0x000000b840600000)]
  0x000002aa5193a000 JavaThread "Unconstrained build operations Thread 6" [_thread_blocked, id=62796, stack(0x000000b840600000,0x000000b840700000)]
  0x000002aa51936000 JavaThread "Unconstrained build operations Thread 7" [_thread_blocked, id=67916, stack(0x000000b840700000,0x000000b840800000)]
  0x000002aa51935000 JavaThread "Unconstrained build operations Thread 8" [_thread_blocked, id=50200, stack(0x000000b840800000,0x000000b840900000)]
  0x000002aa51937800 JavaThread "Unconstrained build operations Thread 9" [_thread_blocked, id=68392, stack(0x000000b840900000,0x000000b840a00000)]
  0x000002aa53e13800 JavaThread "Unconstrained build operations Thread 10" [_thread_blocked, id=68556, stack(0x000000b840a00000,0x000000b840b00000)]
  0x000002aa53e18800 JavaThread "Unconstrained build operations Thread 11" [_thread_blocked, id=60096, stack(0x000000b840b00000,0x000000b840c00000)]
  0x000002aa53e16800 JavaThread "Unconstrained build operations Thread 12" [_thread_blocked, id=67208, stack(0x000000b840c00000,0x000000b840d00000)]
  0x000002aa53e15000 JavaThread "Unconstrained build operations Thread 13" [_thread_blocked, id=62752, stack(0x000000b840d00000,0x000000b840e00000)]
  0x000002aa53e16000 JavaThread "Unconstrained build operations Thread 14" [_thread_blocked, id=65612, stack(0x000000b840e00000,0x000000b840f00000)]
  0x000002aa53e17800 JavaThread "Unconstrained build operations Thread 15" [_thread_blocked, id=61552, stack(0x000000b840f00000,0x000000b841000000)]
  0x000002aa53e19000 JavaThread "Unconstrained build operations Thread 16" [_thread_blocked, id=68560, stack(0x000000b841000000,0x000000b841100000)]
  0x000002aa53e1a000 JavaThread "Unconstrained build operations Thread 17" [_thread_blocked, id=5196, stack(0x000000b841100000,0x000000b841200000)]
  0x000002aa53e14000 JavaThread "Unconstrained build operations Thread 18" [_thread_blocked, id=63072, stack(0x000000b841200000,0x000000b841300000)]
  0x000002aa53e1d000 JavaThread "Unconstrained build operations Thread 19" [_thread_blocked, id=68228, stack(0x000000b841300000,0x000000b841400000)]
  0x000002aa53e1f000 JavaThread "Unconstrained build operations Thread 20" [_thread_blocked, id=67796, stack(0x000000b841400000,0x000000b841500000)]
  0x000002aa53e1b800 JavaThread "Unconstrained build operations Thread 21" [_thread_blocked, id=68204, stack(0x000000b841500000,0x000000b841600000)]
  0x000002aa53e1e000 JavaThread "Unconstrained build operations Thread 22" [_thread_blocked, id=63332, stack(0x000000b841600000,0x000000b841700000)]
  0x000002aa53e20800 JavaThread "Unconstrained build operations Thread 23" [_thread_blocked, id=61648, stack(0x000000b841700000,0x000000b841800000)]
  0x000002aa53e1a800 JavaThread "Unconstrained build operations Thread 24" [_thread_blocked, id=68396, stack(0x000000b841800000,0x000000b841900000)]
  0x000002aa53e21000 JavaThread "Unconstrained build operations Thread 25" [_thread_blocked, id=67876, stack(0x000000b841900000,0x000000b841a00000)]
  0x000002aa53e1c800 JavaThread "Unconstrained build operations Thread 26" [_thread_blocked, id=62488, stack(0x000000b841a00000,0x000000b841b00000)]
  0x000002aa53e1f800 JavaThread "Unconstrained build operations Thread 27" [_thread_blocked, id=65592, stack(0x000000b841b00000,0x000000b841c00000)]
  0x000002aa53e22000 JavaThread "Unconstrained build operations Thread 28" [_thread_blocked, id=68020, stack(0x000000b841c00000,0x000000b841d00000)]
  0x000002aa4e8b2000 JavaThread "Unconstrained build operations Thread 29" [_thread_blocked, id=64264, stack(0x000000b841d00000,0x000000b841e00000)]
  0x000002aa4e8ae000 JavaThread "Unconstrained build operations Thread 30" [_thread_blocked, id=65036, stack(0x000000b841e00000,0x000000b841f00000)]
  0x000002aa4e8b0800 JavaThread "Unconstrained build operations Thread 31" [_thread_blocked, id=63536, stack(0x000000b841f00000,0x000000b842000000)]
  0x000002aa4e8b3000 JavaThread "Unconstrained build operations Thread 32" [_thread_blocked, id=68464, stack(0x000000b842000000,0x000000b842100000)]
  0x000002aa4e8ad000 JavaThread "Unconstrained build operations Thread 33" [_thread_blocked, id=2912, stack(0x000000b842100000,0x000000b842200000)]
  0x000002aa4e8b4000 JavaThread "Unconstrained build operations Thread 34" [_thread_blocked, id=56336, stack(0x000000b842200000,0x000000b842300000)]
  0x000002aa4e8b1800 JavaThread "Unconstrained build operations Thread 35" [_thread_blocked, id=63572, stack(0x000000b842300000,0x000000b842400000)]
  0x000002aa4e8b4800 JavaThread "Unconstrained build operations Thread 36" [_thread_blocked, id=66044, stack(0x000000b842400000,0x000000b842500000)]
  0x000002aa4e8af000 JavaThread "Unconstrained build operations Thread 37" [_thread_blocked, id=39972, stack(0x000000b842500000,0x000000b842600000)]
  0x000002aa4e8b5800 JavaThread "Unconstrained build operations Thread 38" [_thread_blocked, id=68452, stack(0x000000b842600000,0x000000b842700000)]
  0x000002aa4e8af800 JavaThread "Unconstrained build operations Thread 39" [_thread_blocked, id=66148, stack(0x000000b842700000,0x000000b842800000)]
  0x000002aa4e8ba800 JavaThread "Unconstrained build operations Thread 40" [_thread_blocked, id=60464, stack(0x000000b842800000,0x000000b842900000)]
  0x000002aa4e8b6000 JavaThread "Unconstrained build operations Thread 41" [_thread_blocked, id=60720, stack(0x000000b842900000,0x000000b842a00000)]
  0x000002aa4e8b8800 JavaThread "Unconstrained build operations Thread 42" [_thread_blocked, id=59224, stack(0x000000b842a00000,0x000000b842b00000)]
  0x000002aa4e8bc000 JavaThread "Unconstrained build operations Thread 43" [_thread_blocked, id=65132, stack(0x000000b842b00000,0x000000b842c00000)]
  0x000002aa4e8b7000 JavaThread "Unconstrained build operations Thread 44" [_thread_blocked, id=68612, stack(0x000000b842c00000,0x000000b842d00000)]
  0x000002aa4e8b8000 JavaThread "Unconstrained build operations Thread 45" [_thread_blocked, id=68616, stack(0x000000b842d00000,0x000000b842e00000)]
  0x000002aa4e8b9800 JavaThread "Unconstrained build operations Thread 46" [_thread_blocked, id=68620, stack(0x000000b842e00000,0x000000b842f00000)]
  0x000002aa4e8bb000 JavaThread "Unconstrained build operations Thread 47" [_thread_blocked, id=68624, stack(0x000000b842f00000,0x000000b843000000)]
  0x000002aa4fe6d000 JavaThread "Unconstrained build operations Thread 48" [_thread_blocked, id=68628, stack(0x000000b843000000,0x000000b843100000)]
  0x000002aa4fe70800 JavaThread "Unconstrained build operations Thread 49" [_thread_blocked, id=68632, stack(0x000000b843100000,0x000000b843200000)]
  0x000002aa4fe6b000 JavaThread "Unconstrained build operations Thread 50" [_thread_blocked, id=68636, stack(0x000000b843200000,0x000000b843300000)]
  0x000002aa4fe6c800 JavaThread "Unconstrained build operations Thread 51" [_thread_blocked, id=68640, stack(0x000000b843300000,0x000000b843400000)]
  0x000002aa4fe71800 JavaThread "Unconstrained build operations Thread 52" [_thread_blocked, id=68644, stack(0x000000b843400000,0x000000b843500000)]
  0x000002aa4fe6b800 JavaThread "Unconstrained build operations Thread 53" [_thread_blocked, id=68648, stack(0x000000b843500000,0x000000b843600000)]
  0x000002aa4fe72000 JavaThread "Unconstrained build operations Thread 54" [_thread_blocked, id=68652, stack(0x000000b843600000,0x000000b843700000)]
  0x000002aa4fe6e000 JavaThread "Unconstrained build operations Thread 55" [_thread_blocked, id=68656, stack(0x000000b843700000,0x000000b843800000)]
  0x000002aa4fe73000 JavaThread "Unconstrained build operations Thread 56" [_thread_blocked, id=68660, stack(0x000000b843800000,0x000000b843900000)]
  0x000002aa4fe74000 JavaThread "Unconstrained build operations Thread 57" [_thread_blocked, id=68664, stack(0x000000b843900000,0x000000b843a00000)]
  0x000002aa4fe74800 JavaThread "Unconstrained build operations Thread 58" [_thread_blocked, id=68668, stack(0x000000b843a00000,0x000000b843b00000)]
  0x000002aa4fe6f000 JavaThread "Unconstrained build operations Thread 59" [_thread_blocked, id=68672, stack(0x000000b843b00000,0x000000b843c00000)]
  0x000002aa4fe6f800 JavaThread "Unconstrained build operations Thread 60" [_thread_blocked, id=68676, stack(0x000000b843c00000,0x000000b843d00000)]
  0x000002aa4fe78000 JavaThread "Unconstrained build operations Thread 61" [_thread_blocked, id=68680, stack(0x000000b843d00000,0x000000b843e00000)]
  0x000002aa4fe75800 JavaThread "Unconstrained build operations Thread 62" [_thread_blocked, id=68684, stack(0x000000b843e00000,0x000000b843f00000)]
  0x000002aa4fe79800 JavaThread "Unconstrained build operations Thread 63" [_thread_blocked, id=68688, stack(0x000000b843f00000,0x000000b844000000)]
  0x000002aa4fe78800 JavaThread "Unconstrained build operations Thread 64" [_thread_blocked, id=68692, stack(0x000000b844000000,0x000000b844100000)]
  0x000002aa4fe76000 JavaThread "Unconstrained build operations Thread 65" [_thread_blocked, id=68696, stack(0x000000b844100000,0x000000b844200000)]
  0x000002aa4fe77000 JavaThread "Unconstrained build operations Thread 66" [_thread_blocked, id=68700, stack(0x000000b844200000,0x000000b844300000)]
  0x000002aa51d21000 JavaThread "Unconstrained build operations Thread 67" [_thread_blocked, id=68704, stack(0x000000b844300000,0x000000b844400000)]
  0x000002aa51d22000 JavaThread "Unconstrained build operations Thread 68" [_thread_blocked, id=68708, stack(0x000000b844400000,0x000000b844500000)]
  0x000002aa51d1d000 JavaThread "Unconstrained build operations Thread 69" [_thread_blocked, id=68712, stack(0x000000b844500000,0x000000b844600000)]
  0x000002aa51d23800 JavaThread "Unconstrained build operations Thread 70" [_thread_blocked, id=68716, stack(0x000000b844600000,0x000000b844700000)]
  0x000002aa51d1e000 JavaThread "Unconstrained build operations Thread 71" [_thread_blocked, id=68720, stack(0x000000b844700000,0x000000b844800000)]
  0x000002aa51d20800 JavaThread "Unconstrained build operations Thread 72" [_thread_blocked, id=68724, stack(0x000000b844800000,0x000000b844900000)]
  0x000002aa51d1e800 JavaThread "Unconstrained build operations Thread 73" [_thread_blocked, id=68728, stack(0x000000b844900000,0x000000b844a00000)]
  0x000002aa51d24800 JavaThread "Unconstrained build operations Thread 74" [_thread_blocked, id=68732, stack(0x000000b844a00000,0x000000b844b00000)]
  0x000002aa51d22800 JavaThread "Unconstrained build operations Thread 75" [_thread_blocked, id=68736, stack(0x000000b844b00000,0x000000b844c00000)]
  0x000002aa51d1f800 JavaThread "Unconstrained build operations Thread 76" [_thread_blocked, id=68740, stack(0x000000b844c00000,0x000000b844d00000)]
  0x000002aa51d27000 JavaThread "Unconstrained build operations Thread 77" [_thread_blocked, id=68744, stack(0x000000b844d00000,0x000000b844e00000)]
  0x000002aa51d2a000 JavaThread "Unconstrained build operations Thread 78" [_thread_blocked, id=68748, stack(0x000000b844e00000,0x000000b844f00000)]
  0x000002aa51d25000 JavaThread "Unconstrained build operations Thread 79" [_thread_blocked, id=68752, stack(0x000000b844f00000,0x000000b845000000)]
  0x000002aa51d28800 JavaThread "Unconstrained build operations Thread 80" [_thread_blocked, id=68756, stack(0x000000b845000000,0x000000b845100000)]
  0x000002aa51d29800 JavaThread "jar transforms Thread 4" [_thread_blocked, id=68764, stack(0x000000b845100000,0x000000b845200000)]
  0x000002aa51d2b000 JavaThread "jar transforms Thread 5" [_thread_blocked, id=68768, stack(0x000000b845200000,0x000000b845300000)]
  0x000002aa51d2b800 JavaThread "jar transforms Thread 6" [_thread_blocked, id=68772, stack(0x000000b845300000,0x000000b845400000)]
  0x000002aa51d26000 JavaThread "jar transforms Thread 7" [_thread_blocked, id=68776, stack(0x000000b845400000,0x000000b845500000)]
  0x000002aa51d27800 JavaThread "jar transforms Thread 8" [_thread_blocked, id=68780, stack(0x000000b845500000,0x000000b845600000)]

Other Threads:
  0x000002aa4ded0000 VMThread "VM Thread" [stack: 0x000000b83d200000,0x000000b83d300000] [id=64312]
  0x000002aa4e0f0000 WatcherThread [stack: 0x000000b83dc00000,0x000000b83dd00000] [id=65088]
  0x000002aa32a30000 GCTaskThread "GC Thread#0" [stack: 0x000000b83cd00000,0x000000b83ce00000] [id=68076]
  0x000002aa4e811000 GCTaskThread "GC Thread#1" [stack: 0x000000b83df00000,0x000000b83e000000] [id=67892]
  0x000002aa4edae000 GCTaskThread "GC Thread#2" [stack: 0x000000b83e000000,0x000000b83e100000] [id=61528]
  0x000002aa5049d000 GCTaskThread "GC Thread#3" [stack: 0x000000b83ea00000,0x000000b83eb00000] [id=65412]
  0x000002aa4f516000 GCTaskThread "GC Thread#4" [stack: 0x000000b83eb00000,0x000000b83ec00000] [id=68572]
  0x000002aa4f517000 GCTaskThread "GC Thread#5" [stack: 0x000000b83ec00000,0x000000b83ed00000] [id=67944]
  0x000002aa502b5800 GCTaskThread "GC Thread#6" [stack: 0x000000b83ed00000,0x000000b83ee00000] [id=66432]
  0x000002aa502b6000 GCTaskThread "GC Thread#7" [stack: 0x000000b83ee00000,0x000000b83ef00000] [id=64752]
  0x000002aa32a61000 ConcurrentGCThread "G1 Main Marker" [stack: 0x000000b83ce00000,0x000000b83cf00000] [id=62924]
  0x000002aa32a62800 ConcurrentGCThread "G1 Conc#0" [stack: 0x000000b83cf00000,0x000000b83d000000] [id=68220]
  0x000002aa50216800 ConcurrentGCThread "G1 Conc#1" [stack: 0x000000b83f200000,0x000000b83f300000] [id=54304]
  0x000002aa4cd9a000 ConcurrentGCThread "G1 Refine#0" [stack: 0x000000b83d000000,0x000000b83d100000] [id=62164]
  0x000002aa4cd9b000 ConcurrentGCThread "G1 Young RemSet Sampling" [stack: 0x000000b83d100000,0x000000b83d200000] [id=64572]

Threads with active compile tasks:
C2 CompilerThread0   7231 5449       4       groovyjarjarantlr4.v4.runtime.atn.ParserATNSimulator::closure (784 bytes)
C2 CompilerThread1   7231 5480       4       groovyjarjarantlr4.v4.runtime.atn.ParserATNSimulator::getEpsilonTarget (147 bytes)
C2 CompilerThread2   7231 5504       4       groovyjarjarantlr4.v4.runtime.atn.PredictionContext::join (569 bytes)

VM state:not at safepoint (normal execution)

VM Mutex/Monitor currently owned by a thread: None

Heap address: 0x0000000080000000, size: 2048 MB, Compressed Oops mode: 32-bit
Narrow klass base: 0x0000000000000000, Narrow klass shift: 3
Compressed class space size: 1073741824 Address: 0x0000000100000000

Heap:
 garbage-first heap   total 157696K, used 56260K [0x0000000080000000, 0x0000000100000000)
  region size 1024K, 23 young (23552K), 11 survivors (11264K)
 Metaspace       used 51298K, capacity 52609K, committed 52816K, reserved 1097728K
  class space    used 6581K, capacity 7052K, committed 7168K, reserved 1048576K
Heap Regions: E=young(eden), S=young(survivor), O=old, HS=humongous(starts), HC=humongous(continues), CS=collection set, F=free, A=archive, TAMS=top-at-mark-start (previous, next)
|   0|0x0000000080000000, 0x0000000080100000, 0x0000000080100000|100%| O|  |TAMS 0x0000000080100000, 0x0000000080000000| Untracked 
|   1|0x0000000080100000, 0x0000000080200000, 0x0000000080200000|100%| O|  |TAMS 0x0000000080200000, 0x0000000080100000| Untracked 
|   2|0x0000000080200000, 0x0000000080300000, 0x0000000080300000|100%| O|  |TAMS 0x0000000080300000, 0x0000000080200000| Untracked 
|   3|0x0000000080300000, 0x0000000080400000, 0x0000000080400000|100%|HS|  |TAMS 0x0000000080400000, 0x0000000080300000| Complete 
|   4|0x0000000080400000, 0x0000000080500000, 0x0000000080500000|100%|HC|  |TAMS 0x0000000080500000, 0x0000000080400000| Complete 
|   5|0x0000000080500000, 0x0000000080600000, 0x0000000080600000|100%|HC|  |TAMS 0x0000000080600000, 0x0000000080500000| Complete 
|   6|0x0000000080600000, 0x0000000080700000, 0x0000000080700000|100%| O|  |TAMS 0x0000000080700000, 0x0000000080600000| Untracked 
|   7|0x0000000080700000, 0x0000000080800000, 0x0000000080800000|100%| O|  |TAMS 0x0000000080800000, 0x0000000080700000| Untracked 
|   8|0x0000000080800000, 0x0000000080900000, 0x0000000080900000|100%| O|  |TAMS 0x0000000080900000, 0x0000000080800000| Untracked 
|   9|0x0000000080900000, 0x0000000080a00000, 0x0000000080a00000|100%| O|  |TAMS 0x0000000080a00000, 0x0000000080900000| Untracked 
|  10|0x0000000080a00000, 0x0000000080b00000, 0x0000000080b00000|100%| O|  |TAMS 0x0000000080b00000, 0x0000000080a00000| Untracked 
|  11|0x0000000080b00000, 0x0000000080c00000, 0x0000000080c00000|100%| O|  |TAMS 0x0000000080c00000, 0x0000000080b00000| Untracked 
|  12|0x0000000080c00000, 0x0000000080d00000, 0x0000000080d00000|100%| O|  |TAMS 0x0000000080d00000, 0x0000000080c00000| Untracked 
|  13|0x0000000080d00000, 0x0000000080e00000, 0x0000000080e00000|100%| O|  |TAMS 0x0000000080e00000, 0x0000000080d00000| Untracked 
|  14|0x0000000080e00000, 0x0000000080f00000, 0x0000000080f00000|100%| O|  |TAMS 0x0000000080f00000, 0x0000000080e00000| Untracked 
|  15|0x0000000080f00000, 0x0000000081000000, 0x0000000081000000|100%| O|  |TAMS 0x0000000080fde400, 0x0000000080f00000| Untracked 
|  16|0x0000000081000000, 0x0000000081100000, 0x0000000081100000|100%|HS|  |TAMS 0x0000000081000000, 0x0000000081000000| Complete 
|  17|0x0000000081100000, 0x0000000081200000, 0x0000000081200000|100%| O|  |TAMS 0x0000000081100000, 0x0000000081100000| Untracked 
|  18|0x0000000081200000, 0x0000000081300000, 0x0000000081300000|100%| O|  |TAMS 0x0000000081200000, 0x0000000081200000| Untracked 
|  19|0x0000000081300000, 0x0000000081400000, 0x0000000081400000|100%| O|  |TAMS 0x0000000081300000, 0x0000000081300000| Untracked 
|  20|0x0000000081400000, 0x0000000081500000, 0x0000000081500000|100%| O|  |TAMS 0x0000000081400000, 0x0000000081400000| Untracked 
|  21|0x0000000081500000, 0x0000000081600000, 0x0000000081600000|100%| O|  |TAMS 0x0000000081500000, 0x0000000081500000| Untracked 
|  22|0x0000000081600000, 0x0000000081700000, 0x0000000081700000|100%| O|  |TAMS 0x0000000081600000, 0x0000000081600000| Untracked 
|  23|0x0000000081700000, 0x0000000081800000, 0x0000000081800000|100%| O|  |TAMS 0x0000000081700000, 0x0000000081700000| Untracked 
|  24|0x0000000081800000, 0x0000000081900000, 0x0000000081900000|100%| O|  |TAMS 0x0000000081800000, 0x0000000081800000| Untracked 
|  25|0x0000000081900000, 0x0000000081a00000, 0x0000000081a00000|100%| O|  |TAMS 0x0000000081900000, 0x0000000081900000| Untracked 
|  26|0x0000000081a00000, 0x0000000081b00000, 0x0000000081b00000|100%| O|  |TAMS 0x0000000081a00000, 0x0000000081a00000| Untracked 
|  27|0x0000000081b00000, 0x0000000081c00000, 0x0000000081c00000|100%| O|  |TAMS 0x0000000081b00000, 0x0000000081b00000| Untracked 
|  28|0x0000000081c00000, 0x0000000081d00000, 0x0000000081d00000|100%|HS|  |TAMS 0x0000000081c00000, 0x0000000081c00000| Complete 
|  29|0x0000000081d00000, 0x0000000081e00000, 0x0000000081e00000|100%|HS|  |TAMS 0x0000000081d00000, 0x0000000081d00000| Complete 
|  30|0x0000000081e00000, 0x0000000081f00000, 0x0000000081f00000|100%|HS|  |TAMS 0x0000000081e00000, 0x0000000081e00000| Complete 
|  31|0x0000000081f00000, 0x0000000082000000, 0x0000000082000000|100%|HC|  |TAMS 0x0000000081f00000, 0x0000000081f00000| Complete 
|  32|0x0000000082000000, 0x00000000820f1200, 0x0000000082100000| 94%| O|  |TAMS 0x0000000082000000, 0x0000000082000000| Untracked 
|  33|0x0000000082100000, 0x0000000082100000, 0x0000000082200000|  0%| F|  |TAMS 0x0000000082100000, 0x0000000082100000| Untracked 
|  34|0x0000000082200000, 0x0000000082200000, 0x0000000082300000|  0%| F|  |TAMS 0x0000000082200000, 0x0000000082200000| Untracked 
|  35|0x0000000082300000, 0x0000000082300000, 0x0000000082400000|  0%| F|  |TAMS 0x0000000082300000, 0x0000000082300000| Untracked 
|  36|0x0000000082400000, 0x0000000082400000, 0x0000000082500000|  0%| F|  |TAMS 0x0000000082400000, 0x0000000082400000| Untracked 
|  37|0x0000000082500000, 0x0000000082500000, 0x0000000082600000|  0%| F|  |TAMS 0x0000000082500000, 0x0000000082500000| Untracked 
|  38|0x0000000082600000, 0x0000000082600000, 0x0000000082700000|  0%| F|  |TAMS 0x0000000082600000, 0x0000000082600000| Untracked 
|  39|0x0000000082700000, 0x0000000082700000, 0x0000000082800000|  0%| F|  |TAMS 0x0000000082700000, 0x0000000082700000| Untracked 
|  40|0x0000000082800000, 0x0000000082800000, 0x0000000082900000|  0%| F|  |TAMS 0x0000000082800000, 0x0000000082800000| Untracked 
|  41|0x0000000082900000, 0x0000000082900000, 0x0000000082a00000|  0%| F|  |TAMS 0x0000000082900000, 0x0000000082900000| Untracked 
|  42|0x0000000082a00000, 0x0000000082a00000, 0x0000000082b00000|  0%| F|  |TAMS 0x0000000082a00000, 0x0000000082a00000| Untracked 
|  43|0x0000000082b00000, 0x0000000082b00000, 0x0000000082c00000|  0%| F|  |TAMS 0x0000000082b00000, 0x0000000082b00000| Untracked 
|  44|0x0000000082c00000, 0x0000000082c00000, 0x0000000082d00000|  0%| F|  |TAMS 0x0000000082c00000, 0x0000000082c00000| Untracked 
|  45|0x0000000082d00000, 0x0000000082d00000, 0x0000000082e00000|  0%| F|  |TAMS 0x0000000082d00000, 0x0000000082d00000| Untracked 
|  46|0x0000000082e00000, 0x0000000082e00000, 0x0000000082f00000|  0%| F|  |TAMS 0x0000000082e00000, 0x0000000082e00000| Untracked 
|  47|0x0000000082f00000, 0x0000000082f00000, 0x0000000083000000|  0%| F|  |TAMS 0x0000000082f00000, 0x0000000082f00000| Untracked 
|  48|0x0000000083000000, 0x0000000083000000, 0x0000000083100000|  0%| F|  |TAMS 0x0000000083000000, 0x0000000083000000| Untracked 
|  49|0x0000000083100000, 0x0000000083100000, 0x0000000083200000|  0%| F|  |TAMS 0x0000000083100000, 0x0000000083100000| Untracked 
|  50|0x0000000083200000, 0x0000000083200000, 0x0000000083300000|  0%| F|  |TAMS 0x0000000083200000, 0x0000000083200000| Untracked 
|  51|0x0000000083300000, 0x0000000083300000, 0x0000000083400000|  0%| F|  |TAMS 0x0000000083300000, 0x0000000083300000| Untracked 
|  52|0x0000000083400000, 0x0000000083400000, 0x0000000083500000|  0%| F|  |TAMS 0x0000000083400000, 0x0000000083400000| Untracked 
|  53|0x0000000083500000, 0x0000000083500000, 0x0000000083600000|  0%| F|  |TAMS 0x0000000083500000, 0x0000000083500000| Untracked 
|  54|0x0000000083600000, 0x0000000083600000, 0x0000000083700000|  0%| F|  |TAMS 0x0000000083600000, 0x0000000083600000| Untracked 
|  55|0x0000000083700000, 0x0000000083700000, 0x0000000083800000|  0%| F|  |TAMS 0x0000000083700000, 0x0000000083700000| Untracked 
|  56|0x0000000083800000, 0x0000000083800000, 0x0000000083900000|  0%| F|  |TAMS 0x0000000083800000, 0x0000000083800000| Untracked 
|  57|0x0000000083900000, 0x0000000083900000, 0x0000000083a00000|  0%| F|  |TAMS 0x0000000083900000, 0x0000000083900000| Untracked 
|  58|0x0000000083a00000, 0x0000000083a00000, 0x0000000083b00000|  0%| F|  |TAMS 0x0000000083a00000, 0x0000000083a00000| Untracked 
|  59|0x0000000083b00000, 0x0000000083b00000, 0x0000000083c00000|  0%| F|  |TAMS 0x0000000083b00000, 0x0000000083b00000| Untracked 
|  60|0x0000000083c00000, 0x0000000083c00000, 0x0000000083d00000|  0%| F|  |TAMS 0x0000000083c00000, 0x0000000083c00000| Untracked 
|  61|0x0000000083d00000, 0x0000000083e00000, 0x0000000083e00000|100%| S|CS|TAMS 0x0000000083d00000, 0x0000000083d00000| Complete 
|  62|0x0000000083e00000, 0x0000000083f00000, 0x0000000083f00000|100%| S|CS|TAMS 0x0000000083e00000, 0x0000000083e00000| Complete 
|  63|0x0000000083f00000, 0x0000000084000000, 0x0000000084000000|100%| S|CS|TAMS 0x0000000083f00000, 0x0000000083f00000| Complete 
|  64|0x0000000084000000, 0x0000000084100000, 0x0000000084100000|100%| S|CS|TAMS 0x0000000084000000, 0x0000000084000000| Complete 
|  65|0x0000000084100000, 0x0000000084200000, 0x0000000084200000|100%| S|CS|TAMS 0x0000000084100000, 0x0000000084100000| Complete 
|  66|0x0000000084200000, 0x0000000084300000, 0x0000000084300000|100%| S|CS|TAMS 0x0000000084200000, 0x0000000084200000| Complete 
|  67|0x0000000084300000, 0x0000000084400000, 0x0000000084400000|100%| S|CS|TAMS 0x0000000084300000, 0x0000000084300000| Complete 
|  68|0x0000000084400000, 0x0000000084500000, 0x0000000084500000|100%| S|CS|TAMS 0x0000000084400000, 0x0000000084400000| Complete 
|  69|0x0000000084500000, 0x0000000084600000, 0x0000000084600000|100%| S|CS|TAMS 0x0000000084500000, 0x0000000084500000| Complete 
|  70|0x0000000084600000, 0x0000000084700000, 0x0000000084700000|100%| S|CS|TAMS 0x0000000084600000, 0x0000000084600000| Complete 
|  71|0x0000000084700000, 0x0000000084800000, 0x0000000084800000|100%| S|CS|TAMS 0x0000000084700000, 0x0000000084700000| Complete 
|  72|0x0000000084800000, 0x0000000084800000, 0x0000000084900000|  0%| F|  |TAMS 0x0000000084800000, 0x0000000084800000| Untracked 
|  73|0x0000000084900000, 0x0000000084900000, 0x0000000084a00000|  0%| F|  |TAMS 0x0000000084900000, 0x0000000084900000| Untracked 
|  74|0x0000000084a00000, 0x0000000084a00000, 0x0000000084b00000|  0%| F|  |TAMS 0x0000000084a00000, 0x0000000084a00000| Untracked 
|  75|0x0000000084b00000, 0x0000000084b00000, 0x0000000084c00000|  0%| F|  |TAMS 0x0000000084b00000, 0x0000000084b00000| Untracked 
|  76|0x0000000084c00000, 0x0000000084c00000, 0x0000000084d00000|  0%| F|  |TAMS 0x0000000084c00000, 0x0000000084c00000| Untracked 
|  77|0x0000000084d00000, 0x0000000084d00000, 0x0000000084e00000|  0%| F|  |TAMS 0x0000000084d00000, 0x0000000084d00000| Untracked 
|  78|0x0000000084e00000, 0x0000000084e00000, 0x0000000084f00000|  0%| F|  |TAMS 0x0000000084e00000, 0x0000000084e00000| Untracked 
|  79|0x0000000084f00000, 0x0000000084f00000, 0x0000000085000000|  0%| F|  |TAMS 0x0000000084f00000, 0x0000000084f00000| Untracked 
|  80|0x0000000085000000, 0x0000000085000000, 0x0000000085100000|  0%| F|  |TAMS 0x0000000085000000, 0x0000000085000000| Untracked 
|  81|0x0000000085100000, 0x0000000085100000, 0x0000000085200000|  0%| F|  |TAMS 0x0000000085100000, 0x0000000085100000| Untracked 
|  82|0x0000000085200000, 0x0000000085200000, 0x0000000085300000|  0%| F|  |TAMS 0x0000000085200000, 0x0000000085200000| Untracked 
|  83|0x0000000085300000, 0x0000000085300000, 0x0000000085400000|  0%| F|  |TAMS 0x0000000085300000, 0x0000000085300000| Untracked 
|  84|0x0000000085400000, 0x0000000085400000, 0x0000000085500000|  0%| F|  |TAMS 0x0000000085400000, 0x0000000085400000| Untracked 
|  85|0x0000000085500000, 0x0000000085500000, 0x0000000085600000|  0%| F|  |TAMS 0x0000000085500000, 0x0000000085500000| Untracked 
|  86|0x0000000085600000, 0x0000000085600000, 0x0000000085700000|  0%| F|  |TAMS 0x0000000085600000, 0x0000000085600000| Untracked 
|  87|0x0000000085700000, 0x0000000085700000, 0x0000000085800000|  0%| F|  |TAMS 0x0000000085700000, 0x0000000085700000| Untracked 
|  88|0x0000000085800000, 0x0000000085800000, 0x0000000085900000|  0%| F|  |TAMS 0x0000000085800000, 0x0000000085800000| Untracked 
|  89|0x0000000085900000, 0x0000000085900000, 0x0000000085a00000|  0%| F|  |TAMS 0x0000000085900000, 0x0000000085900000| Untracked 
|  90|0x0000000085a00000, 0x0000000085a00000, 0x0000000085b00000|  0%| F|  |TAMS 0x0000000085a00000, 0x0000000085a00000| Untracked 
|  91|0x0000000085b00000, 0x0000000085b00000, 0x0000000085c00000|  0%| F|  |TAMS 0x0000000085b00000, 0x0000000085b00000| Untracked 
|  92|0x0000000085c00000, 0x0000000085c00000, 0x0000000085d00000|  0%| F|  |TAMS 0x0000000085c00000, 0x0000000085c00000| Untracked 
|  93|0x0000000085d00000, 0x0000000085d00000, 0x0000000085e00000|  0%| F|  |TAMS 0x0000000085d00000, 0x0000000085d00000| Untracked 
|  94|0x0000000085e00000, 0x0000000085e00000, 0x0000000085f00000|  0%| F|  |TAMS 0x0000000085e00000, 0x0000000085e00000| Untracked 
|  95|0x0000000085f00000, 0x0000000085f00000, 0x0000000086000000|  0%| F|  |TAMS 0x0000000085f00000, 0x0000000085f00000| Untracked 
|  96|0x0000000086000000, 0x0000000086000000, 0x0000000086100000|  0%| F|  |TAMS 0x0000000086000000, 0x0000000086000000| Untracked 
|  97|0x0000000086100000, 0x0000000086100000, 0x0000000086200000|  0%| F|  |TAMS 0x0000000086100000, 0x0000000086100000| Untracked 
|  98|0x0000000086200000, 0x0000000086200000, 0x0000000086300000|  0%| F|  |TAMS 0x0000000086200000, 0x0000000086200000| Untracked 
|  99|0x0000000086300000, 0x0000000086300000, 0x0000000086400000|  0%| F|  |TAMS 0x0000000086300000, 0x0000000086300000| Untracked 
| 100|0x0000000086400000, 0x0000000086400000, 0x0000000086500000|  0%| F|  |TAMS 0x0000000086400000, 0x0000000086400000| Untracked 
| 101|0x0000000086500000, 0x0000000086500000, 0x0000000086600000|  0%| F|  |TAMS 0x0000000086500000, 0x0000000086500000| Untracked 
| 102|0x0000000086600000, 0x0000000086600000, 0x0000000086700000|  0%| F|  |TAMS 0x0000000086600000, 0x0000000086600000| Untracked 
| 103|0x0000000086700000, 0x0000000086700000, 0x0000000086800000|  0%| F|  |TAMS 0x0000000086700000, 0x0000000086700000| Untracked 
| 104|0x0000000086800000, 0x0000000086800000, 0x0000000086900000|  0%| F|  |TAMS 0x0000000086800000, 0x0000000086800000| Untracked 
| 105|0x0000000086900000, 0x0000000086900000, 0x0000000086a00000|  0%| F|  |TAMS 0x0000000086900000, 0x0000000086900000| Untracked 
| 106|0x0000000086a00000, 0x0000000086a00000, 0x0000000086b00000|  0%| F|  |TAMS 0x0000000086a00000, 0x0000000086a00000| Untracked 
| 107|0x0000000086b00000, 0x0000000086b00000, 0x0000000086c00000|  0%| F|  |TAMS 0x0000000086b00000, 0x0000000086b00000| Untracked 
| 108|0x0000000086c00000, 0x0000000086c00000, 0x0000000086d00000|  0%| F|  |TAMS 0x0000000086c00000, 0x0000000086c00000| Untracked 
| 109|0x0000000086d00000, 0x0000000086d00000, 0x0000000086e00000|  0%| F|  |TAMS 0x0000000086d00000, 0x0000000086d00000| Untracked 
| 110|0x0000000086e00000, 0x0000000086e00000, 0x0000000086f00000|  0%| F|  |TAMS 0x0000000086e00000, 0x0000000086e00000| Untracked 
| 111|0x0000000086f00000, 0x0000000086f00000, 0x0000000087000000|  0%| F|  |TAMS 0x0000000086f00000, 0x0000000086f00000| Untracked 
| 112|0x0000000087000000, 0x0000000087000000, 0x0000000087100000|  0%| F|  |TAMS 0x0000000087000000, 0x0000000087000000| Untracked 
| 113|0x0000000087100000, 0x0000000087100000, 0x0000000087200000|  0%| F|  |TAMS 0x0000000087100000, 0x0000000087100000| Untracked 
| 114|0x0000000087200000, 0x0000000087200000, 0x0000000087300000|  0%| F|  |TAMS 0x0000000087200000, 0x0000000087200000| Untracked 
| 115|0x0000000087300000, 0x0000000087300000, 0x0000000087400000|  0%| F|  |TAMS 0x0000000087300000, 0x0000000087300000| Untracked 
| 116|0x0000000087400000, 0x0000000087400000, 0x0000000087500000|  0%| F|  |TAMS 0x0000000087400000, 0x0000000087400000| Untracked 
| 117|0x0000000087500000, 0x0000000087500000, 0x0000000087600000|  0%| F|  |TAMS 0x0000000087500000, 0x0000000087500000| Untracked 
| 118|0x0000000087600000, 0x0000000087600000, 0x0000000087700000|  0%| F|  |TAMS 0x0000000087600000, 0x0000000087600000| Untracked 
| 119|0x0000000087700000, 0x0000000087700000, 0x0000000087800000|  0%| F|  |TAMS 0x0000000087700000, 0x0000000087700000| Untracked 
| 120|0x0000000087800000, 0x0000000087800000, 0x0000000087900000|  0%| F|  |TAMS 0x0000000087800000, 0x0000000087800000| Untracked 
| 121|0x0000000087900000, 0x0000000087900000, 0x0000000087a00000|  0%| F|  |TAMS 0x0000000087900000, 0x0000000087900000| Untracked 
| 122|0x0000000087a00000, 0x0000000087a00000, 0x0000000087b00000|  0%| F|  |TAMS 0x0000000087a00000, 0x0000000087a00000| Untracked 
| 123|0x0000000087b00000, 0x0000000087b00000, 0x0000000087c00000|  0%| F|  |TAMS 0x0000000087b00000, 0x0000000087b00000| Untracked 
| 124|0x0000000087c00000, 0x0000000087c00000, 0x0000000087d00000|  0%| F|  |TAMS 0x0000000087c00000, 0x0000000087c00000| Untracked 
| 125|0x0000000087d00000, 0x0000000087d00000, 0x0000000087e00000|  0%| F|  |TAMS 0x0000000087d00000, 0x0000000087d00000| Untracked 
| 126|0x0000000087e00000, 0x0000000087e00000, 0x0000000087f00000|  0%| F|  |TAMS 0x0000000087e00000, 0x0000000087e00000| Untracked 
| 127|0x0000000087f00000, 0x0000000087f00000, 0x0000000088000000|  0%| F|  |TAMS 0x0000000087f00000, 0x0000000087f00000| Untracked 
| 128|0x0000000088000000, 0x0000000088000000, 0x0000000088100000|  0%| F|  |TAMS 0x0000000088000000, 0x0000000088000000| Untracked 
| 129|0x0000000088100000, 0x0000000088100000, 0x0000000088200000|  0%| F|  |TAMS 0x0000000088100000, 0x0000000088100000| Untracked 
| 130|0x0000000088200000, 0x0000000088200000, 0x0000000088300000|  0%| F|  |TAMS 0x0000000088200000, 0x0000000088200000| Untracked 
| 131|0x0000000088300000, 0x0000000088300000, 0x0000000088400000|  0%| F|  |TAMS 0x0000000088300000, 0x0000000088300000| Untracked 
| 132|0x0000000088400000, 0x0000000088400000, 0x0000000088500000|  0%| F|  |TAMS 0x0000000088400000, 0x0000000088400000| Untracked 
| 133|0x0000000088500000, 0x0000000088500000, 0x0000000088600000|  0%| F|  |TAMS 0x0000000088500000, 0x0000000088500000| Untracked 
| 134|0x0000000088600000, 0x0000000088600000, 0x0000000088700000|  0%| F|  |TAMS 0x0000000088600000, 0x0000000088600000| Untracked 
| 135|0x0000000088700000, 0x0000000088700000, 0x0000000088800000|  0%| F|  |TAMS 0x0000000088700000, 0x0000000088700000| Untracked 
| 136|0x0000000088800000, 0x0000000088800000, 0x0000000088900000|  0%| F|  |TAMS 0x0000000088800000, 0x0000000088800000| Untracked 
| 137|0x0000000088900000, 0x0000000088900000, 0x0000000088a00000|  0%| F|  |TAMS 0x0000000088900000, 0x0000000088900000| Untracked 
| 138|0x0000000088a00000, 0x0000000088a00000, 0x0000000088b00000|  0%| F|  |TAMS 0x0000000088a00000, 0x0000000088a00000| Untracked 
| 139|0x0000000088b00000, 0x0000000088b00000, 0x0000000088c00000|  0%| F|  |TAMS 0x0000000088b00000, 0x0000000088b00000| Untracked 
| 140|0x0000000088c00000, 0x0000000088c00000, 0x0000000088d00000|  0%| F|  |TAMS 0x0000000088c00000, 0x0000000088c00000| Untracked 
| 141|0x0000000088d00000, 0x0000000088e00000, 0x0000000088e00000|100%| E|  |TAMS 0x0000000088d00000, 0x0000000088d00000| Complete 
| 142|0x0000000088e00000, 0x0000000088f00000, 0x0000000088f00000|100%| E|CS|TAMS 0x0000000088e00000, 0x0000000088e00000| Complete 
| 143|0x0000000088f00000, 0x0000000089000000, 0x0000000089000000|100%| E|CS|TAMS 0x0000000088f00000, 0x0000000088f00000| Complete 
| 144|0x0000000089000000, 0x0000000089100000, 0x0000000089100000|100%| E|CS|TAMS 0x0000000089000000, 0x0000000089000000| Complete 
| 145|0x0000000089100000, 0x0000000089200000, 0x0000000089200000|100%| E|CS|TAMS 0x0000000089100000, 0x0000000089100000| Complete 
| 146|0x0000000089200000, 0x0000000089300000, 0x0000000089300000|100%| E|CS|TAMS 0x0000000089200000, 0x0000000089200000| Complete 
| 147|0x0000000089300000, 0x0000000089400000, 0x0000000089400000|100%| E|CS|TAMS 0x0000000089300000, 0x0000000089300000| Complete 
| 148|0x0000000089400000, 0x0000000089500000, 0x0000000089500000|100%| E|CS|TAMS 0x0000000089400000, 0x0000000089400000| Complete 
| 149|0x0000000089500000, 0x0000000089600000, 0x0000000089600000|100%| E|CS|TAMS 0x0000000089500000, 0x0000000089500000| Complete 
| 150|0x0000000089600000, 0x0000000089700000, 0x0000000089700000|100%| E|CS|TAMS 0x0000000089600000, 0x0000000089600000| Complete 
| 151|0x0000000089700000, 0x0000000089800000, 0x0000000089800000|100%| E|CS|TAMS 0x0000000089700000, 0x0000000089700000| Complete 
| 152|0x0000000089800000, 0x0000000089900000, 0x0000000089900000|100%| E|CS|TAMS 0x0000000089800000, 0x0000000089800000| Complete 
| 153|0x0000000089900000, 0x0000000089a00000, 0x0000000089a00000|100%| E|CS|TAMS 0x0000000089900000, 0x0000000089900000| Complete 

Card table byte_map: [0x000002aa463f0000,0x000002aa467f0000] _byte_map_base: 0x000002aa45ff0000

Marking Bits (Prev, Next): (CMBitMap*) 0x000002aa32a581f8, (CMBitMap*) 0x000002aa32a58230
 Prev Bits: [0x000002aa46bf0000, 0x000002aa48bf0000)
 Next Bits: [0x000002aa48bf0000, 0x000002aa4abf0000)

Polling page: 0x000002aa31110000

Metaspace:

Usage:
  Non-class:     44.49 MB capacity,    43.67 MB ( 98%) used,   699.27 KB (  2%) free+waste,   137.19 KB ( <1%) overhead. 
      Class:      6.89 MB capacity,     6.43 MB ( 93%) used,   404.57 KB (  6%) free+waste,    65.50 KB ( <1%) overhead. 
       Both:     51.38 MB capacity,    50.10 MB ( 98%) used,     1.08 MB (  2%) free+waste,   202.69 KB ( <1%) overhead. 

Virtual space:
  Non-class space:       48.00 MB reserved,      44.58 MB ( 93%) committed 
      Class space:        1.00 GB reserved,       7.00 MB ( <1%) committed 
             Both:        1.05 GB reserved,      51.58 MB (  5%) committed 

Chunk freelists:
   Non-Class:  27.00 KB
       Class:  20.00 KB
        Both:  47.00 KB

MaxMetaspaceSize: 17179869184.00 GB
CompressedClassSpaceSize: 1.00 GB
Initial GC threshold: 20.80 MB
Current GC threshold: 58.88 MB
CDS: off

CodeHeap 'non-profiled nmethods': size=120000Kb used=3255Kb max_used=3255Kb free=116745Kb
 bounds [0x000002aa3e060000, 0x000002aa3e390000, 0x000002aa45590000]
CodeHeap 'profiled nmethods': size=120000Kb used=11101Kb max_used=11101Kb free=108899Kb
 bounds [0x000002aa36b30000, 0x000002aa37610000, 0x000002aa3e060000]
CodeHeap 'non-nmethods': size=5760Kb used=2295Kb max_used=2344Kb free=3464Kb
 bounds [0x000002aa36590000, 0x000002aa36800000, 0x000002aa36b30000]
 total_blobs=6392 nmethods=5597 adapters=707
 compilation: enabled
              stopped_count=0, restarted_count=0
 full_count=0

Compilation events (20 events):
Event: 7.161 Thread 0x000002aa4df50800 5549       3       groovyjarjarantlr4.v4.runtime.dfa.DFAState::isAcceptState (13 bytes)
Event: 7.161 Thread 0x000002aa4df50800 nmethod 5549 0x000002aa375e1690 code [0x000002aa375e1840, 0x000002aa375e1998]
Event: 7.162 Thread 0x000002aa4df50800 5550       1       groovyjarjarantlr4.v4.runtime.atn.ATNConfigSet::isOutermostConfigSet (5 bytes)
Event: 7.162 Thread 0x000002aa4df50800 nmethod 5550 0x000002aa3e38a610 code [0x000002aa3e38a7c0, 0x000002aa3e38a878]
Event: 7.162 Thread 0x000002aa4df50800 5551       3       java.util.ArrayList::hashCode (22 bytes)
Event: 7.162 Thread 0x000002aa4df50800 nmethod 5551 0x000002aa375e1a10 code [0x000002aa375e1be0, 0x000002aa375e1eb8]
Event: 7.163 Thread 0x000002aa4df50800 5552       3       java.lang.invoke.VarHandleGuards::guard_LI_I (63 bytes)
Event: 7.164 Thread 0x000002aa4df50800 nmethod 5552 0x000002aa375e2010 code [0x000002aa375e22c0, 0x000002aa375e31a8]
Event: 7.164 Thread 0x000002aa4df50800 5553       3       java.util.concurrent.atomic.AtomicIntegerArray::get (12 bytes)
Event: 7.165 Thread 0x000002aa4df50800 nmethod 5553 0x000002aa375e3710 code [0x000002aa375e3900, 0x000002aa375e3d48]
Event: 7.165 Thread 0x000002aa4df50800 5554       3       groovyjarjarantlr4.v4.runtime.dfa.HashEdgeMap::bucket (10 bytes)
Event: 7.165 Thread 0x000002aa4df50800 nmethod 5554 0x000002aa375e3f90 code [0x000002aa375e4140, 0x000002aa375e4258]
Event: 7.165 Thread 0x000002aa4df50800 5555       1       groovyjarjarantlr4.v4.runtime.CodePointCharStream::index (5 bytes)
Event: 7.165 Thread 0x000002aa4df50800 nmethod 5555 0x000002aa3e38ac10 code [0x000002aa3e38adc0, 0x000002aa3e38ae78]
Event: 7.166 Thread 0x000002aa4df50800 5557       3       groovyjarjarantlr4.v4.runtime.dfa.DFAState::<init> (25 bytes)
Event: 7.167 Thread 0x000002aa4df50800 nmethod 5557 0x000002aa375e4310 code [0x000002aa375e44c0, 0x000002aa375e4738]
Event: 7.167 Thread 0x000002aa4df50800 5558       3       groovyjarjarantlr4.v4.runtime.dfa.DFAState::<init> (14 bytes)
Event: 7.167 Thread 0x000002aa4df50800 nmethod 5558 0x000002aa375e4810 code [0x000002aa375e49e0, 0x000002aa375e4d18]
Event: 7.167 Thread 0x000002aa4df50800 5559       3       groovyjarjarantlr4.v4.runtime.dfa.DFAState::hashCode (26 bytes)
Event: 7.167 Thread 0x000002aa4df50800 nmethod 5559 0x000002aa375e4e90 code [0x000002aa375e5060, 0x000002aa375e52c8]

GC Heap History (16 events):
Event: 0.741 GC heap before
{Heap before GC invocations=0 (full 0):
 garbage-first heap   total 131072K, used 29696K [0x0000000080000000, 0x0000000100000000)
  region size 1024K, 24 young (24576K), 0 survivors (0K)
 Metaspace       used 10237K, capacity 10495K, committed 10624K, reserved 1058816K
  class space    used 1053K, capacity 1141K, committed 1152K, reserved 1048576K
}
Event: 0.747 GC heap after
{Heap after GC invocations=1 (full 0):
 garbage-first heap   total 131072K, used 9451K [0x0000000080000000, 0x0000000100000000)
  region size 1024K, 3 young (3072K), 3 survivors (3072K)
 Metaspace       used 10237K, capacity 10495K, committed 10624K, reserved 1058816K
  class space    used 1053K, capacity 1141K, committed 1152K, reserved 1048576K
}
Event: 2.242 GC heap before
{Heap before GC invocations=1 (full 0):
 garbage-first heap   total 131072K, used 85227K [0x0000000080000000, 0x0000000100000000)
  region size 1024K, 76 young (77824K), 3 survivors (3072K)
 Metaspace       used 17654K, capacity 18064K, committed 18176K, reserved 1064960K
  class space    used 2061K, capacity 2220K, committed 2304K, reserved 1048576K
}
Event: 2.249 GC heap after
{Heap after GC invocations=2 (full 0):
 garbage-first heap   total 131072K, used 15997K [0x0000000080000000, 0x0000000100000000)
  region size 1024K, 10 young (10240K), 10 survivors (10240K)
 Metaspace       used 17654K, capacity 18064K, committed 18176K, reserved 1064960K
  class space    used 2061K, capacity 2220K, committed 2304K, reserved 1048576K
}
Event: 2.542 GC heap before
{Heap before GC invocations=2 (full 0):
 garbage-first heap   total 131072K, used 40573K [0x0000000080000000, 0x0000000100000000)
  region size 1024K, 35 young (35840K), 10 survivors (10240K)
 Metaspace       used 20751K, capacity 21194K, committed 21296K, reserved 1069056K
  class space    used 2512K, capacity 2671K, committed 2688K, reserved 1048576K
}
Event: 2.552 GC heap after
{Heap after GC invocations=3 (full 0):
 garbage-first heap   total 131072K, used 17455K [0x0000000080000000, 0x0000000100000000)
  region size 1024K, 2 young (2048K), 2 survivors (2048K)
 Metaspace       used 20751K, capacity 21194K, committed 21296K, reserved 1069056K
  class space    used 2512K, capacity 2671K, committed 2688K, reserved 1048576K
}
Event: 3.235 GC heap before
{Heap before GC invocations=4 (full 0):
 garbage-first heap   total 131072K, used 78895K [0x0000000080000000, 0x0000000100000000)
  region size 1024K, 63 young (64512K), 2 survivors (2048K)
 Metaspace       used 26566K, capacity 27158K, committed 27440K, reserved 1073152K
  class space    used 3447K, capacity 3663K, committed 3712K, reserved 1048576K
}
Event: 3.240 GC heap after
{Heap after GC invocations=5 (full 0):
 garbage-first heap   total 131072K, used 19390K [0x0000000080000000, 0x0000000100000000)
  region size 1024K, 4 young (4096K), 4 survivors (4096K)
 Metaspace       used 26566K, capacity 27158K, committed 27440K, reserved 1073152K
  class space    used 3447K, capacity 3663K, committed 3712K, reserved 1048576K
}
Event: 4.111 GC heap before
{Heap before GC invocations=5 (full 0):
 garbage-first heap   total 131072K, used 71614K [0x0000000080000000, 0x0000000100000000)
  region size 1024K, 56 young (57344K), 4 survivors (4096K)
 Metaspace       used 35057K, capacity 35823K, committed 35920K, reserved 1081344K
  class space    used 4496K, capacity 4831K, committed 4864K, reserved 1048576K
}
Event: 4.122 GC heap after
{Heap after GC invocations=6 (full 0):
 garbage-first heap   total 131072K, used 22770K [0x0000000080000000, 0x0000000100000000)
  region size 1024K, 7 young (7168K), 7 survivors (7168K)
 Metaspace       used 35057K, capacity 35823K, committed 35920K, reserved 1081344K
  class space    used 4496K, capacity 4831K, committed 4864K, reserved 1048576K
}
Event: 5.151 GC heap before
{Heap before GC invocations=7 (full 0):
 garbage-first heap   total 131072K, used 95474K [0x0000000080000000, 0x0000000100000000)
  region size 1024K, 76 young (77824K), 7 survivors (7168K)
 Metaspace       used 40289K, capacity 41252K, committed 41424K, reserved 1085440K
  class space    used 5091K, capacity 5441K, committed 5504K, reserved 1048576K
}
Event: 5.162 GC heap after
{Heap after GC invocations=8 (full 0):
 garbage-first heap   total 131072K, used 28158K [0x0000000080000000, 0x0000000100000000)
  region size 1024K, 9 young (9216K), 9 survivors (9216K)
 Metaspace       used 40289K, capacity 41252K, committed 41424K, reserved 1085440K
  class space    used 5091K, capacity 5441K, committed 5504K, reserved 1048576K
}
Event: 5.988 GC heap before
{Heap before GC invocations=8 (full 0):
 garbage-first heap   total 131072K, used 96766K [0x0000000080000000, 0x0000000100000000)
  region size 1024K, 76 young (77824K), 9 survivors (9216K)
 Metaspace       used 46120K, capacity 47197K, committed 47312K, reserved 1091584K
  class space    used 5849K, capacity 6241K, committed 6272K, reserved 1048576K
}
Event: 5.996 GC heap after
{Heap after GC invocations=9 (full 0):
 garbage-first heap   total 157696K, used 30531K [0x0000000080000000, 0x0000000100000000)
  region size 1024K, 3 young (3072K), 3 survivors (3072K)
 Metaspace       used 46120K, capacity 47197K, committed 47312K, reserved 1091584K
  class space    used 5849K, capacity 6241K, committed 6272K, reserved 1048576K
}
Event: 7.116 GC heap before
{Heap before GC invocations=9 (full 0):
 garbage-first heap   total 157696K, used 118595K [0x0000000080000000, 0x0000000100000000)
  region size 1024K, 85 young (87040K), 3 survivors (3072K)
 Metaspace       used 51169K, capacity 52472K, committed 52816K, reserved 1097728K
  class space    used 6574K, capacity 7049K, committed 7168K, reserved 1048576K
}
Event: 7.126 GC heap after
{Heap after GC invocations=10 (full 0):
 garbage-first heap   total 157696K, used 44996K [0x0000000080000000, 0x0000000100000000)
  region size 1024K, 11 young (11264K), 11 survivors (11264K)
 Metaspace       used 51169K, capacity 52472K, committed 52816K, reserved 1097728K
  class space    used 6574K, capacity 7049K, committed 7168K, reserved 1048576K
}

Deoptimization events (20 events):
Event: 7.131 Thread 0x000002aa509f3800 Uncommon trap: trap_request=0xffffffde fr.pc=0x000002aa3e3875dc relative=0x00000000000000bc
Event: 7.132 Thread 0x000002aa509f3800 Uncommon trap: reason=class_check action=maybe_recompile pc=0x000002aa3e3875dc method=groovyjarjarantlr4.v4.runtime.atn.SemanticContext$Predicate.equals(Ljava/lang/Object;)Z @ 1 c2
Event: 7.132 Thread 0x000002aa509f3800 DEOPT PACKING pc=0x000002aa3e3875dc sp=0x000000b83e5f7650
Event: 7.132 Thread 0x000002aa509f3800 DEOPT UNPACKING pc=0x000002aa365da1af sp=0x000000b83e5f75e8 mode 2
Event: 7.132 Thread 0x000002aa509f3800 Uncommon trap: trap_request=0xffffffde fr.pc=0x000002aa3e3875dc relative=0x00000000000000bc
Event: 7.132 Thread 0x000002aa509f3800 Uncommon trap: reason=class_check action=maybe_recompile pc=0x000002aa3e3875dc method=groovyjarjarantlr4.v4.runtime.atn.SemanticContext$Predicate.equals(Ljava/lang/Object;)Z @ 1 c2
Event: 7.132 Thread 0x000002aa509f3800 DEOPT PACKING pc=0x000002aa3e3875dc sp=0x000000b83e5f7090
Event: 7.132 Thread 0x000002aa509f3800 DEOPT UNPACKING pc=0x000002aa365da1af sp=0x000000b83e5f7028 mode 2
Event: 7.132 Thread 0x000002aa509f3800 Uncommon trap: trap_request=0xffffffde fr.pc=0x000002aa3e3875dc relative=0x00000000000000bc
Event: 7.132 Thread 0x000002aa509f3800 Uncommon trap: reason=class_check action=maybe_recompile pc=0x000002aa3e3875dc method=groovyjarjarantlr4.v4.runtime.atn.SemanticContext$Predicate.equals(Ljava/lang/Object;)Z @ 1 c2
Event: 7.132 Thread 0x000002aa509f3800 DEOPT PACKING pc=0x000002aa3e3875dc sp=0x000000b83e5f6f20
Event: 7.132 Thread 0x000002aa509f3800 DEOPT UNPACKING pc=0x000002aa365da1af sp=0x000000b83e5f6eb8 mode 2
Event: 7.132 Thread 0x000002aa509f3800 Uncommon trap: trap_request=0xffffffde fr.pc=0x000002aa3e3875dc relative=0x00000000000000bc
Event: 7.132 Thread 0x000002aa509f3800 Uncommon trap: reason=class_check action=maybe_recompile pc=0x000002aa3e3875dc method=groovyjarjarantlr4.v4.runtime.atn.SemanticContext$Predicate.equals(Ljava/lang/Object;)Z @ 1 c2
Event: 7.132 Thread 0x000002aa509f3800 DEOPT PACKING pc=0x000002aa3e3875dc sp=0x000000b83e5f7650
Event: 7.132 Thread 0x000002aa509f3800 DEOPT UNPACKING pc=0x000002aa365da1af sp=0x000000b83e5f75e8 mode 2
Event: 7.145 Thread 0x000002aa509f3800 Uncommon trap: trap_request=0xffffff4d fr.pc=0x000002aa3e1f7b9c relative=0x000000000000007c
Event: 7.145 Thread 0x000002aa509f3800 Uncommon trap: reason=unstable_if action=reinterpret pc=0x000002aa3e1f7b9c method=java.lang.String.codePointAt(I)I @ 4 c2
Event: 7.145 Thread 0x000002aa509f3800 DEOPT PACKING pc=0x000002aa3e1f7b9c sp=0x000000b83e5f6f70
Event: 7.145 Thread 0x000002aa509f3800 DEOPT UNPACKING pc=0x000002aa365da1af sp=0x000000b83e5f6f08 mode 2

Classes redefined (0 events):
No events

Internal exceptions (20 events):
Event: 6.784 Thread 0x000002aa509f3800 Exception <a 'java/lang/ClassNotFoundException'{0x0000000085da5d78}: org/gradle/api/tasks/Delete_DecoratedBeanInfo> (0x0000000085da5d78) thrown at [./src/hotspot/share/classfile/systemDictionary.cpp, line 231]
Event: 6.785 Thread 0x000002aa509f3800 Exception <a 'java/lang/ClassNotFoundException'{0x0000000085dcf908}: org/gradle/api/tasks/DeleteBeanInfo> (0x0000000085dcf908) thrown at [./src/hotspot/share/classfile/systemDictionary.cpp, line 231]
Event: 6.786 Thread 0x000002aa509f3800 Exception <a 'java/lang/ClassNotFoundException'{0x0000000085dfcb90}: org/gradle/api/internal/ConventionTaskBeanInfo> (0x0000000085dfcb90) thrown at [./src/hotspot/share/classfile/systemDictionary.cpp, line 231]
Event: 6.787 Thread 0x000002aa509f3800 Exception <a 'java/lang/ClassNotFoundException'{0x0000000085c26d40}: org/gradle/api/DefaultTaskBeanInfo> (0x0000000085c26d40) thrown at [./src/hotspot/share/classfile/systemDictionary.cpp, line 231]
Event: 6.788 Thread 0x000002aa509f3800 Exception <a 'java/lang/ClassNotFoundException'{0x0000000085c54720}: org/gradle/api/internal/AbstractTaskBeanInfo> (0x0000000085c54720) thrown at [./src/hotspot/share/classfile/systemDictionary.cpp, line 231]
Event: 6.788 Thread 0x000002aa509f3800 Exception <a 'java/lang/ClassNotFoundException'{0x0000000085c82908}: org/gradle/api/internal/AbstractTaskCustomizer> (0x0000000085c82908) thrown at [./src/hotspot/share/classfile/systemDictionary.cpp, line 231]
Event: 6.792 Thread 0x000002aa509f3800 Exception <a 'java/lang/ClassNotFoundException'{0x0000000085cf5388}: org/gradle/api/DefaultTaskCustomizer> (0x0000000085cf5388) thrown at [./src/hotspot/share/classfile/systemDictionary.cpp, line 231]
Event: 6.795 Thread 0x000002aa509f3800 Exception <a 'java/lang/ClassNotFoundException'{0x0000000085b772d0}: org/gradle/api/internal/ConventionTaskCustomizer> (0x0000000085b772d0) thrown at [./src/hotspot/share/classfile/systemDictionary.cpp, line 231]
Event: 6.797 Thread 0x000002aa509f3800 Exception <a 'java/lang/ClassNotFoundException'{0x0000000085baf6a0}: org/gradle/api/tasks/DeleteCustomizer> (0x0000000085baf6a0) thrown at [./src/hotspot/share/classfile/systemDictionary.cpp, line 231]
Event: 6.798 Thread 0x000002aa509f3800 Exception <a 'java/lang/ClassNotFoundException'{0x0000000085bee7a0}: org/gradle/api/tasks/Delete_DecoratedCustomizer> (0x0000000085bee7a0) thrown at [./src/hotspot/share/classfile/systemDictionary.cpp, line 231]
Event: 6.824 Thread 0x000002aa509f3800 Exception <a 'java/lang/NoSuchMethodError'{0x00000000859018f8}: 'long java.lang.invoke.DirectMethodHandle$Holder.invokeVirtual(java.lang.Object, java.lang.Object)'> (0x00000000859018f8) thrown at [./src/hotspot/share/interpreter/linkResolver.cpp, line 773]
Event: 6.827 Thread 0x000002aa4f92d000 Exception <a 'java/lang/NoSuchMethodError'{0x0000000089988b68}: <clinit>> (0x0000000089988b68) thrown at [./src/hotspot/share/prims/jni.cpp, line 1366]
Event: 6.831 Thread 0x000002aa4f92d000 Exception <a 'java/lang/NoSuchMethodError'{0x0000000085998e80}: <clinit>> (0x0000000085998e80) thrown at [./src/hotspot/share/prims/jni.cpp, line 1366]
Event: 6.831 Thread 0x000002aa4f92d000 Exception <a 'java/lang/NoSuchMethodError'{0x0000000085999f90}: <clinit>> (0x0000000085999f90) thrown at [./src/hotspot/share/prims/jni.cpp, line 1366]
Event: 6.831 Thread 0x000002aa4f92d000 Exception <a 'java/lang/NoSuchMethodError'{0x000000008599b578}: <clinit>> (0x000000008599b578) thrown at [./src/hotspot/share/prims/jni.cpp, line 1366]
Event: 6.831 Thread 0x000002aa4f92d000 Exception <a 'java/lang/NoSuchMethodError'{0x000000008599c598}: <clinit>> (0x000000008599c598) thrown at [./src/hotspot/share/prims/jni.cpp, line 1366]
Event: 6.833 Thread 0x000002aa4f92d000 Exception <a 'java/lang/NoSuchMethodError'{0x00000000859aeb28}: <clinit>> (0x00000000859aeb28) thrown at [./src/hotspot/share/prims/jni.cpp, line 1366]
Event: 6.834 Thread 0x000002aa4f92d000 Exception <a 'java/lang/NoSuchMethodError'{0x00000000859b90b8}: <clinit>> (0x00000000859b90b8) thrown at [./src/hotspot/share/prims/jni.cpp, line 1366]
Event: 6.836 Thread 0x000002aa4f92d000 Exception <a 'java/lang/NoSuchMethodError'{0x00000000859cca00}: <clinit>> (0x00000000859cca00) thrown at [./src/hotspot/share/prims/jni.cpp, line 1366]
Event: 6.873 Thread 0x000002aa509f3800 Exception <a 'java/lang/NoSuchMethodError'{0x00000000858c7a10}: 'void java.lang.invoke.DirectMethodHandle$Holder.invokeVirtual(java.lang.Object, java.lang.Object)'> (0x00000000858c7a10) thrown at [./src/hotspot/share/interpreter/linkResolver.cpp, line 773]

Events (20 events):
Event: 7.091 loading class groovyjarjarantlr4/v4/runtime/tree/TerminalNodeImpl
Event: 7.091 loading class groovyjarjarantlr4/v4/runtime/tree/TerminalNodeImpl done
Event: 7.109 Executing VM operation: ICBufferFull
Event: 7.109 Executing VM operation: ICBufferFull done
Event: 7.112 loading class groovyjarjarantlr4/v4/runtime/atn/ConflictInfo
Event: 7.112 loading class groovyjarjarantlr4/v4/runtime/atn/ConflictInfo done
Event: 7.116 Executing VM operation: G1CollectForAllocation
Event: 7.126 Executing VM operation: G1CollectForAllocation done
Event: 7.144 loading class groovyjarjarantlr4/v4/runtime/dfa/DFAState$PredPrediction
Event: 7.144 loading class groovyjarjarantlr4/v4/runtime/dfa/DFAState$PredPrediction done
Event: 7.144 loading class org/apache/groovy/parser/antlr4/SemanticPredicates
Event: 7.144 loading class org/apache/groovy/parser/antlr4/SemanticPredicates done
Event: 7.146 loading class java/util/regex/Pattern$StartS
Event: 7.146 loading class java/util/regex/Pattern$StartS done
Event: 7.147 loading class java/util/stream/ReferencePipeline$4
Event: 7.147 loading class java/util/stream/IntPipeline$StatelessOp
Event: 7.148 loading class java/util/stream/IntPipeline$StatelessOp done
Event: 7.148 loading class java/util/stream/ReferencePipeline$4 done
Event: 7.148 loading class java/util/stream/ReferencePipeline$4$1
Event: 7.148 loading class java/util/stream/ReferencePipeline$4$1 done


Dynamic libraries:
0x00007ff771150000 - 0x00007ff77115a000 	C:\Program Files\Android\Android Studio\jre\bin\java.exe
0x00007fff3ee90000 - 0x00007fff3f088000 	C:\Windows\SYSTEM32\ntdll.dll
0x00007fff3e110000 - 0x00007fff3e1cf000 	C:\Windows\System32\KERNEL32.DLL
0x00007fff3c700000 - 0x00007fff3c9d2000 	C:\Windows\System32\KERNELBASE.dll
0x00007fff3ca10000 - 0x00007fff3cb10000 	C:\Windows\System32\ucrtbase.dll
0x00007fff37cd0000 - 0x00007fff37ce9000 	C:\Program Files\Android\Android Studio\jre\bin\jli.dll
0x00007fff36770000 - 0x00007fff36787000 	C:\Program Files\Android\Android Studio\jre\bin\VCRUNTIME140.dll
0x00007fff3d0a0000 - 0x00007fff3d241000 	C:\Windows\System32\USER32.dll
0x00007fff3c9e0000 - 0x00007fff3ca02000 	C:\Windows\System32\win32u.dll
0x00007fff3dd70000 - 0x00007fff3dd9b000 	C:\Windows\System32\GDI32.dll
0x00007fff3c580000 - 0x00007fff3c68f000 	C:\Windows\System32\gdi32full.dll
0x00007fff2bae0000 - 0x00007fff2bd7a000 	C:\Windows\WinSxS\amd64_microsoft.windows.common-controls_6595b64144ccf1df_6.0.19041.1110_none_60b5254171f9507e\COMCTL32.dll
0x00007fff3cb10000 - 0x00007fff3cbad000 	C:\Windows\System32\msvcp_win.dll
0x00007fff3e780000 - 0x00007fff3e81e000 	C:\Windows\System32\msvcrt.dll
0x00007fff3dda0000 - 0x00007fff3ddd2000 	C:\Windows\System32\IMM32.DLL
0x00007fff3c150000 - 0x00007fff3c247000 	C:\Windows\system32\guard64.dll
0x00007fff3eb50000 - 0x00007fff3ebfe000 	C:\Windows\System32\ADVAPI32.dll
0x00007fff3cf30000 - 0x00007fff3cfcc000 	C:\Windows\System32\sechost.dll
0x00007fff3e900000 - 0x00007fff3ea25000 	C:\Windows\System32\RPCRT4.dll
0x00007fff3c140000 - 0x00007fff3c14a000 	C:\Windows\system32\version.dll
0x00007fff3dfe0000 - 0x00007fff3e10a000 	C:\Windows\System32\ole32.dll
0x00007fff3d9a0000 - 0x00007fff3dcf5000 	C:\Windows\System32\combase.dll
0x00007fff3c130000 - 0x00007fff3c13b000 	C:\Windows\system32\fltlib.dll
0x00007fff3d250000 - 0x00007fff3d994000 	C:\Windows\System32\shell32.dll
0x00007fff2f8c0000 - 0x00007fff2f95d000 	C:\Program Files\Android\Android Studio\jre\bin\msvcp140.dll
0x00007ffee1fa0000 - 0x00007ffee2aa2000 	C:\Program Files\Android\Android Studio\jre\bin\server\jvm.dll
0x00007fff3e1d0000 - 0x00007fff3e1d8000 	C:\Windows\System32\PSAPI.DLL
0x00007fff37960000 - 0x00007fff37969000 	C:\Windows\SYSTEM32\WSOCK32.dll
0x00007fff3dec0000 - 0x00007fff3df2b000 	C:\Windows\System32\WS2_32.dll
0x00007fff2f300000 - 0x00007fff2f327000 	C:\Windows\SYSTEM32\WINMM.dll
0x00007fff3a500000 - 0x00007fff3a512000 	C:\Windows\SYSTEM32\kernel.appcore.dll
0x00007fff304b0000 - 0x00007fff304c1000 	C:\Program Files\Android\Android Studio\jre\bin\verify.dll
0x00007fff28880000 - 0x00007fff28a64000 	C:\Windows\SYSTEM32\DBGHELP.DLL
0x00007fff28820000 - 0x00007fff28855000 	C:\Windows\SYSTEM32\dbgcore.DLL
0x00007fff3cbb0000 - 0x00007fff3cc32000 	C:\Windows\System32\bcryptPrimitives.dll
0x00007fff30430000 - 0x00007fff30459000 	C:\Program Files\Android\Android Studio\jre\bin\java.dll
0x00007fff304a0000 - 0x00007fff304ab000 	C:\Program Files\Android\Android Studio\jre\bin\jimage.dll
0x00007fff30290000 - 0x00007fff302a8000 	C:\Program Files\Android\Android Studio\jre\bin\zip.dll
0x00007fff3a520000 - 0x00007fff3acb2000 	C:\Windows\SYSTEM32\windows.storage.dll
0x00007fff3bde0000 - 0x00007fff3be10000 	C:\Windows\SYSTEM32\Wldp.dll
0x00007fff3df30000 - 0x00007fff3dfdd000 	C:\Windows\System32\SHCORE.dll
0x00007fff3dd10000 - 0x00007fff3dd65000 	C:\Windows\System32\shlwapi.dll
0x00007fff3c4c0000 - 0x00007fff3c4df000 	C:\Windows\SYSTEM32\profapi.dll
0x00007fff30270000 - 0x00007fff3028a000 	C:\Program Files\Android\Android Studio\jre\bin\net.dll
0x00007fff33bc0000 - 0x00007fff33ccc000 	C:\Windows\SYSTEM32\WINHTTP.dll
0x00007fff3bb40000 - 0x00007fff3bbaa000 	C:\Windows\system32\mswsock.dll
0x00007fff30250000 - 0x00007fff30264000 	C:\Program Files\Android\Android Studio\jre\bin\nio.dll
0x00007fff36790000 - 0x00007fff367b7000 	C:\Users\91989\.gradle\native\e1d6ef7f7dcc3fd88c89a11ec53ec762bb8ba0a96d01ffa2cd45eb1d1d8dd5c5\windows-amd64\native-platform.dll
0x00007fff26260000 - 0x00007fff263a4000 	C:\Users\91989\.gradle\native\5664cfc778a61ccfe75a443a1ab52a65af34e5dc3c78e0209fed803814484fcb\windows-amd64\native-platform-file-events.dll
0x00007fff30490000 - 0x00007fff3049a000 	C:\Program Files\Android\Android Studio\jre\bin\management.dll
0x00007fff30310000 - 0x00007fff3031d000 	C:\Program Files\Android\Android Studio\jre\bin\management_ext.dll
0x00007fff3bd30000 - 0x00007fff3bd48000 	C:\Windows\SYSTEM32\CRYPTSP.dll
0x00007fff3b460000 - 0x00007fff3b494000 	C:\Windows\system32\rsaenh.dll
0x00007fff3cd40000 - 0x00007fff3cd67000 	C:\Windows\System32\bcrypt.dll
0x00007fff3c480000 - 0x00007fff3c4ae000 	C:\Windows\SYSTEM32\USERENV.dll
0x00007fff3bd50000 - 0x00007fff3bd5c000 	C:\Windows\SYSTEM32\CRYPTBASE.dll
0x00007fff3b830000 - 0x00007fff3b86b000 	C:\Windows\SYSTEM32\IPHLPAPI.DLL
0x00007fff3ee40000 - 0x00007fff3ee48000 	C:\Windows\System32\NSI.dll
0x00007fff328c0000 - 0x00007fff328d7000 	C:\Windows\SYSTEM32\dhcpcsvc6.DLL
0x00007fff328a0000 - 0x00007fff328bd000 	C:\Windows\SYSTEM32\dhcpcsvc.DLL
0x00007fff3b880000 - 0x00007fff3b94a000 	C:\Windows\SYSTEM32\DNSAPI.dll

dbghelp: loaded successfully - version: 4.0.5 - missing functions: none
symbol engine: initialized successfully - sym options: 0x614 - pdb path: .;C:\Program Files\Android\Android Studio\jre\bin;C:\Windows\SYSTEM32;C:\Windows\WinSxS\amd64_microsoft.windows.common-controls_6595b64144ccf1df_6.0.19041.1110_none_60b5254171f9507e;C:\Program Files\Android\Android Studio\jre\bin\server;C:\Users\91989\.gradle\native\e1d6ef7f7dcc3fd88c89a11ec53ec762bb8ba0a96d01ffa2cd45eb1d1d8dd5c5\windows-amd64;C:\Users\91989\.gradle\native\5664cfc778a61ccfe75a443a1ab52a65af34e5dc3c78e0209fed803814484fcb\windows-amd64

VM Arguments:
jvm_args: --add-opens=java.base/java.util=ALL-UNNAMED --add-opens=java.base/java.lang=ALL-UNNAMED --add-opens=java.base/java.lang.invoke=ALL-UNNAMED --add-opens=java.base/java.util=ALL-UNNAMED --add-opens=java.prefs/java.util.prefs=ALL-UNNAMED --add-opens=java.prefs/java.util.prefs=ALL-UNNAMED --add-opens=java.base/java.nio.charset=ALL-UNNAMED --add-opens=java.base/java.net=ALL-UNNAMED --add-opens=java.base/java.util.concurrent.atomic=ALL-UNNAMED -Xmx2048m -Dfile.encoding=UTF-8 -Duser.country=IN -Duser.language=en -Duser.variant 
java_command: org.gradle.launcher.daemon.bootstrap.GradleDaemon 7.2
java_class_path (initial): C:\Users\91989\.gradle\wrapper\dists\gradle-7.2-bin\2dnblmf4td7x66yl1d74lt32g\gradle-7.2\lib\gradle-launcher-7.2.jar
Launcher Type: SUN_STANDARD

[Global flags]
     intx CICompilerCount                          = 4                                         {product} {ergonomic}
     uint ConcGCThreads                            = 2                                         {product} {ergonomic}
     uint G1ConcRefinementThreads                  = 8                                         {product} {ergonomic}
   size_t G1HeapRegionSize                         = 1048576                                   {product} {ergonomic}
    uintx GCDrainStackTargetSize                   = 64                                        {product} {ergonomic}
   size_t InitialHeapSize                          = 134217728                                 {product} {ergonomic}
   size_t MarkStackSize                            = 4194304                                   {product} {ergonomic}
   size_t MaxHeapSize                              = 2147483648                                {product} {command line}
   size_t MaxNewSize                               = 1287651328                                {product} {ergonomic}
   size_t MinHeapDeltaBytes                        = 1048576                                   {product} {ergonomic}
    uintx NonNMethodCodeHeapSize                   = 5836300                                {pd product} {ergonomic}
    uintx NonProfiledCodeHeapSize                  = 122910970                              {pd product} {ergonomic}
    uintx ProfiledCodeHeapSize                     = 122910970                              {pd product} {ergonomic}
    uintx ReservedCodeCacheSize                    = 251658240                              {pd product} {ergonomic}
     bool SegmentedCodeCache                       = true                                      {product} {ergonomic}
     bool UseCompressedClassPointers               = true                                 {lp64_product} {ergonomic}
     bool UseCompressedOops                        = true                                 {lp64_product} {ergonomic}
     bool UseG1GC                                  = true                                      {product} {ergonomic}
     bool UseLargePagesIndividualAllocation        = false                                  {pd product} {ergonomic}

Logging:
Log output configuration:
 #0: stdout all=warning uptime,level,tags
 #1: stderr all=off uptime,level,tags

Environment Variables:
PATH=C:\Windows\system32;C:\Windows;C:\Windows\System32\Wbem;C:\Windows\System32\WindowsPowerShell\v1.0\;C:\Windows\System32\OpenSSH\;C:\Program Files\Git\cmd;C:\Users\91989\AppData\Local\Microsoft\WindowsApps;
USERNAME=91989
OS=Windows_NT
PROCESSOR_IDENTIFIER=Intel64 Family 6 Model 60 Stepping 3, GenuineIntel



---------------  S Y S T E M  ---------------

OS: Windows 10 , 64 bit Build 19041 (10.0.19041.2364)
OS uptime: 1 days 6:15 hours

CPU:total 8 (initial active 8) (4 cores per cpu, 2 threads per core) family 6 model 60 stepping 3 microcode 0x27, cmov, cx8, fxsr, mmx, sse, sse2, sse3, ssse3, sse4.1, sse4.2, popcnt, avx, avx2, aes, clmul, erms, lzcnt, ht, tsc, tscinvbit, bmi1, bmi2, fma

Memory: 4k page, system-wide physical 8124M (797M free)
TotalPageFile size 10172M (AvailPageFile size 5M)
current process WorkingSet (physical memory assigned to process): 329M, peak: 329M
current process commit charge ("private bytes"): 382M, peak: 383M

vm_info: OpenJDK 64-Bit Server VM (11.0.13+0-b1751.21-8125866) for windows-amd64 JRE (11.0.13+0-b1751.21-8125866), built on Feb  2 2022 03:00:22 by "builder" with MS VC++ 14.0 (VS2015)

END.
