#
# There is insufficient memory for the Java Runtime Environment to continue.
# Native memory allocation (mmap) failed to map 38797312 bytes for Failed to commit area from 0x000000008b900000 to 0x000000008de00000 of length 38797312.
# Possible reasons:
#   The system is out of physical RAM or swap space
#   The process is running with CompressedOops enabled, and the Java Heap may be blocking the growth of the native heap
# Possible solutions:
#   Reduce memory load on the system
#   Increase physical memory or swap space
#   Check if swap backing store is full
#   Decrease Java heap size (-Xmx/-Xms)
#   Decrease number of Java threads
#   Decrease Java thread stack sizes (-Xss)
#   Set larger code cache with -XX:ReservedCodeCacheSize=
#   JVM is running with Unscaled Compressed Oops mode in which the Java heap is
#     placed in the first 4GB address space. The Java Heap base address is the
#     maximum limit for the native heap growth. Please use -XX:HeapBaseMinAddress
#     to set the Java Heap base and to place the Java Heap above 4GB virtual address.
# This output file may be truncated or incomplete.
#
#  Out of Memory Error (./src/hotspot/os/windows/os_windows.cpp:3619), pid=47212, tid=65668
#
# JRE version: OpenJDK Runtime Environment (11.0.13) (build 11.0.13+0-b1751.21-8125866)
# Java VM: OpenJDK 64-Bit Server VM (11.0.13+0-b1751.21-8125866, mixed mode, tiered, compressed oops, g1 gc, windows-amd64)
# No core dump will be written. Minidumps are not enabled by default on client versions of Windows
#

---------------  S U M M A R Y ------------

Command Line: --add-opens=java.base/java.util=ALL-UNNAMED --add-opens=java.base/java.lang=ALL-UNNAMED --add-opens=java.base/java.lang.invoke=ALL-UNNAMED --add-opens=java.base/java.util=ALL-UNNAMED --add-opens=java.prefs/java.util.prefs=ALL-UNNAMED --add-opens=java.prefs/java.util.prefs=ALL-UNNAMED --add-opens=java.base/java.nio.charset=ALL-UNNAMED --add-opens=java.base/java.net=ALL-UNNAMED --add-opens=java.base/java.util.concurrent.atomic=ALL-UNNAMED -Xmx2048m -Dfile.encoding=UTF-8 -Duser.country=IN -Duser.language=en -Duser.variant org.gradle.launcher.daemon.bootstrap.GradleDaemon 7.2

Host: Intel(R) Core(TM) i7-4700MQ CPU @ 2.40GHz, 8 cores, 7G,  Windows 10 , 64 bit Build 19041 (10.0.19041.2364)
Time: Fri Jan  6 15:23:11 2023 India Standard Time elapsed time: 11.696283 seconds (0d 0h 0m 11s)

---------------  T H R E A D  ---------------

Current thread (0x000002507200c800):  VMThread "VM Thread" [stack: 0x0000006e10e00000,0x0000006e10f00000] [id=65668]

Stack: [0x0000006e10e00000,0x0000006e10f00000]
[error occurred during error reporting (printing stack bounds), id 0xc0000005, EXCEPTION_ACCESS_VIOLATION (0xc0000005) at pc=0x000002505ae1112d]

Native frames: (J=compiled Java code, j=interpreted, Vv=VM code, C=native code)
V  [jvm.dll+0x6100fa]
V  [jvm.dll+0x747090]
V  [jvm.dll+0x7486ad]
V  [jvm.dll+0x748ce5]
V  [jvm.dll+0x748c9b]
V  [jvm.dll+0x60f224]
V  [jvm.dll+0x60f9b8]
C  [ntdll.dll+0xa241f]
C  [ntdll.dll+0x514a4]
C  [ntdll.dll+0xa0f4e]
C  0x000002505ae1112d

VM_Operation (0x0000006e121f6df0): G1CollectForAllocation, mode: safepoint, requested by thread 0x0000025074814000


---------------  P R O C E S S  ---------------

Threads class SMR info:
_java_thread_list=0x0000025079f1dec0, length=124, elements={
0x0000025057376800, 0x0000025072012000, 0x0000025072015800, 0x000002507206b800,
0x000002507206c800, 0x000002507206d800, 0x0000025072073800, 0x0000025072083000,
0x000002507208f000, 0x0000025072206000, 0x00000250753cc800, 0x0000025073429000,
0x0000025073147800, 0x0000025073636800, 0x00000250735e1800, 0x0000025072bb3000,
0x0000025074814000, 0x00000250749da800, 0x0000025072085000, 0x000002507389e000,
0x000002507389f000, 0x0000025074199800, 0x0000025074198800, 0x000002507419a000,
0x000002507419d800, 0x000002507419c800, 0x000002507419e000, 0x000002507419b800,
0x000002507419f000, 0x000002507419b000, 0x0000025075348000, 0x0000025075345800,
0x0000025075347000, 0x0000025075344800, 0x0000025075349000, 0x0000025072085800,
0x0000025075343000, 0x0000025075349800, 0x0000025075346800, 0x0000025075344000,
0x0000025075350000, 0x000002507534d800, 0x000002507534e800, 0x000002507534a800,
0x0000025075351000, 0x000002507534b800, 0x0000025075352000, 0x00000250733f6800,
0x00000250733f7000, 0x00000250733f8000, 0x00000250733f2800, 0x00000250733f9000,
0x00000250733f3000, 0x00000250733f4000, 0x00000250733f9800, 0x00000250733fa800,
0x00000250733f5800, 0x00000250733f4800, 0x00000250733fc000, 0x0000025073400000,
0x0000025073401000, 0x00000250733fb800, 0x00000250733fd000, 0x00000250733fd800,
0x00000250733fe800, 0x00000250733ff800, 0x0000025077c14000, 0x0000025077c16000,
0x0000025077c16800, 0x0000025077c18800, 0x0000025077c15000, 0x0000025077c1d000,
0x0000025077c17800, 0x0000025077c1b800, 0x0000025077c1c800, 0x0000025077c1a800,
0x0000025077c1e000, 0x0000025077c1f000, 0x0000025077c19000, 0x0000025077c1f800,
0x0000025077c1a000, 0x0000025077c20800, 0x0000025077c21800, 0x0000025077c22000,
0x0000025077c23000, 0x0000025075d2e800, 0x0000025075d2b000, 0x0000025075d2c000,
0x0000025075d2c800, 0x0000025075d2a000, 0x0000025075d32800, 0x0000025075d33000,
0x0000025075d2d800, 0x0000025075d30000, 0x0000025075d2f000, 0x0000025075d34000,
0x0000025075d35000, 0x0000025075d35800, 0x0000025075d31000, 0x0000025075d36800,
0x0000025075d37800, 0x0000025075d31800, 0x0000025075d38000, 0x0000025075d39000,
0x0000025077ab8000, 0x0000025077ab9000, 0x0000025077ab7800, 0x0000025077ab3000,
0x0000025077aba000, 0x0000025077ab5000, 0x0000025077ab6800, 0x0000025077ab4000,
0x0000025077aba800, 0x0000025077abb800, 0x0000025077ab5800, 0x0000025077abe800,
0x0000025077abf800, 0x0000025077ac0800, 0x0000025077ac1000, 0x0000025077ac2000,
0x0000025077abd000, 0x0000025077abe000, 0x0000025077abc000, 0x000002507a2e8000
}

Java Threads: ( => current thread )
  0x0000025057376800 JavaThread "main" [_thread_blocked, id=68488, stack(0x0000006e10800000,0x0000006e10900000)]
  0x0000025072012000 JavaThread "Reference Handler" daemon [_thread_blocked, id=64492, stack(0x0000006e10f00000,0x0000006e11000000)]
  0x0000025072015800 JavaThread "Finalizer" daemon [_thread_blocked, id=57232, stack(0x0000006e11000000,0x0000006e11100000)]
  0x000002507206b800 JavaThread "Signal Dispatcher" daemon [_thread_blocked, id=66344, stack(0x0000006e11100000,0x0000006e11200000)]
  0x000002507206c800 JavaThread "Attach Listener" daemon [_thread_blocked, id=68560, stack(0x0000006e11200000,0x0000006e11300000)]
  0x000002507206d800 JavaThread "Service Thread" daemon [_thread_blocked, id=60924, stack(0x0000006e11300000,0x0000006e11400000)]
  0x0000025072073800 JavaThread "C2 CompilerThread0" daemon [_thread_blocked, id=61648, stack(0x0000006e11400000,0x0000006e11500000)]
  0x0000025072083000 JavaThread "C1 CompilerThread0" daemon [_thread_blocked, id=7700, stack(0x0000006e11500000,0x0000006e11600000)]
  0x000002507208f000 JavaThread "Sweeper thread" daemon [_thread_blocked, id=68596, stack(0x0000006e11600000,0x0000006e11700000)]
  0x0000025072206000 JavaThread "Common-Cleaner" daemon [_thread_blocked, id=66628, stack(0x0000006e11700000,0x0000006e11800000)]
  0x00000250753cc800 JavaThread "Daemon health stats" [_thread_blocked, id=64072, stack(0x0000006e11d00000,0x0000006e11e00000)]
  0x0000025073429000 JavaThread "Incoming local TCP Connector on port 63520" [_thread_in_native, id=59920, stack(0x0000006e11900000,0x0000006e11a00000)]
  0x0000025073147800 JavaThread "Daemon periodic checks" [_thread_blocked, id=67472, stack(0x0000006e11a00000,0x0000006e11b00000)]
  0x0000025073636800 JavaThread "Daemon" [_thread_blocked, id=63856, stack(0x0000006e11e00000,0x0000006e11f00000)]
  0x00000250735e1800 JavaThread "Handler for socket connection from /127.0.0.1:63520 to /127.0.0.1:63521" [_thread_in_native, id=62972, stack(0x0000006e11f00000,0x0000006e12000000)]
  0x0000025072bb3000 JavaThread "Cancel handler" [_thread_blocked, id=57228, stack(0x0000006e12000000,0x0000006e12100000)]
  0x0000025074814000 JavaThread "Daemon worker" [_thread_blocked, id=62068, stack(0x0000006e12100000,0x0000006e12200000)]
  0x00000250749da800 JavaThread "Asynchronous log dispatcher for DefaultDaemonConnection: socket connection from /127.0.0.1:63520 to /127.0.0.1:63521" [_thread_blocked, id=63992, stack(0x0000006e12200000,0x0000006e12300000)]
  0x0000025072085000 JavaThread "C2 CompilerThread1" daemon [_thread_blocked, id=68536, stack(0x0000006e12300000,0x0000006e12400000)]
  0x000002507389e000 JavaThread "Stdin handler" [_thread_blocked, id=66568, stack(0x0000006e12400000,0x0000006e12500000)]
  0x000002507389f000 JavaThread "Daemon client event forwarder" [_thread_blocked, id=6120, stack(0x0000006e12500000,0x0000006e12600000)]
  0x0000025074199800 JavaThread "Cache worker for journal cache (C:\Users\91989\.gradle\caches\journal-1)" [_thread_blocked, id=61172, stack(0x0000006e12b00000,0x0000006e12c00000)]
  0x0000025074198800 JavaThread "File lock request listener" [_thread_in_native, id=60720, stack(0x0000006e12c00000,0x0000006e12d00000)]
  0x000002507419a000 JavaThread "Cache worker for file hash cache (C:\Users\91989\.gradle\caches\7.2\fileHashes)" [_thread_blocked, id=53876, stack(0x0000006e12d00000,0x0000006e12e00000)]
  0x000002507419d800 JavaThread "Cache worker for file hash cache (F:\clicknow\.gradle\7.2\fileHashes)" [_thread_blocked, id=58088, stack(0x0000006e12f00000,0x0000006e13000000)]
  0x000002507419c800 JavaThread "File watcher server" daemon [_thread_in_native, id=64384, stack(0x0000006e13000000,0x0000006e13100000)]
  0x000002507419e000 JavaThread "File watcher consumer" daemon [_thread_blocked, id=68296, stack(0x0000006e13100000,0x0000006e13200000)]
  0x000002507419b800 JavaThread "jar transforms" [_thread_blocked, id=64332, stack(0x0000006e13200000,0x0000006e13300000)]
  0x000002507419f000 JavaThread "jar transforms Thread 2" [_thread_blocked, id=57068, stack(0x0000006e13300000,0x0000006e13400000)]
  0x000002507419b000 JavaThread "jar transforms Thread 3" [_thread_blocked, id=64928, stack(0x0000006e13400000,0x0000006e13500000)]
  0x0000025075348000 JavaThread "jar transforms Thread 4" [_thread_blocked, id=64236, stack(0x0000006e13500000,0x0000006e13600000)]
  0x0000025075345800 JavaThread "jar transforms Thread 5" [_thread_blocked, id=66488, stack(0x0000006e13600000,0x0000006e13700000)]
  0x0000025075347000 JavaThread "jar transforms Thread 6" [_thread_blocked, id=63584, stack(0x0000006e13700000,0x0000006e13800000)]
  0x0000025075344800 JavaThread "jar transforms Thread 7" [_thread_blocked, id=66236, stack(0x0000006e13800000,0x0000006e13900000)]
  0x0000025075349000 JavaThread "jar transforms Thread 8" [_thread_blocked, id=67896, stack(0x0000006e13900000,0x0000006e13a00000)]
  0x0000025072085800 JavaThread "C2 CompilerThread2" daemon [_thread_blocked, id=66308, stack(0x0000006e13a00000,0x0000006e13b00000)]
  0x0000025075343000 JavaThread "Cache worker for checksums cache (F:\clicknow\.gradle\checksums)" [_thread_blocked, id=56936, stack(0x0000006e13b00000,0x0000006e13c00000)]
  0x0000025075349800 JavaThread "Cache worker for cache directory md-supplier (C:\Users\91989\.gradle\caches\7.2\md-supplier)" [_thread_blocked, id=67876, stack(0x0000006e13c00000,0x0000006e13d00000)]
  0x0000025075346800 JavaThread "Cache worker for cache directory md-rule (C:\Users\91989\.gradle\caches\7.2\md-rule)" [_thread_blocked, id=67408, stack(0x0000006e13d00000,0x0000006e13e00000)]
  0x0000025075344000 JavaThread "Cache worker for execution history cache (C:\Users\91989\.gradle\caches\7.2\executionHistory)" [_thread_blocked, id=65204, stack(0x0000006e13e00000,0x0000006e13f00000)]
  0x0000025075350000 JavaThread "Cache worker for file content cache (C:\Users\91989\.gradle\caches\7.2\fileContent)" [_thread_blocked, id=63728, stack(0x0000006e13f00000,0x0000006e14000000)]
  0x000002507534d800 JavaThread "Cache worker for dependencies-accessors (F:\clicknow\.gradle\7.2\dependencies-accessors)" [_thread_blocked, id=40160, stack(0x0000006e14000000,0x0000006e14100000)]
  0x000002507534e800 JavaThread "Cache worker for Build Output Cleanup Cache (F:\clicknow\.gradle\buildOutputCleanup)" [_thread_blocked, id=46664, stack(0x0000006e14100000,0x0000006e14200000)]
  0x000002507534a800 JavaThread "Unconstrained build operations" [_thread_blocked, id=63436, stack(0x0000006e14200000,0x0000006e14300000)]
  0x0000025075351000 JavaThread "Unconstrained build operations Thread 2" [_thread_blocked, id=68228, stack(0x0000006e14300000,0x0000006e14400000)]
  0x000002507534b800 JavaThread "Unconstrained build operations Thread 3" [_thread_blocked, id=67052, stack(0x0000006e14400000,0x0000006e14500000)]
  0x0000025075352000 JavaThread "Unconstrained build operations Thread 4" [_thread_blocked, id=7588, stack(0x0000006e14500000,0x0000006e14600000)]
  0x00000250733f6800 JavaThread "Unconstrained build operations Thread 5" [_thread_blocked, id=67276, stack(0x0000006e14600000,0x0000006e14700000)]
  0x00000250733f7000 JavaThread "Unconstrained build operations Thread 6" [_thread_blocked, id=3780, stack(0x0000006e14700000,0x0000006e14800000)]
  0x00000250733f8000 JavaThread "Unconstrained build operations Thread 7" [_thread_blocked, id=8172, stack(0x0000006e14800000,0x0000006e14900000)]
  0x00000250733f2800 JavaThread "Unconstrained build operations Thread 8" [_thread_blocked, id=62720, stack(0x0000006e14900000,0x0000006e14a00000)]
  0x00000250733f9000 JavaThread "Unconstrained build operations Thread 9" [_thread_blocked, id=41220, stack(0x0000006e14a00000,0x0000006e14b00000)]
  0x00000250733f3000 JavaThread "Unconstrained build operations Thread 10" [_thread_blocked, id=4360, stack(0x0000006e14b00000,0x0000006e14c00000)]
  0x00000250733f4000 JavaThread "Unconstrained build operations Thread 11" [_thread_blocked, id=67644, stack(0x0000006e14c00000,0x0000006e14d00000)]
  0x00000250733f9800 JavaThread "Unconstrained build operations Thread 12" [_thread_blocked, id=65672, stack(0x0000006e14d00000,0x0000006e14e00000)]
  0x00000250733fa800 JavaThread "Unconstrained build operations Thread 13" [_thread_blocked, id=65864, stack(0x0000006e14e00000,0x0000006e14f00000)]
  0x00000250733f5800 JavaThread "Unconstrained build operations Thread 14" [_thread_blocked, id=54168, stack(0x0000006e14f00000,0x0000006e15000000)]
  0x00000250733f4800 JavaThread "Unconstrained build operations Thread 15" [_thread_blocked, id=67548, stack(0x0000006e15000000,0x0000006e15100000)]
  0x00000250733fc000 JavaThread "Unconstrained build operations Thread 16" [_thread_blocked, id=54040, stack(0x0000006e15100000,0x0000006e15200000)]
  0x0000025073400000 JavaThread "Unconstrained build operations Thread 17" [_thread_blocked, id=67368, stack(0x0000006e15200000,0x0000006e15300000)]
  0x0000025073401000 JavaThread "Unconstrained build operations Thread 18" [_thread_blocked, id=65736, stack(0x0000006e15300000,0x0000006e15400000)]
  0x00000250733fb800 JavaThread "Unconstrained build operations Thread 19" [_thread_blocked, id=63248, stack(0x0000006e15400000,0x0000006e15500000)]
  0x00000250733fd000 JavaThread "Unconstrained build operations Thread 20" [_thread_blocked, id=68484, stack(0x0000006e15500000,0x0000006e15600000)]
  0x00000250733fd800 JavaThread "Unconstrained build operations Thread 21" [_thread_blocked, id=68436, stack(0x0000006e15600000,0x0000006e15700000)]
  0x00000250733fe800 JavaThread "Unconstrained build operations Thread 22" [_thread_blocked, id=62232, stack(0x0000006e15700000,0x0000006e15800000)]
  0x00000250733ff800 JavaThread "Unconstrained build operations Thread 23" [_thread_blocked, id=62516, stack(0x0000006e15800000,0x0000006e15900000)]
  0x0000025077c14000 JavaThread "Unconstrained build operations Thread 24" [_thread_blocked, id=66960, stack(0x0000006e15900000,0x0000006e15a00000)]
  0x0000025077c16000 JavaThread "Unconstrained build operations Thread 25" [_thread_blocked, id=63312, stack(0x0000006e15a00000,0x0000006e15b00000)]
  0x0000025077c16800 JavaThread "Unconstrained build operations Thread 26" [_thread_blocked, id=7060, stack(0x0000006e15b00000,0x0000006e15c00000)]
  0x0000025077c18800 JavaThread "Unconstrained build operations Thread 27" [_thread_blocked, id=66276, stack(0x0000006e15c00000,0x0000006e15d00000)]
  0x0000025077c15000 JavaThread "Unconstrained build operations Thread 28" [_thread_blocked, id=62648, stack(0x0000006e15d00000,0x0000006e15e00000)]
  0x0000025077c1d000 JavaThread "Unconstrained build operations Thread 29" [_thread_blocked, id=62752, stack(0x0000006e15e00000,0x0000006e15f00000)]
  0x0000025077c17800 JavaThread "Unconstrained build operations Thread 30" [_thread_blocked, id=65772, stack(0x0000006e15f00000,0x0000006e16000000)]
  0x0000025077c1b800 JavaThread "Unconstrained build operations Thread 31" [_thread_blocked, id=67804, stack(0x0000006e16000000,0x0000006e16100000)]
  0x0000025077c1c800 JavaThread "Unconstrained build operations Thread 32" [_thread_blocked, id=62500, stack(0x0000006e16100000,0x0000006e16200000)]
  0x0000025077c1a800 JavaThread "Unconstrained build operations Thread 33" [_thread_blocked, id=8296, stack(0x0000006e16200000,0x0000006e16300000)]
  0x0000025077c1e000 JavaThread "Unconstrained build operations Thread 34" [_thread_blocked, id=65076, stack(0x0000006e16300000,0x0000006e16400000)]
  0x0000025077c1f000 JavaThread "Unconstrained build operations Thread 35" [_thread_blocked, id=63796, stack(0x0000006e16400000,0x0000006e16500000)]
  0x0000025077c19000 JavaThread "Unconstrained build operations Thread 36" [_thread_blocked, id=40092, stack(0x0000006e16500000,0x0000006e16600000)]
  0x0000025077c1f800 JavaThread "Unconstrained build operations Thread 37" [_thread_blocked, id=66064, stack(0x0000006e16600000,0x0000006e16700000)]
  0x0000025077c1a000 JavaThread "Unconstrained build operations Thread 38" [_thread_blocked, id=59340, stack(0x0000006e16700000,0x0000006e16800000)]
  0x0000025077c20800 JavaThread "Unconstrained build operations Thread 39" [_thread_blocked, id=68200, stack(0x0000006e16800000,0x0000006e16900000)]
  0x0000025077c21800 JavaThread "Unconstrained build operations Thread 40" [_thread_blocked, id=63224, stack(0x0000006e16900000,0x0000006e16a00000)]
  0x0000025077c22000 JavaThread "Unconstrained build operations Thread 41" [_thread_blocked, id=62056, stack(0x0000006e16a00000,0x0000006e16b00000)]
  0x0000025077c23000 JavaThread "Unconstrained build operations Thread 42" [_thread_blocked, id=41348, stack(0x0000006e16b00000,0x0000006e16c00000)]
  0x0000025075d2e800 JavaThread "Unconstrained build operations Thread 43" [_thread_blocked, id=62940, stack(0x0000006e16c00000,0x0000006e16d00000)]
  0x0000025075d2b000 JavaThread "Unconstrained build operations Thread 44" [_thread_blocked, id=68404, stack(0x0000006e16d00000,0x0000006e16e00000)]
  0x0000025075d2c000 JavaThread "Unconstrained build operations Thread 45" [_thread_blocked, id=8728, stack(0x0000006e16e00000,0x0000006e16f00000)]
  0x0000025075d2c800 JavaThread "Unconstrained build operations Thread 46" [_thread_blocked, id=67120, stack(0x0000006e16f00000,0x0000006e17000000)]
  0x0000025075d2a000 JavaThread "Unconstrained build operations Thread 47" [_thread_blocked, id=41524, stack(0x0000006e17000000,0x0000006e17100000)]
  0x0000025075d32800 JavaThread "Unconstrained build operations Thread 48" [_thread_blocked, id=2972, stack(0x0000006e17100000,0x0000006e17200000)]
  0x0000025075d33000 JavaThread "Unconstrained build operations Thread 49" [_thread_blocked, id=52744, stack(0x0000006e17200000,0x0000006e17300000)]
  0x0000025075d2d800 JavaThread "Unconstrained build operations Thread 50" [_thread_blocked, id=67660, stack(0x0000006e17300000,0x0000006e17400000)]
  0x0000025075d30000 JavaThread "Unconstrained build operations Thread 51" [_thread_blocked, id=67672, stack(0x0000006e17400000,0x0000006e17500000)]
  0x0000025075d2f000 JavaThread "Unconstrained build operations Thread 52" [_thread_blocked, id=53432, stack(0x0000006e17500000,0x0000006e17600000)]
  0x0000025075d34000 JavaThread "Unconstrained build operations Thread 53" [_thread_blocked, id=41212, stack(0x0000006e17600000,0x0000006e17700000)]
  0x0000025075d35000 JavaThread "Unconstrained build operations Thread 54" [_thread_blocked, id=63576, stack(0x0000006e17700000,0x0000006e17800000)]
  0x0000025075d35800 JavaThread "Unconstrained build operations Thread 55" [_thread_blocked, id=60860, stack(0x0000006e17800000,0x0000006e17900000)]
  0x0000025075d31000 JavaThread "Unconstrained build operations Thread 56" [_thread_blocked, id=61388, stack(0x0000006e17900000,0x0000006e17a00000)]
  0x0000025075d36800 JavaThread "Unconstrained build operations Thread 57" [_thread_blocked, id=38728, stack(0x0000006e17a00000,0x0000006e17b00000)]
  0x0000025075d37800 JavaThread "Unconstrained build operations Thread 58" [_thread_blocked, id=6136, stack(0x0000006e17b00000,0x0000006e17c00000)]
  0x0000025075d31800 JavaThread "Unconstrained build operations Thread 59" [_thread_blocked, id=67744, stack(0x0000006e17c00000,0x0000006e17d00000)]
  0x0000025075d38000 JavaThread "Unconstrained build operations Thread 60" [_thread_blocked, id=60788, stack(0x0000006e17d00000,0x0000006e17e00000)]
  0x0000025075d39000 JavaThread "Unconstrained build operations Thread 61" [_thread_blocked, id=68220, stack(0x0000006e17e00000,0x0000006e17f00000)]
  0x0000025077ab8000 JavaThread "Unconstrained build operations Thread 62" [_thread_blocked, id=66100, stack(0x0000006e17f00000,0x0000006e18000000)]
  0x0000025077ab9000 JavaThread "Unconstrained build operations Thread 63" [_thread_blocked, id=63008, stack(0x0000006e18000000,0x0000006e18100000)]
  0x0000025077ab7800 JavaThread "Unconstrained build operations Thread 64" [_thread_blocked, id=57148, stack(0x0000006e18100000,0x0000006e18200000)]
  0x0000025077ab3000 JavaThread "Unconstrained build operations Thread 65" [_thread_blocked, id=64984, stack(0x0000006e18200000,0x0000006e18300000)]
  0x0000025077aba000 JavaThread "Unconstrained build operations Thread 66" [_thread_blocked, id=50916, stack(0x0000006e18300000,0x0000006e18400000)]
  0x0000025077ab5000 JavaThread "Unconstrained build operations Thread 67" [_thread_blocked, id=67880, stack(0x0000006e18400000,0x0000006e18500000)]
  0x0000025077ab6800 JavaThread "Unconstrained build operations Thread 68" [_thread_blocked, id=64652, stack(0x0000006e18500000,0x0000006e18600000)]
  0x0000025077ab4000 JavaThread "Unconstrained build operations Thread 69" [_thread_blocked, id=9936, stack(0x0000006e18600000,0x0000006e18700000)]
  0x0000025077aba800 JavaThread "Unconstrained build operations Thread 70" [_thread_blocked, id=63276, stack(0x0000006e18700000,0x0000006e18800000)]
  0x0000025077abb800 JavaThread "Unconstrained build operations Thread 71" [_thread_blocked, id=64716, stack(0x0000006e18800000,0x0000006e18900000)]
  0x0000025077ab5800 JavaThread "Unconstrained build operations Thread 72" [_thread_blocked, id=65880, stack(0x0000006e18900000,0x0000006e18a00000)]
  0x0000025077abe800 JavaThread "Unconstrained build operations Thread 73" [_thread_blocked, id=68472, stack(0x0000006e18a00000,0x0000006e18b00000)]
  0x0000025077abf800 JavaThread "Unconstrained build operations Thread 74" [_thread_blocked, id=13288, stack(0x0000006e18b00000,0x0000006e18c00000)]
  0x0000025077ac0800 JavaThread "Unconstrained build operations Thread 75" [_thread_blocked, id=67552, stack(0x0000006e18c00000,0x0000006e18d00000)]
  0x0000025077ac1000 JavaThread "Unconstrained build operations Thread 76" [_thread_blocked, id=68132, stack(0x0000006e18d00000,0x0000006e18e00000)]
  0x0000025077ac2000 JavaThread "Unconstrained build operations Thread 77" [_thread_blocked, id=64700, stack(0x0000006e18e00000,0x0000006e18f00000)]
  0x0000025077abd000 JavaThread "Unconstrained build operations Thread 78" [_thread_blocked, id=9996, stack(0x0000006e18f00000,0x0000006e19000000)]
  0x0000025077abe000 JavaThread "Unconstrained build operations Thread 79" [_thread_blocked, id=67968, stack(0x0000006e19000000,0x0000006e19100000)]
  0x0000025077abc000 JavaThread "Unconstrained build operations Thread 80" [_thread_blocked, id=64292, stack(0x0000006e19100000,0x0000006e19200000)]
  0x000002507a2e8000 JavaThread "Memory manager" [_thread_blocked, id=67056, stack(0x0000006e19200000,0x0000006e19300000)]

Other Threads:
=>0x000002507200c800 VMThread "VM Thread" [stack: 0x0000006e10e00000,0x0000006e10f00000] [id=65668]
  0x0000025072218000 WatcherThread [stack: 0x0000006e11800000,0x0000006e11900000] [id=55840]
  0x000002505738f000 GCTaskThread "GC Thread#0" [stack: 0x0000006e10900000,0x0000006e10a00000] [id=67696]
  0x000002507339e800 GCTaskThread "GC Thread#1" [stack: 0x0000006e11b00000,0x0000006e11c00000] [id=62536]
  0x0000025073376000 GCTaskThread "GC Thread#2" [stack: 0x0000006e11c00000,0x0000006e11d00000] [id=7156]
  0x0000025075619800 GCTaskThread "GC Thread#3" [stack: 0x0000006e12600000,0x0000006e12700000] [id=67888]
  0x0000025074486000 GCTaskThread "GC Thread#4" [stack: 0x0000006e12700000,0x0000006e12800000] [id=66504]
  0x00000250743a3800 GCTaskThread "GC Thread#5" [stack: 0x0000006e12800000,0x0000006e12900000] [id=67704]
  0x00000250735e2000 GCTaskThread "GC Thread#6" [stack: 0x0000006e12900000,0x0000006e12a00000] [id=68092]
  0x0000025072bb3800 GCTaskThread "GC Thread#7" [stack: 0x0000006e12a00000,0x0000006e12b00000] [id=68408]
  0x00000250573c1000 ConcurrentGCThread "G1 Main Marker" [stack: 0x0000006e10a00000,0x0000006e10b00000] [id=41668]
  0x00000250573c2800 ConcurrentGCThread "G1 Conc#0" [stack: 0x0000006e10b00000,0x0000006e10c00000] [id=63704]
  0x0000025074806000 ConcurrentGCThread "G1 Conc#1" [stack: 0x0000006e12e00000,0x0000006e12f00000] [id=63172]
  0x0000025070ffb800 ConcurrentGCThread "G1 Refine#0" [stack: 0x0000006e10c00000,0x0000006e10d00000] [id=68356]
  0x0000025070ffc800 ConcurrentGCThread "G1 Young RemSet Sampling" [stack: 0x0000006e10d00000,0x0000006e10e00000] [id=67592]

Threads with active compile tasks:
C2 CompilerThread0  11736 7934       4       java.util.zip.ZipFile::getZipEntry (325 bytes)
C1 CompilerThread0  11736 7960       1       com.android.build.gradle.internal.publishing.AndroidArtifacts$ArtifactType::getType (5 bytes)
C2 CompilerThread1  11736 7922   !   4       java.lang.reflect.Executable::sharedToGenericString (321 bytes)
C2 CompilerThread2  11736 7645 %     4       org.gradle.internal.instantiation.generator.AbstractClassGenerator::inspectType @ 107 (560 bytes)

VM state:at safepoint (normal execution)

VM Mutex/Monitor currently owned by a thread:  ([mutex/lock_event])
[0x0000025057373790] Threads_lock - owner thread: 0x000002507200c800
[0x00000250573735e0] Heap_lock - owner thread: 0x0000025074814000

Heap address: 0x0000000080000000, size: 2048 MB, Compressed Oops mode: 32-bit
Narrow klass base: 0x0000000000000000, Narrow klass shift: 3
Compressed class space size: 1073741824 Address: 0x0000000100000000

Heap:
 garbage-first heap   total 227328K, used 109078K [0x0000000080000000, 0x0000000100000000)
  region size 1024K, 6 young (6144K), 6 survivors (6144K)
 Metaspace       used 77035K, capacity 79116K, committed 79208K, reserved 1118208K
  class space    used 9944K, capacity 10666K, committed 10752K, reserved 1048576K
Heap Regions: E=young(eden), S=young(survivor), O=old, HS=humongous(starts), HC=humongous(continues), CS=collection set, F=free, A=archive, TAMS=top-at-mark-start (previous, next)
|   0|0x0000000080000000, 0x0000000080100000, 0x0000000080100000|100%| O|  |TAMS 0x0000000080100000, 0x0000000080000000| Untracked 
|   1|0x0000000080100000, 0x0000000080200000, 0x0000000080200000|100%| O|  |TAMS 0x0000000080200000, 0x0000000080100000| Untracked 
|   2|0x0000000080200000, 0x0000000080300000, 0x0000000080300000|100%| O|  |TAMS 0x0000000080300000, 0x0000000080200000| Untracked 
|   3|0x0000000080300000, 0x0000000080400000, 0x0000000080400000|100%|HS|  |TAMS 0x0000000080400000, 0x0000000080300000| Complete 
|   4|0x0000000080400000, 0x0000000080500000, 0x0000000080500000|100%|HC|  |TAMS 0x0000000080500000, 0x0000000080400000| Complete 
|   5|0x0000000080500000, 0x0000000080600000, 0x0000000080600000|100%|HC|  |TAMS 0x0000000080600000, 0x0000000080500000| Complete 
|   6|0x0000000080600000, 0x0000000080700000, 0x0000000080700000|100%| O|  |TAMS 0x0000000080700000, 0x0000000080600000| Untracked 
|   7|0x0000000080700000, 0x0000000080800000, 0x0000000080800000|100%| O|  |TAMS 0x0000000080800000, 0x0000000080700000| Untracked 
|   8|0x0000000080800000, 0x0000000080900000, 0x0000000080900000|100%| O|  |TAMS 0x0000000080900000, 0x0000000080800000| Untracked 
|   9|0x0000000080900000, 0x0000000080a00000, 0x0000000080a00000|100%| O|  |TAMS 0x0000000080a00000, 0x0000000080900000| Untracked 
|  10|0x0000000080a00000, 0x0000000080b00000, 0x0000000080b00000|100%| O|  |TAMS 0x0000000080b00000, 0x0000000080a00000| Untracked 
|  11|0x0000000080b00000, 0x0000000080c00000, 0x0000000080c00000|100%| O|  |TAMS 0x0000000080c00000, 0x0000000080b00000| Untracked 
|  12|0x0000000080c00000, 0x0000000080d00000, 0x0000000080d00000|100%| O|  |TAMS 0x0000000080d00000, 0x0000000080c00000| Untracked 
|  13|0x0000000080d00000, 0x0000000080e00000, 0x0000000080e00000|100%| O|  |TAMS 0x0000000080e00000, 0x0000000080d00000| Untracked 
|  14|0x0000000080e00000, 0x0000000080f00000, 0x0000000080f00000|100%| O|  |TAMS 0x0000000080f00000, 0x0000000080e00000| Untracked 
|  15|0x0000000080f00000, 0x0000000081000000, 0x0000000081000000|100%| O|  |TAMS 0x0000000081000000, 0x0000000080f00000| Untracked 
|  16|0x0000000081000000, 0x0000000081100000, 0x0000000081100000|100%|HS|  |TAMS 0x0000000081100000, 0x0000000081000000| Complete 
|  17|0x0000000081100000, 0x0000000081200000, 0x0000000081200000|100%|HC|  |TAMS 0x0000000081200000, 0x0000000081100000| Complete 
|  18|0x0000000081200000, 0x0000000081300000, 0x0000000081300000|100%|HS|  |TAMS 0x0000000081300000, 0x0000000081200000| Complete 
|  19|0x0000000081300000, 0x0000000081400000, 0x0000000081400000|100%|HC|  |TAMS 0x0000000081400000, 0x0000000081300000| Complete 
|  20|0x0000000081400000, 0x0000000081500000, 0x0000000081500000|100%|HC|  |TAMS 0x0000000081500000, 0x0000000081400000| Complete 
|  21|0x0000000081500000, 0x0000000081600000, 0x0000000081600000|100%|HS|  |TAMS 0x0000000081600000, 0x0000000081500000| Complete 
|  22|0x0000000081600000, 0x0000000081700000, 0x0000000081700000|100%|HC|  |TAMS 0x0000000081700000, 0x0000000081600000| Complete 
|  23|0x0000000081700000, 0x0000000081800000, 0x0000000081800000|100%|HC|  |TAMS 0x0000000081800000, 0x0000000081700000| Complete 
|  24|0x0000000081800000, 0x0000000081900000, 0x0000000081900000|100%|HS|  |TAMS 0x0000000081900000, 0x0000000081800000| Complete 
|  25|0x0000000081900000, 0x0000000081a00000, 0x0000000081a00000|100%|HC|  |TAMS 0x0000000081a00000, 0x0000000081900000| Complete 
|  26|0x0000000081a00000, 0x0000000081b00000, 0x0000000081b00000|100%|HC|  |TAMS 0x0000000081b00000, 0x0000000081a00000| Complete 
|  27|0x0000000081b00000, 0x0000000081c00000, 0x0000000081c00000|100%|HC|  |TAMS 0x0000000081c00000, 0x0000000081b00000| Complete 
|  28|0x0000000081c00000, 0x0000000081d00000, 0x0000000081d00000|100%|HC|  |TAMS 0x0000000081d00000, 0x0000000081c00000| Complete 
|  29|0x0000000081d00000, 0x0000000081e00000, 0x0000000081e00000|100%|HS|  |TAMS 0x0000000081e00000, 0x0000000081d00000| Complete 
|  30|0x0000000081e00000, 0x0000000081f00000, 0x0000000081f00000|100%|HS|  |TAMS 0x0000000081f00000, 0x0000000081e00000| Complete 
|  31|0x0000000081f00000, 0x0000000082000000, 0x0000000082000000|100%|HC|  |TAMS 0x0000000082000000, 0x0000000081f00000| Complete 
|  32|0x0000000082000000, 0x0000000082100000, 0x0000000082100000|100%|HC|  |TAMS 0x0000000082100000, 0x0000000082000000| Complete 
|  33|0x0000000082100000, 0x0000000082200000, 0x0000000082200000|100%|HC|  |TAMS 0x0000000082200000, 0x0000000082100000| Complete 
|  34|0x0000000082200000, 0x0000000082300000, 0x0000000082300000|100%| O|  |TAMS 0x0000000082300000, 0x0000000082200000| Untracked 
|  35|0x0000000082300000, 0x0000000082400000, 0x0000000082400000|100%| O|  |TAMS 0x0000000082400000, 0x0000000082300000| Untracked 
|  36|0x0000000082400000, 0x0000000082500000, 0x0000000082500000|100%| O|  |TAMS 0x0000000082500000, 0x0000000082400000| Untracked 
|  37|0x0000000082500000, 0x0000000082600000, 0x0000000082600000|100%| O|  |TAMS 0x0000000082600000, 0x0000000082500000| Untracked 
|  38|0x0000000082600000, 0x0000000082700000, 0x0000000082700000|100%| O|  |TAMS 0x0000000082700000, 0x0000000082600000| Untracked 
|  39|0x0000000082700000, 0x0000000082800000, 0x0000000082800000|100%| O|  |TAMS 0x0000000082800000, 0x0000000082700000| Untracked 
|  40|0x0000000082800000, 0x0000000082900000, 0x0000000082900000|100%| O|  |TAMS 0x0000000082900000, 0x0000000082800000| Untracked 
|  41|0x0000000082900000, 0x0000000082a00000, 0x0000000082a00000|100%| O|  |TAMS 0x0000000082a00000, 0x0000000082900000| Untracked 
|  42|0x0000000082a00000, 0x0000000082b00000, 0x0000000082b00000|100%| O|  |TAMS 0x0000000082b00000, 0x0000000082a00000| Untracked 
|  43|0x0000000082b00000, 0x0000000082c00000, 0x0000000082c00000|100%| O|  |TAMS 0x0000000082c00000, 0x0000000082b00000| Untracked 
|  44|0x0000000082c00000, 0x0000000082d00000, 0x0000000082d00000|100%|HS|  |TAMS 0x0000000082d00000, 0x0000000082c00000| Complete 
|  45|0x0000000082d00000, 0x0000000082e00000, 0x0000000082e00000|100%|HC|  |TAMS 0x0000000082e00000, 0x0000000082d00000| Complete 
|  46|0x0000000082e00000, 0x0000000082f00000, 0x0000000082f00000|100%|HC|  |TAMS 0x0000000082f00000, 0x0000000082e00000| Complete 
|  47|0x0000000082f00000, 0x0000000083000000, 0x0000000083000000|100%| O|  |TAMS 0x0000000083000000, 0x0000000082f00000| Untracked 
|  48|0x0000000083000000, 0x0000000083100000, 0x0000000083100000|100%| O|  |TAMS 0x0000000083100000, 0x0000000083000000| Untracked 
|  49|0x0000000083100000, 0x0000000083200000, 0x0000000083200000|100%| O|  |TAMS 0x0000000083200000, 0x0000000083100000| Untracked 
|  50|0x0000000083200000, 0x0000000083300000, 0x0000000083300000|100%| O|  |TAMS 0x0000000083300000, 0x0000000083200000| Untracked 
|  51|0x0000000083300000, 0x0000000083400000, 0x0000000083400000|100%| O|  |TAMS 0x0000000083400000, 0x0000000083300000| Untracked 
|  52|0x0000000083400000, 0x0000000083500000, 0x0000000083500000|100%|HS|  |TAMS 0x0000000083500000, 0x0000000083400000| Complete 
|  53|0x0000000083500000, 0x0000000083600000, 0x0000000083600000|100%|HC|  |TAMS 0x0000000083600000, 0x0000000083500000| Complete 
|  54|0x0000000083600000, 0x0000000083700000, 0x0000000083700000|100%|HC|  |TAMS 0x0000000083700000, 0x0000000083600000| Complete 
|  55|0x0000000083700000, 0x0000000083800000, 0x0000000083800000|100%|HC|  |TAMS 0x0000000083800000, 0x0000000083700000| Complete 
|  56|0x0000000083800000, 0x0000000083900000, 0x0000000083900000|100%|HS|  |TAMS 0x0000000083900000, 0x0000000083800000| Complete 
|  57|0x0000000083900000, 0x0000000083a00000, 0x0000000083a00000|100%|HC|  |TAMS 0x0000000083a00000, 0x0000000083900000| Complete 
|  58|0x0000000083a00000, 0x0000000083b00000, 0x0000000083b00000|100%|HS|  |TAMS 0x0000000083b00000, 0x0000000083a00000| Complete 
|  59|0x0000000083b00000, 0x0000000083c00000, 0x0000000083c00000|100%|HC|  |TAMS 0x0000000083c00000, 0x0000000083b00000| Complete 
|  60|0x0000000083c00000, 0x0000000083d00000, 0x0000000083d00000|100%|HC|  |TAMS 0x0000000083d00000, 0x0000000083c00000| Complete 
|  61|0x0000000083d00000, 0x0000000083e00000, 0x0000000083e00000|100%|HS|  |TAMS 0x0000000083e00000, 0x0000000083d00000| Complete 
|  62|0x0000000083e00000, 0x0000000083f00000, 0x0000000083f00000|100%|HC|  |TAMS 0x0000000083f00000, 0x0000000083e00000| Complete 
|  63|0x0000000083f00000, 0x0000000084000000, 0x0000000084000000|100%|HC|  |TAMS 0x0000000084000000, 0x0000000083f00000| Complete 
|  64|0x0000000084000000, 0x0000000084100000, 0x0000000084100000|100%|HC|  |TAMS 0x0000000084100000, 0x0000000084000000| Complete 
|  65|0x0000000084100000, 0x0000000084200000, 0x0000000084200000|100%|HC|  |TAMS 0x0000000084200000, 0x0000000084100000| Complete 
|  66|0x0000000084200000, 0x0000000084300000, 0x0000000084300000|100%| O|  |TAMS 0x0000000084300000, 0x0000000084200000| Untracked 
|  67|0x0000000084300000, 0x0000000084400000, 0x0000000084400000|100%| O|  |TAMS 0x0000000084400000, 0x0000000084300000| Untracked 
|  68|0x0000000084400000, 0x0000000084500000, 0x0000000084500000|100%| O|  |TAMS 0x0000000084500000, 0x0000000084400000| Untracked 
|  69|0x0000000084500000, 0x0000000084600000, 0x0000000084600000|100%| O|  |TAMS 0x0000000084600000, 0x0000000084500000| Untracked 
|  70|0x0000000084600000, 0x0000000084700000, 0x0000000084700000|100%| O|  |TAMS 0x0000000084700000, 0x0000000084600000| Untracked 
|  71|0x0000000084700000, 0x0000000084800000, 0x0000000084800000|100%| O|  |TAMS 0x0000000084800000, 0x0000000084700000| Untracked 
|  72|0x0000000084800000, 0x0000000084900000, 0x0000000084900000|100%| O|  |TAMS 0x0000000084900000, 0x0000000084800000| Untracked 
|  73|0x0000000084900000, 0x0000000084a00000, 0x0000000084a00000|100%| O|  |TAMS 0x0000000084a00000, 0x0000000084900000| Untracked 
|  74|0x0000000084a00000, 0x0000000084b00000, 0x0000000084b00000|100%| O|  |TAMS 0x0000000084b00000, 0x0000000084a00000| Untracked 
|  75|0x0000000084b00000, 0x0000000084c00000, 0x0000000084c00000|100%| O|  |TAMS 0x0000000084c00000, 0x0000000084b00000| Untracked 
|  76|0x0000000084c00000, 0x0000000084d00000, 0x0000000084d00000|100%|HS|  |TAMS 0x0000000084d00000, 0x0000000084c00000| Complete 
|  77|0x0000000084d00000, 0x0000000084e00000, 0x0000000084e00000|100%|HS|  |TAMS 0x0000000084e00000, 0x0000000084d00000| Complete 
|  78|0x0000000084e00000, 0x0000000084f00000, 0x0000000084f00000|100%|HS|  |TAMS 0x0000000084f00000, 0x0000000084e00000| Complete 
|  79|0x0000000084f00000, 0x0000000085000000, 0x0000000085000000|100%| O|  |TAMS 0x0000000085000000, 0x0000000084f00000| Untracked 
|  80|0x0000000085000000, 0x0000000085100000, 0x0000000085100000|100%|HS|  |TAMS 0x0000000085100000, 0x0000000085000000| Complete 
|  81|0x0000000085100000, 0x0000000085200000, 0x0000000085200000|100%|HC|  |TAMS 0x0000000085200000, 0x0000000085100000| Complete 
|  82|0x0000000085200000, 0x0000000085300000, 0x0000000085300000|100%| O|  |TAMS 0x0000000085300000, 0x0000000085200000| Untracked 
|  83|0x0000000085300000, 0x0000000085400000, 0x0000000085400000|100%| O|  |TAMS 0x0000000085400000, 0x0000000085300000| Untracked 
|  84|0x0000000085400000, 0x0000000085500000, 0x0000000085500000|100%| O|  |TAMS 0x0000000085500000, 0x0000000085400000| Untracked 
|  85|0x0000000085500000, 0x0000000085600000, 0x0000000085600000|100%| O|  |TAMS 0x0000000085600000, 0x0000000085500000| Untracked 
|  86|0x0000000085600000, 0x0000000085700000, 0x0000000085700000|100%| O|  |TAMS 0x0000000085700000, 0x0000000085600000| Untracked 
|  87|0x0000000085700000, 0x0000000085800000, 0x0000000085800000|100%| O|  |TAMS 0x0000000085800000, 0x0000000085700000| Untracked 
|  88|0x0000000085800000, 0x0000000085900000, 0x0000000085900000|100%| O|  |TAMS 0x0000000085900000, 0x0000000085800000| Untracked 
|  89|0x0000000085900000, 0x0000000085a00000, 0x0000000085a00000|100%| O|  |TAMS 0x0000000085a00000, 0x0000000085900000| Untracked 
|  90|0x0000000085a00000, 0x0000000085b00000, 0x0000000085b00000|100%| O|  |TAMS 0x0000000085b00000, 0x0000000085a00000| Untracked 
|  91|0x0000000085b00000, 0x0000000085c00000, 0x0000000085c00000|100%| O|  |TAMS 0x0000000085c00000, 0x0000000085b00000| Untracked 
|  92|0x0000000085c00000, 0x0000000085d00000, 0x0000000085d00000|100%| O|  |TAMS 0x0000000085d00000, 0x0000000085c00000| Untracked 
|  93|0x0000000085d00000, 0x0000000085e00000, 0x0000000085e00000|100%| O|  |TAMS 0x0000000085e00000, 0x0000000085d00000| Untracked 
|  94|0x0000000085e00000, 0x0000000085f00000, 0x0000000085f00000|100%| O|  |TAMS 0x0000000085f00000, 0x0000000085e00000| Untracked 
|  95|0x0000000085f00000, 0x0000000086000000, 0x0000000086000000|100%| O|  |TAMS 0x0000000086000000, 0x0000000085f00000| Untracked 
|  96|0x0000000086000000, 0x0000000086100000, 0x0000000086100000|100%| O|  |TAMS 0x0000000086100000, 0x0000000086000000| Untracked 
|  97|0x0000000086100000, 0x0000000086200000, 0x0000000086200000|100%| O|  |TAMS 0x00000000861bcc00, 0x0000000086100000| Untracked 
|  98|0x0000000086200000, 0x0000000086300000, 0x0000000086300000|100%| O|  |TAMS 0x0000000086200000, 0x0000000086200000| Untracked 
|  99|0x0000000086300000, 0x0000000086400000, 0x0000000086400000|100%| O|  |TAMS 0x0000000086300000, 0x0000000086300000| Untracked 
| 100|0x0000000086400000, 0x0000000086487e00, 0x0000000086500000| 53%| O|  |TAMS 0x0000000086400000, 0x0000000086400000| Untracked 
| 101|0x0000000086500000, 0x0000000086500000, 0x0000000086600000|  0%| F|  |TAMS 0x0000000086500000, 0x0000000086500000| Untracked 
| 102|0x0000000086600000, 0x0000000086600000, 0x0000000086700000|  0%| F|  |TAMS 0x0000000086600000, 0x0000000086600000| Untracked 
| 103|0x0000000086700000, 0x0000000086700000, 0x0000000086800000|  0%| F|  |TAMS 0x0000000086700000, 0x0000000086700000| Untracked 
| 104|0x0000000086800000, 0x0000000086800000, 0x0000000086900000|  0%| F|  |TAMS 0x0000000086800000, 0x0000000086800000| Untracked 
| 105|0x0000000086900000, 0x0000000086900000, 0x0000000086a00000|  0%| F|  |TAMS 0x0000000086900000, 0x0000000086900000| Untracked 
| 106|0x0000000086a00000, 0x0000000086a00000, 0x0000000086b00000|  0%| F|  |TAMS 0x0000000086a00000, 0x0000000086a00000| Untracked 
| 107|0x0000000086b00000, 0x0000000086b00000, 0x0000000086c00000|  0%| F|  |TAMS 0x0000000086b00000, 0x0000000086b00000| Untracked 
| 108|0x0000000086c00000, 0x0000000086c00000, 0x0000000086d00000|  0%| F|  |TAMS 0x0000000086c00000, 0x0000000086c00000| Untracked 
| 109|0x0000000086d00000, 0x0000000086d00000, 0x0000000086e00000|  0%| F|  |TAMS 0x0000000086d00000, 0x0000000086d00000| Untracked 
| 110|0x0000000086e00000, 0x0000000086e00000, 0x0000000086f00000|  0%| F|  |TAMS 0x0000000086e00000, 0x0000000086e00000| Untracked 
| 111|0x0000000086f00000, 0x0000000086f00000, 0x0000000087000000|  0%| F|  |TAMS 0x0000000086f00000, 0x0000000086f00000| Untracked 
| 112|0x0000000087000000, 0x0000000087000000, 0x0000000087100000|  0%| F|  |TAMS 0x0000000087000000, 0x0000000087000000| Untracked 
| 113|0x0000000087100000, 0x0000000087100000, 0x0000000087200000|  0%| F|  |TAMS 0x0000000087100000, 0x0000000087100000| Untracked 
| 114|0x0000000087200000, 0x0000000087200000, 0x0000000087300000|  0%| F|  |TAMS 0x0000000087200000, 0x0000000087200000| Untracked 
| 115|0x0000000087300000, 0x0000000087300000, 0x0000000087400000|  0%| F|  |TAMS 0x0000000087300000, 0x0000000087300000| Untracked 
| 116|0x0000000087400000, 0x0000000087400000, 0x0000000087500000|  0%| F|  |TAMS 0x0000000087400000, 0x0000000087400000| Untracked 
| 117|0x0000000087500000, 0x0000000087500000, 0x0000000087600000|  0%| F|  |TAMS 0x0000000087500000, 0x0000000087500000| Untracked 
| 118|0x0000000087600000, 0x0000000087600000, 0x0000000087700000|  0%| F|  |TAMS 0x0000000087600000, 0x0000000087600000| Untracked 
| 119|0x0000000087700000, 0x0000000087700000, 0x0000000087800000|  0%| F|  |TAMS 0x0000000087700000, 0x0000000087700000| Untracked 
| 120|0x0000000087800000, 0x0000000087800000, 0x0000000087900000|  0%| F|  |TAMS 0x0000000087800000, 0x0000000087800000| Untracked 
| 121|0x0000000087900000, 0x0000000087900000, 0x0000000087a00000|  0%| F|  |TAMS 0x0000000087900000, 0x0000000087900000| Untracked 
| 122|0x0000000087a00000, 0x0000000087a00000, 0x0000000087b00000|  0%| F|  |TAMS 0x0000000087a00000, 0x0000000087a00000| Untracked 
| 123|0x0000000087b00000, 0x0000000087b00000, 0x0000000087c00000|  0%| F|  |TAMS 0x0000000087b00000, 0x0000000087b00000| Untracked 
| 124|0x0000000087c00000, 0x0000000087c00000, 0x0000000087d00000|  0%| F|  |TAMS 0x0000000087c00000, 0x0000000087c00000| Untracked 
| 125|0x0000000087d00000, 0x0000000087d00000, 0x0000000087e00000|  0%| F|  |TAMS 0x0000000087d00000, 0x0000000087d00000| Untracked 
| 126|0x0000000087e00000, 0x0000000087e00000, 0x0000000087f00000|  0%| F|  |TAMS 0x0000000087e00000, 0x0000000087e00000| Untracked 
| 127|0x0000000087f00000, 0x0000000087f00000, 0x0000000088000000|  0%| F|  |TAMS 0x0000000087f00000, 0x0000000087f00000| Untracked 
| 128|0x0000000088000000, 0x0000000088000000, 0x0000000088100000|  0%| F|  |TAMS 0x0000000088000000, 0x0000000088000000| Untracked 
| 129|0x0000000088100000, 0x0000000088100000, 0x0000000088200000|  0%| F|  |TAMS 0x0000000088100000, 0x0000000088100000| Untracked 
| 130|0x0000000088200000, 0x0000000088200000, 0x0000000088300000|  0%| F|  |TAMS 0x0000000088200000, 0x0000000088200000| Untracked 
| 131|0x0000000088300000, 0x0000000088300000, 0x0000000088400000|  0%| F|  |TAMS 0x0000000088300000, 0x0000000088300000| Untracked 
| 132|0x0000000088400000, 0x0000000088400000, 0x0000000088500000|  0%| F|  |TAMS 0x0000000088400000, 0x0000000088400000| Untracked 
| 133|0x0000000088500000, 0x00000000885fddc0, 0x0000000088600000| 99%| S|CS|TAMS 0x0000000088500000, 0x0000000088500000| Complete 
| 134|0x0000000088600000, 0x0000000088600000, 0x0000000088700000|  0%| F|  |TAMS 0x0000000088600000, 0x0000000088600000| Untracked 
| 135|0x0000000088700000, 0x0000000088800000, 0x0000000088800000|100%| S|CS|TAMS 0x0000000088700000, 0x0000000088700000| Complete 
| 136|0x0000000088800000, 0x0000000088900000, 0x0000000088900000|100%| S|CS|TAMS 0x0000000088800000, 0x0000000088800000| Complete 
| 137|0x0000000088900000, 0x0000000088a00000, 0x0000000088a00000|100%| S|CS|TAMS 0x0000000088900000, 0x0000000088900000| Complete 
| 138|0x0000000088a00000, 0x0000000088b00000, 0x0000000088b00000|100%| S|CS|TAMS 0x0000000088a00000, 0x0000000088a00000| Complete 
| 139|0x0000000088b00000, 0x0000000088c00000, 0x0000000088c00000|100%| S|CS|TAMS 0x0000000088b00000, 0x0000000088b00000| Complete 
| 140|0x0000000088c00000, 0x0000000088c00000, 0x0000000088d00000|  0%| F|  |TAMS 0x0000000088c00000, 0x0000000088c00000| Untracked 
| 141|0x0000000088d00000, 0x0000000088d00000, 0x0000000088e00000|  0%| F|  |TAMS 0x0000000088d00000, 0x0000000088d00000| Untracked 
| 142|0x0000000088e00000, 0x0000000088e00000, 0x0000000088f00000|  0%| F|  |TAMS 0x0000000088e00000, 0x0000000088e00000| Untracked 
| 143|0x0000000088f00000, 0x0000000088f00000, 0x0000000089000000|  0%| F|  |TAMS 0x0000000088f00000, 0x0000000088f00000| Untracked 
| 144|0x0000000089000000, 0x0000000089000000, 0x0000000089100000|  0%| F|  |TAMS 0x0000000089000000, 0x0000000089000000| Untracked 
| 145|0x0000000089100000, 0x0000000089100000, 0x0000000089200000|  0%| F|  |TAMS 0x0000000089100000, 0x0000000089100000| Untracked 
| 146|0x0000000089200000, 0x0000000089200000, 0x0000000089300000|  0%| F|  |TAMS 0x0000000089200000, 0x0000000089200000| Untracked 
| 147|0x0000000089300000, 0x0000000089300000, 0x0000000089400000|  0%| F|  |TAMS 0x0000000089300000, 0x0000000089300000| Untracked 
| 148|0x0000000089400000, 0x0000000089400000, 0x0000000089500000|  0%| F|  |TAMS 0x0000000089400000, 0x0000000089400000| Untracked 
| 149|0x0000000089500000, 0x0000000089500000, 0x0000000089600000|  0%| F|  |TAMS 0x0000000089500000, 0x0000000089500000| Untracked 
| 150|0x0000000089600000, 0x0000000089600000, 0x0000000089700000|  0%| F|  |TAMS 0x0000000089600000, 0x0000000089600000| Untracked 
| 151|0x0000000089700000, 0x0000000089700000, 0x0000000089800000|  0%| F|  |TAMS 0x0000000089700000, 0x0000000089700000| Untracked 
| 152|0x0000000089800000, 0x0000000089800000, 0x0000000089900000|  0%| F|  |TAMS 0x0000000089800000, 0x0000000089800000| Untracked 
| 153|0x0000000089900000, 0x0000000089900000, 0x0000000089a00000|  0%| F|  |TAMS 0x0000000089900000, 0x0000000089900000| Untracked 
| 154|0x0000000089a00000, 0x0000000089a00000, 0x0000000089b00000|  0%| F|  |TAMS 0x0000000089a00000, 0x0000000089a00000| Untracked 
| 155|0x0000000089b00000, 0x0000000089b00000, 0x0000000089c00000|  0%| F|  |TAMS 0x0000000089b00000, 0x0000000089b00000| Untracked 
| 156|0x0000000089c00000, 0x0000000089c00000, 0x0000000089d00000|  0%| F|  |TAMS 0x0000000089c00000, 0x0000000089c00000| Untracked 
| 157|0x0000000089d00000, 0x0000000089d00000, 0x0000000089e00000|  0%| F|  |TAMS 0x0000000089d00000, 0x0000000089d00000| Untracked 
| 158|0x0000000089e00000, 0x0000000089e00000, 0x0000000089f00000|  0%| F|  |TAMS 0x0000000089e00000, 0x0000000089e00000| Untracked 
| 159|0x0000000089f00000, 0x0000000089f00000, 0x000000008a000000|  0%| F|  |TAMS 0x0000000089f00000, 0x0000000089f00000| Untracked 
| 160|0x000000008a000000, 0x000000008a000000, 0x000000008a100000|  0%| F|  |TAMS 0x000000008a000000, 0x000000008a000000| Untracked 
| 161|0x000000008a100000, 0x000000008a100000, 0x000000008a200000|  0%| F|  |TAMS 0x000000008a100000, 0x000000008a100000| Untracked 
| 162|0x000000008a200000, 0x000000008a200000, 0x000000008a300000|  0%| F|  |TAMS 0x000000008a200000, 0x000000008a200000| Untracked 
| 163|0x000000008a300000, 0x000000008a300000, 0x000000008a400000|  0%| F|  |TAMS 0x000000008a300000, 0x000000008a300000| Untracked 
| 164|0x000000008a400000, 0x000000008a400000, 0x000000008a500000|  0%| F|  |TAMS 0x000000008a400000, 0x000000008a400000| Untracked 
| 165|0x000000008a500000, 0x000000008a500000, 0x000000008a600000|  0%| F|  |TAMS 0x000000008a500000, 0x000000008a500000| Untracked 
| 166|0x000000008a600000, 0x000000008a600000, 0x000000008a700000|  0%| F|  |TAMS 0x000000008a600000, 0x000000008a600000| Untracked 
| 167|0x000000008a700000, 0x000000008a700000, 0x000000008a800000|  0%| F|  |TAMS 0x000000008a700000, 0x000000008a700000| Untracked 
| 168|0x000000008a800000, 0x000000008a800000, 0x000000008a900000|  0%| F|  |TAMS 0x000000008a800000, 0x000000008a800000| Untracked 
| 169|0x000000008a900000, 0x000000008a900000, 0x000000008aa00000|  0%| F|  |TAMS 0x000000008a900000, 0x000000008a900000| Untracked 
| 170|0x000000008aa00000, 0x000000008aa00000, 0x000000008ab00000|  0%| F|  |TAMS 0x000000008aa00000, 0x000000008aa00000| Untracked 
| 171|0x000000008ab00000, 0x000000008ab00000, 0x000000008ac00000|  0%| F|  |TAMS 0x000000008ab00000, 0x000000008ab00000| Untracked 
| 172|0x000000008ac00000, 0x000000008ac00000, 0x000000008ad00000|  0%| F|  |TAMS 0x000000008ac00000, 0x000000008ac00000| Untracked 
| 173|0x000000008ad00000, 0x000000008ad00000, 0x000000008ae00000|  0%| F|  |TAMS 0x000000008ad00000, 0x000000008ad00000| Untracked 
| 174|0x000000008ae00000, 0x000000008ae00000, 0x000000008af00000|  0%| F|  |TAMS 0x000000008ae00000, 0x000000008ae00000| Untracked 
| 175|0x000000008af00000, 0x000000008af00000, 0x000000008b000000|  0%| F|  |TAMS 0x000000008af00000, 0x000000008af00000| Untracked 
| 176|0x000000008b000000, 0x000000008b000000, 0x000000008b100000|  0%| F|  |TAMS 0x000000008b000000, 0x000000008b000000| Untracked 
| 177|0x000000008b100000, 0x000000008b100000, 0x000000008b200000|  0%| F|  |TAMS 0x000000008b100000, 0x000000008b100000| Untracked 
| 178|0x000000008b200000, 0x000000008b200000, 0x000000008b300000|  0%| F|  |TAMS 0x000000008b200000, 0x000000008b200000| Untracked 
| 179|0x000000008b300000, 0x000000008b300000, 0x000000008b400000|  0%| F|  |TAMS 0x000000008b300000, 0x000000008b300000| Untracked 
| 180|0x000000008b400000, 0x000000008b400000, 0x000000008b500000|  0%| F|  |TAMS 0x000000008b400000, 0x000000008b400000| Untracked 
| 181|0x000000008b500000, 0x000000008b500000, 0x000000008b600000|  0%| F|  |TAMS 0x000000008b500000, 0x000000008b500000| Untracked 
| 182|0x000000008b600000, 0x000000008b600000, 0x000000008b700000|  0%| F|  |TAMS 0x000000008b600000, 0x000000008b600000| Untracked 
| 183|0x000000008b700000, 0x000000008b700000, 0x000000008b800000|  0%| F|  |TAMS 0x000000008b700000, 0x000000008b700000| Untracked 
| 184|0x000000008b800000, 0x000000008b800000, 0x000000008b900000|  0%| F|  |TAMS 0x000000008b800000, 0x000000008b800000| Untracked 

Card table byte_map: [0x000002506a540000,0x000002506a940000] _byte_map_base: 0x000002506a140000

Marking Bits (Prev, Next): (CMBitMap*) 0x00000250573b8108, (CMBitMap*) 0x00000250573b8140
 Prev Bits: [0x000002506ad40000, 0x000002506cd40000)
 Next Bits: [0x000002506cd40000, 0x000002506ed40000)

Polling page: 0x00000250553a0000

Metaspace:

Usage:
  Non-class:     66.85 MB capacity,    65.52 MB ( 98%) used,     1.14 MB (  2%) free+waste,   195.50 KB ( <1%) overhead. 
      Class:     10.42 MB capacity,     9.71 MB ( 93%) used,   629.08 KB (  6%) free+waste,    92.25 KB ( <1%) overhead. 
       Both:     77.26 MB capacity,    75.23 MB ( 97%) used,     1.75 MB (  2%) free+waste,   287.75 KB ( <1%) overhead. 

Virtual space:
  Non-class space:       68.00 MB reserved,      66.85 MB ( 98%) committed 
      Class space:        1.00 GB reserved,      10.50 MB (  1%) committed 
             Both:        1.07 GB reserved,      77.35 MB (  7%) committed 

Chunk freelists:
   Non-Class:  6.00 KB
       Class:  22.00 KB
        Both:  28.00 KB

MaxMetaspaceSize: 17179869184.00 GB
CompressedClassSpaceSize: 1.00 GB
Initial GC threshold: 20.80 MB
Current GC threshold: 125.38 MB
CDS: off

CodeHeap 'non-profiled nmethods': size=120000Kb used=5071Kb max_used=5071Kb free=114929Kb
 bounds [0x00000250628e0000, 0x0000025062de0000, 0x0000025069e10000]
CodeHeap 'profiled nmethods': size=120000Kb used=17006Kb max_used=17006Kb free=102993Kb
 bounds [0x000002505b3b0000, 0x000002505c450000, 0x00000250628e0000]
CodeHeap 'non-nmethods': size=5760Kb used=2359Kb max_used=2422Kb free=3400Kb
 bounds [0x000002505ae10000, 0x000002505b080000, 0x000002505b3b0000]
 total_blobs=8795 nmethods=7917 adapters=790
 compilation: enabled
              stopped_count=0, restarted_count=0
 full_count=0

Compilation events (20 events):
Event: 11.665 Thread 0x0000025072083000 nmethod 7950 0x0000025062dd3910 code [0x0000025062dd3ac0, 0x0000025062dd3b78]
Event: 11.665 Thread 0x0000025072083000 7951       3       groovyjarjarasm.asm.Frame::accept (264 bytes)
Event: 11.667 Thread 0x0000025072083000 nmethod 7951 0x000002505c443d10 code [0x000002505c443f40, 0x000002505c444858]
Event: 11.667 Thread 0x0000025072083000 7952       3       groovyjarjarasm.asm.MethodWriter::computeAllFrames (510 bytes)
Event: 11.669 Thread 0x0000025072083000 nmethod 7952 0x000002505c444c10 code [0x000002505c444f60, 0x000002505c4463c8]
Event: 11.669 Thread 0x0000025072083000 7953   !   3       org.codehaus.groovy.reflection.ClassInfo::getMetaClass (33 bytes)
Event: 11.671 Thread 0x0000025072083000 nmethod 7953 0x000002505c446e90 code [0x000002505c447200, 0x000002505c4485f8]
Event: 11.671 Thread 0x0000025072083000 7954       3       org.codehaus.groovy.reflection.ClassInfo::getMetaClassForClass (27 bytes)
Event: 11.672 Thread 0x0000025072083000 nmethod 7954 0x000002505c448e10 code [0x000002505c449040, 0x000002505c4498a8]
Event: 11.672 Thread 0x0000025072083000 7955       3       java.lang.String::lastIndexOf (10 bytes)
Event: 11.672 Thread 0x0000025072083000 nmethod 7955 0x000002505c449b10 code [0x000002505c449d00, 0x000002505c44a108]
Event: 11.673 Thread 0x0000025072083000 7956       3       java.io.FilterInputStream::read (11 bytes)
Event: 11.673 Thread 0x0000025072083000 nmethod 7956 0x000002505c44a310 code [0x000002505c44a4c0, 0x000002505c44a688]
Event: 11.677 Thread 0x0000025072083000 7958       3       org.gradle.api.internal.artifacts.configurations.DefaultConfiguration::notifyChildren (40 bytes)
Event: 11.677 Thread 0x0000025072083000 nmethod 7958 0x000002505c44a790 code [0x000002505c44a9a0, 0x000002505c44af58]
Event: 11.677 Thread 0x0000025072083000 7957       3       org.gradle.api.internal.artifacts.configurations.DefaultConfiguration::markAsModified (22 bytes)
Event: 11.678 Thread 0x0000025072083000 nmethod 7957 0x000002505c44b110 code [0x000002505c44b2c0, 0x000002505c44b478]
Event: 11.678 Thread 0x0000025072083000 7959       3       org.gradle.api.internal.artifacts.ivyservice.moduleconverter.DefaultRootComponentMetadataBuilder$MetadataHolder::validateMutation (27 bytes)
Event: 11.678 Thread 0x0000025072083000 nmethod 7959 0x000002505c44b510 code [0x000002505c44b6c0, 0x000002505c44b8b8]
Event: 11.683 Thread 0x0000025072083000 7960       1       com.android.build.gradle.internal.publishing.AndroidArtifacts$ArtifactType::getType (5 bytes)

GC Heap History (20 events):
Event: 7.269 GC heap after
{Heap after GC invocations=15 (full 0):
 garbage-first heap   total 157696K, used 79413K [0x0000000080000000, 0x0000000100000000)
  region size 1024K, 2 young (2048K), 2 survivors (2048K)
 Metaspace       used 50165K, capacity 51698K, committed 51816K, reserved 1093632K
  class space    used 6353K, capacity 6863K, committed 6912K, reserved 1048576K
}
Event: 7.396 GC heap before
{Heap before GC invocations=16 (full 0):
 garbage-first heap   total 157696K, used 85557K [0x0000000080000000, 0x0000000100000000)
  region size 1024K, 9 young (9216K), 2 survivors (2048K)
 Metaspace       used 50402K, capacity 51947K, committed 52072K, reserved 1095680K
  class space    used 6385K, capacity 6900K, committed 6912K, reserved 1048576K
}
Event: 7.400 GC heap after
{Heap after GC invocations=17 (full 0):
 garbage-first heap   total 157696K, used 79710K [0x0000000080000000, 0x0000000100000000)
  region size 1024K, 3 young (3072K), 3 survivors (3072K)
 Metaspace       used 50402K, capacity 51947K, committed 52072K, reserved 1095680K
  class space    used 6385K, capacity 6900K, committed 6912K, reserved 1048576K
}
Event: 7.465 GC heap before
{Heap before GC invocations=18 (full 0):
 garbage-first heap   total 157696K, used 87902K [0x0000000080000000, 0x0000000100000000)
  region size 1024K, 9 young (9216K), 3 survivors (3072K)
 Metaspace       used 50411K, capacity 51947K, committed 52072K, reserved 1095680K
  class space    used 6385K, capacity 6900K, committed 6912K, reserved 1048576K
}
Event: 7.470 GC heap after
{Heap after GC invocations=19 (full 0):
 garbage-first heap   total 157696K, used 86826K [0x0000000080000000, 0x0000000100000000)
  region size 1024K, 5 young (5120K), 5 survivors (5120K)
 Metaspace       used 50411K, capacity 51947K, committed 52072K, reserved 1095680K
  class space    used 6385K, capacity 6900K, committed 6912K, reserved 1048576K
}
Event: 7.917 GC heap before
{Heap before GC invocations=20 (full 0):
 garbage-first heap   total 157696K, used 118570K [0x0000000080000000, 0x0000000100000000)
  region size 1024K, 35 young (35840K), 5 survivors (5120K)
 Metaspace       used 53324K, capacity 54878K, committed 55144K, reserved 1097728K
  class space    used 6859K, capacity 7409K, committed 7424K, reserved 1048576K
}
Event: 7.925 GC heap after
{Heap after GC invocations=21 (full 0):
 garbage-first heap   total 157696K, used 91679K [0x0000000080000000, 0x0000000100000000)
  region size 1024K, 3 young (3072K), 3 survivors (3072K)
 Metaspace       used 53324K, capacity 54878K, committed 55144K, reserved 1097728K
  class space    used 6859K, capacity 7409K, committed 7424K, reserved 1048576K
}
Event: 8.389 GC heap before
{Heap before GC invocations=21 (full 0):
 garbage-first heap   total 157696K, used 121375K [0x0000000080000000, 0x0000000100000000)
  region size 1024K, 32 young (32768K), 3 survivors (3072K)
 Metaspace       used 56393K, capacity 58082K, committed 58344K, reserved 1099776K
  class space    used 7198K, capacity 7770K, committed 7808K, reserved 1048576K
}
Event: 8.394 GC heap after
{Heap after GC invocations=22 (full 0):
 garbage-first heap   total 189440K, used 93317K [0x0000000080000000, 0x0000000100000000)
  region size 1024K, 2 young (2048K), 2 survivors (2048K)
 Metaspace       used 56393K, capacity 58082K, committed 58344K, reserved 1099776K
  class space    used 7198K, capacity 7770K, committed 7808K, reserved 1048576K
}
Event: 8.959 GC heap before
{Heap before GC invocations=23 (full 0):
 garbage-first heap   total 189440K, used 135301K [0x0000000080000000, 0x0000000100000000)
  region size 1024K, 43 young (44032K), 2 survivors (2048K)
 Metaspace       used 62483K, capacity 64161K, committed 64232K, reserved 1105920K
  class space    used 7924K, capacity 8517K, committed 8576K, reserved 1048576K
}
Event: 8.964 GC heap after
{Heap after GC invocations=24 (full 0):
 garbage-first heap   total 189440K, used 94389K [0x0000000080000000, 0x0000000100000000)
  region size 1024K, 3 young (3072K), 3 survivors (3072K)
 Metaspace       used 62483K, capacity 64161K, committed 64232K, reserved 1105920K
  class space    used 7924K, capacity 8517K, committed 8576K, reserved 1048576K
}
Event: 9.592 GC heap before
{Heap before GC invocations=24 (full 0):
 garbage-first heap   total 189440K, used 137397K [0x0000000080000000, 0x0000000100000000)
  region size 1024K, 46 young (47104K), 3 survivors (3072K)
 Metaspace       used 67721K, capacity 69562K, committed 69736K, reserved 1110016K
  class space    used 8573K, capacity 9205K, committed 9216K, reserved 1048576K
}
Event: 9.601 GC heap after
{Heap after GC invocations=25 (full 0):
 garbage-first heap   total 189440K, used 97845K [0x0000000080000000, 0x0000000100000000)
  region size 1024K, 6 young (6144K), 6 survivors (6144K)
 Metaspace       used 67721K, capacity 69562K, committed 69736K, reserved 1110016K
  class space    used 8573K, capacity 9205K, committed 9216K, reserved 1048576K
}
Event: 10.081 GC heap before
{Heap before GC invocations=26 (full 0):
 garbage-first heap   total 189440K, used 124469K [0x0000000080000000, 0x0000000100000000)
  region size 1024K, 33 young (33792K), 6 survivors (6144K)
 Metaspace       used 70159K, capacity 72029K, committed 72168K, reserved 1112064K
  class space    used 8892K, capacity 9575K, committed 9600K, reserved 1048576K
}
Event: 10.093 GC heap after
{Heap after GC invocations=27 (full 0):
 garbage-first heap   total 189440K, used 100122K [0x0000000080000000, 0x0000000100000000)
  region size 1024K, 6 young (6144K), 6 survivors (6144K)
 Metaspace       used 70159K, capacity 72029K, committed 72168K, reserved 1112064K
  class space    used 8892K, capacity 9575K, committed 9600K, reserved 1048576K
}
Event: 10.744 GC heap before
{Heap before GC invocations=28 (full 0):
 garbage-first heap   total 189440K, used 141082K [0x0000000080000000, 0x0000000100000000)
  region size 1024K, 45 young (46080K), 6 survivors (6144K)
 Metaspace       used 71408K, capacity 73397K, committed 73704K, reserved 1114112K
  class space    used 9068K, capacity 9766K, committed 9856K, reserved 1048576K
}
Event: 10.754 GC heap after
{Heap after GC invocations=29 (full 0):
 garbage-first heap   total 189440K, used 102839K [0x0000000080000000, 0x0000000100000000)
  region size 1024K, 5 young (5120K), 5 survivors (5120K)
 Metaspace       used 71408K, capacity 73397K, committed 73704K, reserved 1114112K
  class space    used 9068K, capacity 9766K, committed 9856K, reserved 1048576K
}
Event: 11.275 GC heap before
{Heap before GC invocations=29 (full 0):
 garbage-first heap   total 189440K, used 143799K [0x0000000080000000, 0x0000000100000000)
  region size 1024K, 45 young (46080K), 5 survivors (5120K)
 Metaspace       used 74425K, capacity 76463K, committed 76776K, reserved 1116160K
  class space    used 9538K, capacity 10256K, committed 10368K, reserved 1048576K
}
Event: 11.288 GC heap after
{Heap after GC invocations=30 (full 0):
 garbage-first heap   total 189440K, used 105871K [0x0000000080000000, 0x0000000100000000)
  region size 1024K, 6 young (6144K), 6 survivors (6144K)
 Metaspace       used 74425K, capacity 76463K, committed 76776K, reserved 1116160K
  class space    used 9538K, capacity 10256K, committed 10368K, reserved 1048576K
}
Event: 11.684 GC heap before
{Heap before GC invocations=31 (full 0):
 garbage-first heap   total 189440K, used 146831K [0x0000000080000000, 0x0000000100000000)
  region size 1024K, 46 young (47104K), 6 survivors (6144K)
 Metaspace       used 77035K, capacity 79116K, committed 79208K, reserved 1118208K
  class space    used 9944K, capacity 10666K, committed 10752K, reserved 1048576K
}

Deoptimization events (20 events):
Event: 10.359 Thread 0x0000025074814000 DEOPT PACKING pc=0x0000025062c18b78 sp=0x0000006e121f7d60
Event: 10.359 Thread 0x0000025074814000 DEOPT UNPACKING pc=0x000002505ae5a1af sp=0x0000006e121f7cc0 mode 2
Event: 10.399 Thread 0x0000025074814000 DEOPT PACKING pc=0x000002505bf5b3e6 sp=0x0000006e121f7da0
Event: 10.399 Thread 0x0000025074814000 DEOPT UNPACKING pc=0x000002505ae5a95e sp=0x0000006e121f72b0 mode 0
Event: 10.411 Thread 0x0000025074814000 DEOPT PACKING pc=0x000002505bd22871 sp=0x0000006e121f7ac0
Event: 10.411 Thread 0x0000025074814000 DEOPT UNPACKING pc=0x000002505ae5a95e sp=0x0000006e121f6fb8 mode 0
Event: 10.435 Thread 0x0000025074814000 Uncommon trap: trap_request=0xffffffde fr.pc=0x0000025062904d64 relative=0x00000000000001c4
Event: 10.435 Thread 0x0000025074814000 Uncommon trap: reason=class_check action=maybe_recompile pc=0x0000025062904d64 method=java.lang.String.equals(Ljava/lang/Object;)Z @ 8 c2
Event: 10.435 Thread 0x0000025074814000 DEOPT PACKING pc=0x0000025062904d64 sp=0x0000006e121f7ee0
Event: 10.435 Thread 0x0000025074814000 DEOPT UNPACKING pc=0x000002505ae5a1af sp=0x0000006e121f7e88 mode 2
Event: 10.438 Thread 0x0000025074814000 Uncommon trap: trap_request=0xffffffde fr.pc=0x0000025062904d64 relative=0x00000000000001c4
Event: 10.438 Thread 0x0000025074814000 Uncommon trap: reason=class_check action=maybe_recompile pc=0x0000025062904d64 method=java.lang.String.equals(Ljava/lang/Object;)Z @ 8 c2
Event: 10.438 Thread 0x0000025074814000 DEOPT PACKING pc=0x0000025062904d64 sp=0x0000006e121f8040
Event: 10.438 Thread 0x0000025074814000 DEOPT UNPACKING pc=0x000002505ae5a1af sp=0x0000006e121f7fe8 mode 2
Event: 10.807 Thread 0x0000025074814000 DEOPT PACKING pc=0x000002505b94422a sp=0x0000006e121f3380
Event: 10.807 Thread 0x0000025074814000 DEOPT UNPACKING pc=0x000002505ae5a95e sp=0x0000006e121f27d0 mode 0
Event: 11.532 Thread 0x0000025074814000 Uncommon trap: trap_request=0xffffffde fr.pc=0x0000025062d230c0 relative=0x00000000000008c0
Event: 11.532 Thread 0x0000025074814000 Uncommon trap: reason=class_check action=maybe_recompile pc=0x0000025062d230c0 method=org.gradle.internal.instantiation.generator.AbstractClassGenerator$InjectionAnnotationValidator.validateMethod(Ljava/lang/reflect/Method;Lorg/gradle/internal/reflect/Pro
Event: 11.532 Thread 0x0000025074814000 DEOPT PACKING pc=0x0000025062d230c0 sp=0x0000006e121f8610
Event: 11.532 Thread 0x0000025074814000 DEOPT UNPACKING pc=0x000002505ae5a1af sp=0x0000006e121f85e8 mode 2

Classes redefined (0 events):
No events

Internal exceptions (20 events):
Event: 11.618 Thread 0x0000025074814000 Exception <a 'java/lang/ClassNotFoundException'{0x0000000089fcca80}: com/android/build/gradle/internal/api/ApplicationVariantImpl_DecoratedCustomizer> (0x0000000089fcca80) thrown at [./src/hotspot/share/classfile/systemDictionary.cpp, line 231]
Event: 11.626 Thread 0x0000025074814000 Exception <a 'java/lang/ClassNotFoundException'{0x0000000089b26f38}: org/codehaus/groovy/runtime/GStringImplBeanInfo> (0x0000000089b26f38) thrown at [./src/hotspot/share/classfile/systemDictionary.cpp, line 231]
Event: 11.631 Thread 0x0000025074814000 Exception <a 'java/lang/ClassNotFoundException'{0x0000000089afe070}: org/codehaus/groovy/runtime/GStringImplCustomizer> (0x0000000089afe070) thrown at [./src/hotspot/share/classfile/systemDictionary.cpp, line 231]
Event: 11.644 Thread 0x0000025074814000 Exception <a 'java/lang/ClassNotFoundException'{0x000000008968f070}: org/gradle/api/internal/tasks/DefaultTaskContainer_DecoratedBeanInfo> (0x000000008968f070) thrown at [./src/hotspot/share/classfile/systemDictionary.cpp, line 231]
Event: 11.644 Thread 0x0000025074814000 Exception <a 'java/lang/ClassNotFoundException'{0x00000000896a7fc8}: org/gradle/api/internal/tasks/DefaultTaskContainerBeanInfo> (0x00000000896a7fc8) thrown at [./src/hotspot/share/classfile/systemDictionary.cpp, line 231]
Event: 11.645 Thread 0x0000025074814000 Exception <a 'java/lang/ClassNotFoundException'{0x00000000896c1728}: org/gradle/api/internal/tasks/DefaultTaskCollectionBeanInfo> (0x00000000896c1728) thrown at [./src/hotspot/share/classfile/systemDictionary.cpp, line 231]
Event: 11.645 Thread 0x0000025074814000 Exception <a 'java/lang/ClassNotFoundException'{0x00000000896daed8}: org/gradle/api/internal/tasks/DefaultTaskCollectionCustomizer> (0x00000000896daed8) thrown at [./src/hotspot/share/classfile/systemDictionary.cpp, line 231]
Event: 11.646 Thread 0x0000025074814000 Exception <a 'java/lang/ClassNotFoundException'{0x000000008951e418}: org/gradle/api/internal/tasks/DefaultTaskContainerCustomizer> (0x000000008951e418) thrown at [./src/hotspot/share/classfile/systemDictionary.cpp, line 231]
Event: 11.648 Thread 0x0000025074814000 Exception <a 'java/lang/ClassNotFoundException'{0x0000000089582cd8}: org/gradle/api/internal/tasks/DefaultTaskContainer_DecoratedCustomizer> (0x0000000089582cd8) thrown at [./src/hotspot/share/classfile/systemDictionary.cpp, line 231]
Event: 11.653 Thread 0x0000025074814000 Exception <a 'java/lang/ClassNotFoundException'{0x00000000894fbac0}: java/util/Collections$SingletonListBeanInfo> (0x00000000894fbac0) thrown at [./src/hotspot/share/classfile/systemDictionary.cpp, line 231]
Event: 11.654 Thread 0x0000025074814000 Exception <a 'java/lang/ClassNotFoundException'{0x00000000893082c8}: java/util/Collections$SingletonListCustomizer> (0x00000000893082c8) thrown at [./src/hotspot/share/classfile/systemDictionary.cpp, line 231]
Event: 11.660 Thread 0x0000025074814000 Exception <a 'java/lang/ClassNotFoundException'{0x00000000893ae498}: org/gradle/api/internal/tasks/DefaultTaskContainer$TaskCreatingProvider_DecoratedBeanInfo> (0x00000000893ae498) thrown at [./src/hotspot/share/classfile/systemDictionary.cpp, line 231]
Event: 11.660 Thread 0x0000025074814000 Exception <a 'java/lang/ClassNotFoundException'{0x00000000893ca3d8}: org/gradle/api/internal/tasks/DefaultTaskContainer$TaskCreatingProviderBeanInfo> (0x00000000893ca3d8) thrown at [./src/hotspot/share/classfile/systemDictionary.cpp, line 231]
Event: 11.661 Thread 0x0000025074814000 Exception <a 'java/lang/ClassNotFoundException'{0x00000000893e99e0}: org/gradle/api/internal/DefaultNamedDomainObjectCollection$AbstractDomainObjectCreatingProviderBeanInfo> (0x00000000893e99e0) thrown at [./src/hotspot/share/classfile/systemDictionary.cpp, line 231]
Event: 11.661 Thread 0x0000025074814000 Exception <a 'java/lang/ClassNotFoundException'{0x0000000089209248}: org/gradle/api/internal/DefaultNamedDomainObjectCollection$AbstractNamedDomainObjectProviderBeanInfo> (0x0000000089209248) thrown at [./src/hotspot/share/classfile/systemDictionary.cpp, line 231]
Event: 11.662 Thread 0x0000025074814000 Exception <a 'java/lang/ClassNotFoundException'{0x00000000892287b8}: org/gradle/api/internal/DefaultNamedDomainObjectCollection$AbstractNamedDomainObjectProviderCustomizer> (0x00000000892287b8) thrown at [./src/hotspot/share/classfile/systemDictionary.cpp, line 231]
Event: 11.663 Thread 0x0000025074814000 Exception <a 'java/lang/ClassNotFoundException'{0x000000008925a018}: org/gradle/api/internal/DefaultNamedDomainObjectCollection$AbstractDomainObjectCreatingProviderCustomizer> (0x000000008925a018) thrown at [./src/hotspot/share/classfile/systemDictionary.cpp, line 231]
Event: 11.664 Thread 0x0000025074814000 Exception <a 'java/lang/ClassNotFoundException'{0x0000000089280b00}: org/gradle/api/internal/tasks/DefaultTaskContainer$TaskCreatingProviderCustomizer> (0x0000000089280b00) thrown at [./src/hotspot/share/classfile/systemDictionary.cpp, line 231]
Event: 11.664 Thread 0x0000025074814000 Exception <a 'java/lang/ClassNotFoundException'{0x00000000892a61d8}: org/gradle/api/internal/tasks/DefaultTaskContainer$TaskCreatingProvider_DecoratedCustomizer> (0x00000000892a61d8) thrown at [./src/hotspot/share/classfile/systemDictionary.cpp, line 231]
Event: 11.678 Thread 0x0000025074814000 Exception <a 'java/lang/NoClassDefFoundError'{0x00000000891c3320}: org/jetbrains/kotlin/gradle/plugin/KotlinBasePluginWrapper> (0x00000000891c3320) thrown at [./src/hotspot/share/classfile/systemDictionary.cpp, line 220]

Events (20 events):
Event: 11.679 loading class com/android/build/gradle/internal/TaskManager$createAnchorAssembleTasks$4 done
Event: 11.679 loading class com/android/build/gradle/internal/scope/BuildArtifactSpec
Event: 11.680 loading class com/android/build/gradle/internal/scope/BuildArtifactSpec done
Event: 11.680 loading class com/android/build/gradle/internal/scope/BuildArtifactSpec$Companion
Event: 11.680 loading class com/android/build/gradle/internal/scope/BuildArtifactSpec$Companion done
Event: 11.681 loading class com/android/build/gradle/internal/scope/BuildArtifactType$JAVAC_CLASSES
Event: 11.681 loading class com/android/build/gradle/internal/scope/BuildArtifactType$JAVAC_CLASSES done
Event: 11.681 loading class com/android/build/gradle/internal/scope/BuildArtifactType
Event: 11.681 loading class com/android/build/gradle/internal/scope/BuildArtifactType done
Event: 11.682 loading class com/android/build/gradle/internal/scope/BuildArtifactType$JAVA_COMPILE_CLASSPATH
Event: 11.682 loading class com/android/build/gradle/internal/scope/BuildArtifactType$JAVA_COMPILE_CLASSPATH done
Event: 11.682 loading class com/android/build/gradle/internal/scope/ArtifactPublishingUtil
Event: 11.682 loading class com/android/build/gradle/internal/scope/ArtifactPublishingUtil done
Event: 11.682 loading class com/android/build/gradle/internal/scope/ArtifactPublishingUtil$publishArtifactToConfiguration$1
Event: 11.682 loading class com/android/build/gradle/internal/scope/ArtifactPublishingUtil$publishArtifactToConfiguration$1 done
Event: 11.683 loading class org/gradle/api/artifacts/ConfigurationPublications
Event: 11.683 loading class org/gradle/api/artifacts/ConfigurationPublications done
Event: 11.683 loading class com/android/build/gradle/internal/scope/ArtifactPublishingUtil$publishArtifactToConfiguration$1$1
Event: 11.683 loading class com/android/build/gradle/internal/scope/ArtifactPublishingUtil$publishArtifactToConfiguration$1$1 done
Event: 11.683 Executing VM operation: G1CollectForAllocation


Dynamic libraries:
0x00007ff771150000 - 0x00007ff77115a000 	C:\Program Files\Android\Android Studio\jre\bin\java.exe
0x00007fff3ee90000 - 0x00007fff3f088000 	C:\Windows\SYSTEM32\ntdll.dll
0x00007fff3e110000 - 0x00007fff3e1cf000 	C:\Windows\System32\KERNEL32.DLL
0x00007fff3c700000 - 0x00007fff3c9d2000 	C:\Windows\System32\KERNELBASE.dll
0x00007fff3ca10000 - 0x00007fff3cb10000 	C:\Windows\System32\ucrtbase.dll
0x00007fff37cd0000 - 0x00007fff37ce9000 	C:\Program Files\Android\Android Studio\jre\bin\jli.dll
0x00007fff36770000 - 0x00007fff36787000 	C:\Program Files\Android\Android Studio\jre\bin\VCRUNTIME140.dll
0x00007fff3d0a0000 - 0x00007fff3d241000 	C:\Windows\System32\USER32.dll
0x00007fff3c9e0000 - 0x00007fff3ca02000 	C:\Windows\System32\win32u.dll
0x00007fff3dd70000 - 0x00007fff3dd9b000 	C:\Windows\System32\GDI32.dll
0x00007fff3c580000 - 0x00007fff3c68f000 	C:\Windows\System32\gdi32full.dll
0x00007fff3cb10000 - 0x00007fff3cbad000 	C:\Windows\System32\msvcp_win.dll
0x00007fff2bae0000 - 0x00007fff2bd7a000 	C:\Windows\WinSxS\amd64_microsoft.windows.common-controls_6595b64144ccf1df_6.0.19041.1110_none_60b5254171f9507e\COMCTL32.dll
0x00007fff3e780000 - 0x00007fff3e81e000 	C:\Windows\System32\msvcrt.dll
0x00007fff3dda0000 - 0x00007fff3ddd2000 	C:\Windows\System32\IMM32.DLL
0x00007fff3c150000 - 0x00007fff3c247000 	C:\Windows\system32\guard64.dll
0x00007fff3eb50000 - 0x00007fff3ebfe000 	C:\Windows\System32\ADVAPI32.dll
0x00007fff3cf30000 - 0x00007fff3cfcc000 	C:\Windows\System32\sechost.dll
0x00007fff3e900000 - 0x00007fff3ea25000 	C:\Windows\System32\RPCRT4.dll
0x00007fff3c140000 - 0x00007fff3c14a000 	C:\Windows\system32\version.dll
0x00007fff3dfe0000 - 0x00007fff3e10a000 	C:\Windows\System32\ole32.dll
0x00007fff3d9a0000 - 0x00007fff3dcf5000 	C:\Windows\System32\combase.dll
0x00007fff3c130000 - 0x00007fff3c13b000 	C:\Windows\system32\fltlib.dll
0x00007fff3d250000 - 0x00007fff3d994000 	C:\Windows\System32\shell32.dll
0x00007fff2f8c0000 - 0x00007fff2f95d000 	C:\Program Files\Android\Android Studio\jre\bin\msvcp140.dll
0x00007ffee1fa0000 - 0x00007ffee2aa2000 	C:\Program Files\Android\Android Studio\jre\bin\server\jvm.dll
0x00007fff3e1d0000 - 0x00007fff3e1d8000 	C:\Windows\System32\PSAPI.DLL
0x00007fff37960000 - 0x00007fff37969000 	C:\Windows\SYSTEM32\WSOCK32.dll
0x00007fff3dec0000 - 0x00007fff3df2b000 	C:\Windows\System32\WS2_32.dll
0x00007fff2f300000 - 0x00007fff2f327000 	C:\Windows\SYSTEM32\WINMM.dll
0x00007fff3a500000 - 0x00007fff3a512000 	C:\Windows\SYSTEM32\kernel.appcore.dll
0x00007fff304b0000 - 0x00007fff304c1000 	C:\Program Files\Android\Android Studio\jre\bin\verify.dll
0x00007fff28880000 - 0x00007fff28a64000 	C:\Windows\SYSTEM32\DBGHELP.DLL
0x00007fff28820000 - 0x00007fff28855000 	C:\Windows\SYSTEM32\dbgcore.DLL
0x00007fff3cbb0000 - 0x00007fff3cc32000 	C:\Windows\System32\bcryptPrimitives.dll
0x00007fff30430000 - 0x00007fff30459000 	C:\Program Files\Android\Android Studio\jre\bin\java.dll
0x00007fff304a0000 - 0x00007fff304ab000 	C:\Program Files\Android\Android Studio\jre\bin\jimage.dll
0x00007fff30290000 - 0x00007fff302a8000 	C:\Program Files\Android\Android Studio\jre\bin\zip.dll
0x00007fff3a520000 - 0x00007fff3acb2000 	C:\Windows\SYSTEM32\windows.storage.dll
0x00007fff3bde0000 - 0x00007fff3be10000 	C:\Windows\SYSTEM32\Wldp.dll
0x00007fff3df30000 - 0x00007fff3dfdd000 	C:\Windows\System32\SHCORE.dll
0x00007fff3dd10000 - 0x00007fff3dd65000 	C:\Windows\System32\shlwapi.dll
0x00007fff3c4c0000 - 0x00007fff3c4df000 	C:\Windows\SYSTEM32\profapi.dll
0x00007fff30270000 - 0x00007fff3028a000 	C:\Program Files\Android\Android Studio\jre\bin\net.dll
0x00007fff33bc0000 - 0x00007fff33ccc000 	C:\Windows\SYSTEM32\WINHTTP.dll
0x00007fff3bb40000 - 0x00007fff3bbaa000 	C:\Windows\system32\mswsock.dll
0x00007fff30250000 - 0x00007fff30264000 	C:\Program Files\Android\Android Studio\jre\bin\nio.dll
0x00007fff36790000 - 0x00007fff367b7000 	C:\Users\91989\.gradle\native\e1d6ef7f7dcc3fd88c89a11ec53ec762bb8ba0a96d01ffa2cd45eb1d1d8dd5c5\windows-amd64\native-platform.dll
0x00007fff26260000 - 0x00007fff263a4000 	C:\Users\91989\.gradle\native\5664cfc778a61ccfe75a443a1ab52a65af34e5dc3c78e0209fed803814484fcb\windows-amd64\native-platform-file-events.dll
0x00007fff30490000 - 0x00007fff3049a000 	C:\Program Files\Android\Android Studio\jre\bin\management.dll
0x00007fff30310000 - 0x00007fff3031d000 	C:\Program Files\Android\Android Studio\jre\bin\management_ext.dll
0x00007fff3bd30000 - 0x00007fff3bd48000 	C:\Windows\SYSTEM32\CRYPTSP.dll
0x00007fff3b460000 - 0x00007fff3b494000 	C:\Windows\system32\rsaenh.dll
0x00007fff3cd40000 - 0x00007fff3cd67000 	C:\Windows\System32\bcrypt.dll
0x00007fff3c480000 - 0x00007fff3c4ae000 	C:\Windows\SYSTEM32\USERENV.dll
0x00007fff3bd50000 - 0x00007fff3bd5c000 	C:\Windows\SYSTEM32\CRYPTBASE.dll
0x00007fff3b830000 - 0x00007fff3b86b000 	C:\Windows\SYSTEM32\IPHLPAPI.DLL
0x00007fff3ee40000 - 0x00007fff3ee48000 	C:\Windows\System32\NSI.dll
0x00007fff328c0000 - 0x00007fff328d7000 	C:\Windows\SYSTEM32\dhcpcsvc6.DLL
0x00007fff328a0000 - 0x00007fff328bd000 	C:\Windows\SYSTEM32\dhcpcsvc.DLL
0x00007fff3b880000 - 0x00007fff3b94a000 	C:\Windows\SYSTEM32\DNSAPI.dll

dbghelp: loaded successfully - version: 4.0.5 - missing functions: none
symbol engine: initialized successfully - sym options: 0x614 - pdb path: .;C:\Program Files\Android\Android Studio\jre\bin;C:\Windows\SYSTEM32;C:\Windows\WinSxS\amd64_microsoft.windows.common-controls_6595b64144ccf1df_6.0.19041.1110_none_60b5254171f9507e;C:\Program Files\Android\Android Studio\jre\bin\server;C:\Users\91989\.gradle\native\e1d6ef7f7dcc3fd88c89a11ec53ec762bb8ba0a96d01ffa2cd45eb1d1d8dd5c5\windows-amd64;C:\Users\91989\.gradle\native\5664cfc778a61ccfe75a443a1ab52a65af34e5dc3c78e0209fed803814484fcb\windows-amd64

VM Arguments:
jvm_args: --add-opens=java.base/java.util=ALL-UNNAMED --add-opens=java.base/java.lang=ALL-UNNAMED --add-opens=java.base/java.lang.invoke=ALL-UNNAMED --add-opens=java.base/java.util=ALL-UNNAMED --add-opens=java.prefs/java.util.prefs=ALL-UNNAMED --add-opens=java.prefs/java.util.prefs=ALL-UNNAMED --add-opens=java.base/java.nio.charset=ALL-UNNAMED --add-opens=java.base/java.net=ALL-UNNAMED --add-opens=java.base/java.util.concurrent.atomic=ALL-UNNAMED -Xmx2048m -Dfile.encoding=UTF-8 -Duser.country=IN -Duser.language=en -Duser.variant 
java_command: org.gradle.launcher.daemon.bootstrap.GradleDaemon 7.2
java_class_path (initial): C:\Users\91989\.gradle\wrapper\dists\gradle-7.2-bin\2dnblmf4td7x66yl1d74lt32g\gradle-7.2\lib\gradle-launcher-7.2.jar
Launcher Type: SUN_STANDARD

[Global flags]
     intx CICompilerCount                          = 4                                         {product} {ergonomic}
     uint ConcGCThreads                            = 2                                         {product} {ergonomic}
     uint G1ConcRefinementThreads                  = 8                                         {product} {ergonomic}
   size_t G1HeapRegionSize                         = 1048576                                   {product} {ergonomic}
    uintx GCDrainStackTargetSize                   = 64                                        {product} {ergonomic}
   size_t InitialHeapSize                          = 134217728                                 {product} {ergonomic}
   size_t MarkStackSize                            = 4194304                                   {product} {ergonomic}
   size_t MaxHeapSize                              = 2147483648                                {product} {command line}
   size_t MaxNewSize                               = 1287651328                                {product} {ergonomic}
   size_t MinHeapDeltaBytes                        = 1048576                                   {product} {ergonomic}
    uintx NonNMethodCodeHeapSize                   = 5836300                                {pd product} {ergonomic}
    uintx NonProfiledCodeHeapSize                  = 122910970                              {pd product} {ergonomic}
    uintx ProfiledCodeHeapSize                     = 122910970                              {pd product} {ergonomic}
    uintx ReservedCodeCacheSize                    = 251658240                              {pd product} {ergonomic}
     bool SegmentedCodeCache                       = true                                      {product} {ergonomic}
     bool UseCompressedClassPointers               = true                                 {lp64_product} {ergonomic}
     bool UseCompressedOops                        = true                                 {lp64_product} {ergonomic}
     bool UseG1GC                                  = true                                      {product} {ergonomic}
     bool UseLargePagesIndividualAllocation        = false                                  {pd product} {ergonomic}

Logging:
Log output configuration:
 #0: stdout all=warning uptime,level,tags
 #1: stderr all=off uptime,level,tags

Environment Variables:
PATH=C:\Windows\system32;C:\Windows;C:\Windows\System32\Wbem;C:\Windows\System32\WindowsPowerShell\v1.0\;C:\Windows\System32\OpenSSH\;C:\Program Files\Git\cmd;C:\Users\91989\AppData\Local\Microsoft\WindowsApps;
USERNAME=91989
OS=Windows_NT
PROCESSOR_IDENTIFIER=Intel64 Family 6 Model 60 Stepping 3, GenuineIntel



---------------  S Y S T E M  ---------------

OS: Windows 10 , 64 bit Build 19041 (10.0.19041.2364)
OS uptime: 1 days 6:11 hours

CPU:total 8 (initial active 8) (4 cores per cpu, 2 threads per core) family 6 model 60 stepping 3 microcode 0x27, cmov, cx8, fxsr, mmx, sse, sse2, sse3, ssse3, sse4.1, sse4.2, popcnt, avx, avx2, aes, clmul, erms, lzcnt, ht, tsc, tscinvbit, bmi1, bmi2, fma

Memory: 4k page, system-wide physical 8124M (672M free)
TotalPageFile size 10172M (AvailPageFile size 18M)
current process WorkingSet (physical memory assigned to process): 438M, peak: 439M
current process commit charge ("private bytes"): 477M, peak: 513M

vm_info: OpenJDK 64-Bit Server VM (11.0.13+0-b1751.21-8125866) for windows-amd64 JRE (11.0.13+0-b1751.21-8125866), built on Feb  2 2022 03:00:22 by "builder" with MS VC++ 14.0 (VS2015)

END.
