#
# There is insufficient memory for the Java Runtime Environment to continue.
# Native memory allocation (malloc) failed to allocate 1256576 bytes for Chunk::new
# Possible reasons:
#   The system is out of physical RAM or swap space
#   The process is running with CompressedOops enabled, and the Java Heap may be blocking the growth of the native heap
# Possible solutions:
#   Reduce memory load on the system
#   Increase physical memory or swap space
#   Check if swap backing store is full
#   Decrease Java heap size (-Xmx/-Xms)
#   Decrease number of Java threads
#   Decrease Java thread stack sizes (-Xss)
#   Set larger code cache with -XX:ReservedCodeCacheSize=
#   JVM is running with Unscaled Compressed Oops mode in which the Java heap is
#     placed in the first 4GB address space. The Java Heap base address is the
#     maximum limit for the native heap growth. Please use -XX:HeapBaseMinAddress
#     to set the Java Heap base and to place the Java Heap above 4GB virtual address.
# This output file may be truncated or incomplete.
#
#  Out of Memory Error (./src/hotspot/share/memory/arena.cpp:197), pid=50944, tid=63436
#
# JRE version: OpenJDK Runtime Environment (11.0.13) (build 11.0.13+0-b1751.21-8125866)
# Java VM: OpenJDK 64-Bit Server VM (11.0.13+0-b1751.21-8125866, mixed mode, tiered, compressed oops, g1 gc, windows-amd64)
# No core dump will be written. Minidumps are not enabled by default on client versions of Windows
#

---------------  S U M M A R Y ------------

Command Line: --add-opens=java.base/java.util=ALL-UNNAMED --add-opens=java.base/java.lang=ALL-UNNAMED --add-opens=java.base/java.lang.invoke=ALL-UNNAMED --add-opens=java.base/java.util=ALL-UNNAMED --add-opens=java.prefs/java.util.prefs=ALL-UNNAMED --add-opens=java.prefs/java.util.prefs=ALL-UNNAMED --add-opens=java.base/java.nio.charset=ALL-UNNAMED --add-opens=java.base/java.net=ALL-UNNAMED --add-opens=java.base/java.util.concurrent.atomic=ALL-UNNAMED -Xmx2048m -Dfile.encoding=UTF-8 -Duser.country=IN -Duser.language=en -Duser.variant org.gradle.launcher.daemon.bootstrap.GradleDaemon 7.2

Host: Intel(R) Core(TM) i7-4700MQ CPU @ 2.40GHz, 8 cores, 7G,  Windows 10 , 64 bit Build 19041 (10.0.19041.2364)
Time: Fri Jan  6 15:24:31 2023 India Standard Time elapsed time: 13.651502 seconds (0d 0h 0m 13s)

---------------  T H R E A D  ---------------

Current thread (0x000001d661d72800):  JavaThread "C2 CompilerThread1" daemon [_thread_in_native, id=63436, stack(0x0000002420a00000,0x0000002420b00000)]


Current CompileTask:
C2:  13651 7446 %     4       org.gradle.internal.instantiation.generator.AbstractClassGenerator::inspectType @ 431 (560 bytes)

Stack: [0x0000002420a00000,0x0000002420b00000]
Native frames: (J=compiled Java code, j=interpreted, Vv=VM code, C=native code)
V  [jvm.dll+0x6100fa]
V  [jvm.dll+0x747090]
V  [jvm.dll+0x7486ad]
V  [jvm.dll+0x748d83]
V  [jvm.dll+0x24ab48]
V  [jvm.dll+0xc04dc]
V  [jvm.dll+0xc0a0c]
V  [jvm.dll+0x2bfab4]
V  [jvm.dll+0x524238]
V  [jvm.dll+0x20b193]
V  [jvm.dll+0x204ca0]
V  [jvm.dll+0x2023c2]
V  [jvm.dll+0x188e01]
V  [jvm.dll+0x21106b]
V  [jvm.dll+0x20f8c1]
V  [jvm.dll+0x70de0f]
V  [jvm.dll+0x706a75]
V  [jvm.dll+0x60ed66]
C  [ucrtbase.dll+0x21bb2]
C  [KERNEL32.DLL+0x17614]
C  [ntdll.dll+0x526a1]


---------------  P R O C E S S  ---------------

Threads class SMR info:
_java_thread_list=0x000001d662efc040, length=125, elements={
0x000001d644886800, 0x000001d65e669800, 0x000001d65e66d000, 0x000001d65f5a7800,
0x000001d65f5a8000, 0x000001d65f5a9800, 0x000001d65f5af800, 0x000001d65f5b8800,
0x000001d65f5c3800, 0x000001d65f73c000, 0x000001d6616e1000, 0x000001d661d7e800,
0x000001d65f7f8000, 0x000001d6622ab800, 0x000001d660a10000, 0x000001d66052b800,
0x000001d661c86000, 0x000001d660aca000, 0x000001d660acb000, 0x000001d661e75800,
0x000001d6629b8800, 0x000001d6629b4000, 0x000001d6629b5000, 0x000001d6629b2800,
0x000001d6629b3800, 0x000001d6629b6800, 0x000001d6629b9000, 0x000001d6629b7800,
0x000001d6629b6000, 0x000001d662b15800, 0x000001d662b13000, 0x000001d662b13800,
0x000001d662b14800, 0x000001d662b16000, 0x000001d662b17000, 0x000001d662b11800,
0x000001d662b18000, 0x000001d662b12000, 0x000001d662b1a800, 0x000001d662b18800,
0x000001d662b1b000, 0x000001d661d72800, 0x000001d662b1f000, 0x000001d662b1e800,
0x000001d662b19800, 0x000001d662b1c000, 0x000001d662b1d800, 0x000001d662b20000,
0x000001d66328e800, 0x000001d66328d000, 0x000001d66328f800, 0x000001d66328b800,
0x000001d66328a000, 0x000001d663290800, 0x000001d66328a800, 0x000001d663292000,
0x000001d663291000, 0x000001d66328e000, 0x000001d66328c800, 0x000001d663294800,
0x000001d663297000, 0x000001d663296000, 0x000001d663295800, 0x000001d663298800,
0x000001d663297800, 0x000001d663293000, 0x000001d663293800, 0x000001d6653e0800,
0x000001d6653df000, 0x000001d6653e4000, 0x000001d6653de000, 0x000001d6653e3000,
0x000001d6653e4800, 0x000001d6653e5800, 0x000001d6653e1800, 0x000001d6653e2000,
0x000001d6653e0000, 0x000001d6653ec000, 0x000001d6653e7000, 0x000001d6653ea800,
0x000001d6653e9800, 0x000001d6653eb000, 0x000001d6653e8000, 0x000001d6653e9000,
0x000001d6653e6800, 0x000001d6653ed000, 0x000001d6630e4800, 0x000001d6630e2000,
0x000001d6630e3800, 0x000001d6630e1800, 0x000001d6630e8000, 0x000001d6630e3000,
0x000001d6630e5800, 0x000001d6630e7000, 0x000001d6630e6000, 0x000001d65fcc0800,
0x000001d65fcc1800, 0x000001d65fcbf000, 0x000001d65fcc0000, 0x000001d65fcbd800,
0x000001d65fcc2000, 0x000001d65fcbe000, 0x000001d65fcc3000, 0x000001d65fcc9000,
0x000001d65fcc9800, 0x000001d65fcc5800, 0x000001d65fcc8000, 0x000001d65fcc4800,
0x000001d65fcc6800, 0x000001d65fcc4000, 0x000001d65fccb000, 0x000001d65fccc000,
0x000001d65fcca800, 0x000001d65fcc7000, 0x000001d666f51800, 0x000001d666f53000,
0x000001d666f4d800, 0x000001d666f54000, 0x000001d666f4e000, 0x000001d666f52800,
0x000001d666f54800, 0x000001d666f4f000, 0x000001d665e04800, 0x000001d666f55800,
0x000001d666f5b000
}

Java Threads: ( => current thread )
  0x000001d644886800 JavaThread "main" [_thread_blocked, id=65880, stack(0x000000241ed00000,0x000000241ee00000)]
  0x000001d65e669800 JavaThread "Reference Handler" daemon [_thread_blocked, id=2972, stack(0x000000241f400000,0x000000241f500000)]
  0x000001d65e66d000 JavaThread "Finalizer" daemon [_thread_blocked, id=67968, stack(0x000000241f500000,0x000000241f600000)]
  0x000001d65f5a7800 JavaThread "Signal Dispatcher" daemon [_thread_blocked, id=68404, stack(0x000000241f600000,0x000000241f700000)]
  0x000001d65f5a8000 JavaThread "Attach Listener" daemon [_thread_blocked, id=62940, stack(0x000000241f700000,0x000000241f800000)]
  0x000001d65f5a9800 JavaThread "Service Thread" daemon [_thread_blocked, id=41348, stack(0x000000241f800000,0x000000241f900000)]
  0x000001d65f5af800 JavaThread "C2 CompilerThread0" daemon [_thread_in_native, id=65692, stack(0x000000241f900000,0x000000241fa00000)]
  0x000001d65f5b8800 JavaThread "C1 CompilerThread0" daemon [_thread_in_native, id=67120, stack(0x000000241fa00000,0x000000241fb00000)]
  0x000001d65f5c3800 JavaThread "Sweeper thread" daemon [_thread_blocked, id=48832, stack(0x000000241fb00000,0x000000241fc00000)]
  0x000001d65f73c000 JavaThread "Common-Cleaner" daemon [_thread_blocked, id=68572, stack(0x000000241fc00000,0x000000241fd00000)]
  0x000001d6616e1000 JavaThread "Daemon health stats" [_thread_blocked, id=65740, stack(0x0000002420200000,0x0000002420300000)]
  0x000001d661d7e800 JavaThread "Incoming local TCP Connector on port 63559" [_thread_in_native, id=68596, stack(0x000000241fe00000,0x000000241ff00000)]
  0x000001d65f7f8000 JavaThread "Daemon periodic checks" [_thread_blocked, id=68204, stack(0x000000241ff00000,0x0000002420000000)]
  0x000001d6622ab800 JavaThread "Daemon" [_thread_blocked, id=64084, stack(0x0000002420300000,0x0000002420400000)]
  0x000001d660a10000 JavaThread "Handler for socket connection from /127.0.0.1:63559 to /127.0.0.1:63560" [_thread_in_native, id=62524, stack(0x0000002420400000,0x0000002420500000)]
  0x000001d66052b800 JavaThread "Cancel handler" [_thread_blocked, id=65840, stack(0x0000002420500000,0x0000002420600000)]
  0x000001d661c86000 JavaThread "Daemon worker" [_thread_in_native, id=11040, stack(0x0000002420600000,0x0000002420700000)]
  0x000001d660aca000 JavaThread "Asynchronous log dispatcher for DefaultDaemonConnection: socket connection from /127.0.0.1:63559 to /127.0.0.1:63560" [_thread_blocked, id=57400, stack(0x0000002420700000,0x0000002420800000)]
  0x000001d660acb000 JavaThread "Stdin handler" [_thread_blocked, id=59136, stack(0x0000002420800000,0x0000002420900000)]
  0x000001d661e75800 JavaThread "Daemon client event forwarder" [_thread_blocked, id=65272, stack(0x0000002420900000,0x0000002420a00000)]
  0x000001d6629b8800 JavaThread "Cache worker for journal cache (C:\Users\91989\.gradle\caches\journal-1)" [_thread_blocked, id=66944, stack(0x0000002421000000,0x0000002421100000)]
  0x000001d6629b4000 JavaThread "File lock request listener" [_thread_in_native, id=7716, stack(0x0000002421100000,0x0000002421200000)]
  0x000001d6629b5000 JavaThread "Cache worker for file hash cache (C:\Users\91989\.gradle\caches\7.2\fileHashes)" [_thread_blocked, id=51688, stack(0x0000002421200000,0x0000002421300000)]
  0x000001d6629b2800 JavaThread "Cache worker for file hash cache (F:\clicknow\.gradle\7.2\fileHashes)" [_thread_blocked, id=62556, stack(0x0000002421400000,0x0000002421500000)]
  0x000001d6629b3800 JavaThread "File watcher server" daemon [_thread_in_native, id=61972, stack(0x0000002421600000,0x0000002421700000)]
  0x000001d6629b6800 JavaThread "File watcher consumer" daemon [_thread_blocked, id=63928, stack(0x0000002421700000,0x0000002421800000)]
  0x000001d6629b9000 JavaThread "jar transforms" [_thread_blocked, id=50940, stack(0x0000002421800000,0x0000002421900000)]
  0x000001d6629b7800 JavaThread "jar transforms Thread 2" [_thread_blocked, id=20024, stack(0x0000002421900000,0x0000002421a00000)]
  0x000001d6629b6000 JavaThread "jar transforms Thread 3" [_thread_blocked, id=66476, stack(0x0000002421a00000,0x0000002421b00000)]
  0x000001d662b15800 JavaThread "jar transforms Thread 4" [_thread_blocked, id=51204, stack(0x0000002421b00000,0x0000002421c00000)]
  0x000001d662b13000 JavaThread "jar transforms Thread 5" [_thread_blocked, id=60440, stack(0x0000002421c00000,0x0000002421d00000)]
  0x000001d662b13800 JavaThread "jar transforms Thread 6" [_thread_blocked, id=40740, stack(0x0000002421d00000,0x0000002421e00000)]
  0x000001d662b14800 JavaThread "jar transforms Thread 7" [_thread_blocked, id=62644, stack(0x0000002421e00000,0x0000002421f00000)]
  0x000001d662b16000 JavaThread "jar transforms Thread 8" [_thread_blocked, id=63072, stack(0x0000002421f00000,0x0000002422000000)]
  0x000001d662b17000 JavaThread "Cache worker for checksums cache (F:\clicknow\.gradle\checksums)" [_thread_blocked, id=65592, stack(0x0000002422000000,0x0000002422100000)]
  0x000001d662b11800 JavaThread "Cache worker for cache directory md-supplier (C:\Users\91989\.gradle\caches\7.2\md-supplier)" [_thread_blocked, id=67492, stack(0x0000002422100000,0x0000002422200000)]
  0x000001d662b18000 JavaThread "Cache worker for cache directory md-rule (C:\Users\91989\.gradle\caches\7.2\md-rule)" [_thread_blocked, id=66544, stack(0x0000002422200000,0x0000002422300000)]
  0x000001d662b12000 JavaThread "Cache worker for execution history cache (C:\Users\91989\.gradle\caches\7.2\executionHistory)" [_thread_blocked, id=58920, stack(0x0000002422300000,0x0000002422400000)]
  0x000001d662b1a800 JavaThread "Cache worker for file content cache (C:\Users\91989\.gradle\caches\7.2\fileContent)" [_thread_blocked, id=53188, stack(0x0000002422400000,0x0000002422500000)]
  0x000001d662b18800 JavaThread "Cache worker for dependencies-accessors (F:\clicknow\.gradle\7.2\dependencies-accessors)" [_thread_blocked, id=68052, stack(0x0000002422500000,0x0000002422600000)]
  0x000001d662b1b000 JavaThread "Cache worker for Build Output Cleanup Cache (F:\clicknow\.gradle\buildOutputCleanup)" [_thread_blocked, id=67276, stack(0x0000002422600000,0x0000002422700000)]
=>0x000001d661d72800 JavaThread "C2 CompilerThread1" daemon [_thread_in_native, id=63436, stack(0x0000002420a00000,0x0000002420b00000)]
  0x000001d662b1f000 JavaThread "Unconstrained build operations" [_thread_blocked, id=67052, stack(0x0000002422700000,0x0000002422800000)]
  0x000001d662b1e800 JavaThread "Unconstrained build operations Thread 2" [_thread_blocked, id=64652, stack(0x0000002422800000,0x0000002422900000)]
  0x000001d662b19800 JavaThread "Unconstrained build operations Thread 3" [_thread_blocked, id=13288, stack(0x0000002422900000,0x0000002422a00000)]
  0x000001d662b1c000 JavaThread "Unconstrained build operations Thread 4" [_thread_blocked, id=46664, stack(0x0000002422a00000,0x0000002422b00000)]
  0x000001d662b1d800 JavaThread "Unconstrained build operations Thread 5" [_thread_blocked, id=40160, stack(0x0000002422b00000,0x0000002422c00000)]
  0x000001d662b20000 JavaThread "Unconstrained build operations Thread 6" [_thread_blocked, id=63728, stack(0x0000002422c00000,0x0000002422d00000)]
  0x000001d66328e800 JavaThread "Unconstrained build operations Thread 7" [_thread_blocked, id=3780, stack(0x0000002422d00000,0x0000002422e00000)]
  0x000001d66328d000 JavaThread "Unconstrained build operations Thread 8" [_thread_blocked, id=65204, stack(0x0000002422e00000,0x0000002422f00000)]
  0x000001d66328f800 JavaThread "Unconstrained build operations Thread 9" [_thread_blocked, id=67200, stack(0x0000002422f00000,0x0000002423000000)]
  0x000001d66328b800 JavaThread "Unconstrained build operations Thread 10" [_thread_blocked, id=61188, stack(0x0000002423000000,0x0000002423100000)]
  0x000001d66328a000 JavaThread "Unconstrained build operations Thread 11" [_thread_blocked, id=67436, stack(0x0000002423100000,0x0000002423200000)]
  0x000001d663290800 JavaThread "Unconstrained build operations Thread 12" [_thread_blocked, id=61468, stack(0x0000002423200000,0x0000002423300000)]
  0x000001d66328a800 JavaThread "Unconstrained build operations Thread 13" [_thread_blocked, id=65060, stack(0x0000002423300000,0x0000002423400000)]
  0x000001d663292000 JavaThread "Unconstrained build operations Thread 14" [_thread_blocked, id=64696, stack(0x0000002423400000,0x0000002423500000)]
  0x000001d663291000 JavaThread "Unconstrained build operations Thread 15" [_thread_blocked, id=63768, stack(0x0000002423500000,0x0000002423600000)]
  0x000001d66328e000 JavaThread "Unconstrained build operations Thread 16" [_thread_blocked, id=61048, stack(0x0000002423600000,0x0000002423700000)]
  0x000001d66328c800 JavaThread "Unconstrained build operations Thread 17" [_thread_blocked, id=68392, stack(0x0000002423700000,0x0000002423800000)]
  0x000001d663294800 JavaThread "Unconstrained build operations Thread 18" [_thread_blocked, id=64572, stack(0x0000002423800000,0x0000002423900000)]
  0x000001d663297000 JavaThread "Unconstrained build operations Thread 19" [_thread_blocked, id=64264, stack(0x0000002423900000,0x0000002423a00000)]
  0x000001d663296000 JavaThread "Unconstrained build operations Thread 20" [_thread_blocked, id=67356, stack(0x0000002423a00000,0x0000002423b00000)]
  0x000001d663295800 JavaThread "Unconstrained build operations Thread 21" [_thread_blocked, id=64156, stack(0x0000002423b00000,0x0000002423c00000)]
  0x000001d663298800 JavaThread "Unconstrained build operations Thread 22" [_thread_blocked, id=68464, stack(0x0000002423c00000,0x0000002423d00000)]
  0x000001d663297800 JavaThread "Unconstrained build operations Thread 23" [_thread_blocked, id=68220, stack(0x0000002423d00000,0x0000002423e00000)]
  0x000001d663293000 JavaThread "Unconstrained build operations Thread 24" [_thread_blocked, id=41212, stack(0x0000002423e00000,0x0000002423f00000)]
  0x000001d663293800 JavaThread "Unconstrained build operations Thread 25" [_thread_blocked, id=57440, stack(0x0000002423f00000,0x0000002424000000)]
  0x000001d6653e0800 JavaThread "Unconstrained build operations Thread 26" [_thread_blocked, id=68072, stack(0x0000002424000000,0x0000002424100000)]
  0x000001d6653df000 JavaThread "Unconstrained build operations Thread 27" [_thread_blocked, id=64952, stack(0x0000002424100000,0x0000002424200000)]
  0x000001d6653e4000 JavaThread "Unconstrained build operations Thread 28" [_thread_blocked, id=68336, stack(0x0000002424200000,0x0000002424300000)]
  0x000001d6653de000 JavaThread "Unconstrained build operations Thread 29" [_thread_blocked, id=61496, stack(0x0000002424300000,0x0000002424400000)]
  0x000001d6653e3000 JavaThread "Unconstrained build operations Thread 30" [_thread_blocked, id=64468, stack(0x0000002424400000,0x0000002424500000)]
  0x000001d6653e4800 JavaThread "Unconstrained build operations Thread 31" [_thread_blocked, id=66532, stack(0x0000002424500000,0x0000002424600000)]
  0x000001d6653e5800 JavaThread "Unconstrained build operations Thread 32" [_thread_blocked, id=67768, stack(0x0000002424600000,0x0000002424700000)]
  0x000001d6653e1800 JavaThread "Unconstrained build operations Thread 33" [_thread_blocked, id=64296, stack(0x0000002424700000,0x0000002424800000)]
  0x000001d6653e2000 JavaThread "Unconstrained build operations Thread 34" [_thread_blocked, id=63796, stack(0x0000002424800000,0x0000002424900000)]
  0x000001d6653e0000 JavaThread "Unconstrained build operations Thread 35" [_thread_blocked, id=61044, stack(0x0000002424900000,0x0000002424a00000)]
  0x000001d6653ec000 JavaThread "Unconstrained build operations Thread 36" [_thread_blocked, id=19524, stack(0x0000002424a00000,0x0000002424b00000)]
  0x000001d6653e7000 JavaThread "Unconstrained build operations Thread 37" [_thread_blocked, id=64312, stack(0x0000002424b00000,0x0000002424c00000)]
  0x000001d6653ea800 JavaThread "Unconstrained build operations Thread 38" [_thread_blocked, id=66576, stack(0x0000002424c00000,0x0000002424d00000)]
  0x000001d6653e9800 JavaThread "Unconstrained build operations Thread 39" [_thread_blocked, id=57236, stack(0x0000002424d00000,0x0000002424e00000)]
  0x000001d6653eb000 JavaThread "Unconstrained build operations Thread 40" [_thread_blocked, id=41524, stack(0x0000002424e00000,0x0000002424f00000)]
  0x000001d6653e8000 JavaThread "Unconstrained build operations Thread 41" [_thread_blocked, id=63332, stack(0x0000002424f00000,0x0000002425000000)]
  0x000001d6653e9000 JavaThread "Unconstrained build operations Thread 42" [_thread_blocked, id=64716, stack(0x0000002425000000,0x0000002425100000)]
  0x000001d6653e6800 JavaThread "Unconstrained build operations Thread 43" [_thread_blocked, id=47212, stack(0x0000002425100000,0x0000002425200000)]
  0x000001d6653ed000 JavaThread "Unconstrained build operations Thread 44" [_thread_blocked, id=39972, stack(0x0000002425200000,0x0000002425300000)]
  0x000001d6630e4800 JavaThread "Unconstrained build operations Thread 45" [_thread_blocked, id=8728, stack(0x0000002425300000,0x0000002425400000)]
  0x000001d6630e2000 JavaThread "Unconstrained build operations Thread 46" [_thread_blocked, id=68504, stack(0x0000002425400000,0x0000002425500000)]
  0x000001d6630e3800 JavaThread "Unconstrained build operations Thread 47" [_thread_blocked, id=65556, stack(0x0000002425500000,0x0000002425600000)]
  0x000001d6630e1800 JavaThread "Unconstrained build operations Thread 48" [_thread_blocked, id=45616, stack(0x0000002425600000,0x0000002425700000)]
  0x000001d6630e8000 JavaThread "Unconstrained build operations Thread 49" [_thread_blocked, id=64428, stack(0x0000002425700000,0x0000002425800000)]
  0x000001d6630e3000 JavaThread "Unconstrained build operations Thread 50" [_thread_blocked, id=54376, stack(0x0000002425800000,0x0000002425900000)]
  0x000001d6630e5800 JavaThread "Unconstrained build operations Thread 51" [_thread_blocked, id=8228, stack(0x0000002425900000,0x0000002425a00000)]
  0x000001d6630e7000 JavaThread "Unconstrained build operations Thread 52" [_thread_blocked, id=63672, stack(0x0000002425a00000,0x0000002425b00000)]
  0x000001d6630e6000 JavaThread "Unconstrained build operations Thread 53" [_thread_blocked, id=68544, stack(0x0000002425b00000,0x0000002425c00000)]
  0x000001d65fcc0800 JavaThread "Unconstrained build operations Thread 54" [_thread_blocked, id=62020, stack(0x0000002425c00000,0x0000002425d00000)]
  0x000001d65fcc1800 JavaThread "Unconstrained build operations Thread 55" [_thread_blocked, id=67336, stack(0x0000002425d00000,0x0000002425e00000)]
  0x000001d65fcbf000 JavaThread "Unconstrained build operations Thread 56" [_thread_blocked, id=65036, stack(0x0000002425e00000,0x0000002425f00000)]
  0x000001d65fcc0000 JavaThread "Unconstrained build operations Thread 57" [_thread_blocked, id=66320, stack(0x0000002425f00000,0x0000002426000000)]
  0x000001d65fcbd800 JavaThread "Unconstrained build operations Thread 58" [_thread_blocked, id=64376, stack(0x0000002426000000,0x0000002426100000)]
  0x000001d65fcc2000 JavaThread "Unconstrained build operations Thread 59" [_thread_blocked, id=60772, stack(0x0000002426100000,0x0000002426200000)]
  0x000001d65fcbe000 JavaThread "Unconstrained build operations Thread 60" [_thread_blocked, id=68240, stack(0x0000002426200000,0x0000002426300000)]
  0x000001d65fcc3000 JavaThread "Unconstrained build operations Thread 61" [_thread_blocked, id=47320, stack(0x0000002426300000,0x0000002426400000)]
  0x000001d65fcc9000 JavaThread "Unconstrained build operations Thread 62" [_thread_blocked, id=52216, stack(0x0000002426400000,0x0000002426500000)]
  0x000001d65fcc9800 JavaThread "Unconstrained build operations Thread 63" [_thread_blocked, id=54624, stack(0x0000002426500000,0x0000002426600000)]
  0x000001d65fcc5800 JavaThread "Unconstrained build operations Thread 64" [_thread_blocked, id=62828, stack(0x0000002426600000,0x0000002426700000)]
  0x000001d65fcc8000 JavaThread "Unconstrained build operations Thread 65" [_thread_blocked, id=59824, stack(0x0000002426700000,0x0000002426800000)]
  0x000001d65fcc4800 JavaThread "Unconstrained build operations Thread 66" [_thread_blocked, id=64728, stack(0x0000002426800000,0x0000002426900000)]
  0x000001d65fcc6800 JavaThread "Unconstrained build operations Thread 67" [_thread_blocked, id=50412, stack(0x0000002426900000,0x0000002426a00000)]
  0x000001d65fcc4000 JavaThread "Unconstrained build operations Thread 68" [_thread_blocked, id=60924, stack(0x0000002426a00000,0x0000002426b00000)]
  0x000001d65fccb000 JavaThread "Unconstrained build operations Thread 69" [_thread_blocked, id=63708, stack(0x0000002426b00000,0x0000002426c00000)]
  0x000001d65fccc000 JavaThread "Unconstrained build operations Thread 70" [_thread_blocked, id=59224, stack(0x0000002426c00000,0x0000002426d00000)]
  0x000001d65fcca800 JavaThread "Unconstrained build operations Thread 71" [_thread_blocked, id=63792, stack(0x0000002426d00000,0x0000002426e00000)]
  0x000001d65fcc7000 JavaThread "Unconstrained build operations Thread 72" [_thread_blocked, id=39512, stack(0x0000002426e00000,0x0000002426f00000)]
  0x000001d666f51800 JavaThread "Unconstrained build operations Thread 73" [_thread_blocked, id=52324, stack(0x0000002426f00000,0x0000002427000000)]
  0x000001d666f53000 JavaThread "Unconstrained build operations Thread 74" [_thread_blocked, id=63564, stack(0x0000002427000000,0x0000002427100000)]
  0x000001d666f4d800 JavaThread "Unconstrained build operations Thread 75" [_thread_blocked, id=9628, stack(0x0000002427100000,0x0000002427200000)]
  0x000001d666f54000 JavaThread "Unconstrained build operations Thread 76" [_thread_blocked, id=59140, stack(0x0000002427200000,0x0000002427300000)]
  0x000001d666f4e000 JavaThread "Unconstrained build operations Thread 77" [_thread_blocked, id=67608, stack(0x0000002427300000,0x0000002427400000)]
  0x000001d666f52800 JavaThread "Unconstrained build operations Thread 78" [_thread_blocked, id=42748, stack(0x0000002427400000,0x0000002427500000)]
  0x000001d666f54800 JavaThread "Unconstrained build operations Thread 79" [_thread_blocked, id=63820, stack(0x0000002427500000,0x0000002427600000)]
  0x000001d666f4f000 JavaThread "Unconstrained build operations Thread 80" [_thread_blocked, id=62164, stack(0x0000002427600000,0x0000002427700000)]
  0x000001d665e04800 JavaThread "C2 CompilerThread2" daemon [_thread_in_native, id=66720, stack(0x0000002421500000,0x0000002421600000)]
  0x000001d666f55800 JavaThread "Memory manager" [_thread_blocked, id=68076, stack(0x0000002427700000,0x0000002427800000)]
  0x000001d666f5b000 JavaThread "Cache worker for execution history cache (F:\clicknow\.gradle\7.2\executionHistory)" [_thread_blocked, id=59920, stack(0x0000002427f00000,0x0000002428000000)]

Other Threads:
  0x000001d65e662800 VMThread "VM Thread" [stack: 0x000000241f300000,0x000000241f400000] [id=52744]
  0x000001d65f766800 WatcherThread [stack: 0x000000241fd00000,0x000000241fe00000] [id=67656]
  0x000001d6448a0000 GCTaskThread "GC Thread#0" [stack: 0x000000241ee00000,0x000000241ef00000] [id=64292]
  0x000001d660043000 GCTaskThread "GC Thread#1" [stack: 0x0000002420000000,0x0000002420100000] [id=68088]
  0x000001d660ce4800 GCTaskThread "GC Thread#2" [stack: 0x0000002420100000,0x0000002420200000] [id=5196]
  0x000001d660cb7800 GCTaskThread "GC Thread#3" [stack: 0x0000002420b00000,0x0000002420c00000] [id=62924]
  0x000001d660cb8000 GCTaskThread "GC Thread#4" [stack: 0x0000002420c00000,0x0000002420d00000] [id=68084]
  0x000001d6613f2800 GCTaskThread "GC Thread#5" [stack: 0x0000002420d00000,0x0000002420e00000] [id=63876]
  0x000001d6613f3000 GCTaskThread "GC Thread#6" [stack: 0x0000002420e00000,0x0000002420f00000] [id=64224]
  0x000001d6618af800 GCTaskThread "GC Thread#7" [stack: 0x0000002420f00000,0x0000002421000000] [id=36344]
  0x000001d6448d1000 ConcurrentGCThread "G1 Main Marker" [stack: 0x000000241ef00000,0x000000241f000000] [id=50200]
  0x000001d6448d2800 ConcurrentGCThread "G1 Conc#0" [stack: 0x000000241f000000,0x000000241f100000] [id=67672]
  0x000001d661e1f000 ConcurrentGCThread "G1 Conc#1" [stack: 0x0000002421300000,0x0000002421400000] [id=65992]
  0x000001d65e532000 ConcurrentGCThread "G1 Refine#0" [stack: 0x000000241f100000,0x000000241f200000] [id=67496]
  0x000001d65e533000 ConcurrentGCThread "G1 Young RemSet Sampling" [stack: 0x000000241f200000,0x000000241f300000] [id=67660]

Threads with active compile tasks:
C2 CompilerThread0  13726 7258       4       java.beans.MethodRef::set (58 bytes)
C1 CompilerThread0  13726 7584   !   3       org.gradle.internal.serialize.kryo.KryoBackedDecoder::readBytes (23 bytes)
C2 CompilerThread1  13726 7446 %     4       org.gradle.internal.instantiation.generator.AbstractClassGenerator::inspectType @ 431 (560 bytes)
C2 CompilerThread2  13727 7506       4       java.lang.Class::getMethod (59 bytes)

VM state:not at safepoint (normal execution)

VM Mutex/Monitor currently owned by a thread:  ([mutex/lock_event])
[0x000001d644883320] CodeCache_lock - owner thread: 0x000001d65f5b8800
[0x000001d644882990] MethodCompileQueue_lock - owner thread: 0x0000000000000000

Heap address: 0x0000000080000000, size: 2048 MB, Compressed Oops mode: 32-bit
Narrow klass base: 0x0000000000000000, Narrow klass shift: 3
Compressed class space size: 1073741824 Address: 0x0000000100000000

Heap:
 garbage-first heap   total 227328K, used 158693K [0x0000000080000000, 0x0000000100000000)
  region size 1024K, 39 young (39936K), 5 survivors (5120K)
 Metaspace       used 76073K, capacity 78209K, committed 78340K, reserved 1118208K
  class space    used 9897K, capacity 10649K, committed 10752K, reserved 1048576K
Heap Regions: E=young(eden), S=young(survivor), O=old, HS=humongous(starts), HC=humongous(continues), CS=collection set, F=free, A=archive, TAMS=top-at-mark-start (previous, next)
|   0|0x0000000080000000, 0x0000000080100000, 0x0000000080100000|100%| O|  |TAMS 0x0000000080100000, 0x0000000080000000| Untracked 
|   1|0x0000000080100000, 0x0000000080200000, 0x0000000080200000|100%| O|  |TAMS 0x0000000080200000, 0x0000000080100000| Untracked 
|   2|0x0000000080200000, 0x0000000080300000, 0x0000000080300000|100%| O|  |TAMS 0x0000000080300000, 0x0000000080200000| Untracked 
|   3|0x0000000080300000, 0x0000000080400000, 0x0000000080400000|100%|HS|  |TAMS 0x0000000080400000, 0x0000000080300000| Complete 
|   4|0x0000000080400000, 0x0000000080500000, 0x0000000080500000|100%|HC|  |TAMS 0x0000000080500000, 0x0000000080400000| Complete 
|   5|0x0000000080500000, 0x0000000080600000, 0x0000000080600000|100%|HC|  |TAMS 0x0000000080600000, 0x0000000080500000| Complete 
|   6|0x0000000080600000, 0x0000000080700000, 0x0000000080700000|100%| O|  |TAMS 0x0000000080700000, 0x0000000080600000| Untracked 
|   7|0x0000000080700000, 0x0000000080800000, 0x0000000080800000|100%| O|  |TAMS 0x0000000080800000, 0x0000000080700000| Untracked 
|   8|0x0000000080800000, 0x0000000080900000, 0x0000000080900000|100%| O|  |TAMS 0x0000000080900000, 0x0000000080800000| Untracked 
|   9|0x0000000080900000, 0x0000000080a00000, 0x0000000080a00000|100%| O|  |TAMS 0x0000000080a00000, 0x0000000080900000| Untracked 
|  10|0x0000000080a00000, 0x0000000080b00000, 0x0000000080b00000|100%| O|  |TAMS 0x0000000080b00000, 0x0000000080a00000| Untracked 
|  11|0x0000000080b00000, 0x0000000080c00000, 0x0000000080c00000|100%| O|  |TAMS 0x0000000080c00000, 0x0000000080b00000| Untracked 
|  12|0x0000000080c00000, 0x0000000080d00000, 0x0000000080d00000|100%| O|  |TAMS 0x0000000080d00000, 0x0000000080c00000| Untracked 
|  13|0x0000000080d00000, 0x0000000080e00000, 0x0000000080e00000|100%| O|  |TAMS 0x0000000080e00000, 0x0000000080d00000| Untracked 
|  14|0x0000000080e00000, 0x0000000080f00000, 0x0000000080f00000|100%| O|  |TAMS 0x0000000080f00000, 0x0000000080e00000| Untracked 
|  15|0x0000000080f00000, 0x0000000081000000, 0x0000000081000000|100%| O|  |TAMS 0x0000000081000000, 0x0000000080f00000| Untracked 
|  16|0x0000000081000000, 0x0000000081100000, 0x0000000081100000|100%|HS|  |TAMS 0x0000000081100000, 0x0000000081000000| Complete 
|  17|0x0000000081100000, 0x0000000081200000, 0x0000000081200000|100%|HC|  |TAMS 0x0000000081200000, 0x0000000081100000| Complete 
|  18|0x0000000081200000, 0x0000000081300000, 0x0000000081300000|100%|HS|  |TAMS 0x0000000081300000, 0x0000000081200000| Complete 
|  19|0x0000000081300000, 0x0000000081400000, 0x0000000081400000|100%|HC|  |TAMS 0x0000000081400000, 0x0000000081300000| Complete 
|  20|0x0000000081400000, 0x0000000081500000, 0x0000000081500000|100%|HC|  |TAMS 0x0000000081500000, 0x0000000081400000| Complete 
|  21|0x0000000081500000, 0x0000000081600000, 0x0000000081600000|100%|HS|  |TAMS 0x0000000081600000, 0x0000000081500000| Complete 
|  22|0x0000000081600000, 0x0000000081700000, 0x0000000081700000|100%|HC|  |TAMS 0x0000000081700000, 0x0000000081600000| Complete 
|  23|0x0000000081700000, 0x0000000081800000, 0x0000000081800000|100%|HC|  |TAMS 0x0000000081800000, 0x0000000081700000| Complete 
|  24|0x0000000081800000, 0x0000000081900000, 0x0000000081900000|100%|HS|  |TAMS 0x0000000081900000, 0x0000000081800000| Complete 
|  25|0x0000000081900000, 0x0000000081a00000, 0x0000000081a00000|100%|HC|  |TAMS 0x0000000081a00000, 0x0000000081900000| Complete 
|  26|0x0000000081a00000, 0x0000000081b00000, 0x0000000081b00000|100%|HC|  |TAMS 0x0000000081b00000, 0x0000000081a00000| Complete 
|  27|0x0000000081b00000, 0x0000000081c00000, 0x0000000081c00000|100%|HC|  |TAMS 0x0000000081c00000, 0x0000000081b00000| Complete 
|  28|0x0000000081c00000, 0x0000000081d00000, 0x0000000081d00000|100%|HS|  |TAMS 0x0000000081d00000, 0x0000000081c00000| Complete 
|  29|0x0000000081d00000, 0x0000000081e00000, 0x0000000081e00000|100%|HC|  |TAMS 0x0000000081e00000, 0x0000000081d00000| Complete 
|  30|0x0000000081e00000, 0x0000000081f00000, 0x0000000081f00000|100%|HC|  |TAMS 0x0000000081f00000, 0x0000000081e00000| Complete 
|  31|0x0000000081f00000, 0x0000000082000000, 0x0000000082000000|100%|HC|  |TAMS 0x0000000082000000, 0x0000000081f00000| Complete 
|  32|0x0000000082000000, 0x0000000082100000, 0x0000000082100000|100%|HC|  |TAMS 0x0000000082100000, 0x0000000082000000| Complete 
|  33|0x0000000082100000, 0x0000000082200000, 0x0000000082200000|100%| O|  |TAMS 0x0000000082200000, 0x0000000082100000| Untracked 
|  34|0x0000000082200000, 0x0000000082300000, 0x0000000082300000|100%| O|  |TAMS 0x0000000082300000, 0x0000000082200000| Untracked 
|  35|0x0000000082300000, 0x0000000082400000, 0x0000000082400000|100%| O|  |TAMS 0x0000000082400000, 0x0000000082300000| Untracked 
|  36|0x0000000082400000, 0x0000000082500000, 0x0000000082500000|100%| O|  |TAMS 0x0000000082500000, 0x0000000082400000| Untracked 
|  37|0x0000000082500000, 0x0000000082600000, 0x0000000082600000|100%| O|  |TAMS 0x0000000082600000, 0x0000000082500000| Untracked 
|  38|0x0000000082600000, 0x0000000082700000, 0x0000000082700000|100%| O|  |TAMS 0x0000000082700000, 0x0000000082600000| Untracked 
|  39|0x0000000082700000, 0x0000000082800000, 0x0000000082800000|100%| O|  |TAMS 0x0000000082800000, 0x0000000082700000| Untracked 
|  40|0x0000000082800000, 0x0000000082900000, 0x0000000082900000|100%| O|  |TAMS 0x0000000082900000, 0x0000000082800000| Untracked 
|  41|0x0000000082900000, 0x0000000082a00000, 0x0000000082a00000|100%| O|  |TAMS 0x0000000082a00000, 0x0000000082900000| Untracked 
|  42|0x0000000082a00000, 0x0000000082b00000, 0x0000000082b00000|100%| O|  |TAMS 0x0000000082b00000, 0x0000000082a00000| Untracked 
|  43|0x0000000082b00000, 0x0000000082c00000, 0x0000000082c00000|100%| O|  |TAMS 0x0000000082c00000, 0x0000000082b00000| Untracked 
|  44|0x0000000082c00000, 0x0000000082d00000, 0x0000000082d00000|100%|HS|  |TAMS 0x0000000082d00000, 0x0000000082c00000| Complete 
|  45|0x0000000082d00000, 0x0000000082e00000, 0x0000000082e00000|100%|HC|  |TAMS 0x0000000082e00000, 0x0000000082d00000| Complete 
|  46|0x0000000082e00000, 0x0000000082f00000, 0x0000000082f00000|100%|HC|  |TAMS 0x0000000082f00000, 0x0000000082e00000| Complete 
|  47|0x0000000082f00000, 0x0000000083000000, 0x0000000083000000|100%|HC|  |TAMS 0x0000000083000000, 0x0000000082f00000| Complete 
|  48|0x0000000083000000, 0x0000000083100000, 0x0000000083100000|100%|HS|  |TAMS 0x0000000083100000, 0x0000000083000000| Complete 
|  49|0x0000000083100000, 0x0000000083200000, 0x0000000083200000|100%|HC|  |TAMS 0x0000000083200000, 0x0000000083100000| Complete 
|  50|0x0000000083200000, 0x0000000083300000, 0x0000000083300000|100%|HC|  |TAMS 0x0000000083300000, 0x0000000083200000| Complete 
|  51|0x0000000083300000, 0x0000000083400000, 0x0000000083400000|100%|HS|  |TAMS 0x0000000083400000, 0x0000000083300000| Complete 
|  52|0x0000000083400000, 0x0000000083500000, 0x0000000083500000|100%|HC|  |TAMS 0x0000000083500000, 0x0000000083400000| Complete 
|  53|0x0000000083500000, 0x0000000083600000, 0x0000000083600000|100%|HS|  |TAMS 0x0000000083600000, 0x0000000083500000| Complete 
|  54|0x0000000083600000, 0x0000000083700000, 0x0000000083700000|100%|HC|  |TAMS 0x0000000083700000, 0x0000000083600000| Complete 
|  55|0x0000000083700000, 0x0000000083800000, 0x0000000083800000|100%|HC|  |TAMS 0x0000000083800000, 0x0000000083700000| Complete 
|  56|0x0000000083800000, 0x0000000083900000, 0x0000000083900000|100%| O|  |TAMS 0x0000000083900000, 0x0000000083800000| Untracked 
|  57|0x0000000083900000, 0x0000000083a00000, 0x0000000083a00000|100%| O|  |TAMS 0x0000000083a00000, 0x0000000083900000| Untracked 
|  58|0x0000000083a00000, 0x0000000083b00000, 0x0000000083b00000|100%| O|  |TAMS 0x0000000083b00000, 0x0000000083a00000| Untracked 
|  59|0x0000000083b00000, 0x0000000083c00000, 0x0000000083c00000|100%| O|  |TAMS 0x0000000083c00000, 0x0000000083b00000| Untracked 
|  60|0x0000000083c00000, 0x0000000083d00000, 0x0000000083d00000|100%| O|  |TAMS 0x0000000083d00000, 0x0000000083c00000| Untracked 
|  61|0x0000000083d00000, 0x0000000083e00000, 0x0000000083e00000|100%| O|  |TAMS 0x0000000083e00000, 0x0000000083d00000| Untracked 
|  62|0x0000000083e00000, 0x0000000083f00000, 0x0000000083f00000|100%| O|  |TAMS 0x0000000083f00000, 0x0000000083e00000| Untracked 
|  63|0x0000000083f00000, 0x0000000084000000, 0x0000000084000000|100%|HS|  |TAMS 0x0000000084000000, 0x0000000083f00000| Complete 
|  64|0x0000000084000000, 0x0000000084100000, 0x0000000084100000|100%|HC|  |TAMS 0x0000000084100000, 0x0000000084000000| Complete 
|  65|0x0000000084100000, 0x0000000084200000, 0x0000000084200000|100%|HC|  |TAMS 0x0000000084200000, 0x0000000084100000| Complete 
|  66|0x0000000084200000, 0x0000000084300000, 0x0000000084300000|100%|HC|  |TAMS 0x0000000084300000, 0x0000000084200000| Complete 
|  67|0x0000000084300000, 0x0000000084400000, 0x0000000084400000|100%|HC|  |TAMS 0x0000000084400000, 0x0000000084300000| Complete 
|  68|0x0000000084400000, 0x0000000084500000, 0x0000000084500000|100%| O|  |TAMS 0x0000000084500000, 0x0000000084400000| Untracked 
|  69|0x0000000084500000, 0x0000000084600000, 0x0000000084600000|100%| O|  |TAMS 0x0000000084600000, 0x0000000084500000| Untracked 
|  70|0x0000000084600000, 0x0000000084700000, 0x0000000084700000|100%| O|  |TAMS 0x0000000084700000, 0x0000000084600000| Untracked 
|  71|0x0000000084700000, 0x0000000084800000, 0x0000000084800000|100%| O|  |TAMS 0x0000000084800000, 0x0000000084700000| Untracked 
|  72|0x0000000084800000, 0x0000000084900000, 0x0000000084900000|100%| O|  |TAMS 0x0000000084900000, 0x0000000084800000| Untracked 
|  73|0x0000000084900000, 0x0000000084a00000, 0x0000000084a00000|100%|HS|  |TAMS 0x0000000084a00000, 0x0000000084900000| Complete 
|  74|0x0000000084a00000, 0x0000000084b00000, 0x0000000084b00000|100%|HS|  |TAMS 0x0000000084b00000, 0x0000000084a00000| Complete 
|  75|0x0000000084b00000, 0x0000000084c00000, 0x0000000084c00000|100%|HS|  |TAMS 0x0000000084c00000, 0x0000000084b00000| Complete 
|  76|0x0000000084c00000, 0x0000000084d00000, 0x0000000084d00000|100%|HS|  |TAMS 0x0000000084d00000, 0x0000000084c00000| Complete 
|  77|0x0000000084d00000, 0x0000000084e00000, 0x0000000084e00000|100%|HC|  |TAMS 0x0000000084e00000, 0x0000000084d00000| Complete 
|  78|0x0000000084e00000, 0x0000000084f00000, 0x0000000084f00000|100%| O|  |TAMS 0x0000000084f00000, 0x0000000084e00000| Untracked 
|  79|0x0000000084f00000, 0x0000000085000000, 0x0000000085000000|100%| O|  |TAMS 0x0000000085000000, 0x0000000084f00000| Untracked 
|  80|0x0000000085000000, 0x0000000085100000, 0x0000000085100000|100%| O|  |TAMS 0x0000000085100000, 0x0000000085000000| Untracked 
|  81|0x0000000085100000, 0x0000000085200000, 0x0000000085200000|100%| O|  |TAMS 0x0000000085200000, 0x0000000085100000| Untracked 
|  82|0x0000000085200000, 0x0000000085300000, 0x0000000085300000|100%| O|  |TAMS 0x0000000085300000, 0x0000000085200000| Untracked 
|  83|0x0000000085300000, 0x0000000085400000, 0x0000000085400000|100%| O|  |TAMS 0x0000000085400000, 0x0000000085300000| Untracked 
|  84|0x0000000085400000, 0x0000000085500000, 0x0000000085500000|100%| O|  |TAMS 0x0000000085500000, 0x0000000085400000| Untracked 
|  85|0x0000000085500000, 0x0000000085600000, 0x0000000085600000|100%| O|  |TAMS 0x0000000085600000, 0x0000000085500000| Untracked 
|  86|0x0000000085600000, 0x0000000085700000, 0x0000000085700000|100%| O|  |TAMS 0x0000000085700000, 0x0000000085600000| Untracked 
|  87|0x0000000085700000, 0x0000000085800000, 0x0000000085800000|100%| O|  |TAMS 0x0000000085800000, 0x0000000085700000| Untracked 
|  88|0x0000000085800000, 0x0000000085900000, 0x0000000085900000|100%| O|  |TAMS 0x0000000085900000, 0x0000000085800000| Untracked 
|  89|0x0000000085900000, 0x0000000085a00000, 0x0000000085a00000|100%| O|  |TAMS 0x0000000085a00000, 0x0000000085900000| Untracked 
|  90|0x0000000085a00000, 0x0000000085b00000, 0x0000000085b00000|100%| O|  |TAMS 0x0000000085b00000, 0x0000000085a00000| Untracked 
|  91|0x0000000085b00000, 0x0000000085c00000, 0x0000000085c00000|100%| O|  |TAMS 0x0000000085c00000, 0x0000000085b00000| Untracked 
|  92|0x0000000085c00000, 0x0000000085d00000, 0x0000000085d00000|100%| O|  |TAMS 0x0000000085d00000, 0x0000000085c00000| Untracked 
|  93|0x0000000085d00000, 0x0000000085e00000, 0x0000000085e00000|100%| O|  |TAMS 0x0000000085e00000, 0x0000000085d00000| Untracked 
|  94|0x0000000085e00000, 0x0000000085f00000, 0x0000000085f00000|100%| O|  |TAMS 0x0000000085f00000, 0x0000000085e00000| Untracked 
|  95|0x0000000085f00000, 0x0000000086000000, 0x0000000086000000|100%| O|  |TAMS 0x0000000086000000, 0x0000000085f00000| Untracked 
|  96|0x0000000086000000, 0x0000000086100000, 0x0000000086100000|100%| O|  |TAMS 0x0000000086100000, 0x0000000086000000| Untracked 
|  97|0x0000000086100000, 0x0000000086200000, 0x0000000086200000|100%| O|  |TAMS 0x0000000086200000, 0x0000000086100000| Untracked 
|  98|0x0000000086200000, 0x0000000086300000, 0x0000000086300000|100%| O|  |TAMS 0x0000000086300000, 0x0000000086200000| Untracked 
|  99|0x0000000086300000, 0x0000000086337c00, 0x0000000086400000| 21%| O|  |TAMS 0x0000000086337c00, 0x0000000086300000| Untracked 
| 100|0x0000000086400000, 0x0000000086500000, 0x0000000086500000|100%|HS|  |TAMS 0x0000000086400000, 0x0000000086400000| Complete 
| 101|0x0000000086500000, 0x0000000086600000, 0x0000000086600000|100%|HS|  |TAMS 0x0000000086500000, 0x0000000086500000| Complete 
| 102|0x0000000086600000, 0x0000000086700000, 0x0000000086700000|100%|HC|  |TAMS 0x0000000086600000, 0x0000000086600000| Complete 
| 103|0x0000000086700000, 0x0000000086800000, 0x0000000086800000|100%|HS|  |TAMS 0x0000000086700000, 0x0000000086700000| Complete 
| 104|0x0000000086800000, 0x0000000086900000, 0x0000000086900000|100%|HC|  |TAMS 0x0000000086800000, 0x0000000086800000| Complete 
| 105|0x0000000086900000, 0x0000000086a00000, 0x0000000086a00000|100%|HC|  |TAMS 0x0000000086900000, 0x0000000086900000| Complete 
| 106|0x0000000086a00000, 0x0000000086b00000, 0x0000000086b00000|100%|HS|  |TAMS 0x0000000086a00000, 0x0000000086a00000| Complete 
| 107|0x0000000086b00000, 0x0000000086c00000, 0x0000000086c00000|100%|HC|  |TAMS 0x0000000086b00000, 0x0000000086b00000| Complete 
| 108|0x0000000086c00000, 0x0000000086d00000, 0x0000000086d00000|100%|HC|  |TAMS 0x0000000086c00000, 0x0000000086c00000| Complete 
| 109|0x0000000086d00000, 0x0000000086e00000, 0x0000000086e00000|100%|HS|  |TAMS 0x0000000086d00000, 0x0000000086d00000| Complete 
| 110|0x0000000086e00000, 0x0000000086f00000, 0x0000000086f00000|100%|HC|  |TAMS 0x0000000086e00000, 0x0000000086e00000| Complete 
| 111|0x0000000086f00000, 0x0000000087000000, 0x0000000087000000|100%|HC|  |TAMS 0x0000000086f00000, 0x0000000086f00000| Complete 
| 112|0x0000000087000000, 0x0000000087100000, 0x0000000087100000|100%|HC|  |TAMS 0x0000000087000000, 0x0000000087000000| Complete 
| 113|0x0000000087100000, 0x0000000087200000, 0x0000000087200000|100%|HS|  |TAMS 0x0000000087100000, 0x0000000087100000| Complete 
| 114|0x0000000087200000, 0x0000000087300000, 0x0000000087300000|100%|HC|  |TAMS 0x0000000087200000, 0x0000000087200000| Complete 
| 115|0x0000000087300000, 0x0000000087400000, 0x0000000087400000|100%|HC|  |TAMS 0x0000000087300000, 0x0000000087300000| Complete 
| 116|0x0000000087400000, 0x0000000087500000, 0x0000000087500000|100%|HC|  |TAMS 0x0000000087400000, 0x0000000087400000| Complete 
| 117|0x0000000087500000, 0x0000000087600000, 0x0000000087600000|100%|HC|  |TAMS 0x0000000087500000, 0x0000000087500000| Complete 
| 118|0x0000000087600000, 0x0000000087700000, 0x0000000087700000|100%|HS|  |TAMS 0x0000000087600000, 0x0000000087600000| Complete 
| 119|0x0000000087700000, 0x0000000087700000, 0x0000000087800000|  0%| F|  |TAMS 0x0000000087700000, 0x0000000087700000| Untracked 
| 120|0x0000000087800000, 0x0000000087800000, 0x0000000087900000|  0%| F|  |TAMS 0x0000000087800000, 0x0000000087800000| Untracked 
| 121|0x0000000087900000, 0x0000000087900000, 0x0000000087a00000|  0%| F|  |TAMS 0x0000000087900000, 0x0000000087900000| Untracked 
| 122|0x0000000087a00000, 0x0000000087a00000, 0x0000000087b00000|  0%| F|  |TAMS 0x0000000087a00000, 0x0000000087a00000| Untracked 
| 123|0x0000000087b00000, 0x0000000087b00000, 0x0000000087c00000|  0%| F|  |TAMS 0x0000000087b00000, 0x0000000087b00000| Untracked 
| 124|0x0000000087c00000, 0x0000000087c00000, 0x0000000087d00000|  0%| F|  |TAMS 0x0000000087c00000, 0x0000000087c00000| Untracked 
| 125|0x0000000087d00000, 0x0000000087d00000, 0x0000000087e00000|  0%| F|  |TAMS 0x0000000087d00000, 0x0000000087d00000| Untracked 
| 126|0x0000000087e00000, 0x0000000087e00000, 0x0000000087f00000|  0%| F|  |TAMS 0x0000000087e00000, 0x0000000087e00000| Untracked 
| 127|0x0000000087f00000, 0x0000000087f00000, 0x0000000088000000|  0%| F|  |TAMS 0x0000000087f00000, 0x0000000087f00000| Untracked 
| 128|0x0000000088000000, 0x0000000088000000, 0x0000000088100000|  0%| F|  |TAMS 0x0000000088000000, 0x0000000088000000| Untracked 
| 129|0x0000000088100000, 0x0000000088100000, 0x0000000088200000|  0%| F|  |TAMS 0x0000000088100000, 0x0000000088100000| Untracked 
| 130|0x0000000088200000, 0x0000000088200000, 0x0000000088300000|  0%| F|  |TAMS 0x0000000088200000, 0x0000000088200000| Untracked 
| 131|0x0000000088300000, 0x0000000088300000, 0x0000000088400000|  0%| F|  |TAMS 0x0000000088300000, 0x0000000088300000| Untracked 
| 132|0x0000000088400000, 0x0000000088400000, 0x0000000088500000|  0%| F|  |TAMS 0x0000000088400000, 0x0000000088400000| Untracked 
| 133|0x0000000088500000, 0x0000000088500000, 0x0000000088600000|  0%| F|  |TAMS 0x0000000088500000, 0x0000000088500000| Untracked 
| 134|0x0000000088600000, 0x0000000088600000, 0x0000000088700000|  0%| F|  |TAMS 0x0000000088600000, 0x0000000088600000| Untracked 
| 135|0x0000000088700000, 0x0000000088700000, 0x0000000088800000|  0%| F|  |TAMS 0x0000000088700000, 0x0000000088700000| Untracked 
| 136|0x0000000088800000, 0x0000000088800000, 0x0000000088900000|  0%| F|  |TAMS 0x0000000088800000, 0x0000000088800000| Untracked 
| 137|0x0000000088900000, 0x0000000088900000, 0x0000000088a00000|  0%| F|  |TAMS 0x0000000088900000, 0x0000000088900000| Untracked 
| 138|0x0000000088a00000, 0x0000000088a00000, 0x0000000088b00000|  0%| F|  |TAMS 0x0000000088a00000, 0x0000000088a00000| Untracked 
| 139|0x0000000088b00000, 0x0000000088b00000, 0x0000000088c00000|  0%| F|  |TAMS 0x0000000088b00000, 0x0000000088b00000| Untracked 
| 140|0x0000000088c00000, 0x0000000088c00000, 0x0000000088d00000|  0%| F|  |TAMS 0x0000000088c00000, 0x0000000088c00000| Untracked 
| 141|0x0000000088d00000, 0x0000000088d00000, 0x0000000088e00000|  0%| F|  |TAMS 0x0000000088d00000, 0x0000000088d00000| Untracked 
| 142|0x0000000088e00000, 0x0000000088e00000, 0x0000000088f00000|  0%| F|  |TAMS 0x0000000088e00000, 0x0000000088e00000| Untracked 
| 143|0x0000000088f00000, 0x0000000088f00000, 0x0000000089000000|  0%| F|  |TAMS 0x0000000088f00000, 0x0000000088f00000| Untracked 
| 144|0x0000000089000000, 0x0000000089000000, 0x0000000089100000|  0%| F|  |TAMS 0x0000000089000000, 0x0000000089000000| Untracked 
| 145|0x0000000089100000, 0x0000000089100000, 0x0000000089200000|  0%| F|  |TAMS 0x0000000089100000, 0x0000000089100000| Untracked 
| 146|0x0000000089200000, 0x0000000089200000, 0x0000000089300000|  0%| F|  |TAMS 0x0000000089200000, 0x0000000089200000| Untracked 
| 147|0x0000000089300000, 0x0000000089300000, 0x0000000089400000|  0%| F|  |TAMS 0x0000000089300000, 0x0000000089300000| Untracked 
| 148|0x0000000089400000, 0x0000000089400000, 0x0000000089500000|  0%| F|  |TAMS 0x0000000089400000, 0x0000000089400000| Untracked 
| 149|0x0000000089500000, 0x0000000089500000, 0x0000000089600000|  0%| F|  |TAMS 0x0000000089500000, 0x0000000089500000| Untracked 
| 150|0x0000000089600000, 0x0000000089600000, 0x0000000089700000|  0%| F|  |TAMS 0x0000000089600000, 0x0000000089600000| Untracked 
| 151|0x0000000089700000, 0x0000000089700000, 0x0000000089800000|  0%| F|  |TAMS 0x0000000089700000, 0x0000000089700000| Untracked 
| 152|0x0000000089800000, 0x0000000089800000, 0x0000000089900000|  0%| F|  |TAMS 0x0000000089800000, 0x0000000089800000| Untracked 
| 153|0x0000000089900000, 0x0000000089900000, 0x0000000089a00000|  0%| F|  |TAMS 0x0000000089900000, 0x0000000089900000| Untracked 
| 154|0x0000000089a00000, 0x0000000089a00000, 0x0000000089b00000|  0%| F|  |TAMS 0x0000000089a00000, 0x0000000089a00000| Untracked 
| 155|0x0000000089b00000, 0x0000000089b00000, 0x0000000089c00000|  0%| F|  |TAMS 0x0000000089b00000, 0x0000000089b00000| Untracked 
| 156|0x0000000089c00000, 0x0000000089c00000, 0x0000000089d00000|  0%| F|  |TAMS 0x0000000089c00000, 0x0000000089c00000| Untracked 
| 157|0x0000000089d00000, 0x0000000089d00000, 0x0000000089e00000|  0%| F|  |TAMS 0x0000000089d00000, 0x0000000089d00000| Untracked 
| 158|0x0000000089e00000, 0x0000000089e00000, 0x0000000089f00000|  0%| F|  |TAMS 0x0000000089e00000, 0x0000000089e00000| Untracked 
| 159|0x0000000089f00000, 0x0000000089f00000, 0x000000008a000000|  0%| F|  |TAMS 0x0000000089f00000, 0x0000000089f00000| Untracked 
| 160|0x000000008a000000, 0x000000008a000000, 0x000000008a100000|  0%| F|  |TAMS 0x000000008a000000, 0x000000008a000000| Untracked 
| 161|0x000000008a100000, 0x000000008a100000, 0x000000008a200000|  0%| F|  |TAMS 0x000000008a100000, 0x000000008a100000| Untracked 
| 162|0x000000008a200000, 0x000000008a200000, 0x000000008a300000|  0%| F|  |TAMS 0x000000008a200000, 0x000000008a200000| Untracked 
| 163|0x000000008a300000, 0x000000008a300000, 0x000000008a400000|  0%| F|  |TAMS 0x000000008a300000, 0x000000008a300000| Untracked 
| 164|0x000000008a400000, 0x000000008a400000, 0x000000008a500000|  0%| F|  |TAMS 0x000000008a400000, 0x000000008a400000| Untracked 
| 165|0x000000008a500000, 0x000000008a500000, 0x000000008a600000|  0%| F|  |TAMS 0x000000008a500000, 0x000000008a500000| Untracked 
| 166|0x000000008a600000, 0x000000008a6c1908, 0x000000008a700000| 75%| S|CS|TAMS 0x000000008a600000, 0x000000008a600000| Complete 
| 167|0x000000008a700000, 0x000000008a800000, 0x000000008a800000|100%| S|CS|TAMS 0x000000008a700000, 0x000000008a700000| Complete 
| 168|0x000000008a800000, 0x000000008a900000, 0x000000008a900000|100%| S|CS|TAMS 0x000000008a800000, 0x000000008a800000| Complete 
| 169|0x000000008a900000, 0x000000008aa00000, 0x000000008aa00000|100%| S|CS|TAMS 0x000000008a900000, 0x000000008a900000| Complete 
| 170|0x000000008aa00000, 0x000000008ab00000, 0x000000008ab00000|100%| S|CS|TAMS 0x000000008aa00000, 0x000000008aa00000| Complete 
| 171|0x000000008ab00000, 0x000000008ab00000, 0x000000008ac00000|  0%| F|  |TAMS 0x000000008ab00000, 0x000000008ab00000| Untracked 
| 172|0x000000008ac00000, 0x000000008ac00000, 0x000000008ad00000|  0%| F|  |TAMS 0x000000008ac00000, 0x000000008ac00000| Untracked 
| 173|0x000000008ad00000, 0x000000008ad00000, 0x000000008ae00000|  0%| F|  |TAMS 0x000000008ad00000, 0x000000008ad00000| Untracked 
| 174|0x000000008ae00000, 0x000000008ae00000, 0x000000008af00000|  0%| F|  |TAMS 0x000000008ae00000, 0x000000008ae00000| Untracked 
| 175|0x000000008af00000, 0x000000008af00000, 0x000000008b000000|  0%| F|  |TAMS 0x000000008af00000, 0x000000008af00000| Untracked 
| 176|0x000000008b000000, 0x000000008b000000, 0x000000008b100000|  0%| F|  |TAMS 0x000000008b000000, 0x000000008b000000| Untracked 
| 177|0x000000008b100000, 0x000000008b100000, 0x000000008b200000|  0%| F|  |TAMS 0x000000008b100000, 0x000000008b100000| Untracked 
| 178|0x000000008b200000, 0x000000008b200000, 0x000000008b300000|  0%| F|  |TAMS 0x000000008b200000, 0x000000008b200000| Untracked 
| 179|0x000000008b300000, 0x000000008b300000, 0x000000008b400000|  0%| F|  |TAMS 0x000000008b300000, 0x000000008b300000| Untracked 
| 180|0x000000008b400000, 0x000000008b400000, 0x000000008b500000|  0%| F|  |TAMS 0x000000008b400000, 0x000000008b400000| Untracked 
| 181|0x000000008b500000, 0x000000008b500000, 0x000000008b600000|  0%| F|  |TAMS 0x000000008b500000, 0x000000008b500000| Untracked 
| 182|0x000000008b600000, 0x000000008b600000, 0x000000008b700000|  0%| F|  |TAMS 0x000000008b600000, 0x000000008b600000| Untracked 
| 183|0x000000008b700000, 0x000000008b700000, 0x000000008b800000|  0%| F|  |TAMS 0x000000008b700000, 0x000000008b700000| Untracked 
| 184|0x000000008b800000, 0x000000008b800000, 0x000000008b900000|  0%| F|  |TAMS 0x000000008b800000, 0x000000008b800000| Untracked 
| 185|0x000000008b900000, 0x000000008b900000, 0x000000008ba00000|  0%| F|  |TAMS 0x000000008b900000, 0x000000008b900000| Untracked 
| 186|0x000000008ba00000, 0x000000008ba00000, 0x000000008bb00000|  0%| F|  |TAMS 0x000000008ba00000, 0x000000008ba00000| Untracked 
| 187|0x000000008bb00000, 0x000000008bb00000, 0x000000008bc00000|  0%| F|  |TAMS 0x000000008bb00000, 0x000000008bb00000| Untracked 
| 188|0x000000008bc00000, 0x000000008bca4ce0, 0x000000008bd00000| 64%| E|  |TAMS 0x000000008bc00000, 0x000000008bc00000| Complete 
| 189|0x000000008bd00000, 0x000000008be00000, 0x000000008be00000|100%| E|CS|TAMS 0x000000008bd00000, 0x000000008bd00000| Complete 
| 190|0x000000008be00000, 0x000000008bf00000, 0x000000008bf00000|100%| E|CS|TAMS 0x000000008be00000, 0x000000008be00000| Complete 
| 191|0x000000008bf00000, 0x000000008c000000, 0x000000008c000000|100%| E|CS|TAMS 0x000000008bf00000, 0x000000008bf00000| Complete 
| 192|0x000000008c000000, 0x000000008c100000, 0x000000008c100000|100%| E|CS|TAMS 0x000000008c000000, 0x000000008c000000| Complete 
| 193|0x000000008c100000, 0x000000008c200000, 0x000000008c200000|100%| E|CS|TAMS 0x000000008c100000, 0x000000008c100000| Complete 
| 194|0x000000008c200000, 0x000000008c300000, 0x000000008c300000|100%| E|CS|TAMS 0x000000008c200000, 0x000000008c200000| Complete 
| 195|0x000000008c300000, 0x000000008c400000, 0x000000008c400000|100%| E|CS|TAMS 0x000000008c300000, 0x000000008c300000| Complete 
| 196|0x000000008c400000, 0x000000008c500000, 0x000000008c500000|100%| E|CS|TAMS 0x000000008c400000, 0x000000008c400000| Complete 
| 197|0x000000008c500000, 0x000000008c600000, 0x000000008c600000|100%| E|CS|TAMS 0x000000008c500000, 0x000000008c500000| Complete 
| 198|0x000000008c600000, 0x000000008c700000, 0x000000008c700000|100%| E|CS|TAMS 0x000000008c600000, 0x000000008c600000| Complete 
| 199|0x000000008c700000, 0x000000008c800000, 0x000000008c800000|100%| E|CS|TAMS 0x000000008c700000, 0x000000008c700000| Complete 
| 200|0x000000008c800000, 0x000000008c900000, 0x000000008c900000|100%| E|CS|TAMS 0x000000008c800000, 0x000000008c800000| Complete 
| 201|0x000000008c900000, 0x000000008ca00000, 0x000000008ca00000|100%| E|CS|TAMS 0x000000008c900000, 0x000000008c900000| Complete 
| 202|0x000000008ca00000, 0x000000008cb00000, 0x000000008cb00000|100%| E|CS|TAMS 0x000000008ca00000, 0x000000008ca00000| Complete 
| 203|0x000000008cb00000, 0x000000008cc00000, 0x000000008cc00000|100%| E|CS|TAMS 0x000000008cb00000, 0x000000008cb00000| Complete 
| 204|0x000000008cc00000, 0x000000008cd00000, 0x000000008cd00000|100%| E|CS|TAMS 0x000000008cc00000, 0x000000008cc00000| Complete 
| 205|0x000000008cd00000, 0x000000008ce00000, 0x000000008ce00000|100%| E|CS|TAMS 0x000000008cd00000, 0x000000008cd00000| Complete 
| 206|0x000000008ce00000, 0x000000008cf00000, 0x000000008cf00000|100%| E|CS|TAMS 0x000000008ce00000, 0x000000008ce00000| Complete 
| 207|0x000000008cf00000, 0x000000008d000000, 0x000000008d000000|100%| E|CS|TAMS 0x000000008cf00000, 0x000000008cf00000| Complete 
| 208|0x000000008d000000, 0x000000008d100000, 0x000000008d100000|100%| E|CS|TAMS 0x000000008d000000, 0x000000008d000000| Complete 
| 209|0x000000008d100000, 0x000000008d200000, 0x000000008d200000|100%| E|CS|TAMS 0x000000008d100000, 0x000000008d100000| Complete 
| 210|0x000000008d200000, 0x000000008d300000, 0x000000008d300000|100%| E|CS|TAMS 0x000000008d200000, 0x000000008d200000| Complete 
| 211|0x000000008d300000, 0x000000008d400000, 0x000000008d400000|100%| E|CS|TAMS 0x000000008d300000, 0x000000008d300000| Complete 
| 212|0x000000008d400000, 0x000000008d500000, 0x000000008d500000|100%| E|CS|TAMS 0x000000008d400000, 0x000000008d400000| Complete 
| 213|0x000000008d500000, 0x000000008d600000, 0x000000008d600000|100%| E|CS|TAMS 0x000000008d500000, 0x000000008d500000| Complete 
| 214|0x000000008d600000, 0x000000008d700000, 0x000000008d700000|100%| E|CS|TAMS 0x000000008d600000, 0x000000008d600000| Complete 
| 215|0x000000008d700000, 0x000000008d800000, 0x000000008d800000|100%| E|CS|TAMS 0x000000008d700000, 0x000000008d700000| Complete 
| 216|0x000000008d800000, 0x000000008d900000, 0x000000008d900000|100%| E|CS|TAMS 0x000000008d800000, 0x000000008d800000| Complete 
| 217|0x000000008d900000, 0x000000008da00000, 0x000000008da00000|100%| E|CS|TAMS 0x000000008d900000, 0x000000008d900000| Complete 
| 218|0x000000008da00000, 0x000000008db00000, 0x000000008db00000|100%| E|  |TAMS 0x000000008da00000, 0x000000008da00000| Complete 
| 219|0x000000008db00000, 0x000000008dc00000, 0x000000008dc00000|100%| E|CS|TAMS 0x000000008db00000, 0x000000008db00000| Complete 
| 220|0x000000008dc00000, 0x000000008dd00000, 0x000000008dd00000|100%| E|CS|TAMS 0x000000008dc00000, 0x000000008dc00000| Complete 
| 221|0x000000008dd00000, 0x000000008de00000, 0x000000008de00000|100%| E|CS|TAMS 0x000000008dd00000, 0x000000008dd00000| Complete 

Card table byte_map: [0x000001d657a50000,0x000001d657e50000] _byte_map_base: 0x000001d657650000

Marking Bits (Prev, Next): (CMBitMap*) 0x000001d6448c83b0, (CMBitMap*) 0x000001d6448c8378
 Prev Bits: [0x000001d65a250000, 0x000001d65c250000)
 Next Bits: [0x000001d658250000, 0x000001d65a250000)

Polling page: 0x000001d642760000

Metaspace:

Usage:
  Non-class:     65.98 MB capacity,    64.63 MB ( 98%) used,     1.15 MB (  2%) free+waste,   205.88 KB ( <1%) overhead. 
      Class:     10.40 MB capacity,     9.67 MB ( 93%) used,   653.07 KB (  6%) free+waste,    98.38 KB ( <1%) overhead. 
       Both:     76.38 MB capacity,    74.29 MB ( 97%) used,     1.79 MB (  2%) free+waste,   304.25 KB ( <1%) overhead. 

Virtual space:
  Non-class space:       68.00 MB reserved,      66.00 MB ( 97%) committed 
      Class space:        1.00 GB reserved,      10.50 MB (  1%) committed 
             Both:        1.07 GB reserved,      76.50 MB (  7%) committed 

Chunk freelists:
   Non-Class:  28.00 KB
       Class:  7.00 KB
        Both:  35.00 KB

MaxMetaspaceSize: 17179869184.00 GB
CompressedClassSpaceSize: 1.00 GB
Initial GC threshold: 20.80 MB
Current GC threshold: 123.96 MB
CDS: off

CodeHeap 'non-profiled nmethods': size=120000Kb used=4872Kb max_used=4872Kb free=115127Kb
 bounds [0x000001d64fdf0000, 0x000001d6502c0000, 0x000001d657320000]
CodeHeap 'profiled nmethods': size=120000Kb used=16545Kb max_used=16545Kb free=103454Kb
 bounds [0x000001d6488c0000, 0x000001d6498f0000, 0x000001d64fdf0000]
CodeHeap 'non-nmethods': size=5760Kb used=2352Kb max_used=2399Kb free=3407Kb
 bounds [0x000001d648320000, 0x000001d648590000, 0x000001d6488c0000]
 total_blobs=8433 nmethods=7563 adapters=782
 compilation: enabled
              stopped_count=0, restarted_count=0
 full_count=0

Compilation events (20 events):
Event: 13.589 Thread 0x000001d65f5b8800 nmethod 7518 0x000001d649899710 code [0x000001d6498999a0, 0x000001d64989a708]
Event: 13.590 Thread 0x000001d65f5b8800 7519       3       org.gradle.internal.instantiation.generator.AsmBackedClassGenerator$ClassBuilderImpl::putServiceRegistryOnStack (65 bytes)
Event: 13.591 Thread 0x000001d65f5b8800 nmethod 7519 0x000001d64989ab90 code [0x000001d64989adc0, 0x000001d64989b3f8]
Event: 13.592 Thread 0x000001d65f5b8800 7520   !   3       org.gradle.cache.internal.DefaultCrossBuildInMemoryCacheFactory$AbstractCrossBuildInMemoryCache::put (38 bytes)
Event: 13.593 Thread 0x000001d65f5b8800 nmethod 7520 0x000001d64989b610 code [0x000001d64989b7e0, 0x000001d64989bc38]
Event: 13.603 Thread 0x000001d65f5b8800 7521       3       java.lang.invoke.MemberName::asSpecial (89 bytes)
Event: 13.604 Thread 0x000001d65f5b8800 nmethod 7521 0x000001d64989be10 code [0x000001d64989c0e0, 0x000001d64989cd28]
Event: 13.609 Thread 0x000001d65f5b8800 7522       3       java.lang.invoke.MethodHandles$Lookup::restrictProtectedReceiver (51 bytes)
Event: 13.611 Thread 0x000001d65f5b8800 nmethod 7522 0x000001d64989d190 code [0x000001d64989d440, 0x000001d64989dfa8]
Event: 13.614 Thread 0x000001d65f5b8800 7523       3       java.util.HashMap::comparableClassFor (115 bytes)
Event: 13.615 Thread 0x000001d65f5b8800 nmethod 7523 0x000001d64989e310 code [0x000001d64989e5a0, 0x000001d64989f318]
Event: 13.615 Thread 0x000001d65f5b8800 7524       3       java.util.HashMap$TreeNode::find (172 bytes)
Event: 13.616 Thread 0x000001d65f5b8800 nmethod 7524 0x000001d64989f690 code [0x000001d64989f8e0, 0x000001d6498a02d8]
Event: 13.627 Thread 0x000001d65f5b8800 7526       3       java.util.ComparableTimSort::gallopLeft (327 bytes)
Event: 13.629 Thread 0x000001d65f5b8800 nmethod 7526 0x000001d6498a0610 code [0x000001d6498a0860, 0x000001d6498a1318]
Event: 13.633 Thread 0x000001d65f5b8800 7527       3       java.lang.Module::isExported (15 bytes)
Event: 13.633 Thread 0x000001d65f5b8800 nmethod 7527 0x000001d6498a1690 code [0x000001d6498a1860, 0x000001d6498a1af8]
Event: 13.634 Thread 0x000001d65f5b8800 7528       3       java.util.LinkedList::<init> (11 bytes)
Event: 13.634 Thread 0x000001d65f5b8800 nmethod 7528 0x000001d6498a1c10 code [0x000001d6498a1e00, 0x000001d6498a21a8]
Event: 13.636 Thread 0x000001d65f5b8800 7529       3       org.objectweb.asm.ClassReader::readCode (5109 bytes)

GC Heap History (20 events):
Event: 6.105 GC heap before
{Heap before GC invocations=12 (full 0):
 garbage-first heap   total 157696K, used 107202K [0x0000000080000000, 0x0000000100000000)
  region size 1024K, 50 young (51200K), 7 survivors (7168K)
 Metaspace       used 45594K, capacity 46873K, committed 47080K, reserved 1089536K
  class space    used 5693K, capacity 6156K, committed 6272K, reserved 1048576K
}
Event: 6.114 GC heap after
{Heap after GC invocations=13 (full 0):
 garbage-first heap   total 157696K, used 66421K [0x0000000080000000, 0x0000000100000000)
  region size 1024K, 4 young (4096K), 4 survivors (4096K)
 Metaspace       used 45594K, capacity 46873K, committed 47080K, reserved 1089536K
  class space    used 5693K, capacity 6156K, committed 6272K, reserved 1048576K
}
Event: 6.800 GC heap before
{Heap before GC invocations=13 (full 0):
 garbage-first heap   total 157696K, used 115573K [0x0000000080000000, 0x0000000100000000)
  region size 1024K, 47 young (48128K), 4 survivors (4096K)
 Metaspace       used 48477K, capacity 49874K, committed 50024K, reserved 1093632K
  class space    used 6171K, capacity 6646K, committed 6656K, reserved 1048576K
}
Event: 6.809 GC heap after
{Heap after GC invocations=14 (full 0):
 garbage-first heap   total 157696K, used 74586K [0x0000000080000000, 0x0000000100000000)
  region size 1024K, 6 young (6144K), 6 survivors (6144K)
 Metaspace       used 48477K, capacity 49874K, committed 50024K, reserved 1093632K
  class space    used 6171K, capacity 6646K, committed 6656K, reserved 1048576K
}
Event: 7.575 GC heap before
{Heap before GC invocations=14 (full 0):
 garbage-first heap   total 157696K, used 116570K [0x0000000080000000, 0x0000000100000000)
  region size 1024K, 48 young (49152K), 6 survivors (6144K)
 Metaspace       used 50312K, capacity 51865K, committed 52072K, reserved 1095680K
  class space    used 6362K, capacity 6874K, committed 6912K, reserved 1048576K
}
Event: 7.586 GC heap after
{Heap after GC invocations=15 (full 0):
 garbage-first heap   total 189440K, used 76580K [0x0000000080000000, 0x0000000100000000)
  region size 1024K, 2 young (2048K), 2 survivors (2048K)
 Metaspace       used 50312K, capacity 51865K, committed 52072K, reserved 1095680K
  class space    used 6362K, capacity 6874K, committed 6912K, reserved 1048576K
}
Event: 8.845 GC heap before
{Heap before GC invocations=15 (full 0):
 garbage-first heap   total 189440K, used 135972K [0x0000000080000000, 0x0000000100000000)
  region size 1024K, 55 young (56320K), 2 survivors (2048K)
 Metaspace       used 56009K, capacity 57639K, committed 57704K, reserved 1099776K
  class space    used 7103K, capacity 7664K, committed 7680K, reserved 1048576K
}
Event: 8.852 GC heap after
{Heap after GC invocations=16 (full 0):
 garbage-first heap   total 189440K, used 88693K [0x0000000080000000, 0x0000000100000000)
  region size 1024K, 7 young (7168K), 7 survivors (7168K)
 Metaspace       used 56009K, capacity 57639K, committed 57704K, reserved 1099776K
  class space    used 7103K, capacity 7664K, committed 7680K, reserved 1048576K
}
Event: 9.650 GC heap before
{Heap before GC invocations=16 (full 0):
 garbage-first heap   total 189440K, used 138869K [0x0000000080000000, 0x0000000100000000)
  region size 1024K, 57 young (58368K), 7 survivors (7168K)
 Metaspace       used 62883K, capacity 64578K, committed 64744K, reserved 1105920K
  class space    used 7903K, capacity 8522K, committed 8576K, reserved 1048576K
}
Event: 9.656 GC heap after
{Heap after GC invocations=17 (full 0):
 garbage-first heap   total 189440K, used 92957K [0x0000000080000000, 0x0000000100000000)
  region size 1024K, 4 young (4096K), 4 survivors (4096K)
 Metaspace       used 62883K, capacity 64578K, committed 64744K, reserved 1105920K
  class space    used 7903K, capacity 8522K, committed 8576K, reserved 1048576K
}
Event: 10.023 GC heap before
{Heap before GC invocations=17 (full 0):
 garbage-first heap   total 189440K, used 121629K [0x0000000080000000, 0x0000000100000000)
  region size 1024K, 33 young (33792K), 4 survivors (4096K)
 Metaspace       used 65516K, capacity 67301K, committed 67432K, reserved 1107968K
  class space    used 8240K, capacity 8892K, committed 8960K, reserved 1048576K
}
Event: 10.029 GC heap after
{Heap after GC invocations=18 (full 0):
 garbage-first heap   total 189440K, used 95187K [0x0000000080000000, 0x0000000100000000)
  region size 1024K, 3 young (3072K), 3 survivors (3072K)
 Metaspace       used 65516K, capacity 67301K, committed 67432K, reserved 1107968K
  class space    used 8240K, capacity 8892K, committed 8960K, reserved 1048576K
}
Event: 10.450 GC heap before
{Heap before GC invocations=19 (full 0):
 garbage-first heap   total 189440K, used 143315K [0x0000000080000000, 0x0000000100000000)
  region size 1024K, 49 young (50176K), 3 survivors (3072K)
 Metaspace       used 66355K, capacity 68156K, committed 68484K, reserved 1110016K
  class space    used 8366K, capacity 8998K, committed 9088K, reserved 1048576K
}
Event: 10.462 GC heap after
{Heap after GC invocations=20 (full 0):
 garbage-first heap   total 189440K, used 98244K [0x0000000080000000, 0x0000000100000000)
  region size 1024K, 6 young (6144K), 6 survivors (6144K)
 Metaspace       used 66355K, capacity 68156K, committed 68484K, reserved 1110016K
  class space    used 8366K, capacity 8998K, committed 9088K, reserved 1048576K
}
Event: 12.001 GC heap before
{Heap before GC invocations=21 (full 0):
 garbage-first heap   total 189440K, used 145348K [0x0000000080000000, 0x0000000100000000)
  region size 1024K, 52 young (53248K), 6 survivors (6144K)
 Metaspace       used 71478K, capacity 73288K, committed 73348K, reserved 1114112K
  class space    used 9181K, capacity 9832K, committed 9856K, reserved 1048576K
}
Event: 12.018 GC heap after
{Heap after GC invocations=22 (full 0):
 garbage-first heap   total 189440K, used 101668K [0x0000000080000000, 0x0000000100000000)
  region size 1024K, 7 young (7168K), 7 survivors (7168K)
 Metaspace       used 71478K, capacity 73288K, committed 73348K, reserved 1114112K
  class space    used 9181K, capacity 9832K, committed 9856K, reserved 1048576K
}
Event: 12.703 GC heap before
{Heap before GC invocations=22 (full 0):
 garbage-first heap   total 189440K, used 148772K [0x0000000080000000, 0x0000000100000000)
  region size 1024K, 53 young (54272K), 7 survivors (7168K)
 Metaspace       used 72700K, capacity 74545K, committed 74628K, reserved 1114112K
  class space    used 9379K, capacity 10057K, committed 10112K, reserved 1048576K
}
Event: 12.719 GC heap after
{Heap after GC invocations=23 (full 0):
 garbage-first heap   total 189440K, used 105296K [0x0000000080000000, 0x0000000100000000)
  region size 1024K, 7 young (7168K), 7 survivors (7168K)
 Metaspace       used 72700K, capacity 74545K, committed 74628K, reserved 1114112K
  class space    used 9379K, capacity 10057K, committed 10112K, reserved 1048576K
}
Event: 13.071 GC heap before
{Heap before GC invocations=24 (full 0):
 garbage-first heap   total 189440K, used 118608K [0x0000000080000000, 0x0000000100000000)
  region size 1024K, 21 young (21504K), 7 survivors (7168K)
 Metaspace       used 74083K, capacity 76043K, committed 76164K, reserved 1116160K
  class space    used 9583K, capacity 10260K, committed 10368K, reserved 1048576K
}
Event: 13.084 GC heap after
{Heap after GC invocations=25 (full 0):
 garbage-first heap   total 227328K, used 106469K [0x0000000080000000, 0x0000000100000000)
  region size 1024K, 5 young (5120K), 5 survivors (5120K)
 Metaspace       used 74083K, capacity 76043K, committed 76164K, reserved 1116160K
  class space    used 9583K, capacity 10260K, committed 10368K, reserved 1048576K
}

Deoptimization events (20 events):
Event: 13.583 Thread 0x000001d661c86000 Uncommon trap: trap_request=0xffffff4d fr.pc=0x000001d6500ba67c relative=0x0000000000002b1c
Event: 13.583 Thread 0x000001d661c86000 Uncommon trap: reason=unstable_if action=reinterpret pc=0x000001d6500ba67c method=java.util.HashMap.getNode(ILjava/lang/Object;)Ljava/util/HashMap$Node; @ 84 c2
Event: 13.583 Thread 0x000001d661c86000 DEOPT PACKING pc=0x000001d6500ba67c sp=0x00000024206f9740
Event: 13.583 Thread 0x000001d661c86000 DEOPT UNPACKING pc=0x000001d64836a1af sp=0x00000024206f9628 mode 2
Event: 13.583 Thread 0x000001d661c86000 Uncommon trap: trap_request=0xffffff4d fr.pc=0x000001d650114b7c relative=0x00000000000006fc
Event: 13.583 Thread 0x000001d661c86000 Uncommon trap: reason=unstable_if action=reinterpret pc=0x000001d650114b7c method=java.util.HashMap.putVal(ILjava/lang/Object;Ljava/lang/Object;ZZ)Ljava/lang/Object; @ 109 c2
Event: 13.583 Thread 0x000001d661c86000 DEOPT PACKING pc=0x000001d650114b7c sp=0x00000024206f96c0
Event: 13.583 Thread 0x000001d661c86000 DEOPT UNPACKING pc=0x000001d64836a1af sp=0x00000024206f95f0 mode 2
Event: 13.583 Thread 0x000001d661c86000 Uncommon trap: trap_request=0xffffff4d fr.pc=0x000001d6501c6814 relative=0x00000000000002d4
Event: 13.583 Thread 0x000001d661c86000 Uncommon trap: reason=unstable_if action=reinterpret pc=0x000001d6501c6814 method=java.util.HashMap.getNode(ILjava/lang/Object;)Ljava/util/HashMap$Node; @ 84 c2
Event: 13.583 Thread 0x000001d661c86000 DEOPT PACKING pc=0x000001d6501c6814 sp=0x00000024206f96f0
Event: 13.583 Thread 0x000001d661c86000 DEOPT UNPACKING pc=0x000001d64836a1af sp=0x00000024206f9610 mode 2
Event: 13.583 Thread 0x000001d661c86000 Uncommon trap: trap_request=0xffffff4d fr.pc=0x000001d650112d74 relative=0x00000000000001b4
Event: 13.583 Thread 0x000001d661c86000 Uncommon trap: reason=unstable_if action=reinterpret pc=0x000001d650112d74 method=java.util.HashMap.getNode(ILjava/lang/Object;)Ljava/util/HashMap$Node; @ 84 c2
Event: 13.583 Thread 0x000001d661c86000 DEOPT PACKING pc=0x000001d650112d74 sp=0x00000024206f9690
Event: 13.583 Thread 0x000001d661c86000 DEOPT UNPACKING pc=0x000001d64836a1af sp=0x00000024206f9618 mode 2
Event: 13.583 Thread 0x000001d661c86000 Uncommon trap: trap_request=0xffffff4d fr.pc=0x000001d64fe6453c relative=0x0000000000000a3c
Event: 13.583 Thread 0x000001d661c86000 Uncommon trap: reason=unstable_if action=reinterpret pc=0x000001d64fe6453c method=java.util.HashMap.resize()[Ljava/util/HashMap$Node; @ 203 c2
Event: 13.583 Thread 0x000001d661c86000 DEOPT PACKING pc=0x000001d64fe6453c sp=0x00000024206f9550
Event: 13.583 Thread 0x000001d661c86000 DEOPT UNPACKING pc=0x000001d64836a1af sp=0x00000024206f9500 mode 2

Classes redefined (0 events):
No events

Internal exceptions (20 events):
Event: 13.442 Thread 0x000001d661e75800 Exception <a 'java/lang/NoSuchMethodError'{0x000000008cf9ea60}: <clinit>> (0x000000008cf9ea60) thrown at [./src/hotspot/share/prims/jni.cpp, line 1366]
Event: 13.443 Thread 0x000001d661e75800 Exception <a 'java/lang/NoSuchMethodError'{0x000000008cfa8f78}: <clinit>> (0x000000008cfa8f78) thrown at [./src/hotspot/share/prims/jni.cpp, line 1366]
Event: 13.447 Thread 0x000001d661e75800 Exception <a 'java/lang/NoSuchMethodError'{0x000000008ce09950}: <clinit>> (0x000000008ce09950) thrown at [./src/hotspot/share/prims/jni.cpp, line 1366]
Event: 13.453 Thread 0x000001d661e75800 Exception <a 'java/lang/NoSuchMethodError'{0x000000008ce24868}: <clinit>> (0x000000008ce24868) thrown at [./src/hotspot/share/prims/jni.cpp, line 1366]
Event: 13.453 Thread 0x000001d661e75800 Exception <a 'java/lang/NoSuchMethodError'{0x000000008ce25fc0}: <clinit>> (0x000000008ce25fc0) thrown at [./src/hotspot/share/prims/jni.cpp, line 1366]
Event: 13.453 Thread 0x000001d661e75800 Exception <a 'java/lang/NoSuchMethodError'{0x000000008ce27da0}: <clinit>> (0x000000008ce27da0) thrown at [./src/hotspot/share/prims/jni.cpp, line 1366]
Event: 13.556 Thread 0x000001d661c86000 Exception <a 'java/lang/ClassNotFoundException'{0x000000008c84ff70}: org/jetbrains/plugins/gradle/tooling/util/SourceSetCachedFinder$1BeanInfo> (0x000000008c84ff70) thrown at [./src/hotspot/share/classfile/systemDictionary.cpp, line 231]
Event: 13.556 Thread 0x000001d661c86000 Exception <a 'java/lang/ClassNotFoundException'{0x000000008c861458}: org/jetbrains/plugins/gradle/tooling/util/SourceSetCachedFinder$1Customizer> (0x000000008c861458) thrown at [./src/hotspot/share/classfile/systemDictionary.cpp, line 231]
Event: 13.559 Thread 0x000001d661c86000 Exception <a 'java/lang/ClassNotFoundException'{0x000000008c89c6d8}: org/jetbrains/plugins/gradle/tooling/util/SourceSetCachedFinder$2BeanInfo> (0x000000008c89c6d8) thrown at [./src/hotspot/share/classfile/systemDictionary.cpp, line 231]
Event: 13.559 Thread 0x000001d661c86000 Exception <a 'java/lang/ClassNotFoundException'{0x000000008c8adbc0}: org/jetbrains/plugins/gradle/tooling/util/SourceSetCachedFinder$2Customizer> (0x000000008c8adbc0) thrown at [./src/hotspot/share/classfile/systemDictionary.cpp, line 231]
Event: 13.562 Thread 0x000001d661c86000 Exception <a 'java/lang/ClassNotFoundException'{0x000000008c8e3ad0}: org/jetbrains/plugins/gradle/tooling/util/SourceSetCachedFinderBeanInfo> (0x000000008c8e3ad0) thrown at [./src/hotspot/share/classfile/systemDictionary.cpp, line 231]
Event: 13.562 Thread 0x000001d661c86000 Exception <a 'java/lang/ClassNotFoundException'{0x000000008c8f4710}: org/jetbrains/plugins/gradle/tooling/util/SourceSetCachedFinderCustomizer> (0x000000008c8f4710) thrown at [./src/hotspot/share/classfile/systemDictionary.cpp, line 231]
Event: 13.572 Thread 0x000001d661c86000 Exception <a 'java/lang/ClassNotFoundException'{0x000000008c556c70}: org/gradle/api/internal/tasks/DefaultSourceSetContainer_DecoratedBeanInfo> (0x000000008c556c70) thrown at [./src/hotspot/share/classfile/systemDictionary.cpp, line 231]
Event: 13.573 Thread 0x000001d661c86000 Exception <a 'java/lang/ClassNotFoundException'{0x000000008c579b88}: org/gradle/api/internal/tasks/DefaultSourceSetContainerBeanInfo> (0x000000008c579b88) thrown at [./src/hotspot/share/classfile/systemDictionary.cpp, line 231]
Event: 13.574 Thread 0x000001d661c86000 Exception <a 'java/lang/ClassNotFoundException'{0x000000008c59baa0}: org/gradle/api/internal/tasks/DefaultSourceSetContainerCustomizer> (0x000000008c59baa0) thrown at [./src/hotspot/share/classfile/systemDictionary.cpp, line 231]
Event: 13.575 Thread 0x000001d661c86000 Exception <a 'java/lang/ClassNotFoundException'{0x000000008c5cc4d8}: org/gradle/api/internal/tasks/DefaultSourceSetContainer_DecoratedCustomizer> (0x000000008c5cc4d8) thrown at [./src/hotspot/share/classfile/systemDictionary.cpp, line 231]
Event: 13.628 Thread 0x000001d661c86000 Exception <a 'java/lang/ClassNotFoundException'{0x000000008c19d308}: java/io/FileBeanInfo> (0x000000008c19d308) thrown at [./src/hotspot/share/classfile/systemDictionary.cpp, line 231]
Event: 13.629 Thread 0x000001d661c86000 Exception <a 'java/lang/ClassNotFoundException'{0x000000008c1a59f0}: java/io/FileCustomizer> (0x000000008c1a59f0) thrown at [./src/hotspot/share/classfile/systemDictionary.cpp, line 231]
Event: 13.632 Thread 0x000001d661c86000 Exception <a 'java/lang/ClassNotFoundException'{0x000000008c1fc878}: org/jetbrains/plugins/gradle/tooling/util/SourceSetCachedFinder$ArtifactsMapBeanInfo> (0x000000008c1fc878) thrown at [./src/hotspot/share/classfile/systemDictionary.cpp, line 231]
Event: 13.633 Thread 0x000001d661c86000 Exception <a 'java/lang/ClassNotFoundException'{0x000000008c00ee38}: org/jetbrains/plugins/gradle/tooling/util/SourceSetCachedFinder$ArtifactsMapCustomizer> (0x000000008c00ee38) thrown at [./src/hotspot/share/classfile/systemDictionary.cpp, line 231]

Events (20 events):
Event: 13.645 loading class org/gradle/api/artifacts/ResolvedConfiguration
Event: 13.645 loading class org/gradle/api/artifacts/ResolvedConfiguration done
Event: 13.645 loading class org/gradle/api/internal/artifacts/ivyservice/ErrorHandlingConfigurationResolver$ErrorHandlingLenientConfiguration
Event: 13.645 loading class org/gradle/api/internal/artifacts/ivyservice/ErrorHandlingConfigurationResolver$ErrorHandlingLenientConfiguration done
Event: 13.646 loading class org/gradle/api/artifacts/LenientConfiguration
Event: 13.646 loading class org/gradle/api/artifacts/LenientConfiguration done
Event: 13.647 loading class org/gradle/api/internal/artifacts/ivyservice/resolveengine/oldresult/ResolvedGraphResults
Event: 13.647 loading class org/gradle/api/internal/artifacts/ivyservice/resolveengine/oldresult/ResolvedGraphResults done
Event: 13.648 loading class org/gradle/api/internal/artifacts/ivyservice/resolveengine/oldresult/TransientConfigurationResults
Event: 13.648 loading class org/gradle/api/internal/artifacts/ivyservice/resolveengine/oldresult/TransientConfigurationResults done
Event: 13.648 loading class org/gradle/api/internal/artifacts/ivyservice/resolveengine/oldresult/TransientConfigurationResultsBuilder
Event: 13.648 loading class org/gradle/api/internal/artifacts/ivyservice/resolveengine/oldresult/TransientConfigurationResultsBuilder done
Event: 13.648 loading class org/gradle/internal/serialize/Decoder
Event: 13.648 loading class org/gradle/internal/serialize/Decoder done
Event: 13.648 loading class org/gradle/api/internal/artifacts/ivyservice/resolveengine/oldresult/ResolvedGraphResults
Event: 13.648 loading class org/gradle/api/internal/artifacts/ivyservice/resolveengine/oldresult/ResolvedGraphResults done
Event: 13.648 loading class org/gradle/internal/serialize/Decoder
Event: 13.648 loading class org/gradle/internal/serialize/Decoder done
Event: 13.648 loading class org/gradle/api/internal/artifacts/ivyservice/resolveengine/oldresult/TransientConfigurationResultsBuilder
Event: 13.648 loading class org/gradle/api/internal/artifacts/ivyservice/resolveengine/oldresult/TransientConfigurationResultsBuilder done


Dynamic libraries:
0x00007ff771150000 - 0x00007ff77115a000 	C:\Program Files\Android\Android Studio\jre\bin\java.exe
0x00007fff3ee90000 - 0x00007fff3f088000 	C:\Windows\SYSTEM32\ntdll.dll
0x00007fff3e110000 - 0x00007fff3e1cf000 	C:\Windows\System32\KERNEL32.DLL
0x00007fff3c700000 - 0x00007fff3c9d2000 	C:\Windows\System32\KERNELBASE.dll
0x00007fff3ca10000 - 0x00007fff3cb10000 	C:\Windows\System32\ucrtbase.dll
0x00007fff36770000 - 0x00007fff36789000 	C:\Program Files\Android\Android Studio\jre\bin\jli.dll
0x00007fff37cd0000 - 0x00007fff37ce7000 	C:\Program Files\Android\Android Studio\jre\bin\VCRUNTIME140.dll
0x00007fff3d0a0000 - 0x00007fff3d241000 	C:\Windows\System32\USER32.dll
0x00007fff3c9e0000 - 0x00007fff3ca02000 	C:\Windows\System32\win32u.dll
0x00007fff3dd70000 - 0x00007fff3dd9b000 	C:\Windows\System32\GDI32.dll
0x00007fff3c580000 - 0x00007fff3c68f000 	C:\Windows\System32\gdi32full.dll
0x00007fff2bae0000 - 0x00007fff2bd7a000 	C:\Windows\WinSxS\amd64_microsoft.windows.common-controls_6595b64144ccf1df_6.0.19041.1110_none_60b5254171f9507e\COMCTL32.dll
0x00007fff3cb10000 - 0x00007fff3cbad000 	C:\Windows\System32\msvcp_win.dll
0x00007fff3e780000 - 0x00007fff3e81e000 	C:\Windows\System32\msvcrt.dll
0x00007fff3dda0000 - 0x00007fff3ddd2000 	C:\Windows\System32\IMM32.DLL
0x00007fff3c150000 - 0x00007fff3c247000 	C:\Windows\system32\guard64.dll
0x00007fff3eb50000 - 0x00007fff3ebfe000 	C:\Windows\System32\ADVAPI32.dll
0x00007fff3cf30000 - 0x00007fff3cfcc000 	C:\Windows\System32\sechost.dll
0x00007fff3e900000 - 0x00007fff3ea25000 	C:\Windows\System32\RPCRT4.dll
0x00007fff3c140000 - 0x00007fff3c14a000 	C:\Windows\system32\version.dll
0x00007fff3dfe0000 - 0x00007fff3e10a000 	C:\Windows\System32\ole32.dll
0x00007fff3d9a0000 - 0x00007fff3dcf5000 	C:\Windows\System32\combase.dll
0x00007fff3c130000 - 0x00007fff3c13b000 	C:\Windows\system32\fltlib.dll
0x00007fff3d250000 - 0x00007fff3d994000 	C:\Windows\System32\shell32.dll
0x00007fff2f8c0000 - 0x00007fff2f95d000 	C:\Program Files\Android\Android Studio\jre\bin\msvcp140.dll
0x00007ffee1fa0000 - 0x00007ffee2aa2000 	C:\Program Files\Android\Android Studio\jre\bin\server\jvm.dll
0x00007fff3e1d0000 - 0x00007fff3e1d8000 	C:\Windows\System32\PSAPI.DLL
0x00007fff37960000 - 0x00007fff37969000 	C:\Windows\SYSTEM32\WSOCK32.dll
0x00007fff3dec0000 - 0x00007fff3df2b000 	C:\Windows\System32\WS2_32.dll
0x00007fff2f300000 - 0x00007fff2f327000 	C:\Windows\SYSTEM32\WINMM.dll
0x00007fff3a500000 - 0x00007fff3a512000 	C:\Windows\SYSTEM32\kernel.appcore.dll
0x00007fff304b0000 - 0x00007fff304c1000 	C:\Program Files\Android\Android Studio\jre\bin\verify.dll
0x00007fff28880000 - 0x00007fff28a64000 	C:\Windows\SYSTEM32\DBGHELP.DLL
0x00007fff28820000 - 0x00007fff28855000 	C:\Windows\SYSTEM32\dbgcore.DLL
0x00007fff3cbb0000 - 0x00007fff3cc32000 	C:\Windows\System32\bcryptPrimitives.dll
0x00007fff30430000 - 0x00007fff30459000 	C:\Program Files\Android\Android Studio\jre\bin\java.dll
0x00007fff304a0000 - 0x00007fff304ab000 	C:\Program Files\Android\Android Studio\jre\bin\jimage.dll
0x00007fff30290000 - 0x00007fff302a8000 	C:\Program Files\Android\Android Studio\jre\bin\zip.dll
0x00007fff3a520000 - 0x00007fff3acb2000 	C:\Windows\SYSTEM32\windows.storage.dll
0x00007fff3bde0000 - 0x00007fff3be10000 	C:\Windows\SYSTEM32\Wldp.dll
0x00007fff3df30000 - 0x00007fff3dfdd000 	C:\Windows\System32\SHCORE.dll
0x00007fff3dd10000 - 0x00007fff3dd65000 	C:\Windows\System32\shlwapi.dll
0x00007fff3c4c0000 - 0x00007fff3c4df000 	C:\Windows\SYSTEM32\profapi.dll
0x00007fff30270000 - 0x00007fff3028a000 	C:\Program Files\Android\Android Studio\jre\bin\net.dll
0x00007fff33bc0000 - 0x00007fff33ccc000 	C:\Windows\SYSTEM32\WINHTTP.dll
0x00007fff3bb40000 - 0x00007fff3bbaa000 	C:\Windows\system32\mswsock.dll
0x00007fff30250000 - 0x00007fff30264000 	C:\Program Files\Android\Android Studio\jre\bin\nio.dll
0x00007fff36790000 - 0x00007fff367b7000 	C:\Users\91989\.gradle\native\e1d6ef7f7dcc3fd88c89a11ec53ec762bb8ba0a96d01ffa2cd45eb1d1d8dd5c5\windows-amd64\native-platform.dll
0x00007fff26260000 - 0x00007fff263a4000 	C:\Users\91989\.gradle\native\5664cfc778a61ccfe75a443a1ab52a65af34e5dc3c78e0209fed803814484fcb\windows-amd64\native-platform-file-events.dll
0x00007fff30490000 - 0x00007fff3049a000 	C:\Program Files\Android\Android Studio\jre\bin\management.dll
0x00007fff30310000 - 0x00007fff3031d000 	C:\Program Files\Android\Android Studio\jre\bin\management_ext.dll
0x00007fff3bd30000 - 0x00007fff3bd48000 	C:\Windows\SYSTEM32\CRYPTSP.dll
0x00007fff3b460000 - 0x00007fff3b494000 	C:\Windows\system32\rsaenh.dll
0x00007fff3cd40000 - 0x00007fff3cd67000 	C:\Windows\System32\bcrypt.dll
0x00007fff3c480000 - 0x00007fff3c4ae000 	C:\Windows\SYSTEM32\USERENV.dll
0x00007fff3bd50000 - 0x00007fff3bd5c000 	C:\Windows\SYSTEM32\CRYPTBASE.dll
0x00007fff3b830000 - 0x00007fff3b86b000 	C:\Windows\SYSTEM32\IPHLPAPI.DLL
0x00007fff3ee40000 - 0x00007fff3ee48000 	C:\Windows\System32\NSI.dll
0x00007fff328c0000 - 0x00007fff328d7000 	C:\Windows\SYSTEM32\dhcpcsvc6.DLL
0x00007fff328a0000 - 0x00007fff328bd000 	C:\Windows\SYSTEM32\dhcpcsvc.DLL
0x00007fff3b880000 - 0x00007fff3b94a000 	C:\Windows\SYSTEM32\DNSAPI.dll

dbghelp: loaded successfully - version: 4.0.5 - missing functions: none
symbol engine: initialized successfully - sym options: 0x614 - pdb path: .;C:\Program Files\Android\Android Studio\jre\bin;C:\Windows\SYSTEM32;C:\Windows\WinSxS\amd64_microsoft.windows.common-controls_6595b64144ccf1df_6.0.19041.1110_none_60b5254171f9507e;C:\Program Files\Android\Android Studio\jre\bin\server;C:\Users\91989\.gradle\native\e1d6ef7f7dcc3fd88c89a11ec53ec762bb8ba0a96d01ffa2cd45eb1d1d8dd5c5\windows-amd64;C:\Users\91989\.gradle\native\5664cfc778a61ccfe75a443a1ab52a65af34e5dc3c78e0209fed803814484fcb\windows-amd64

VM Arguments:
jvm_args: --add-opens=java.base/java.util=ALL-UNNAMED --add-opens=java.base/java.lang=ALL-UNNAMED --add-opens=java.base/java.lang.invoke=ALL-UNNAMED --add-opens=java.base/java.util=ALL-UNNAMED --add-opens=java.prefs/java.util.prefs=ALL-UNNAMED --add-opens=java.prefs/java.util.prefs=ALL-UNNAMED --add-opens=java.base/java.nio.charset=ALL-UNNAMED --add-opens=java.base/java.net=ALL-UNNAMED --add-opens=java.base/java.util.concurrent.atomic=ALL-UNNAMED -Xmx2048m -Dfile.encoding=UTF-8 -Duser.country=IN -Duser.language=en -Duser.variant 
java_command: org.gradle.launcher.daemon.bootstrap.GradleDaemon 7.2
java_class_path (initial): C:\Users\91989\.gradle\wrapper\dists\gradle-7.2-bin\2dnblmf4td7x66yl1d74lt32g\gradle-7.2\lib\gradle-launcher-7.2.jar
Launcher Type: SUN_STANDARD

[Global flags]
     intx CICompilerCount                          = 4                                         {product} {ergonomic}
     uint ConcGCThreads                            = 2                                         {product} {ergonomic}
     uint G1ConcRefinementThreads                  = 8                                         {product} {ergonomic}
   size_t G1HeapRegionSize                         = 1048576                                   {product} {ergonomic}
    uintx GCDrainStackTargetSize                   = 64                                        {product} {ergonomic}
   size_t InitialHeapSize                          = 134217728                                 {product} {ergonomic}
   size_t MarkStackSize                            = 4194304                                   {product} {ergonomic}
   size_t MaxHeapSize                              = 2147483648                                {product} {command line}
   size_t MaxNewSize                               = 1287651328                                {product} {ergonomic}
   size_t MinHeapDeltaBytes                        = 1048576                                   {product} {ergonomic}
    uintx NonNMethodCodeHeapSize                   = 5836300                                {pd product} {ergonomic}
    uintx NonProfiledCodeHeapSize                  = 122910970                              {pd product} {ergonomic}
    uintx ProfiledCodeHeapSize                     = 122910970                              {pd product} {ergonomic}
    uintx ReservedCodeCacheSize                    = 251658240                              {pd product} {ergonomic}
     bool SegmentedCodeCache                       = true                                      {product} {ergonomic}
     bool UseCompressedClassPointers               = true                                 {lp64_product} {ergonomic}
     bool UseCompressedOops                        = true                                 {lp64_product} {ergonomic}
     bool UseG1GC                                  = true                                      {product} {ergonomic}
     bool UseLargePagesIndividualAllocation        = false                                  {pd product} {ergonomic}

Logging:
Log output configuration:
 #0: stdout all=warning uptime,level,tags
 #1: stderr all=off uptime,level,tags

Environment Variables:
PATH=C:\Windows\system32;C:\Windows;C:\Windows\System32\Wbem;C:\Windows\System32\WindowsPowerShell\v1.0\;C:\Windows\System32\OpenSSH\;C:\Program Files\Git\cmd;C:\Users\91989\AppData\Local\Microsoft\WindowsApps;
USERNAME=91989
OS=Windows_NT
PROCESSOR_IDENTIFIER=Intel64 Family 6 Model 60 Stepping 3, GenuineIntel



---------------  S Y S T E M  ---------------

OS: Windows 10 , 64 bit Build 19041 (10.0.19041.2364)
OS uptime: 1 days 6:13 hours

CPU:total 8 (initial active 8) (4 cores per cpu, 2 threads per core) family 6 model 60 stepping 3 microcode 0x27, cmov, cx8, fxsr, mmx, sse, sse2, sse3, ssse3, sse4.1, sse4.2, popcnt, avx, avx2, aes, clmul, erms, lzcnt, ht, tsc, tscinvbit, bmi1, bmi2, fma

Memory: 4k page, system-wide physical 8124M (676M free)
TotalPageFile size 10172M (AvailPageFile size 20M)
current process WorkingSet (physical memory assigned to process): 468M, peak: 477M
current process commit charge ("private bytes"): 510M, peak: 525M

vm_info: OpenJDK 64-Bit Server VM (11.0.13+0-b1751.21-8125866) for windows-amd64 JRE (11.0.13+0-b1751.21-8125866), built on Feb  2 2022 03:00:22 by "builder" with MS VC++ 14.0 (VS2015)

END.
